#
# There is insufficient memory for the Java Runtime Environment to continue.
# Native memory allocation (mmap) failed to map 49283072 bytes for Failed to commit area from 0x000000008e900000 to 0x0000000091800000 of length 49283072.
# Possible reasons:
#   The system is out of physical RAM or swap space
#   The process is running with CompressedOops enabled, and the Java Heap may be blocking the growth of the native heap
# Possible solutions:
#   Reduce memory load on the system
#   Increase physical memory or swap space
#   Check if swap backing store is full
#   Decrease Java heap size (-Xmx/-Xms)
#   Decrease number of Java threads
#   Decrease Java thread stack sizes (-Xss)
#   Set larger code cache with -XX:ReservedCodeCacheSize=
#   JVM is running with Unscaled Compressed Oops mode in which the Java heap is
#     placed in the first 4GB address space. The Java Heap base address is the
#     maximum limit for the native heap growth. Please use -XX:HeapBaseMinAddress
#     to set the Java Heap base and to place the Java Heap above 4GB virtual address.
# This output file may be truncated or incomplete.
#
#  Out of Memory Error (./src/hotspot/os/windows/os_windows.cpp:3303), pid=10640, tid=7460
#
# JRE version: OpenJDK Runtime Environment (11.0.8+10) (build 11.0.8+10-b944.6842174)
# Java VM: OpenJDK 64-Bit Server VM (11.0.8+10-b944.6842174, mixed mode, tiered, compressed oops, g1 gc, windows-amd64)
# No core dump will be written. Minidumps are not enabled by default on client versions of Windows
#

---------------  S U M M A R Y ------------

Command Line: --add-opens=java.base/java.util=ALL-UNNAMED --add-opens=java.base/java.lang=ALL-UNNAMED --add-opens=java.base/java.lang.invoke=ALL-UNNAMED --add-opens=java.prefs/java.util.prefs=ALL-UNNAMED -Xmx2048m -Dfile.encoding=UTF-8 -Duser.country=US -Duser.language=en -Duser.variant org.gradle.launcher.daemon.bootstrap.GradleDaemon 6.7.1

Host: Intel(R) Pentium(R) CPU  N3530  @ 2.16GHz, 4 cores, 3G,  Windows 10 , 64 bit Build 19041 (10.0.19041.1023)
Time: Wed Jul 21 15:27:04 2021 India Standard Time elapsed time: 75 seconds (0d 0h 1m 15s)

---------------  T H R E A D  ---------------

Current thread (0x00000202a9464800):  VMThread "VM Thread" [stack: 0x0000006692d00000,0x0000006692e00000] [id=7460]

Stack: [0x0000006692d00000,0x0000006692e00000]
[error occurred during error reporting (printing stack bounds), id 0xc0000005, EXCEPTION_ACCESS_VIOLATION (0xc0000005) at pc=0x0000020292c90dbe]

Native frames: (J=compiled Java code, j=interpreted, Vv=VM code, C=native code)
V  [jvm.dll+0x5de50a]
V  [jvm.dll+0x7122f5]
V  [jvm.dll+0x71384d]
V  [jvm.dll+0x713e65]
V  [jvm.dll+0x713e1b]
V  [jvm.dll+0x5dd958]
V  [jvm.dll+0x5de0f8]
C  [ntdll.dll+0xa217f]
C  [ntdll.dll+0x51454]
C  [ntdll.dll+0xa0cae]
C  0x0000020292c90dbe

VM_Operation (0x000000669c2fd8c0): G1CollectForAllocation, mode: safepoint, requested by thread 0x00000202ada2d000


---------------  P R O C E S S  ---------------

Threads class SMR info:
_java_thread_list=0x00000202ae975ed0, length=148, elements={
0x000002028f307800, 0x00000202a946b000, 0x00000202a9476800, 0x00000202a94c3000,
0x00000202a94c4000, 0x00000202a94c7000, 0x00000202a94cc000, 0x00000202a94cd000,
0x00000202a9f48000, 0x00000202a9f67800, 0x00000202ab02d000, 0x00000202aa9a0000,
0x00000202ab3f5000, 0x00000202ab380800, 0x00000202ab2d2800, 0x00000202ab6ad800,
0x00000202ab763000, 0x00000202ab9a6800, 0x00000202ab732800, 0x00000202abe5a000,
0x00000202abe5e000, 0x00000202abe5b800, 0x00000202abe58800, 0x00000202abe5a800,
0x00000202abe5c800, 0x00000202abe5f000, 0x00000202abe59000, 0x00000202abe5d000,
0x00000202ac2ec800, 0x00000202ac2ed000, 0x00000202ac2ea000, 0x00000202ac2ef000,
0x00000202ac2ee000, 0x00000202ac2f0800, 0x00000202ac2eb000, 0x00000202ac2f3800,
0x00000202ac2f1800, 0x00000202ac2f4800, 0x00000202ac2f8000, 0x00000202ac2f7000,
0x00000202ac2f5800, 0x00000202ac2f3000, 0x00000202ac2f2000, 0x00000202ac2f6000,
0x00000202ac2f8800, 0x00000202ae08e800, 0x00000202ae08f800, 0x00000202ae090000,
0x00000202ae08c000, 0x00000202ae08d000, 0x00000202ae091000, 0x00000202ae08b800,
0x00000202ae092000, 0x00000202ae092800, 0x00000202ae093800, 0x00000202ae08d800,
0x00000202ae096000, 0x00000202ae094000, 0x00000202ae097800, 0x00000202ae095000,
0x00000202ae096800, 0x00000202ae09a000, 0x00000202ae098800, 0x00000202ae099000,
0x00000202ac4c6800, 0x00000202ac4c1800, 0x00000202ac4c2000, 0x00000202ac4c4000,
0x00000202ac4c5800, 0x00000202ac4c8000, 0x00000202ac4c7000, 0x00000202ac4c8800,
0x00000202ac4c3000, 0x00000202ac4c9800, 0x00000202ac4ca800, 0x00000202ac4c4800,
0x00000202ac4cb000, 0x00000202ac4ce800, 0x00000202ac4cc000, 0x00000202ac4cf800,
0x00000202ac4cd000, 0x00000202ac4cd800, 0x00000202ac4d0000, 0x00000202ab898800,
0x00000202ab899800, 0x00000202ab898000, 0x00000202ab895800, 0x00000202ab896000,
0x00000202ab897000, 0x00000202ab894000, 0x00000202ab89a800, 0x00000202ab894800,
0x00000202ab89b000, 0x00000202ab8a1800, 0x00000202ab89c000, 0x00000202ab8a2800,
0x00000202ab89d000, 0x00000202ab89d800, 0x00000202ab89e800, 0x00000202ab89f000,
0x00000202ab8a0000, 0x00000202ab8a1000, 0x00000202abdb0800, 0x00000202abdb1000,
0x00000202abdab800, 0x00000202abdaf800, 0x00000202abdae000, 0x00000202abdb2000,
0x00000202abdac800, 0x00000202abdad000, 0x00000202abdae800, 0x00000202aa195000,
0x00000202aa196000, 0x00000202aa198800, 0x00000202aa199800, 0x00000202aa19a000,
0x00000202aa194800, 0x00000202aa19b800, 0x00000202aa19b000, 0x00000202aa19c800,
0x00000202aa197000, 0x00000202aa19d800, 0x00000202aa197800, 0x00000202aa1a1800,
0x00000202aa1a0000, 0x00000202aa19f000, 0x00000202aa1a0800, 0x00000202aa1a2800,
0x00000202aa19e000, 0x00000202aa1a3000, 0x00000202ada25000, 0x00000202ada21800,
0x00000202ada24000, 0x00000202ada21000, 0x00000202ada22800, 0x00000202ada1f000,
0x00000202ada26000, 0x00000202ada26800, 0x00000202ada28000, 0x00000202ada27800,
0x00000202ada29000, 0x00000202ada23800, 0x00000202ada2b800, 0x00000202aff74000,
0x00000202ada2d000, 0x00000202ada2a000, 0x00000202ada2c800, 0x00000202ada2e000
}

Java Threads: ( => current thread )
  0x000002028f307800 JavaThread "main" [_thread_blocked, id=6580, stack(0x0000006692700000,0x0000006692800000)]
  0x00000202a946b000 JavaThread "Reference Handler" daemon [_thread_blocked, id=11124, stack(0x0000006692e00000,0x0000006692f00000)]
  0x00000202a9476800 JavaThread "Finalizer" daemon [_thread_blocked, id=11080, stack(0x0000006692f00000,0x0000006693000000)]
  0x00000202a94c3000 JavaThread "Signal Dispatcher" daemon [_thread_blocked, id=8148, stack(0x0000006693000000,0x0000006693100000)]
  0x00000202a94c4000 JavaThread "Attach Listener" daemon [_thread_blocked, id=3068, stack(0x0000006693100000,0x0000006693200000)]
  0x00000202a94c7000 JavaThread "C2 CompilerThread0" daemon [_thread_blocked, id=11240, stack(0x0000006693200000,0x0000006693300000)]
  0x00000202a94cc000 JavaThread "C1 CompilerThread0" daemon [_thread_blocked, id=5316, stack(0x0000006693300000,0x0000006693400000)]
  0x00000202a94cd000 JavaThread "Sweeper thread" daemon [_thread_blocked, id=3164, stack(0x0000006693400000,0x0000006693500000)]
  0x00000202a9f48000 JavaThread "Common-Cleaner" daemon [_thread_blocked, id=9292, stack(0x0000006693500000,0x0000006693600000)]
  0x00000202a9f67800 JavaThread "Service Thread" daemon [_thread_blocked, id=6216, stack(0x0000006693600000,0x0000006693700000)]
  0x00000202ab02d000 JavaThread "Daemon health stats" [_thread_blocked, id=8652, stack(0x0000006693900000,0x0000006693a00000)]
  0x00000202aa9a0000 JavaThread "Incoming local TCP Connector on port 62679" [_thread_in_native, id=8712, stack(0x0000006693c00000,0x0000006693d00000)]
  0x00000202ab3f5000 JavaThread "Daemon periodic checks" [_thread_blocked, id=4544, stack(0x0000006693d00000,0x0000006693e00000)]
  0x00000202ab380800 JavaThread "Daemon" [_thread_blocked, id=7784, stack(0x0000006693e00000,0x0000006693f00000)]
  0x00000202ab2d2800 JavaThread "Handler for socket connection from /127.0.0.1:62679 to /127.0.0.1:62680" [_thread_in_native, id=5196, stack(0x0000006693f00000,0x0000006694000000)]
  0x00000202ab6ad800 JavaThread "Cancel handler" [_thread_blocked, id=1772, stack(0x0000006694000000,0x0000006694100000)]
  0x00000202ab763000 JavaThread "Daemon worker" [_thread_blocked, id=9800, stack(0x0000006694100000,0x0000006694200000)]
  0x00000202ab9a6800 JavaThread "Asynchronous log dispatcher for DefaultDaemonConnection: socket connection from /127.0.0.1:62679 to /127.0.0.1:62680" [_thread_blocked, id=2748, stack(0x0000006694200000,0x0000006694300000)]
  0x00000202ab732800 JavaThread "Thread-8" [_thread_blocked, id=8128, stack(0x0000006694400000,0x0000006694500000)]
  0x00000202abe5a000 JavaThread "Cache worker for file hash cache (C:\caches\6.7.1\fileHashes)" [_thread_blocked, id=5788, stack(0x0000006694700000,0x0000006694800000)]
  0x00000202abe5e000 JavaThread "File lock request listener" [_thread_in_native, id=10760, stack(0x0000006694800000,0x0000006694900000)]
  0x00000202abe5b800 JavaThread "Cache worker for journal cache (C:\caches\journal-1)" [_thread_blocked, id=6068, stack(0x0000006694900000,0x0000006694a00000)]
  0x00000202abe58800 JavaThread "Cache worker for file hash cache (C:\Users\ASUS\AndroidStudioProjects\VolleyDemo\.gradle\6.7.1\fileHashes)" [_thread_blocked, id=10384, stack(0x0000006694a00000,0x0000006694b00000)]
  0x00000202abe5a800 JavaThread "Cache worker for checksums cache (C:\Users\ASUS\AndroidStudioProjects\VolleyDemo\.gradle\checksums)" [_thread_blocked, id=3376, stack(0x0000006694b00000,0x0000006694c00000)]
  0x00000202abe5c800 JavaThread "Cache worker for cache directory md-supplier (C:\caches\6.7.1\md-supplier)" [_thread_blocked, id=7348, stack(0x0000006694c00000,0x0000006694d00000)]
  0x00000202abe5f000 JavaThread "Cache worker for cache directory md-rule (C:\caches\6.7.1\md-rule)" [_thread_blocked, id=6276, stack(0x0000006694d00000,0x0000006694e00000)]
  0x00000202abe59000 JavaThread "Cache worker for execution history cache (C:\caches\6.7.1\executionHistory)" [_thread_blocked, id=1868, stack(0x0000006694e00000,0x0000006694f00000)]
  0x00000202abe5d000 JavaThread "jar transforms" [_thread_blocked, id=9820, stack(0x0000006694f00000,0x0000006695000000)]
  0x00000202ac2ec800 JavaThread "Cache worker for file content cache (C:\caches\6.7.1\fileContent)" [_thread_blocked, id=6332, stack(0x0000006695000000,0x0000006695100000)]
  0x00000202ac2ed000 JavaThread "Cache worker for Build Output Cleanup Cache (C:\Users\ASUS\AndroidStudioProjects\VolleyDemo\.gradle\buildOutputCleanup)" [_thread_blocked, id=9228, stack(0x0000006695100000,0x0000006695200000)]
  0x00000202ac2ea000 JavaThread "Build operations" [_thread_blocked, id=3624, stack(0x0000006695200000,0x0000006695300000)]
  0x00000202ac2ef000 JavaThread "Build operations Thread 2" [_thread_blocked, id=1704, stack(0x0000006695300000,0x0000006695400000)]
  0x00000202ac2ee000 JavaThread "Build operations Thread 3" [_thread_blocked, id=8084, stack(0x0000006695400000,0x0000006695500000)]
  0x00000202ac2f0800 JavaThread "Build operations Thread 4" [_thread_blocked, id=3824, stack(0x0000006695500000,0x0000006695600000)]
  0x00000202ac2eb000 JavaThread "jar transforms Thread 2" [_thread_blocked, id=8024, stack(0x0000006695600000,0x0000006695700000)]
  0x00000202ac2f3800 JavaThread "jar transforms Thread 3" [_thread_blocked, id=5248, stack(0x0000006695700000,0x0000006695800000)]
  0x00000202ac2f1800 JavaThread "jar transforms Thread 4" [_thread_blocked, id=10164, stack(0x0000006695800000,0x0000006695900000)]
  0x00000202ac2f4800 JavaThread "jar transforms Thread 5" [_thread_blocked, id=5220, stack(0x0000006695900000,0x0000006695a00000)]
  0x00000202ac2f8000 JavaThread "jar transforms Thread 6" [_thread_blocked, id=8400, stack(0x0000006695a00000,0x0000006695b00000)]
  0x00000202ac2f7000 JavaThread "jar transforms Thread 7" [_thread_blocked, id=9948, stack(0x0000006695b00000,0x0000006695c00000)]
  0x00000202ac2f5800 JavaThread "jar transforms Thread 8" [_thread_blocked, id=4944, stack(0x0000006695c00000,0x0000006695d00000)]
  0x00000202ac2f3000 JavaThread "jar transforms Thread 9" [_thread_blocked, id=9396, stack(0x0000006695d00000,0x0000006695e00000)]
  0x00000202ac2f2000 JavaThread "jar transforms Thread 10" [_thread_blocked, id=128, stack(0x0000006695e00000,0x0000006695f00000)]
  0x00000202ac2f6000 JavaThread "jar transforms Thread 11" [_thread_blocked, id=9880, stack(0x0000006695f00000,0x0000006696000000)]
  0x00000202ac2f8800 JavaThread "jar transforms Thread 12" [_thread_blocked, id=7724, stack(0x0000006696000000,0x0000006696100000)]
  0x00000202ae08e800 JavaThread "jar transforms Thread 13" [_thread_blocked, id=10624, stack(0x0000006696100000,0x0000006696200000)]
  0x00000202ae08f800 JavaThread "jar transforms Thread 14" [_thread_blocked, id=7956, stack(0x0000006696200000,0x0000006696300000)]
  0x00000202ae090000 JavaThread "jar transforms Thread 15" [_thread_blocked, id=7360, stack(0x0000006696300000,0x0000006696400000)]
  0x00000202ae08c000 JavaThread "jar transforms Thread 16" [_thread_blocked, id=4792, stack(0x0000006696400000,0x0000006696500000)]
  0x00000202ae08d000 JavaThread "jar transforms Thread 17" [_thread_blocked, id=1380, stack(0x0000006696500000,0x0000006696600000)]
  0x00000202ae091000 JavaThread "jar transforms Thread 18" [_thread_blocked, id=11036, stack(0x0000006696600000,0x0000006696700000)]
  0x00000202ae08b800 JavaThread "jar transforms Thread 19" [_thread_blocked, id=10172, stack(0x0000006696700000,0x0000006696800000)]
  0x00000202ae092000 JavaThread "jar transforms Thread 20" [_thread_blocked, id=1100, stack(0x0000006696800000,0x0000006696900000)]
  0x00000202ae092800 JavaThread "jar transforms Thread 21" [_thread_blocked, id=5056, stack(0x0000006696900000,0x0000006696a00000)]
  0x00000202ae093800 JavaThread "jar transforms Thread 22" [_thread_blocked, id=11164, stack(0x0000006696a00000,0x0000006696b00000)]
  0x00000202ae08d800 JavaThread "jar transforms Thread 23" [_thread_blocked, id=9248, stack(0x0000006696b00000,0x0000006696c00000)]
  0x00000202ae096000 JavaThread "jar transforms Thread 24" [_thread_blocked, id=8012, stack(0x0000006696c00000,0x0000006696d00000)]
  0x00000202ae094000 JavaThread "jar transforms Thread 25" [_thread_blocked, id=8548, stack(0x0000006696d00000,0x0000006696e00000)]
  0x00000202ae097800 JavaThread "jar transforms Thread 26" [_thread_blocked, id=1620, stack(0x0000006696e00000,0x0000006696f00000)]
  0x00000202ae095000 JavaThread "jar transforms Thread 27" [_thread_blocked, id=7656, stack(0x0000006696f00000,0x0000006697000000)]
  0x00000202ae096800 JavaThread "jar transforms Thread 28" [_thread_blocked, id=3788, stack(0x0000006697000000,0x0000006697100000)]
  0x00000202ae09a000 JavaThread "jar transforms Thread 29" [_thread_blocked, id=2364, stack(0x0000006697100000,0x0000006697200000)]
  0x00000202ae098800 JavaThread "jar transforms Thread 30" [_thread_blocked, id=4484, stack(0x0000006697200000,0x0000006697300000)]
  0x00000202ae099000 JavaThread "jar transforms Thread 31" [_thread_blocked, id=9672, stack(0x0000006697300000,0x0000006697400000)]
  0x00000202ac4c6800 JavaThread "jar transforms Thread 32" [_thread_blocked, id=3860, stack(0x0000006697400000,0x0000006697500000)]
  0x00000202ac4c1800 JavaThread "jar transforms Thread 33" [_thread_blocked, id=5952, stack(0x0000006697500000,0x0000006697600000)]
  0x00000202ac4c2000 JavaThread "jar transforms Thread 34" [_thread_blocked, id=10928, stack(0x0000006697600000,0x0000006697700000)]
  0x00000202ac4c4000 JavaThread "jar transforms Thread 35" [_thread_blocked, id=9824, stack(0x0000006697700000,0x0000006697800000)]
  0x00000202ac4c5800 JavaThread "jar transforms Thread 36" [_thread_blocked, id=10756, stack(0x0000006697800000,0x0000006697900000)]
  0x00000202ac4c8000 JavaThread "jar transforms Thread 37" [_thread_blocked, id=7888, stack(0x0000006697900000,0x0000006697a00000)]
  0x00000202ac4c7000 JavaThread "jar transforms Thread 38" [_thread_blocked, id=2588, stack(0x0000006697a00000,0x0000006697b00000)]
  0x00000202ac4c8800 JavaThread "jar transforms Thread 39" [_thread_blocked, id=8828, stack(0x0000006697b00000,0x0000006697c00000)]
  0x00000202ac4c3000 JavaThread "jar transforms Thread 40" [_thread_blocked, id=9004, stack(0x0000006697c00000,0x0000006697d00000)]
  0x00000202ac4c9800 JavaThread "jar transforms Thread 41" [_thread_blocked, id=2692, stack(0x0000006697d00000,0x0000006697e00000)]
  0x00000202ac4ca800 JavaThread "jar transforms Thread 42" [_thread_blocked, id=11208, stack(0x0000006697e00000,0x0000006697f00000)]
  0x00000202ac4c4800 JavaThread "jar transforms Thread 43" [_thread_blocked, id=8384, stack(0x0000006697f00000,0x0000006698000000)]
  0x00000202ac4cb000 JavaThread "jar transforms Thread 44" [_thread_blocked, id=8228, stack(0x0000006698000000,0x0000006698100000)]
  0x00000202ac4ce800 JavaThread "jar transforms Thread 45" [_thread_blocked, id=9088, stack(0x0000006698100000,0x0000006698200000)]
  0x00000202ac4cc000 JavaThread "jar transforms Thread 46" [_thread_blocked, id=7120, stack(0x0000006698200000,0x0000006698300000)]
  0x00000202ac4cf800 JavaThread "jar transforms Thread 47" [_thread_blocked, id=9020, stack(0x0000006698300000,0x0000006698400000)]
  0x00000202ac4cd000 JavaThread "jar transforms Thread 48" [_thread_blocked, id=7216, stack(0x0000006698400000,0x0000006698500000)]
  0x00000202ac4cd800 JavaThread "jar transforms Thread 49" [_thread_blocked, id=9552, stack(0x0000006698500000,0x0000006698600000)]
  0x00000202ac4d0000 JavaThread "jar transforms Thread 50" [_thread_blocked, id=6608, stack(0x0000006698600000,0x0000006698700000)]
  0x00000202ab898800 JavaThread "jar transforms Thread 51" [_thread_blocked, id=6492, stack(0x0000006698700000,0x0000006698800000)]
  0x00000202ab899800 JavaThread "jar transforms Thread 52" [_thread_blocked, id=5388, stack(0x0000006698800000,0x0000006698900000)]
  0x00000202ab898000 JavaThread "jar transforms Thread 53" [_thread_blocked, id=4864, stack(0x0000006698900000,0x0000006698a00000)]
  0x00000202ab895800 JavaThread "jar transforms Thread 54" [_thread_blocked, id=2300, stack(0x0000006698a00000,0x0000006698b00000)]
  0x00000202ab896000 JavaThread "jar transforms Thread 55" [_thread_blocked, id=9468, stack(0x0000006698b00000,0x0000006698c00000)]
  0x00000202ab897000 JavaThread "jar transforms Thread 56" [_thread_blocked, id=11052, stack(0x0000006698c00000,0x0000006698d00000)]
  0x00000202ab894000 JavaThread "jar transforms Thread 57" [_thread_blocked, id=1648, stack(0x0000006698d00000,0x0000006698e00000)]
  0x00000202ab89a800 JavaThread "jar transforms Thread 58" [_thread_blocked, id=6084, stack(0x0000006698e00000,0x0000006698f00000)]
  0x00000202ab894800 JavaThread "jar transforms Thread 59" [_thread_blocked, id=5976, stack(0x0000006698f00000,0x0000006699000000)]
  0x00000202ab89b000 JavaThread "jar transforms Thread 60" [_thread_blocked, id=4688, stack(0x0000006699000000,0x0000006699100000)]
  0x00000202ab8a1800 JavaThread "jar transforms Thread 61" [_thread_blocked, id=11192, stack(0x0000006699100000,0x0000006699200000)]
  0x00000202ab89c000 JavaThread "jar transforms Thread 62" [_thread_blocked, id=9208, stack(0x0000006699200000,0x0000006699300000)]
  0x00000202ab8a2800 JavaThread "jar transforms Thread 63" [_thread_blocked, id=9360, stack(0x0000006699300000,0x0000006699400000)]
  0x00000202ab89d000 JavaThread "jar transforms Thread 64" [_thread_blocked, id=7764, stack(0x0000006699400000,0x0000006699500000)]
  0x00000202ab89d800 JavaThread "jar transforms Thread 65" [_thread_blocked, id=8056, stack(0x0000006699500000,0x0000006699600000)]
  0x00000202ab89e800 JavaThread "jar transforms Thread 66" [_thread_blocked, id=1948, stack(0x0000006699600000,0x0000006699700000)]
  0x00000202ab89f000 JavaThread "jar transforms Thread 67" [_thread_blocked, id=1576, stack(0x0000006699700000,0x0000006699800000)]
  0x00000202ab8a0000 JavaThread "jar transforms Thread 68" [_thread_blocked, id=7124, stack(0x0000006699800000,0x0000006699900000)]
  0x00000202ab8a1000 JavaThread "jar transforms Thread 69" [_thread_blocked, id=3444, stack(0x0000006699900000,0x0000006699a00000)]
  0x00000202abdb0800 JavaThread "jar transforms Thread 70" [_thread_blocked, id=2984, stack(0x0000006699a00000,0x0000006699b00000)]
  0x00000202abdb1000 JavaThread "jar transforms Thread 71" [_thread_blocked, id=1716, stack(0x0000006699b00000,0x0000006699c00000)]
  0x00000202abdab800 JavaThread "jar transforms Thread 72" [_thread_blocked, id=9932, stack(0x0000006699c00000,0x0000006699d00000)]
  0x00000202abdaf800 JavaThread "jar transforms Thread 73" [_thread_blocked, id=7468, stack(0x0000006699d00000,0x0000006699e00000)]
  0x00000202abdae000 JavaThread "jar transforms Thread 74" [_thread_blocked, id=9620, stack(0x0000006699e00000,0x0000006699f00000)]
  0x00000202abdb2000 JavaThread "jar transforms Thread 75" [_thread_blocked, id=6136, stack(0x0000006699f00000,0x000000669a000000)]
  0x00000202abdac800 JavaThread "jar transforms Thread 76" [_thread_blocked, id=1012, stack(0x000000669a000000,0x000000669a100000)]
  0x00000202abdad000 JavaThread "jar transforms Thread 77" [_thread_blocked, id=10628, stack(0x000000669a100000,0x000000669a200000)]
  0x00000202abdae800 JavaThread "jar transforms Thread 78" [_thread_blocked, id=5292, stack(0x000000669a200000,0x000000669a300000)]
  0x00000202aa195000 JavaThread "jar transforms Thread 79" [_thread_blocked, id=8704, stack(0x000000669a300000,0x000000669a400000)]
  0x00000202aa196000 JavaThread "jar transforms Thread 80" [_thread_blocked, id=8132, stack(0x000000669a400000,0x000000669a500000)]
  0x00000202aa198800 JavaThread "jar transforms Thread 81" [_thread_blocked, id=9936, stack(0x000000669a500000,0x000000669a600000)]
  0x00000202aa199800 JavaThread "jar transforms Thread 82" [_thread_blocked, id=10276, stack(0x000000669a600000,0x000000669a700000)]
  0x00000202aa19a000 JavaThread "jar transforms Thread 83" [_thread_blocked, id=9200, stack(0x000000669a700000,0x000000669a800000)]
  0x00000202aa194800 JavaThread "jar transforms Thread 84" [_thread_blocked, id=5124, stack(0x000000669a800000,0x000000669a900000)]
  0x00000202aa19b800 JavaThread "jar transforms Thread 85" [_thread_blocked, id=10584, stack(0x000000669a900000,0x000000669aa00000)]
  0x00000202aa19b000 JavaThread "jar transforms Thread 86" [_thread_blocked, id=524, stack(0x000000669aa00000,0x000000669ab00000)]
  0x00000202aa19c800 JavaThread "jar transforms Thread 87" [_thread_blocked, id=9592, stack(0x000000669ab00000,0x000000669ac00000)]
  0x00000202aa197000 JavaThread "jar transforms Thread 88" [_thread_blocked, id=2800, stack(0x000000669ac00000,0x000000669ad00000)]
  0x00000202aa19d800 JavaThread "jar transforms Thread 89" [_thread_blocked, id=6300, stack(0x000000669ad00000,0x000000669ae00000)]
  0x00000202aa197800 JavaThread "jar transforms Thread 90" [_thread_blocked, id=11188, stack(0x000000669ae00000,0x000000669af00000)]
  0x00000202aa1a1800 JavaThread "jar transforms Thread 91" [_thread_blocked, id=9012, stack(0x000000669af00000,0x000000669b000000)]
  0x00000202aa1a0000 JavaThread "jar transforms Thread 92" [_thread_blocked, id=10684, stack(0x000000669b000000,0x000000669b100000)]
  0x00000202aa19f000 JavaThread "jar transforms Thread 93" [_thread_blocked, id=9836, stack(0x000000669b100000,0x000000669b200000)]
  0x00000202aa1a0800 JavaThread "jar transforms Thread 94" [_thread_blocked, id=7184, stack(0x000000669b200000,0x000000669b300000)]
  0x00000202aa1a2800 JavaThread "jar transforms Thread 95" [_thread_blocked, id=4952, stack(0x000000669b300000,0x000000669b400000)]
  0x00000202aa19e000 JavaThread "jar transforms Thread 96" [_thread_blocked, id=3816, stack(0x000000669b400000,0x000000669b500000)]
  0x00000202aa1a3000 JavaThread "jar transforms Thread 97" [_thread_blocked, id=4892, stack(0x000000669b500000,0x000000669b600000)]
  0x00000202ada25000 JavaThread "Memory manager" [_thread_blocked, id=9084, stack(0x000000669b700000,0x000000669b800000)]
  0x00000202ada21800 JavaThread "build event listener" [_thread_blocked, id=1732, stack(0x000000669b800000,0x000000669b900000)]
  0x00000202ada24000 JavaThread "build event listener" [_thread_blocked, id=8840, stack(0x000000669b900000,0x000000669ba00000)]
  0x00000202ada21000 JavaThread "Execution worker for ':'" [_thread_blocked, id=1860, stack(0x000000669ba00000,0x000000669bb00000)]
  0x00000202ada22800 JavaThread "Execution worker for ':' Thread 2" [_thread_blocked, id=10128, stack(0x000000669bb00000,0x000000669bc00000)]
  0x00000202ada1f000 JavaThread "Execution worker for ':' Thread 3" [_thread_blocked, id=6692, stack(0x000000669bc00000,0x000000669bd00000)]
  0x00000202ada26000 JavaThread "Cache worker for execution history cache (C:\Users\ASUS\AndroidStudioProjects\VolleyDemo\.gradle\6.7.1\executionHistory)" [_thread_blocked, id=9412, stack(0x000000669bd00000,0x000000669be00000)]
  0x00000202ada26800 JavaThread "WorkerExecutor Queue" [_thread_blocked, id=3636, stack(0x0000006692400000,0x0000006692500000)]
  0x00000202ada28000 JavaThread "pool-4-thread-1" [_thread_blocked, id=2628, stack(0x0000006692500000,0x0000006692600000)]
  0x00000202ada27800 JavaThread "stderr" [_thread_in_native, id=10580, stack(0x0000006692600000,0x0000006692700000)]
  0x00000202ada29000 JavaThread "stdout" [_thread_in_native, id=1104, stack(0x000000669be00000,0x000000669bf00000)]
  0x00000202ada23800 JavaThread "WorkerExecutor Queue Thread 2" [_thread_blocked, id=6036, stack(0x000000669bf00000,0x000000669c000000)]
  0x00000202ada2b800 JavaThread "WorkerExecutor Queue Thread 4" [_thread_blocked, id=10024, stack(0x000000669c100000,0x000000669c200000)]
  0x00000202aff74000 JavaThread "C2 CompilerThread1" daemon [_thread_in_native, id=3112, stack(0x000000669b600000,0x000000669b700000)]
  0x00000202ada2d000 JavaThread "ForkJoinPool-1-worker-3" daemon [_thread_blocked, id=9148, stack(0x000000669c200000,0x000000669c300000)]
  0x00000202ada2a000 JavaThread "ForkJoinPool-1-worker-5" daemon [_thread_blocked, id=9092, stack(0x000000669c300000,0x000000669c400000)]
  0x00000202ada2c800 JavaThread "ForkJoinPool-1-worker-7" daemon [_thread_blocked, id=3028, stack(0x000000669c400000,0x000000669c500000)]
  0x00000202ada2e000 JavaThread "ForkJoinPool-1-worker-1" daemon [_thread_blocked, id=6528, stack(0x000000669c500000,0x000000669c600000)]

Other Threads:
=>0x00000202a9464800 VMThread "VM Thread" [stack: 0x0000006692d00000,0x0000006692e00000] [id=7460]
  0x00000202a9f68000 WatcherThread [stack: 0x0000006693700000,0x0000006693800000] [id=8344]
  0x000002028f322000 GCTaskThread "GC Thread#0" [stack: 0x0000006692800000,0x0000006692900000] [id=11040]
  0x00000202aa8b5000 GCTaskThread "GC Thread#1" [stack: 0x0000006693800000,0x0000006693900000] [id=6112]
  0x00000202abec1800 GCTaskThread "GC Thread#2" [stack: 0x0000006694500000,0x0000006694600000] [id=8492]
  0x00000202abe77800 GCTaskThread "GC Thread#3" [stack: 0x0000006694600000,0x0000006694700000] [id=7600]
  0x000002028f354800 ConcurrentGCThread "G1 Main Marker" [stack: 0x0000006692900000,0x0000006692a00000] [id=2128]
  0x000002028f355800 ConcurrentGCThread "G1 Conc#0" [stack: 0x0000006692a00000,0x0000006692b00000] [id=7432]
  0x000002028f3ae800 ConcurrentGCThread "G1 Refine#0" [stack: 0x0000006692b00000,0x0000006692c00000] [id=4576]
  0x000002028f3af800 ConcurrentGCThread "G1 Young RemSet Sampling" [stack: 0x0000006692c00000,0x0000006692d00000] [id=3808]

Threads with active compile tasks:
C2 CompilerThread0  75798 10688       4       com.android.tools.r8.graph.E::a (15 bytes)
C2 CompilerThread1  75798 10681       4       com.android.tools.r8.graph.E::a (95 bytes)

VM state:at safepoint (normal execution)

VM Mutex/Monitor currently owned by a thread:  ([mutex/lock_event])
[0x000002028f3065d0] Threads_lock - owner thread: 0x00000202a9464800
[0x000002028f306c90] Heap_lock - owner thread: 0x00000202ada2d000

Heap address: 0x0000000080000000, size: 2048 MB, Compressed Oops mode: 32-bit
Narrow klass base: 0x0000000000000000, Narrow klass shift: 3
Compressed class space size: 1073741824 Address: 0x0000000100000000

Heap:
 garbage-first heap   total 286720K, used 141188K [0x0000000080000000, 0x0000000100000000)
  region size 1024K, 7 young (7168K), 7 survivors (7168K)
 Metaspace       used 87963K, capacity 90208K, committed 90496K, reserved 1128448K
  class space    used 11501K, capacity 12294K, committed 12416K, reserved 1048576K
Heap Regions: E=young(eden), S=young(survivor), O=old, HS=humongous(starts), HC=humongous(continues), CS=collection set, F=free, A=archive, TAMS=top-at-mark-start (previous, next)
|   0|0x0000000080000000, 0x0000000080100000, 0x0000000080100000|100%| O|  |TAMS 0x0000000080100000, 0x0000000080000000| Untracked 
|   1|0x0000000080100000, 0x0000000080200000, 0x0000000080200000|100%| O|  |TAMS 0x0000000080200000, 0x0000000080100000| Untracked 
|   2|0x0000000080200000, 0x0000000080300000, 0x0000000080300000|100%| O|  |TAMS 0x0000000080300000, 0x0000000080200000| Untracked 
|   3|0x0000000080300000, 0x0000000080400000, 0x0000000080400000|100%|HS|  |TAMS 0x0000000080400000, 0x0000000080300000| Complete 
|   4|0x0000000080400000, 0x0000000080500000, 0x0000000080500000|100%|HC|  |TAMS 0x0000000080500000, 0x0000000080400000| Complete 
|   5|0x0000000080500000, 0x0000000080600000, 0x0000000080600000|100%|HC|  |TAMS 0x0000000080600000, 0x0000000080500000| Complete 
|   6|0x0000000080600000, 0x0000000080700000, 0x0000000080700000|100%| O|  |TAMS 0x0000000080700000, 0x0000000080600000| Untracked 
|   7|0x0000000080700000, 0x0000000080800000, 0x0000000080800000|100%| O|  |TAMS 0x0000000080800000, 0x0000000080700000| Untracked 
|   8|0x0000000080800000, 0x0000000080900000, 0x0000000080900000|100%| O|  |TAMS 0x0000000080900000, 0x0000000080800000| Untracked 
|   9|0x0000000080900000, 0x0000000080a00000, 0x0000000080a00000|100%| O|  |TAMS 0x0000000080a00000, 0x0000000080900000| Untracked 
|  10|0x0000000080a00000, 0x0000000080b00000, 0x0000000080b00000|100%| O|  |TAMS 0x0000000080b00000, 0x0000000080a00000| Untracked 
|  11|0x0000000080b00000, 0x0000000080c00000, 0x0000000080c00000|100%| O|  |TAMS 0x0000000080c00000, 0x0000000080b00000| Untracked 
|  12|0x0000000080c00000, 0x0000000080d00000, 0x0000000080d00000|100%| O|  |TAMS 0x0000000080d00000, 0x0000000080c00000| Untracked 
|  13|0x0000000080d00000, 0x0000000080e00000, 0x0000000080e00000|100%| O|  |TAMS 0x0000000080e00000, 0x0000000080d00000| Untracked 
|  14|0x0000000080e00000, 0x0000000080f00000, 0x0000000080f00000|100%| O|  |TAMS 0x0000000080f00000, 0x0000000080e00000| Untracked 
|  15|0x0000000080f00000, 0x0000000081000000, 0x0000000081000000|100%| O|  |TAMS 0x0000000081000000, 0x0000000080f00000| Untracked 
|  16|0x0000000081000000, 0x0000000081100000, 0x0000000081100000|100%| O|  |TAMS 0x0000000081100000, 0x0000000081000000| Untracked 
|  17|0x0000000081100000, 0x0000000081200000, 0x0000000081200000|100%| O|  |TAMS 0x0000000081200000, 0x0000000081100000| Untracked 
|  18|0x0000000081200000, 0x0000000081300000, 0x0000000081300000|100%| O|  |TAMS 0x0000000081300000, 0x0000000081200000| Untracked 
|  19|0x0000000081300000, 0x0000000081400000, 0x0000000081400000|100%|HS|  |TAMS 0x0000000081400000, 0x0000000081300000| Complete 
|  20|0x0000000081400000, 0x0000000081500000, 0x0000000081500000|100%| O|  |TAMS 0x0000000081500000, 0x0000000081400000| Untracked 
|  21|0x0000000081500000, 0x0000000081600000, 0x0000000081600000|100%| O|  |TAMS 0x0000000081600000, 0x0000000081500000| Untracked 
|  22|0x0000000081600000, 0x0000000081700000, 0x0000000081700000|100%| O|  |TAMS 0x0000000081700000, 0x0000000081600000| Untracked 
|  23|0x0000000081700000, 0x0000000081800000, 0x0000000081800000|100%| O|  |TAMS 0x0000000081800000, 0x0000000081700000| Untracked 
|  24|0x0000000081800000, 0x0000000081900000, 0x0000000081900000|100%| O|  |TAMS 0x0000000081900000, 0x0000000081800000| Untracked 
|  25|0x0000000081900000, 0x0000000081a00000, 0x0000000081a00000|100%|HS|  |TAMS 0x0000000081a00000, 0x0000000081900000| Complete 
|  26|0x0000000081a00000, 0x0000000081b00000, 0x0000000081b00000|100%|HC|  |TAMS 0x0000000081b00000, 0x0000000081a00000| Complete 
|  27|0x0000000081b00000, 0x0000000081c00000, 0x0000000081c00000|100%| O|  |TAMS 0x0000000081c00000, 0x0000000081b00000| Untracked 
|  28|0x0000000081c00000, 0x0000000081d00000, 0x0000000081d00000|100%| O|  |TAMS 0x0000000081d00000, 0x0000000081c00000| Untracked 
|  29|0x0000000081d00000, 0x0000000081e00000, 0x0000000081e00000|100%| O|  |TAMS 0x0000000081e00000, 0x0000000081d00000| Untracked 
|  30|0x0000000081e00000, 0x0000000081f00000, 0x0000000081f00000|100%| O|  |TAMS 0x0000000081f00000, 0x0000000081e00000| Untracked 
|  31|0x0000000081f00000, 0x0000000082000000, 0x0000000082000000|100%| O|  |TAMS 0x0000000082000000, 0x0000000081f00000| Untracked 
|  32|0x0000000082000000, 0x0000000082100000, 0x0000000082100000|100%| O|  |TAMS 0x0000000082100000, 0x0000000082000000| Untracked 
|  33|0x0000000082100000, 0x0000000082200000, 0x0000000082200000|100%| O|  |TAMS 0x0000000082200000, 0x0000000082100000| Untracked 
|  34|0x0000000082200000, 0x0000000082300000, 0x0000000082300000|100%| O|  |TAMS 0x0000000082300000, 0x0000000082200000| Untracked 
|  35|0x0000000082300000, 0x0000000082400000, 0x0000000082400000|100%| O|  |TAMS 0x0000000082400000, 0x0000000082300000| Untracked 
|  36|0x0000000082400000, 0x0000000082500000, 0x0000000082500000|100%| O|  |TAMS 0x0000000082500000, 0x0000000082400000| Untracked 
|  37|0x0000000082500000, 0x0000000082600000, 0x0000000082600000|100%| O|  |TAMS 0x0000000082600000, 0x0000000082500000| Untracked 
|  38|0x0000000082600000, 0x0000000082700000, 0x0000000082700000|100%| O|  |TAMS 0x0000000082700000, 0x0000000082600000| Untracked 
|  39|0x0000000082700000, 0x0000000082800000, 0x0000000082800000|100%| O|  |TAMS 0x0000000082800000, 0x0000000082700000| Untracked 
|  40|0x0000000082800000, 0x0000000082900000, 0x0000000082900000|100%| O|  |TAMS 0x0000000082900000, 0x0000000082800000| Untracked 
|  41|0x0000000082900000, 0x0000000082a00000, 0x0000000082a00000|100%| O|  |TAMS 0x0000000082a00000, 0x0000000082900000| Untracked 
|  42|0x0000000082a00000, 0x0000000082b00000, 0x0000000082b00000|100%| O|  |TAMS 0x0000000082b00000, 0x0000000082a00000| Untracked 
|  43|0x0000000082b00000, 0x0000000082c00000, 0x0000000082c00000|100%| O|  |TAMS 0x0000000082c00000, 0x0000000082b00000| Untracked 
|  44|0x0000000082c00000, 0x0000000082d00000, 0x0000000082d00000|100%| O|  |TAMS 0x0000000082d00000, 0x0000000082c00000| Untracked 
|  45|0x0000000082d00000, 0x0000000082e00000, 0x0000000082e00000|100%| O|  |TAMS 0x0000000082e00000, 0x0000000082d00000| Untracked 
|  46|0x0000000082e00000, 0x0000000082f00000, 0x0000000082f00000|100%| O|  |TAMS 0x0000000082f00000, 0x0000000082e00000| Untracked 
|  47|0x0000000082f00000, 0x0000000083000000, 0x0000000083000000|100%| O|  |TAMS 0x0000000083000000, 0x0000000082f00000| Untracked 
|  48|0x0000000083000000, 0x0000000083100000, 0x0000000083100000|100%| O|  |TAMS 0x0000000083100000, 0x0000000083000000| Untracked 
|  49|0x0000000083100000, 0x0000000083200000, 0x0000000083200000|100%| O|  |TAMS 0x0000000083200000, 0x0000000083100000| Untracked 
|  50|0x0000000083200000, 0x0000000083300000, 0x0000000083300000|100%| O|  |TAMS 0x0000000083300000, 0x0000000083200000| Untracked 
|  51|0x0000000083300000, 0x0000000083400000, 0x0000000083400000|100%| O|  |TAMS 0x0000000083400000, 0x0000000083300000| Untracked 
|  52|0x0000000083400000, 0x0000000083500000, 0x0000000083500000|100%| O|  |TAMS 0x0000000083500000, 0x0000000083400000| Untracked 
|  53|0x0000000083500000, 0x0000000083600000, 0x0000000083600000|100%| O|  |TAMS 0x0000000083600000, 0x0000000083500000| Untracked 
|  54|0x0000000083600000, 0x0000000083700000, 0x0000000083700000|100%| O|  |TAMS 0x0000000083700000, 0x0000000083600000| Untracked 
|  55|0x0000000083700000, 0x0000000083800000, 0x0000000083800000|100%| O|  |TAMS 0x0000000083800000, 0x0000000083700000| Untracked 
|  56|0x0000000083800000, 0x0000000083900000, 0x0000000083900000|100%| O|  |TAMS 0x0000000083900000, 0x0000000083800000| Untracked 
|  57|0x0000000083900000, 0x0000000083a00000, 0x0000000083a00000|100%| O|  |TAMS 0x0000000083a00000, 0x0000000083900000| Untracked 
|  58|0x0000000083a00000, 0x0000000083b00000, 0x0000000083b00000|100%|HS|  |TAMS 0x0000000083b00000, 0x0000000083a00000| Complete 
|  59|0x0000000083b00000, 0x0000000083c00000, 0x0000000083c00000|100%|HC|  |TAMS 0x0000000083c00000, 0x0000000083b00000| Complete 
|  60|0x0000000083c00000, 0x0000000083d00000, 0x0000000083d00000|100%|HS|  |TAMS 0x0000000083d00000, 0x0000000083c00000| Complete 
|  61|0x0000000083d00000, 0x0000000083e00000, 0x0000000083e00000|100%| O|  |TAMS 0x0000000083e00000, 0x0000000083d00000| Untracked 
|  62|0x0000000083e00000, 0x0000000083f00000, 0x0000000083f00000|100%|HS|  |TAMS 0x0000000083f00000, 0x0000000083e00000| Complete 
|  63|0x0000000083f00000, 0x0000000084000000, 0x0000000084000000|100%| O|  |TAMS 0x0000000084000000, 0x0000000083f00000| Untracked 
|  64|0x0000000084000000, 0x0000000084100000, 0x0000000084100000|100%| O|  |TAMS 0x0000000084100000, 0x0000000084000000| Untracked 
|  65|0x0000000084100000, 0x0000000084200000, 0x0000000084200000|100%| O|  |TAMS 0x0000000084200000, 0x0000000084100000| Untracked 
|  66|0x0000000084200000, 0x0000000084300000, 0x0000000084300000|100%| O|  |TAMS 0x0000000084300000, 0x0000000084200000| Untracked 
|  67|0x0000000084300000, 0x0000000084400000, 0x0000000084400000|100%| O|  |TAMS 0x0000000084400000, 0x0000000084300000| Untracked 
|  68|0x0000000084400000, 0x0000000084500000, 0x0000000084500000|100%| O|  |TAMS 0x0000000084500000, 0x0000000084400000| Untracked 
|  69|0x0000000084500000, 0x0000000084600000, 0x0000000084600000|100%| O|  |TAMS 0x0000000084600000, 0x0000000084500000| Untracked 
|  70|0x0000000084600000, 0x0000000084700000, 0x0000000084700000|100%| O|  |TAMS 0x0000000084700000, 0x0000000084600000| Untracked 
|  71|0x0000000084700000, 0x0000000084800000, 0x0000000084800000|100%| O|  |TAMS 0x0000000084800000, 0x0000000084700000| Untracked 
|  72|0x0000000084800000, 0x0000000084900000, 0x0000000084900000|100%| O|  |TAMS 0x0000000084900000, 0x0000000084800000| Untracked 
|  73|0x0000000084900000, 0x0000000084a00000, 0x0000000084a00000|100%| O|  |TAMS 0x0000000084a00000, 0x0000000084900000| Untracked 
|  74|0x0000000084a00000, 0x0000000084b00000, 0x0000000084b00000|100%| O|  |TAMS 0x0000000084b00000, 0x0000000084a00000| Untracked 
|  75|0x0000000084b00000, 0x0000000084c00000, 0x0000000084c00000|100%| O|  |TAMS 0x0000000084c00000, 0x0000000084b00000| Untracked 
|  76|0x0000000084c00000, 0x0000000084d00000, 0x0000000084d00000|100%| O|  |TAMS 0x0000000084d00000, 0x0000000084c00000| Untracked 
|  77|0x0000000084d00000, 0x0000000084e00000, 0x0000000084e00000|100%| O|  |TAMS 0x0000000084e00000, 0x0000000084d00000| Untracked 
|  78|0x0000000084e00000, 0x0000000084f00000, 0x0000000084f00000|100%| O|  |TAMS 0x0000000084f00000, 0x0000000084e00000| Untracked 
|  79|0x0000000084f00000, 0x0000000085000000, 0x0000000085000000|100%| O|  |TAMS 0x0000000085000000, 0x0000000084f00000| Untracked 
|  80|0x0000000085000000, 0x0000000085100000, 0x0000000085100000|100%| O|  |TAMS 0x0000000085100000, 0x0000000085000000| Untracked 
|  81|0x0000000085100000, 0x0000000085200000, 0x0000000085200000|100%| O|  |TAMS 0x0000000085200000, 0x0000000085100000| Untracked 
|  82|0x0000000085200000, 0x0000000085300000, 0x0000000085300000|100%| O|  |TAMS 0x0000000085300000, 0x0000000085200000| Untracked 
|  83|0x0000000085300000, 0x0000000085400000, 0x0000000085400000|100%| O|  |TAMS 0x0000000085400000, 0x0000000085300000| Untracked 
|  84|0x0000000085400000, 0x0000000085500000, 0x0000000085500000|100%| O|  |TAMS 0x0000000085500000, 0x0000000085400000| Untracked 
|  85|0x0000000085500000, 0x0000000085600000, 0x0000000085600000|100%| O|  |TAMS 0x0000000085600000, 0x0000000085500000| Untracked 
|  86|0x0000000085600000, 0x0000000085700000, 0x0000000085700000|100%| O|  |TAMS 0x0000000085700000, 0x0000000085600000| Untracked 
|  87|0x0000000085700000, 0x0000000085800000, 0x0000000085800000|100%| O|  |TAMS 0x0000000085800000, 0x0000000085700000| Untracked 
|  88|0x0000000085800000, 0x0000000085900000, 0x0000000085900000|100%| O|  |TAMS 0x0000000085900000, 0x0000000085800000| Untracked 
|  89|0x0000000085900000, 0x0000000085a00000, 0x0000000085a00000|100%| O|  |TAMS 0x0000000085a00000, 0x0000000085900000| Untracked 
|  90|0x0000000085a00000, 0x0000000085b00000, 0x0000000085b00000|100%| O|  |TAMS 0x0000000085b00000, 0x0000000085a00000| Untracked 
|  91|0x0000000085b00000, 0x0000000085c00000, 0x0000000085c00000|100%| O|  |TAMS 0x0000000085c00000, 0x0000000085b00000| Untracked 
|  92|0x0000000085c00000, 0x0000000085d00000, 0x0000000085d00000|100%| O|  |TAMS 0x0000000085d00000, 0x0000000085c00000| Untracked 
|  93|0x0000000085d00000, 0x0000000085e00000, 0x0000000085e00000|100%| O|  |TAMS 0x0000000085e00000, 0x0000000085d00000| Untracked 
|  94|0x0000000085e00000, 0x0000000085f00000, 0x0000000085f00000|100%| O|  |TAMS 0x0000000085f00000, 0x0000000085e00000| Untracked 
|  95|0x0000000085f00000, 0x0000000086000000, 0x0000000086000000|100%| O|  |TAMS 0x0000000086000000, 0x0000000085f00000| Untracked 
|  96|0x0000000086000000, 0x0000000086100000, 0x0000000086100000|100%| O|  |TAMS 0x0000000086100000, 0x0000000086000000| Untracked 
|  97|0x0000000086100000, 0x0000000086200000, 0x0000000086200000|100%| O|  |TAMS 0x0000000086200000, 0x0000000086100000| Untracked 
|  98|0x0000000086200000, 0x0000000086300000, 0x0000000086300000|100%| O|  |TAMS 0x0000000086300000, 0x0000000086200000| Untracked 
|  99|0x0000000086300000, 0x0000000086400000, 0x0000000086400000|100%| O|  |TAMS 0x0000000086400000, 0x0000000086300000| Untracked 
| 100|0x0000000086400000, 0x0000000086500000, 0x0000000086500000|100%| O|  |TAMS 0x0000000086500000, 0x0000000086400000| Untracked 
| 101|0x0000000086500000, 0x0000000086600000, 0x0000000086600000|100%| O|  |TAMS 0x0000000086600000, 0x0000000086500000| Untracked 
| 102|0x0000000086600000, 0x0000000086700000, 0x0000000086700000|100%| O|  |TAMS 0x0000000086700000, 0x0000000086600000| Untracked 
| 103|0x0000000086700000, 0x0000000086800000, 0x0000000086800000|100%| O|  |TAMS 0x0000000086800000, 0x0000000086700000| Untracked 
| 104|0x0000000086800000, 0x0000000086900000, 0x0000000086900000|100%| O|  |TAMS 0x0000000086900000, 0x0000000086800000| Untracked 
| 105|0x0000000086900000, 0x0000000086a00000, 0x0000000086a00000|100%| O|  |TAMS 0x0000000086a00000, 0x0000000086900000| Untracked 
| 106|0x0000000086a00000, 0x0000000086b00000, 0x0000000086b00000|100%| O|  |TAMS 0x0000000086b00000, 0x0000000086a00000| Untracked 
| 107|0x0000000086b00000, 0x0000000086c00000, 0x0000000086c00000|100%| O|  |TAMS 0x0000000086c00000, 0x0000000086b00000| Untracked 
| 108|0x0000000086c00000, 0x0000000086d00000, 0x0000000086d00000|100%| O|  |TAMS 0x0000000086d00000, 0x0000000086c00000| Untracked 
| 109|0x0000000086d00000, 0x0000000086e00000, 0x0000000086e00000|100%| O|  |TAMS 0x0000000086e00000, 0x0000000086d00000| Untracked 
| 110|0x0000000086e00000, 0x0000000086f00000, 0x0000000086f00000|100%| O|  |TAMS 0x0000000086f00000, 0x0000000086e00000| Untracked 
| 111|0x0000000086f00000, 0x0000000087000000, 0x0000000087000000|100%| O|  |TAMS 0x0000000087000000, 0x0000000086f00000| Untracked 
| 112|0x0000000087000000, 0x0000000087100000, 0x0000000087100000|100%| O|  |TAMS 0x0000000087100000, 0x0000000087000000| Untracked 
| 113|0x0000000087100000, 0x0000000087200000, 0x0000000087200000|100%|HS|  |TAMS 0x0000000087200000, 0x0000000087100000| Complete 
| 114|0x0000000087200000, 0x0000000087300000, 0x0000000087300000|100%|HS|  |TAMS 0x0000000087300000, 0x0000000087200000| Complete 
| 115|0x0000000087300000, 0x0000000087400000, 0x0000000087400000|100%|HS|  |TAMS 0x0000000087400000, 0x0000000087300000| Complete 
| 116|0x0000000087400000, 0x0000000087500000, 0x0000000087500000|100%|HS|  |TAMS 0x0000000087500000, 0x0000000087400000| Complete 
| 117|0x0000000087500000, 0x0000000087600000, 0x0000000087600000|100%| O|  |TAMS 0x00000000875c8800, 0x0000000087500000| Untracked 
| 118|0x0000000087600000, 0x0000000087700000, 0x0000000087700000|100%|HS|  |TAMS 0x0000000087600000, 0x0000000087600000| Complete 
| 119|0x0000000087700000, 0x0000000087800000, 0x0000000087800000|100%|HS|  |TAMS 0x0000000087700000, 0x0000000087700000| Complete 
| 120|0x0000000087800000, 0x0000000087900000, 0x0000000087900000|100%|HS|  |TAMS 0x0000000087800000, 0x0000000087800000| Complete 
| 121|0x0000000087900000, 0x0000000087a00000, 0x0000000087a00000|100%|HC|  |TAMS 0x0000000087900000, 0x0000000087900000| Complete 
| 122|0x0000000087a00000, 0x0000000087b00000, 0x0000000087b00000|100%|HC|  |TAMS 0x0000000087a00000, 0x0000000087a00000| Complete 
| 123|0x0000000087b00000, 0x0000000087c00000, 0x0000000087c00000|100%|HC|  |TAMS 0x0000000087b00000, 0x0000000087b00000| Complete 
| 124|0x0000000087c00000, 0x0000000087d00000, 0x0000000087d00000|100%|HC|  |TAMS 0x0000000087c00000, 0x0000000087c00000| Complete 
| 125|0x0000000087d00000, 0x0000000087e00000, 0x0000000087e00000|100%|HC|  |TAMS 0x0000000087d00000, 0x0000000087d00000| Complete 
| 126|0x0000000087e00000, 0x0000000087f00000, 0x0000000087f00000|100%| O|  |TAMS 0x0000000087e00000, 0x0000000087e00000| Untracked 
| 127|0x0000000087f00000, 0x0000000088000000, 0x0000000088000000|100%| O|  |TAMS 0x0000000087f00000, 0x0000000087f00000| Untracked 
| 128|0x0000000088000000, 0x0000000088100000, 0x0000000088100000|100%| O|  |TAMS 0x0000000088000000, 0x0000000088000000| Untracked 
| 129|0x0000000088100000, 0x0000000088200000, 0x0000000088200000|100%| O|  |TAMS 0x0000000088100000, 0x0000000088100000| Untracked 
| 130|0x0000000088200000, 0x00000000882e1000, 0x0000000088300000| 87%| O|  |TAMS 0x0000000088200000, 0x0000000088200000| Untracked 
| 131|0x0000000088300000, 0x0000000088300000, 0x0000000088400000|  0%| F|  |TAMS 0x0000000088300000, 0x0000000088300000| Untracked 
| 132|0x0000000088400000, 0x0000000088400000, 0x0000000088500000|  0%| F|  |TAMS 0x0000000088400000, 0x0000000088400000| Untracked 
| 133|0x0000000088500000, 0x0000000088500000, 0x0000000088600000|  0%| F|  |TAMS 0x0000000088500000, 0x0000000088500000| Untracked 
| 134|0x0000000088600000, 0x0000000088600000, 0x0000000088700000|  0%| F|  |TAMS 0x0000000088600000, 0x0000000088600000| Untracked 
| 135|0x0000000088700000, 0x0000000088700000, 0x0000000088800000|  0%| F|  |TAMS 0x0000000088700000, 0x0000000088700000| Untracked 
| 136|0x0000000088800000, 0x0000000088800000, 0x0000000088900000|  0%| F|  |TAMS 0x0000000088800000, 0x0000000088800000| Untracked 
| 137|0x0000000088900000, 0x0000000088900000, 0x0000000088a00000|  0%| F|  |TAMS 0x0000000088900000, 0x0000000088900000| Untracked 
| 138|0x0000000088a00000, 0x0000000088a00000, 0x0000000088b00000|  0%| F|  |TAMS 0x0000000088a00000, 0x0000000088a00000| Untracked 
| 139|0x0000000088b00000, 0x0000000088b00000, 0x0000000088c00000|  0%| F|  |TAMS 0x0000000088b00000, 0x0000000088b00000| Untracked 
| 140|0x0000000088c00000, 0x0000000088c00000, 0x0000000088d00000|  0%| F|  |TAMS 0x0000000088c00000, 0x0000000088c00000| Untracked 
| 141|0x0000000088d00000, 0x0000000088d00000, 0x0000000088e00000|  0%| F|  |TAMS 0x0000000088d00000, 0x0000000088d00000| Untracked 
| 142|0x0000000088e00000, 0x0000000088e00000, 0x0000000088f00000|  0%| F|  |TAMS 0x0000000088e00000, 0x0000000088e00000| Untracked 
| 143|0x0000000088f00000, 0x0000000088f00000, 0x0000000089000000|  0%| F|  |TAMS 0x0000000088f00000, 0x0000000088f00000| Untracked 
| 144|0x0000000089000000, 0x0000000089000000, 0x0000000089100000|  0%| F|  |TAMS 0x0000000089000000, 0x0000000089000000| Untracked 
| 145|0x0000000089100000, 0x0000000089100000, 0x0000000089200000|  0%| F|  |TAMS 0x0000000089100000, 0x0000000089100000| Untracked 
| 146|0x0000000089200000, 0x0000000089200000, 0x0000000089300000|  0%| F|  |TAMS 0x0000000089200000, 0x0000000089200000| Untracked 
| 147|0x0000000089300000, 0x0000000089300000, 0x0000000089400000|  0%| F|  |TAMS 0x0000000089300000, 0x0000000089300000| Untracked 
| 148|0x0000000089400000, 0x0000000089400000, 0x0000000089500000|  0%| F|  |TAMS 0x0000000089400000, 0x0000000089400000| Untracked 
| 149|0x0000000089500000, 0x0000000089500000, 0x0000000089600000|  0%| F|  |TAMS 0x0000000089500000, 0x0000000089500000| Untracked 
| 150|0x0000000089600000, 0x0000000089600000, 0x0000000089700000|  0%| F|  |TAMS 0x0000000089600000, 0x0000000089600000| Untracked 
| 151|0x0000000089700000, 0x0000000089700000, 0x0000000089800000|  0%| F|  |TAMS 0x0000000089700000, 0x0000000089700000| Untracked 
| 152|0x0000000089800000, 0x0000000089800000, 0x0000000089900000|  0%| F|  |TAMS 0x0000000089800000, 0x0000000089800000| Untracked 
| 153|0x0000000089900000, 0x0000000089900000, 0x0000000089a00000|  0%| F|  |TAMS 0x0000000089900000, 0x0000000089900000| Untracked 
| 154|0x0000000089a00000, 0x0000000089a00000, 0x0000000089b00000|  0%| F|  |TAMS 0x0000000089a00000, 0x0000000089a00000| Untracked 
| 155|0x0000000089b00000, 0x0000000089b00000, 0x0000000089c00000|  0%| F|  |TAMS 0x0000000089b00000, 0x0000000089b00000| Untracked 
| 156|0x0000000089c00000, 0x0000000089c00000, 0x0000000089d00000|  0%| F|  |TAMS 0x0000000089c00000, 0x0000000089c00000| Untracked 
| 157|0x0000000089d00000, 0x0000000089d00000, 0x0000000089e00000|  0%| F|  |TAMS 0x0000000089d00000, 0x0000000089d00000| Untracked 
| 158|0x0000000089e00000, 0x0000000089e00000, 0x0000000089f00000|  0%| F|  |TAMS 0x0000000089e00000, 0x0000000089e00000| Untracked 
| 159|0x0000000089f00000, 0x0000000089f00000, 0x000000008a000000|  0%| F|  |TAMS 0x0000000089f00000, 0x0000000089f00000| Untracked 
| 160|0x000000008a000000, 0x000000008a000000, 0x000000008a100000|  0%| F|  |TAMS 0x000000008a000000, 0x000000008a000000| Untracked 
| 161|0x000000008a100000, 0x000000008a100000, 0x000000008a200000|  0%| F|  |TAMS 0x000000008a100000, 0x000000008a100000| Untracked 
| 162|0x000000008a200000, 0x000000008a200000, 0x000000008a300000|  0%| F|  |TAMS 0x000000008a200000, 0x000000008a200000| Untracked 
| 163|0x000000008a300000, 0x000000008a300000, 0x000000008a400000|  0%| F|  |TAMS 0x000000008a300000, 0x000000008a300000| Untracked 
| 164|0x000000008a400000, 0x000000008a400000, 0x000000008a500000|  0%| F|  |TAMS 0x000000008a400000, 0x000000008a400000| Untracked 
| 165|0x000000008a500000, 0x000000008a500000, 0x000000008a600000|  0%| F|  |TAMS 0x000000008a500000, 0x000000008a500000| Untracked 
| 166|0x000000008a600000, 0x000000008a600000, 0x000000008a700000|  0%| F|  |TAMS 0x000000008a600000, 0x000000008a600000| Untracked 
| 167|0x000000008a700000, 0x000000008a700000, 0x000000008a800000|  0%| F|  |TAMS 0x000000008a700000, 0x000000008a700000| Untracked 
| 168|0x000000008a800000, 0x000000008a800000, 0x000000008a900000|  0%| F|  |TAMS 0x000000008a800000, 0x000000008a800000| Untracked 
| 169|0x000000008a900000, 0x000000008a900000, 0x000000008aa00000|  0%| F|  |TAMS 0x000000008a900000, 0x000000008a900000| Untracked 
| 170|0x000000008aa00000, 0x000000008aa00000, 0x000000008ab00000|  0%| F|  |TAMS 0x000000008aa00000, 0x000000008aa00000| Untracked 
| 171|0x000000008ab00000, 0x000000008ab00000, 0x000000008ac00000|  0%| F|  |TAMS 0x000000008ab00000, 0x000000008ab00000| Untracked 
| 172|0x000000008ac00000, 0x000000008ac00000, 0x000000008ad00000|  0%| F|  |TAMS 0x000000008ac00000, 0x000000008ac00000| Untracked 
| 173|0x000000008ad00000, 0x000000008ad00000, 0x000000008ae00000|  0%| F|  |TAMS 0x000000008ad00000, 0x000000008ad00000| Untracked 
| 174|0x000000008ae00000, 0x000000008af00000, 0x000000008af00000|100%| S|CS|TAMS 0x000000008ae00000, 0x000000008ae00000| Complete 
| 175|0x000000008af00000, 0x000000008b000000, 0x000000008b000000|100%| S|CS|TAMS 0x000000008af00000, 0x000000008af00000| Complete 
| 176|0x000000008b000000, 0x000000008b100000, 0x000000008b100000|100%| S|CS|TAMS 0x000000008b000000, 0x000000008b000000| Complete 
| 177|0x000000008b100000, 0x000000008b200000, 0x000000008b200000|100%| S|CS|TAMS 0x000000008b100000, 0x000000008b100000| Complete 
| 178|0x000000008b200000, 0x000000008b300000, 0x000000008b300000|100%| S|CS|TAMS 0x000000008b200000, 0x000000008b200000| Complete 
| 179|0x000000008b300000, 0x000000008b400000, 0x000000008b400000|100%| S|CS|TAMS 0x000000008b300000, 0x000000008b300000| Complete 
| 180|0x000000008b400000, 0x000000008b500000, 0x000000008b500000|100%| S|CS|TAMS 0x000000008b400000, 0x000000008b400000| Complete 
| 181|0x000000008b500000, 0x000000008b500000, 0x000000008b600000|  0%| F|  |TAMS 0x000000008b500000, 0x000000008b500000| Untracked 
| 182|0x000000008b600000, 0x000000008b600000, 0x000000008b700000|  0%| F|  |TAMS 0x000000008b600000, 0x000000008b600000| Untracked 
| 183|0x000000008b700000, 0x000000008b700000, 0x000000008b800000|  0%| F|  |TAMS 0x000000008b700000, 0x000000008b700000| Untracked 
| 184|0x000000008b800000, 0x000000008b800000, 0x000000008b900000|  0%| F|  |TAMS 0x000000008b800000, 0x000000008b800000| Untracked 
| 185|0x000000008b900000, 0x000000008b900000, 0x000000008ba00000|  0%| F|  |TAMS 0x000000008b900000, 0x000000008b900000| Untracked 
| 186|0x000000008ba00000, 0x000000008ba00000, 0x000000008bb00000|  0%| F|  |TAMS 0x000000008ba00000, 0x000000008ba00000| Untracked 
| 187|0x000000008bb00000, 0x000000008bb00000, 0x000000008bc00000|  0%| F|  |TAMS 0x000000008bb00000, 0x000000008bb00000| Untracked 
| 188|0x000000008bc00000, 0x000000008bc00000, 0x000000008bd00000|  0%| F|  |TAMS 0x000000008bc00000, 0x000000008bc00000| Untracked 
| 189|0x000000008bd00000, 0x000000008bd00000, 0x000000008be00000|  0%| F|  |TAMS 0x000000008bd00000, 0x000000008bd00000| Untracked 
| 190|0x000000008be00000, 0x000000008be00000, 0x000000008bf00000|  0%| F|  |TAMS 0x000000008be00000, 0x000000008be00000| Untracked 
| 191|0x000000008bf00000, 0x000000008bf00000, 0x000000008c000000|  0%| F|  |TAMS 0x000000008bf00000, 0x000000008bf00000| Untracked 
| 192|0x000000008c000000, 0x000000008c000000, 0x000000008c100000|  0%| F|  |TAMS 0x000000008c000000, 0x000000008c000000| Untracked 
| 193|0x000000008c100000, 0x000000008c100000, 0x000000008c200000|  0%| F|  |TAMS 0x000000008c100000, 0x000000008c100000| Untracked 
| 194|0x000000008c200000, 0x000000008c200000, 0x000000008c300000|  0%| F|  |TAMS 0x000000008c200000, 0x000000008c200000| Untracked 
| 195|0x000000008c300000, 0x000000008c300000, 0x000000008c400000|  0%| F|  |TAMS 0x000000008c300000, 0x000000008c300000| Untracked 
| 196|0x000000008c400000, 0x000000008c400000, 0x000000008c500000|  0%| F|  |TAMS 0x000000008c400000, 0x000000008c400000| Untracked 
| 197|0x000000008c500000, 0x000000008c500000, 0x000000008c600000|  0%| F|  |TAMS 0x000000008c500000, 0x000000008c500000| Untracked 
| 198|0x000000008c600000, 0x000000008c600000, 0x000000008c700000|  0%| F|  |TAMS 0x000000008c600000, 0x000000008c600000| Untracked 
| 199|0x000000008c700000, 0x000000008c700000, 0x000000008c800000|  0%| F|  |TAMS 0x000000008c700000, 0x000000008c700000| Untracked 
| 200|0x000000008c800000, 0x000000008c800000, 0x000000008c900000|  0%| F|  |TAMS 0x000000008c800000, 0x000000008c800000| Untracked 
| 201|0x000000008c900000, 0x000000008c900000, 0x000000008ca00000|  0%| F|  |TAMS 0x000000008c900000, 0x000000008c900000| Untracked 
| 202|0x000000008ca00000, 0x000000008ca00000, 0x000000008cb00000|  0%| F|  |TAMS 0x000000008ca00000, 0x000000008ca00000| Untracked 
| 203|0x000000008cb00000, 0x000000008cb00000, 0x000000008cc00000|  0%| F|  |TAMS 0x000000008cb00000, 0x000000008cb00000| Untracked 
| 204|0x000000008cc00000, 0x000000008cc00000, 0x000000008cd00000|  0%| F|  |TAMS 0x000000008cc00000, 0x000000008cc00000| Untracked 
| 205|0x000000008cd00000, 0x000000008cd00000, 0x000000008ce00000|  0%| F|  |TAMS 0x000000008cd00000, 0x000000008cd00000| Untracked 
| 206|0x000000008ce00000, 0x000000008ce00000, 0x000000008cf00000|  0%| F|  |TAMS 0x000000008ce00000, 0x000000008ce00000| Untracked 
| 207|0x000000008cf00000, 0x000000008cf00000, 0x000000008d000000|  0%| F|  |TAMS 0x000000008cf00000, 0x000000008cf00000| Untracked 
| 208|0x000000008d000000, 0x000000008d000000, 0x000000008d100000|  0%| F|  |TAMS 0x000000008d000000, 0x000000008d000000| Untracked 
| 209|0x000000008d100000, 0x000000008d100000, 0x000000008d200000|  0%| F|  |TAMS 0x000000008d100000, 0x000000008d100000| Untracked 
| 210|0x000000008d200000, 0x000000008d200000, 0x000000008d300000|  0%| F|  |TAMS 0x000000008d200000, 0x000000008d200000| Untracked 
| 211|0x000000008d300000, 0x000000008d300000, 0x000000008d400000|  0%| F|  |TAMS 0x000000008d300000, 0x000000008d300000| Untracked 
| 212|0x000000008d400000, 0x000000008d400000, 0x000000008d500000|  0%| F|  |TAMS 0x000000008d400000, 0x000000008d400000| Untracked 
| 213|0x000000008d500000, 0x000000008d500000, 0x000000008d600000|  0%| F|  |TAMS 0x000000008d500000, 0x000000008d500000| Untracked 
| 214|0x000000008d600000, 0x000000008d600000, 0x000000008d700000|  0%| F|  |TAMS 0x000000008d600000, 0x000000008d600000| Untracked 
| 215|0x000000008d700000, 0x000000008d700000, 0x000000008d800000|  0%| F|  |TAMS 0x000000008d700000, 0x000000008d700000| Untracked 
| 216|0x000000008d800000, 0x000000008d800000, 0x000000008d900000|  0%| F|  |TAMS 0x000000008d800000, 0x000000008d800000| Untracked 
| 217|0x000000008d900000, 0x000000008d900000, 0x000000008da00000|  0%| F|  |TAMS 0x000000008d900000, 0x000000008d900000| Untracked 
| 218|0x000000008da00000, 0x000000008da00000, 0x000000008db00000|  0%| F|  |TAMS 0x000000008da00000, 0x000000008da00000| Untracked 
| 219|0x000000008db00000, 0x000000008db00000, 0x000000008dc00000|  0%| F|  |TAMS 0x000000008db00000, 0x000000008db00000| Untracked 
| 220|0x000000008dc00000, 0x000000008dc00000, 0x000000008dd00000|  0%| F|  |TAMS 0x000000008dc00000, 0x000000008dc00000| Untracked 
| 221|0x000000008dd00000, 0x000000008dd00000, 0x000000008de00000|  0%| F|  |TAMS 0x000000008dd00000, 0x000000008dd00000| Untracked 
| 222|0x000000008de00000, 0x000000008de00000, 0x000000008df00000|  0%| F|  |TAMS 0x000000008de00000, 0x000000008de00000| Untracked 
| 223|0x000000008df00000, 0x000000008df00000, 0x000000008e000000|  0%| F|  |TAMS 0x000000008df00000, 0x000000008df00000| Untracked 
| 224|0x000000008e000000, 0x000000008e000000, 0x000000008e100000|  0%| F|  |TAMS 0x000000008e000000, 0x000000008e000000| Untracked 
| 225|0x000000008e100000, 0x000000008e100000, 0x000000008e200000|  0%| F|  |TAMS 0x000000008e100000, 0x000000008e100000| Untracked 
| 226|0x000000008e200000, 0x000000008e200000, 0x000000008e300000|  0%| F|  |TAMS 0x000000008e200000, 0x000000008e200000| Untracked 
| 227|0x000000008e300000, 0x000000008e300000, 0x000000008e400000|  0%| F|  |TAMS 0x000000008e300000, 0x000000008e300000| Untracked 
| 228|0x000000008e400000, 0x000000008e400000, 0x000000008e500000|  0%| F|  |TAMS 0x000000008e400000, 0x000000008e400000| Untracked 
| 229|0x000000008e500000, 0x000000008e500000, 0x000000008e600000|  0%| F|  |TAMS 0x000000008e500000, 0x000000008e500000| Untracked 
| 230|0x000000008e600000, 0x000000008e600000, 0x000000008e700000|  0%| F|  |TAMS 0x000000008e600000, 0x000000008e600000| Untracked 
| 231|0x000000008e700000, 0x000000008e700000, 0x000000008e800000|  0%| F|  |TAMS 0x000000008e700000, 0x000000008e700000| Untracked 
| 232|0x000000008e800000, 0x000000008e800000, 0x000000008e900000|  0%| F|  |TAMS 0x000000008e800000, 0x000000008e800000| Untracked 

Card table byte_map: [0x00000202a26b0000,0x00000202a2ab0000] _byte_map_base: 0x00000202a22b0000

Marking Bits (Prev, Next): (CMBitMap*) 0x000002028f34b8f0, (CMBitMap*) 0x000002028f34b8b8
 Prev Bits: [0x00000202a4eb0000, 0x00000202a6eb0000)
 Next Bits: [0x00000202a2eb0000, 0x00000202a4eb0000)

Polling page: 0x000002028d970000

Metaspace:

Usage:
  Non-class:     76.09 MB capacity,    74.67 MB ( 98%) used,     1.18 MB (  2%) free+waste,   240.25 KB ( <1%) overhead. 
      Class:     12.01 MB capacity,    11.23 MB ( 94%) used,   682.52 KB (  6%) free+waste,   109.94 KB ( <1%) overhead. 
       Both:     88.09 MB capacity,    85.90 MB ( 98%) used,     1.85 MB (  2%) free+waste,   350.19 KB ( <1%) overhead. 

Virtual space:
  Non-class space:       78.00 MB reserved,      76.25 MB ( 98%) committed 
      Class space:        1.00 GB reserved,      12.13 MB (  1%) committed 
             Both:        1.08 GB reserved,      88.38 MB (  8%) committed 

Chunk freelists:
   Non-Class:  38.00 KB
       Class:  26.00 KB
        Both:  64.00 KB

MaxMetaspaceSize: 17179869184.00 GB
CompressedClassSpaceSize: 1.00 GB

CodeHeap 'non-profiled nmethods': size=120064Kb used=5922Kb max_used=5922Kb free=114141Kb
 bounds [0x000002029a750000, 0x000002029ad20000, 0x00000202a1c90000]
CodeHeap 'profiled nmethods': size=120000Kb used=22387Kb max_used=22387Kb free=97613Kb
 bounds [0x0000020293220000, 0x0000020294810000, 0x000002029a750000]
CodeHeap 'non-nmethods': size=5696Kb used=2263Kb max_used=2323Kb free=3433Kb
 bounds [0x0000020292c90000, 0x0000020292f00000, 0x0000020293220000]
 total_blobs=11161 nmethods=10296 adapters=776
 compilation: enabled
              stopped_count=0, restarted_count=0
 full_count=0

Compilation events (20 events):
Event: 75.367 Thread 0x00000202a94cc000 10938       2       javax.management.ObjectName::getDomainLength (8 bytes)
Event: 75.368 Thread 0x00000202a94cc000 nmethod 10938 0x00000202947f8610 code [0x00000202947f87c0, 0x00000202947f88b8]
Event: 75.368 Thread 0x00000202a94cc000 10939 %     3       com.android.tools.r8.dex.l::a @ 35 (111 bytes)
Event: 75.371 Thread 0x00000202a94cc000 nmethod 10939% 0x00000202947f8990 code [0x00000202947f8d20, 0x00000202947fa0a8]
Event: 75.373 Thread 0x00000202a94cc000 10940       2       com.android.tools.r8.graph.S$e::a (15 bytes)
Event: 75.373 Thread 0x00000202a94cc000 nmethod 10940 0x00000202947fa990 code [0x00000202947fab80, 0x00000202947fad88]
Event: 75.374 Thread 0x00000202a94cc000 10941       2       com.android.tools.r8.utils.u0::a (119 bytes)
Event: 75.375 Thread 0x00000202a94cc000 nmethod 10941 0x00000202947faf10 code [0x00000202947fb0e0, 0x00000202947fb4c8]
Event: 75.380 Thread 0x00000202a94cc000 10942 %     3       com.android.tools.r8.utils.u0::b @ 11 (60 bytes)
Event: 75.381 Thread 0x00000202a94cc000 nmethod 10942% 0x00000202947fb610 code [0x00000202947fb800, 0x00000202947fbe08]
Event: 75.408 Thread 0x00000202a94cc000 10943       3       com.android.tools.r8.utils.u0::b (60 bytes)
Event: 75.409 Thread 0x00000202a94cc000 nmethod 10943 0x00000202947fc010 code [0x00000202947fc200, 0x00000202947fc708]
Event: 75.414 Thread 0x00000202a94cc000 10944 %     3       com.android.tools.r8.dex.l::a @ 66 (111 bytes)
Event: 75.417 Thread 0x00000202a94cc000 nmethod 10944% 0x00000202947fc890 code [0x00000202947fcc20, 0x00000202947fdf68]
Event: 75.426 Thread 0x00000202a94cc000 10945       3       com.android.tools.r8.dex.l::a (111 bytes)
Event: 75.429 Thread 0x00000202a94cc000 nmethod 10945 0x00000202947fe890 code [0x00000202947fec00, 0x00000202947ffe68]
Event: 75.455 Thread 0x00000202a94cc000 10947 %     3       com.android.tools.r8.w.a.a.a.h.V0::a @ 73 (109 bytes)
Event: 75.456 Thread 0x00000202a94cc000 nmethod 10947% 0x0000020294800690 code [0x00000202948008a0, 0x0000020294800e08]
Event: 75.456 Thread 0x00000202a94cc000 10948       3       com.android.tools.r8.w.a.a.a.h.V0::a (109 bytes)
Event: 75.457 Thread 0x00000202a94cc000 nmethod 10948 0x0000020294801090 code [0x0000020294801280, 0x0000020294801768]

GC Heap History (20 events):
Event: 65.188 GC heap after
{Heap after GC invocations=61 (full 0):
 garbage-first heap   total 138240K, used 69431K [0x0000000080000000, 0x0000000100000000)
  region size 1024K, 6 young (6144K), 6 survivors (6144K)
 Metaspace       used 80323K, capacity 82189K, committed 82304K, reserved 1120256K
  class space    used 10374K, capacity 11036K, committed 11136K, reserved 1048576K
}
Event: 66.223 GC heap before
{Heap before GC invocations=62 (full 0):
 garbage-first heap   total 138240K, used 79671K [0x0000000080000000, 0x0000000100000000)
  region size 1024K, 16 young (16384K), 6 survivors (6144K)
 Metaspace       used 82516K, capacity 84584K, committed 84608K, reserved 1122304K
  class space    used 10695K, capacity 11390K, committed 11392K, reserved 1048576K
}
Event: 66.239 GC heap after
{Heap after GC invocations=63 (full 0):
 garbage-first heap   total 138240K, used 71509K [0x0000000080000000, 0x0000000100000000)
  region size 1024K, 4 young (4096K), 4 survivors (4096K)
 Metaspace       used 82516K, capacity 84584K, committed 84608K, reserved 1122304K
  class space    used 10695K, capacity 11390K, committed 11392K, reserved 1048576K
}
Event: 67.003 GC heap before
{Heap before GC invocations=64 (full 0):
 garbage-first heap   total 138240K, used 109397K [0x0000000080000000, 0x0000000100000000)
  region size 1024K, 34 young (34816K), 4 survivors (4096K)
 Metaspace       used 82894K, capacity 84976K, committed 85248K, reserved 1122304K
  class space    used 10743K, capacity 11456K, committed 11520K, reserved 1048576K
}
Event: 67.042 GC heap after
{Heap after GC invocations=65 (full 0):
 garbage-first heap   total 165888K, used 87675K [0x0000000080000000, 0x0000000100000000)
  region size 1024K, 5 young (5120K), 5 survivors (5120K)
 Metaspace       used 82894K, capacity 84976K, committed 85248K, reserved 1122304K
  class space    used 10743K, capacity 11456K, committed 11520K, reserved 1048576K
}
Event: 68.362 GC heap before
{Heap before GC invocations=65 (full 0):
 garbage-first heap   total 165888K, used 120443K [0x0000000080000000, 0x0000000100000000)
  region size 1024K, 37 young (37888K), 5 survivors (5120K)
 Metaspace       used 84860K, capacity 86917K, committed 87168K, reserved 1124352K
  class space    used 11104K, capacity 11824K, committed 11904K, reserved 1048576K
}
Event: 68.449 GC heap after
{Heap after GC invocations=66 (full 0):
 garbage-first heap   total 165888K, used 103686K [0x0000000080000000, 0x0000000100000000)
  region size 1024K, 5 young (5120K), 5 survivors (5120K)
 Metaspace       used 84860K, capacity 86917K, committed 87168K, reserved 1124352K
  class space    used 11104K, capacity 11824K, committed 11904K, reserved 1048576K
}
Event: 69.783 GC heap before
{Heap before GC invocations=67 (full 0):
 garbage-first heap   total 165888K, used 124166K [0x0000000080000000, 0x0000000100000000)
  region size 1024K, 26 young (26624K), 5 survivors (5120K)
 Metaspace       used 86151K, capacity 88230K, committed 88320K, reserved 1126400K
  class space    used 11271K, capacity 12003K, committed 12032K, reserved 1048576K
}
Event: 69.843 GC heap after
{Heap after GC invocations=68 (full 0):
 garbage-first heap   total 165888K, used 114688K [0x0000000080000000, 0x0000000100000000)
  region size 1024K, 4 young (4096K), 4 survivors (4096K)
 Metaspace       used 86151K, capacity 88230K, committed 88320K, reserved 1126400K
  class space    used 11271K, capacity 12003K, committed 12032K, reserved 1048576K
}
Event: 70.640 GC heap before
{Heap before GC invocations=68 (full 0):
 garbage-first heap   total 165888K, used 130048K [0x0000000080000000, 0x0000000100000000)
  region size 1024K, 20 young (20480K), 4 survivors (4096K)
 Metaspace       used 87149K, capacity 89385K, committed 89600K, reserved 1126400K
  class space    used 11441K, capacity 12249K, committed 12288K, reserved 1048576K
}
Event: 70.665 GC heap after
{Heap after GC invocations=69 (full 0):
 garbage-first heap   total 165888K, used 118784K [0x0000000080000000, 0x0000000100000000)
  region size 1024K, 3 young (3072K), 3 survivors (3072K)
 Metaspace       used 87149K, capacity 89385K, committed 89600K, reserved 1126400K
  class space    used 11441K, capacity 12249K, committed 12288K, reserved 1048576K
}
Event: 71.481 GC heap before
{Heap before GC invocations=69 (full 0):
 garbage-first heap   total 165888K, used 129024K [0x0000000080000000, 0x0000000100000000)
  region size 1024K, 18 young (18432K), 3 survivors (3072K)
 Metaspace       used 87377K, capacity 89574K, committed 89856K, reserved 1126400K
  class space    used 11452K, capacity 12240K, committed 12288K, reserved 1048576K
}
Event: 71.517 GC heap after
{Heap after GC invocations=70 (full 0):
 garbage-first heap   total 238592K, used 117047K [0x0000000080000000, 0x0000000100000000)
  region size 1024K, 2 young (2048K), 2 survivors (2048K)
 Metaspace       used 87377K, capacity 89574K, committed 89856K, reserved 1126400K
  class space    used 11452K, capacity 12240K, committed 12288K, reserved 1048576K
}
Event: 71.862 GC heap before
{Heap before GC invocations=71 (full 0):
 garbage-first heap   total 238592K, used 123191K [0x0000000080000000, 0x0000000100000000)
  region size 1024K, 10 young (10240K), 2 survivors (2048K)
 Metaspace       used 87384K, capacity 89575K, committed 89856K, reserved 1126400K
  class space    used 11452K, capacity 12240K, committed 12288K, reserved 1048576K
}
Event: 71.886 GC heap after
{Heap after GC invocations=72 (full 0):
 garbage-first heap   total 238592K, used 117552K [0x0000000080000000, 0x0000000100000000)
  region size 1024K, 3 young (3072K), 3 survivors (3072K)
 Metaspace       used 87384K, capacity 89575K, committed 89856K, reserved 1126400K
  class space    used 11452K, capacity 12240K, committed 12288K, reserved 1048576K
}
Event: 73.104 GC heap before
{Heap before GC invocations=73 (full 0):
 garbage-first heap   total 238592K, used 137008K [0x0000000080000000, 0x0000000100000000)
  region size 1024K, 22 young (22528K), 3 survivors (3072K)
 Metaspace       used 87607K, capacity 89824K, committed 89984K, reserved 1126400K
  class space    used 11470K, capacity 12276K, committed 12416K, reserved 1048576K
}
Event: 73.136 GC heap after
{Heap after GC invocations=74 (full 0):
 garbage-first heap   total 238592K, used 121610K [0x0000000080000000, 0x0000000100000000)
  region size 1024K, 5 young (5120K), 5 survivors (5120K)
 Metaspace       used 87607K, capacity 89824K, committed 89984K, reserved 1126400K
  class space    used 11470K, capacity 12276K, committed 12416K, reserved 1048576K
}
Event: 74.350 GC heap before
{Heap before GC invocations=75 (full 0):
 garbage-first heap   total 238592K, used 148234K [0x0000000080000000, 0x0000000100000000)
  region size 1024K, 31 young (31744K), 5 survivors (5120K)
 Metaspace       used 87803K, capacity 90054K, committed 90240K, reserved 1126400K
  class space    used 11492K, capacity 12287K, committed 12416K, reserved 1048576K
}
Event: 74.385 GC heap after
{Heap after GC invocations=76 (full 0):
 garbage-first heap   total 238592K, used 127778K [0x0000000080000000, 0x0000000100000000)
  region size 1024K, 7 young (7168K), 7 survivors (7168K)
 Metaspace       used 87803K, capacity 90054K, committed 90240K, reserved 1126400K
  class space    used 11492K, capacity 12287K, committed 12416K, reserved 1048576K
}
Event: 75.563 GC heap before
{Heap before GC invocations=77 (full 0):
 garbage-first heap   total 238592K, used 182050K [0x0000000080000000, 0x0000000100000000)
  region size 1024K, 52 young (53248K), 7 survivors (7168K)
 Metaspace       used 87963K, capacity 90208K, committed 90496K, reserved 1128448K
  class space    used 11501K, capacity 12294K, committed 12416K, reserved 1048576K
}

Deoptimization events (20 events):
Event: 74.872 Thread 0x00000202ada2d000 DEOPT PACKING pc=0x000002029479765f sp=0x000000669c2fe490
Event: 74.872 Thread 0x00000202ada2d000 DEOPT UNPACKING pc=0x0000020292cb67c0 sp=0x000000669c2fda40 mode 0
Event: 74.996 Thread 0x00000202ada2d000 DEOPT PACKING pc=0x0000020294711256 sp=0x000000669c2fe4d0
Event: 74.996 Thread 0x00000202ada2d000 DEOPT UNPACKING pc=0x0000020292cb67c0 sp=0x000000669c2fd988 mode 0
Event: 75.048 Thread 0x00000202ada2d000 DEOPT PACKING pc=0x0000020294758060 sp=0x000000669c2fe6c0
Event: 75.048 Thread 0x00000202ada2d000 DEOPT UNPACKING pc=0x0000020292cb67c0 sp=0x000000669c2fdba8 mode 0
Event: 75.063 Thread 0x00000202ada2d000 DEOPT PACKING pc=0x00000202947168f6 sp=0x000000669c2fe720
Event: 75.063 Thread 0x00000202ada2d000 DEOPT UNPACKING pc=0x0000020292cb67c0 sp=0x000000669c2fdbc0 mode 0
Event: 75.088 Thread 0x00000202ada2d000 DEOPT PACKING pc=0x00000202947217c5 sp=0x000000669c2fe5e0
Event: 75.088 Thread 0x00000202ada2d000 DEOPT UNPACKING pc=0x0000020292cb67c0 sp=0x000000669c2fda90 mode 0
Event: 75.307 Thread 0x00000202ada2d000 Uncommon trap: trap_request=0xffffff4d fr.pc=0x000002029ad168a4 relative=0x0000000000000484
Event: 75.308 Thread 0x00000202ada2d000 Uncommon trap: reason=unstable_if action=reinterpret pc=0x000002029ad168a4 method=com.android.tools.r8.w.a.a.a.h.N.a(Ljava/lang/Object;I)I @ 72 c2
Event: 75.308 Thread 0x00000202ada2d000 DEOPT PACKING pc=0x000002029ad168a4 sp=0x000000669c2fe300
Event: 75.308 Thread 0x00000202ada2d000 DEOPT UNPACKING pc=0x0000020292cb69aa sp=0x000000669c2fe2d8 mode 2
Event: 75.408 Thread 0x00000202ada2d000 DEOPT PACKING pc=0x00000202947f2053 sp=0x000000669c2fe140
Event: 75.408 Thread 0x00000202ada2d000 DEOPT UNPACKING pc=0x0000020292cb67c0 sp=0x000000669c2fd638 mode 0
Event: 75.426 Thread 0x00000202ada2d000 DEOPT PACKING pc=0x00000202947f4453 sp=0x000000669c2fe310
Event: 75.426 Thread 0x00000202ada2d000 DEOPT UNPACKING pc=0x0000020292cb67c0 sp=0x000000669c2fd868 mode 0
Event: 75.457 Thread 0x00000202ada2d000 DEOPT PACKING pc=0x00000202947eddae sp=0x000000669c2fe130
Event: 75.457 Thread 0x00000202ada2d000 DEOPT UNPACKING pc=0x0000020292cb67c0 sp=0x000000669c2fd5d0 mode 0

Classes redefined (0 events):
No events

Internal exceptions (20 events):
Event: 64.182 Thread 0x00000202ada26800 Exception <a 'java/lang/NoSuchMethodError'{0x000000008672e798}: 'java.lang.Object java.lang.invoke.Invokers$Holder.linkToTargetMethod(java.lang.Object, long, java.lang.Object)'> (0x000000008672e798) thrown at [./src/hotspot/share/interpreter/linkResolver.cpp, line 773]
Event: 64.954 Thread 0x00000202ada22800 Exception <a 'java/lang/NoSuchMethodError'{0x0000000087977268}: 'int java.lang.invoke.DirectMethodHandle$Holder.invokeSpecial(java.lang.Object, java.lang.Object, java.lang.Object, java.lang.Object, java.lang.Object)'> (0x0000000087977268) thrown at [./src/hotspot/share/interpreter/linkResolver.cpp, line 773]
Event: 65.431 Thread 0x00000202ada26800 Exception <a 'java/lang/NoSuchMethodError'{0x0000000088354228}: 'int java.lang.invoke.DirectMethodHandle$Holder.invokeSpecialIFC(java.lang.Object, java.lang.Object, java.lang.Object)'> (0x0000000088354228) thrown at [./src/hotspot/share/interpreter/linkResolver.cpp, line 773]
Event: 65.625 Thread 0x00000202ada2b800 Exception <a 'sun/nio/fs/WindowsException'{0x0000000088226c58}> (0x0000000088226c58) thrown at [./src/hotspot/share/prims/jni.cpp, line 615]
Event: 65.960 Thread 0x00000202ada2b800 Exception <a 'java/lang/NoSuchMethodError'{0x0000000088081548}: 'int java.lang.invoke.DirectMethodHandle$Holder.invokeVirtual(java.lang.Object, java.lang.Object, java.lang.Object)'> (0x0000000088081548) thrown at [./src/hotspot/share/interpreter/linkResolver.cpp, line 773]
Event: 66.188 Thread 0x00000202ada2b800 Exception <a 'java/lang/NoSuchMethodError'{0x0000000087e606f0}: 'int java.lang.invoke.DirectMethodHandle$Holder.invokeVirtual(java.lang.Object, java.lang.Object)'> (0x0000000087e606f0) thrown at [./src/hotspot/share/interpreter/linkResolver.cpp, line 773]
Event: 66.189 Thread 0x00000202ada2b800 Exception <a 'java/lang/NoSuchMethodError'{0x0000000087e65e20}: 'java.lang.Object java.lang.invoke.DirectMethodHandle$Holder.invokeStatic(java.lang.Object, java.lang.Object, java.lang.Object, java.lang.Object, java.lang.Object, java.lang.Object, java.lang.Object, java.lang.Object, java.lang.Object, java.lang.Object, java.lang.Object, java.lang.Object, java.lang.Object, java.lang.Object, java.lang.Object, java.lang.Object, java.lang.Object, int, java.lang.Object)'> (0x0000000087e65e20) thrown at [./src/hots
Event: 66.190 Thread 0x00000202ada2b800 Exception <a 'java/lang/NoSuchMethodError'{0x0000000087e6b8e8}: 'java.lang.Object java.lang.invoke.DirectMethodHandle$Holder.invokeStaticInit(java.lang.Object, java.lang.Object, java.lang.Object, java.lang.Object, java.lang.Object, java.lang.Object, java.lang.Object, java.lang.Object, java.lang.Object, java.lang.Object, java.lang.Object, java.lang.Object, java.lang.Object, java.lang.Object, java.lang.Object, java.lang.Object, java.lang.Object, int, java.lang.Object)'> (0x0000000087e6b8e8) thrown at [./src/
Event: 67.307 Thread 0x00000202ada2a000 Exception <a 'java/lang/NoSuchMethodError'{0x0000000089fd6bb0}: 'java.lang.Object java.lang.invoke.DirectMethodHandle$Holder.newInvokeSpecial(java.lang.Object, int)'> (0x0000000089fd6bb0) thrown at [./src/hotspot/share/interpreter/linkResolver.cpp, line 773]
Event: 69.397 Thread 0x00000202ada2b800 Exception <a 'java/lang/NoSuchMethodError'{0x0000000088f0b840}: 'void java.lang.invoke.DirectMethodHandle$Holder.invokeStatic(java.lang.Object, java.lang.Object, java.lang.Object, int)'> (0x0000000088f0b840) thrown at [./src/hotspot/share/interpreter/linkResolver.cpp, line 773]
Event: 69.401 Thread 0x00000202ada2b800 Exception <a 'java/lang/IncompatibleClassChangeError'{0x0000000088f136a8}: Found class java.lang.Object, but interface was expected> (0x0000000088f136a8) thrown at [./src/hotspot/share/interpreter/linkResolver.cpp, line 839]
Event: 69.845 Thread 0x00000202ada2b800 Exception <a 'java/lang/NoSuchMethodError'{0x000000008a107930}: 'void java.lang.invoke.DirectMethodHandle$Holder.invokeStaticInit(java.lang.Object, java.lang.Object, java.lang.Object, java.lang.Object, java.lang.Object)'> (0x000000008a107930) thrown at [./src/hotspot/share/interpreter/linkResolver.cpp, line 773]
Event: 70.052 Thread 0x00000202ada2b800 Exception <a 'java/lang/NoSuchMethodError'{0x000000008a058838}: 'java.lang.Object java.lang.invoke.DirectMethodHandle$Holder.invokeStatic(java.lang.Object, int, java.lang.Object, java.lang.Object)'> (0x000000008a058838) thrown at [./src/hotspot/share/interpreter/linkResolver.cpp, line 773]
Event: 70.081 Thread 0x00000202ada2b800 Exception <a 'java/lang/NoSuchMethodError'{0x000000008a0bcef0}: 'long java.lang.invoke.DirectMethodHandle$Holder.invokeStatic(java.lang.Object, java.lang.Object)'> (0x000000008a0bcef0) thrown at [./src/hotspot/share/interpreter/linkResolver.cpp, line 773]
Event: 70.097 Thread 0x00000202ada2c800 Exception <a 'java/lang/NoSuchMethodError'{0x0000000089f322c8}: 'void java.lang.invoke.DirectMethodHandle$Holder.invokeSpecial(java.lang.Object, java.lang.Object, int, java.lang.Object)'> (0x0000000089f322c8) thrown at [./src/hotspot/share/interpreter/linkResolver.cpp, line 773]
Event: 70.097 Thread 0x00000202ada2d000 Exception <a 'java/lang/NoSuchMethodError'{0x0000000089f3b6e8}: 'void java.lang.invoke.DirectMethodHandle$Holder.invokeSpecial(java.lang.Object, java.lang.Object, int, java.lang.Object)'> (0x0000000089f3b6e8) thrown at [./src/hotspot/share/interpreter/linkResolver.cpp, line 773]
Event: 70.097 Thread 0x00000202ada2e000 Exception <a 'java/lang/NoSuchMethodError'{0x0000000089f22e98}: 'void java.lang.invoke.DirectMethodHandle$Holder.invokeSpecial(java.lang.Object, java.lang.Object, int, java.lang.Object)'> (0x0000000089f22e98) thrown at [./src/hotspot/share/interpreter/linkResolver.cpp, line 773]
Event: 70.110 Thread 0x00000202ada2a000 Exception <a 'java/lang/NoSuchMethodError'{0x000000008a0f29c8}: 'void java.lang.invoke.DirectMethodHandle$Holder.invokeSpecial(java.lang.Object, java.lang.Object, int, java.lang.Object)'> (0x000000008a0f29c8) thrown at [./src/hotspot/share/interpreter/linkResolver.cpp, line 773]
Event: 70.394 Thread 0x00000202ada2b800 Exception <a 'java/lang/NoSuchMethodError'{0x000000008971d5d0}: 'java.lang.Object java.lang.invoke.DirectMethodHandle$Holder.invokeSpecial(java.lang.Object, java.lang.Object, java.lang.Object, java.lang.Object, java.lang.Object, java.lang.Object, java.lang.Object, java.lang.Object, java.lang.Object, java.lang.Object)'> (0x000000008971d5d0) thrown at [./src/hotspot/share/interpreter/linkResolver.cpp, line 773]
Event: 70.395 Thread 0x00000202ada2b800 Exception <a 'java/lang/NoSuchMethodError'{0x00000000897219d8}: 'java.lang.Object java.lang.invoke.Invokers$Holder.linkToTargetMethod(java.lang.Object, java.lang.Object, java.lang.Object, java.lang.Object, java.lang.Object, java.lang.Object, java.lang.Object, java.lang.Object, java.lang.Object)'> (0x00000000897219d8) thrown at [./src/hotspot/share/interpreter/linkResolver.cpp, line 773]

Events (20 events):
Event: 74.670 loading class com/android/tools/r8/dex/r done
Event: 74.671 loading class com/android/tools/r8/graph/J1
Event: 74.671 loading class com/android/tools/r8/graph/J1 done
Event: 74.672 loading class com/android/tools/r8/naming/v$b
Event: 74.672 loading class com/android/tools/r8/naming/v$b done
Event: 74.677 loading class com/android/tools/r8/naming/v$d
Event: 74.677 loading class com/android/tools/r8/naming/v$d done
Event: 74.679 loading class com/android/tools/r8/naming/v
Event: 74.679 loading class com/android/tools/r8/naming/v done
Event: 75.005 Executing VM operation: CGC_Operation
Event: 75.026 Executing VM operation: CGC_Operation done
Event: 75.039 loading class com/android/tools/r8/graph/J1
Event: 75.039 loading class com/android/tools/r8/graph/J1 done
Event: 75.294 loading class com/android/tools/r8/dex/r$a
Event: 75.294 loading class com/android/tools/r8/dex/r$a done
Event: 75.310 loading class com/android/tools/r8/dex/l
Event: 75.310 loading class com/android/tools/r8/dex/l done
Event: 75.327 Executing VM operation: CGC_Operation
Event: 75.337 Executing VM operation: CGC_Operation done
Event: 75.563 Executing VM operation: G1CollectForAllocation


Dynamic libraries:
0x00007ff6ecc40000 - 0x00007ff6ecc4a000 	C:\Program Files\Android\Android Studio1\jre\bin\java.exe
0x00007ffc280f0000 - 0x00007ffc282e5000 	C:\WINDOWS\SYSTEM32\ntdll.dll
0x00007ffc27d90000 - 0x00007ffc27e4d000 	C:\WINDOWS\System32\KERNEL32.DLL
0x00007ffc25d60000 - 0x00007ffc26028000 	C:\WINDOWS\System32\KERNELBASE.dll
0x00007ffc25a50000 - 0x00007ffc25b50000 	C:\WINDOWS\System32\ucrtbase.dll
0x00007ffc224c0000 - 0x00007ffc224d7000 	C:\Program Files\Android\Android Studio1\jre\bin\VCRUNTIME140.dll
0x00007ffc1e930000 - 0x00007ffc1e949000 	C:\Program Files\Android\Android Studio1\jre\bin\jli.dll
0x00007ffc27f00000 - 0x00007ffc280a0000 	C:\WINDOWS\System32\USER32.dll
0x00007ffc25860000 - 0x00007ffc25882000 	C:\WINDOWS\System32\win32u.dll
0x00007ffc152b0000 - 0x00007ffc1554a000 	C:\WINDOWS\WinSxS\amd64_microsoft.windows.common-controls_6595b64144ccf1df_6.0.19041.1052_none_60b8f8fd71f5e8cb\COMCTL32.dll
0x00007ffc27990000 - 0x00007ffc279ba000 	C:\WINDOWS\System32\GDI32.dll
0x00007ffc269d0000 - 0x00007ffc26a6e000 	C:\WINDOWS\System32\msvcrt.dll
0x00007ffc25890000 - 0x00007ffc2599b000 	C:\WINDOWS\System32\gdi32full.dll
0x00007ffc26030000 - 0x00007ffc260cd000 	C:\WINDOWS\System32\msvcp_win.dll
0x00007ffc27900000 - 0x00007ffc27930000 	C:\WINDOWS\System32\IMM32.DLL
0x00007ffc08520000 - 0x00007ffc085bd000 	C:\Program Files\Android\Android Studio1\jre\bin\msvcp140.dll
0x00007ffbe0fc0000 - 0x00007ffbe1a7c000 	C:\Program Files\Android\Android Studio1\jre\bin\server\jvm.dll
0x00007ffc27ce0000 - 0x00007ffc27d8c000 	C:\WINDOWS\System32\ADVAPI32.dll
0x00007ffc27340000 - 0x00007ffc273db000 	C:\WINDOWS\System32\sechost.dll
0x00007ffc27b50000 - 0x00007ffc27c7b000 	C:\WINDOWS\System32\RPCRT4.dll
0x00007ffc26160000 - 0x00007ffc26168000 	C:\WINDOWS\System32\PSAPI.DLL
0x00007ffc22bb0000 - 0x00007ffc22bb9000 	C:\WINDOWS\SYSTEM32\WSOCK32.dll
0x00007ffc16930000 - 0x00007ffc1693a000 	C:\WINDOWS\SYSTEM32\VERSION.dll
0x00007ffc16f60000 - 0x00007ffc16f87000 	C:\WINDOWS\SYSTEM32\WINMM.dll
0x00007ffc26320000 - 0x00007ffc2638b000 	C:\WINDOWS\System32\WS2_32.dll
0x00007ffc23780000 - 0x00007ffc23792000 	C:\WINDOWS\SYSTEM32\kernel.appcore.dll
0x00007ffc1e260000 - 0x00007ffc1e271000 	C:\Program Files\Android\Android Studio1\jre\bin\verify.dll
0x00007ffc12d40000 - 0x00007ffc12f24000 	C:\WINDOWS\SYSTEM32\DBGHELP.DLL
0x00007ffc12cb0000 - 0x00007ffc12cdc000 	C:\WINDOWS\SYSTEM32\dbgcore.DLL
0x00007ffc260d0000 - 0x00007ffc26153000 	C:\WINDOWS\System32\bcryptPrimitives.dll
0x00007ffc19a60000 - 0x00007ffc19a89000 	C:\Program Files\Android\Android Studio1\jre\bin\java.dll
0x00007ffc22ba0000 - 0x00007ffc22bab000 	C:\Program Files\Android\Android Studio1\jre\bin\jimage.dll
0x00007ffc19960000 - 0x00007ffc19978000 	C:\Program Files\Android\Android Studio1\jre\bin\zip.dll
0x00007ffc26a70000 - 0x00007ffc271af000 	C:\WINDOWS\System32\SHELL32.dll
0x00007ffc23980000 - 0x00007ffc24110000 	C:\WINDOWS\SYSTEM32\windows.storage.dll
0x00007ffc26670000 - 0x00007ffc269c5000 	C:\WINDOWS\System32\combase.dll
0x00007ffc251d0000 - 0x00007ffc251fc000 	C:\WINDOWS\SYSTEM32\Wldp.dll
0x00007ffc27e50000 - 0x00007ffc27efe000 	C:\WINDOWS\System32\SHCORE.dll
0x00007ffc27a90000 - 0x00007ffc27ae5000 	C:\WINDOWS\System32\shlwapi.dll
0x00007ffc25770000 - 0x00007ffc2578f000 	C:\WINDOWS\SYSTEM32\profapi.dll
0x00007ffc17ac0000 - 0x00007ffc17ada000 	C:\Program Files\Android\Android Studio1\jre\bin\net.dll
0x00007ffc1a420000 - 0x00007ffc1a52b000 	C:\WINDOWS\SYSTEM32\WINHTTP.dll
0x00007ffc24f40000 - 0x00007ffc24faa000 	C:\WINDOWS\system32\mswsock.dll
0x00007ffc105c0000 - 0x00007ffc105d4000 	C:\Program Files\Android\Android Studio1\jre\bin\nio.dll
0x00007ffc0bf10000 - 0x00007ffc0bf37000 	C:\native\fdc75f09e3144964f2cf3f50f0aa648679c211496f362492102eb8c894070792\windows-amd64\native-platform.dll
0x00007ffbe06c0000 - 0x00007ffbe0856000 	C:\native\12488b8bf47d2d4c9fbf2f6322a914ad602e24e48041cd04a747c6da556b65c4\windows-amd64\native-platform-file-events.dll
0x00007ffc224b0000 - 0x00007ffc224ba000 	C:\Program Files\Android\Android Studio1\jre\bin\management.dll
0x00007ffc22460000 - 0x00007ffc2246c000 	C:\Program Files\Android\Android Studio1\jre\bin\management_ext.dll
0x00007ffc25110000 - 0x00007ffc25128000 	C:\WINDOWS\SYSTEM32\CRYPTSP.dll
0x00007ffc248e0000 - 0x00007ffc24914000 	C:\WINDOWS\system32\rsaenh.dll
0x00007ffc25830000 - 0x00007ffc25857000 	C:\WINDOWS\System32\bcrypt.dll
0x00007ffc25730000 - 0x00007ffc2575e000 	C:\WINDOWS\SYSTEM32\USERENV.dll
0x00007ffc25130000 - 0x00007ffc2513c000 	C:\WINDOWS\SYSTEM32\CRYPTBASE.dll
0x00007ffc24c30000 - 0x00007ffc24c6b000 	C:\WINDOWS\SYSTEM32\IPHLPAPI.DLL
0x00007ffc280a0000 - 0x00007ffc280a8000 	C:\WINDOWS\System32\NSI.dll
0x00007ffc1a880000 - 0x00007ffc1a897000 	C:\WINDOWS\SYSTEM32\dhcpcsvc6.DLL
0x00007ffc1aad0000 - 0x00007ffc1aaed000 	C:\WINDOWS\SYSTEM32\dhcpcsvc.DLL
0x00007ffc24c70000 - 0x00007ffc24d3c000 	C:\WINDOWS\SYSTEM32\DNSAPI.dll
0x00007ffc1bbc0000 - 0x00007ffc1bbcb000 	C:\WINDOWS\SYSTEM32\WINNSI.DLL

dbghelp: loaded successfully - version: 4.0.5 - missing functions: none
symbol engine: initialized successfully - sym options: 0x614 - pdb path: .;C:\Program Files\Android\Android Studio1\jre\bin;C:\WINDOWS\SYSTEM32;C:\WINDOWS\WinSxS\amd64_microsoft.windows.common-controls_6595b64144ccf1df_6.0.19041.1052_none_60b8f8fd71f5e8cb;C:\Program Files\Android\Android Studio1\jre\bin\server;C:\native\fdc75f09e3144964f2cf3f50f0aa648679c211496f362492102eb8c894070792\windows-amd64;C:\native\12488b8bf47d2d4c9fbf2f6322a914ad602e24e48041cd04a747c6da556b65c4\windows-amd64

VM Arguments:
jvm_args: --add-opens=java.base/java.util=ALL-UNNAMED --add-opens=java.base/java.lang=ALL-UNNAMED --add-opens=java.base/java.lang.invoke=ALL-UNNAMED --add-opens=java.prefs/java.util.prefs=ALL-UNNAMED -Xmx2048m -Dfile.encoding=UTF-8 -Duser.country=US -Duser.language=en -Duser.variant 
java_command: org.gradle.launcher.daemon.bootstrap.GradleDaemon 6.7.1
java_class_path (initial): C:\wrapper\dists\gradle-6.7.1-bin\bwlcbys1h7rz3272sye1xwiv6\gradle-6.7.1\lib\gradle-launcher-6.7.1.jar
Launcher Type: SUN_STANDARD

[Global flags]
     intx CICompilerCount                          = 3                                         {product} {ergonomic}
     uint ConcGCThreads                            = 1                                         {product} {ergonomic}
     uint G1ConcRefinementThreads                  = 4                                         {product} {ergonomic}
   size_t G1HeapRegionSize                         = 1048576                                   {product} {ergonomic}
    uintx GCDrainStackTargetSize                   = 64                                        {product} {ergonomic}
   size_t InitialHeapSize                          = 67108864                                  {product} {ergonomic}
   size_t MarkStackSize                            = 4194304                                   {product} {ergonomic}
   size_t MaxHeapSize                              = 2147483648                                {product} {command line}
   size_t MaxNewSize                               = 1287651328                                {product} {ergonomic}
   size_t MinHeapDeltaBytes                        = 1048576                                   {product} {ergonomic}
    uintx NonNMethodCodeHeapSize                   = 5830732                                {pd product} {ergonomic}
    uintx NonProfiledCodeHeapSize                  = 122913754                              {pd product} {ergonomic}
    uintx ProfiledCodeHeapSize                     = 122913754                              {pd product} {ergonomic}
    uintx ReservedCodeCacheSize                    = 251658240                              {pd product} {ergonomic}
     bool SegmentedCodeCache                       = true                                      {product} {ergonomic}
     bool UseCompressedClassPointers               = true                                 {lp64_product} {ergonomic}
     bool UseCompressedOops                        = true                                 {lp64_product} {ergonomic}
     bool UseG1GC                                  = true                                      {product} {ergonomic}
     bool UseLargePagesIndividualAllocation        = false                                  {pd product} {ergonomic}

Logging:
Log output configuration:
 #0: stdout all=warning uptime,level,tags
 #1: stderr all=off uptime,level,tags

Environment Variables:
JAVA_HOME=C:\Program Files\Java\jdk-15.0.2
PATH=C:\Program Files\Common Files\Oracle\Java\javapath;C:\Program Files\Java\jdk-15.0.2\bin;C:\WINDOWS\system32;C:\WINDOWS;C:\WINDOWS\System32\Wbem;C:\WINDOWS\System32\WindowsPowerShell\v1.0\;C:\WINDOWS\System32\OpenSSH\;C:\Program Files\Git\cmd;C:\Program Files\Java\jdk-16.0.1\bin;C:\Program Files\Java\jdk-16.0.1\bin;C:\Program Files\Java\jdk-15.0.2\bin;C:\Users\ASUS\AppData\Local\Microsoft\WindowsApps;C:\Program Files\Java\jdk-16.0.1\bin;
USERNAME=ASUS
OS=Windows_NT
PROCESSOR_IDENTIFIER=Intel64 Family 6 Model 55 Stepping 8, GenuineIntel



---------------  S Y S T E M  ---------------

OS: Windows 10 , 64 bit Build 19041 (10.0.19041.1023)
OS uptime: 6 days 1:16 hours

CPU:total 4 (initial active 4) (4 cores per cpu, 1 threads per core) family 6 model 55 stepping 8, cmov, cx8, fxsr, mmx, sse, sse2, sse3, ssse3, sse4.1, sse4.2, popcnt, clmul, erms, 3dnowpref, tsc, tscinvbit

Memory: 4k page, system-wide physical 3982M (576M free)
TotalPageFile size 5687M (AvailPageFile size 37M)
current process WorkingSet (physical memory assigned to process): 498M, peak: 499M
current process commit charge ("private bytes"): 542M, peak: 589M

vm_info: OpenJDK 64-Bit Server VM (11.0.8+10-b944.6842174) for windows-amd64 JRE (11.0.8+10-b944.6842174), built on Sep 19 2020 01:11:42 by "builder" with MS VC++ 14.0 (VS2015)

END.
