#
# There is insufficient memory for the Java Runtime Environment to continue.
# Native memory allocation (malloc) failed to allocate 32744 bytes for ChunkPool::allocate
# Possible reasons:
#   The system is out of physical RAM or swap space
#   The process is running with CompressedOops enabled, and the Java Heap may be blocking the growth of the native heap
# Possible solutions:
#   Reduce memory load on the system
#   Increase physical memory or swap space
#   Check if swap backing store is full
#   Decrease Java heap size (-Xmx/-Xms)
#   Decrease number of Java threads
#   Decrease Java thread stack sizes (-Xss)
#   Set larger code cache with -XX:ReservedCodeCacheSize=
#   JVM is running with Unscaled Compressed Oops mode in which the Java heap is
#     placed in the first 4GB address space. The Java Heap base address is the
#     maximum limit for the native heap growth. Please use -XX:HeapBaseMinAddress
#     to set the Java Heap base and to place the Java Heap above 4GB virtual address.
# This output file may be truncated or incomplete.
#
#  Out of Memory Error (./src/hotspot/share/memory/arena.cpp:81), pid=2864, tid=5284
#
# JRE version: OpenJDK Runtime Environment (11.0.8+10) (build 11.0.8+10-b944.6842174)
# Java VM: OpenJDK 64-Bit Server VM (11.0.8+10-b944.6842174, mixed mode, tiered, compressed oops, g1 gc, windows-amd64)
# No core dump will be written. Minidumps are not enabled by default on client versions of Windows
#

---------------  S U M M A R Y ------------

Command Line: --add-opens=java.base/java.util=ALL-UNNAMED --add-opens=java.base/java.lang=ALL-UNNAMED --add-opens=java.base/java.lang.invoke=ALL-UNNAMED --add-opens=java.prefs/java.util.prefs=ALL-UNNAMED -Xmx2048m -Dfile.encoding=UTF-8 -Duser.country=US -Duser.language=en -Duser.variant org.gradle.launcher.daemon.bootstrap.GradleDaemon 6.7.1

Host: Intel(R) Pentium(R) CPU  N3530  @ 2.16GHz, 4 cores, 3G,  Windows 10 , 64 bit Build 19041 (10.0.19041.1023)
Time: Wed Jul 21 15:23:23 2021 India Standard Time elapsed time: 7573 seconds (0d 2h 6m 13s)

---------------  T H R E A D  ---------------

Current thread (0x0000014fff678800):  JavaThread "C2 CompilerThread0" daemon [_thread_in_native, id=5284, stack(0x000000483d800000,0x000000483d900000)]


Current CompileTask:
C2:7573573 22032       4       com.android.tools.r8.code.x1::a (4137 bytes)

Stack: [0x000000483d800000,0x000000483d900000]
Native frames: (J=compiled Java code, j=interpreted, Vv=VM code, C=native code)
V  [jvm.dll+0x5de50a]
V  [jvm.dll+0x7122f5]
V  [jvm.dll+0x71384d]
V  [jvm.dll+0x713f03]
V  [jvm.dll+0x23e728]
V  [jvm.dll+0xb8beb]
V  [jvm.dll+0xb8e9c]
V  [jvm.dll+0x35555e]
V  [jvm.dll+0x4e6074]
V  [jvm.dll+0x31ded2]
V  [jvm.dll+0x31d39a]
V  [jvm.dll+0x1f7702]
V  [jvm.dll+0x1f68d4]
V  [jvm.dll+0x17f32c]
V  [jvm.dll+0x205047]
V  [jvm.dll+0x203891]
V  [jvm.dll+0x6dad3f]
V  [jvm.dll+0x6d3895]
V  [jvm.dll+0x5dd4a6]
C  [ucrtbase.dll+0x21bb2]
C  [KERNEL32.DLL+0x17034]
C  [ntdll.dll+0x52651]


---------------  P R O C E S S  ---------------

Threads class SMR info:
_java_thread_list=0x0000014f952a58a0, length=52, elements={
0x0000014ff4c5f000, 0x0000014fff61a000, 0x0000014fff61f800, 0x0000014fff674000,
0x0000014fff675800, 0x0000014fff678800, 0x0000014fff681000, 0x0000014fff683800,
0x0000014f91145800, 0x0000014f9115b000, 0x0000014f920d5000, 0x0000014f92390800,
0x0000014f92b09800, 0x0000014f92215000, 0x0000014f92216800, 0x0000014f92214000,
0x0000014f93002800, 0x0000014f93004000, 0x0000014f91093000, 0x0000014f9108f000,
0x0000014f91092000, 0x0000014f9108f800, 0x0000014f91090800, 0x0000014f9108e000,
0x0000014f91095800, 0x0000014f91096000, 0x0000014f91097000, 0x0000014f91091800,
0x0000014f91098000, 0x0000014f91099800, 0x0000014f9109a800, 0x0000014f91098800,
0x0000014f9109c800, 0x0000014f9109b000, 0x0000014f99acb800, 0x0000014f99ad2000,
0x0000014f99ad3000, 0x0000014f977ab000, 0x0000014f977a8800, 0x0000014f977ae000,
0x0000014f977af000, 0x0000014f977ac000, 0x0000014f977ad800, 0x0000014f977a9800,
0x0000014f977ac800, 0x0000014f977b5000, 0x0000014f977b5800, 0x0000014f977b0800,
0x0000014f97c38000, 0x0000014f97c37000, 0x0000014f97c39000, 0x0000014f97c3a800
}

Java Threads: ( => current thread )
  0x0000014ff4c5f000 JavaThread "main" [_thread_blocked, id=4900, stack(0x000000483cd00000,0x000000483ce00000)]
  0x0000014fff61a000 JavaThread "Reference Handler" daemon [_thread_blocked, id=11032, stack(0x000000483d400000,0x000000483d500000)]
  0x0000014fff61f800 JavaThread "Finalizer" daemon [_thread_blocked, id=3008, stack(0x000000483d500000,0x000000483d600000)]
  0x0000014fff674000 JavaThread "Signal Dispatcher" daemon [_thread_blocked, id=9856, stack(0x000000483d600000,0x000000483d700000)]
  0x0000014fff675800 JavaThread "Attach Listener" daemon [_thread_blocked, id=10936, stack(0x000000483d700000,0x000000483d800000)]
=>0x0000014fff678800 JavaThread "C2 CompilerThread0" daemon [_thread_in_native, id=5284, stack(0x000000483d800000,0x000000483d900000)]
  0x0000014fff681000 JavaThread "C1 CompilerThread0" daemon [_thread_in_native, id=10808, stack(0x000000483d900000,0x000000483da00000)]
  0x0000014fff683800 JavaThread "Sweeper thread" daemon [_thread_blocked, id=4976, stack(0x000000483da00000,0x000000483db00000)]
  0x0000014f91145800 JavaThread "Common-Cleaner" daemon [_thread_blocked, id=5648, stack(0x000000483db00000,0x000000483dc00000)]
  0x0000014f9115b000 JavaThread "Service Thread" daemon [_thread_blocked, id=7732, stack(0x000000483dc00000,0x000000483dd00000)]
  0x0000014f920d5000 JavaThread "Daemon health stats" [_thread_blocked, id=10912, stack(0x000000483e000000,0x000000483e100000)]
  0x0000014f92390800 JavaThread "Incoming local TCP Connector on port 54958" [_thread_in_native, id=7936, stack(0x000000483e200000,0x000000483e300000)]
  0x0000014f92b09800 JavaThread "Daemon periodic checks" [_thread_blocked, id=6436, stack(0x000000483e300000,0x000000483e400000)]
  0x0000014f92215000 JavaThread "Cache worker for file hash cache (C:\caches\6.7.1\fileHashes)" [_thread_blocked, id=7576, stack(0x000000483e800000,0x000000483e900000)]
  0x0000014f92216800 JavaThread "File lock request listener" [_thread_in_native, id=2212, stack(0x000000483ee00000,0x000000483ef00000)]
  0x0000014f92214000 JavaThread "Cache worker for journal cache (C:\caches\journal-1)" [_thread_blocked, id=4888, stack(0x000000483ef00000,0x000000483f000000)]
  0x0000014f93002800 JavaThread "Cache worker for execution history cache (C:\caches\6.7.1\executionHistory)" [_thread_blocked, id=10464, stack(0x0000004840800000,0x0000004840900000)]
  0x0000014f93004000 JavaThread "Cache worker for file content cache (C:\caches\6.7.1\fileContent)" [_thread_blocked, id=9520, stack(0x0000004840900000,0x0000004840a00000)]
  0x0000014f91093000 JavaThread "Memory manager" [_thread_blocked, id=7000, stack(0x0000004845c00000,0x0000004845d00000)]
  0x0000014f9108f000 JavaThread "Daemon Thread 4" [_thread_blocked, id=6588, stack(0x000000483ca00000,0x000000483cb00000)]
  0x0000014f91092000 JavaThread "Handler for socket connection from /127.0.0.1:54958 to /127.0.0.1:55472" [_thread_in_native, id=3468, stack(0x000000483cb00000,0x000000483cc00000)]
  0x0000014f9108f800 JavaThread "Cancel handler" [_thread_blocked, id=2596, stack(0x000000483cc00000,0x000000483cd00000)]
  0x0000014f91090800 JavaThread "Daemon worker Thread 4" [_thread_blocked, id=6584, stack(0x000000483de00000,0x000000483df00000)]
  0x0000014f9108e000 JavaThread "Asynchronous log dispatcher for DefaultDaemonConnection: socket connection from /127.0.0.1:54958 to /127.0.0.1:55472" [_thread_blocked, id=9444, stack(0x000000483e100000,0x000000483e200000)]
  0x0000014f91095800 JavaThread "Thread-359" [_thread_blocked, id=4612, stack(0x000000483e700000,0x000000483e800000)]
  0x0000014f91096000 JavaThread "Cache worker for file hash cache (C:\Users\ASUS\AndroidStudioProjects\VolleyDemo\.gradle\6.7.1\fileHashes)" [_thread_blocked, id=8164, stack(0x000000483e900000,0x000000483ea00000)]
  0x0000014f91097000 JavaThread "Cache worker for checksums cache (C:\Users\ASUS\AndroidStudioProjects\VolleyDemo\.gradle\checksums)" [_thread_blocked, id=1804, stack(0x000000483ea00000,0x000000483eb00000)]
  0x0000014f91091800 JavaThread "Cache worker for cache directory md-supplier (C:\caches\6.7.1\md-supplier)" [_thread_blocked, id=1140, stack(0x000000483eb00000,0x000000483ec00000)]
  0x0000014f91098000 JavaThread "Cache worker for cache directory md-rule (C:\caches\6.7.1\md-rule)" [_thread_blocked, id=4376, stack(0x000000483ec00000,0x000000483ed00000)]
  0x0000014f91099800 JavaThread "Cache worker for Build Output Cleanup Cache (C:\Users\ASUS\AndroidStudioProjects\VolleyDemo\.gradle\buildOutputCleanup)" [_thread_blocked, id=8476, stack(0x000000483ed00000,0x000000483ee00000)]
  0x0000014f9109a800 JavaThread "Build operations" [_thread_blocked, id=5200, stack(0x000000483f000000,0x000000483f100000)]
  0x0000014f91098800 JavaThread "Build operations Thread 2" [_thread_blocked, id=8428, stack(0x000000483f100000,0x000000483f200000)]
  0x0000014f9109c800 JavaThread "Build operations Thread 3" [_thread_blocked, id=10996, stack(0x000000483f200000,0x000000483f300000)]
  0x0000014f9109b000 JavaThread "Build operations Thread 4" [_thread_blocked, id=9368, stack(0x000000483f300000,0x000000483f400000)]
  0x0000014f99acb800 JavaThread "build event listener" [_thread_blocked, id=760, stack(0x000000483f400000,0x000000483f500000)]
  0x0000014f99ad2000 JavaThread "build event listener" [_thread_blocked, id=10312, stack(0x0000004845800000,0x0000004845900000)]
  0x0000014f99ad3000 JavaThread "Execution worker for ':'" [_thread_blocked, id=2848, stack(0x0000004845900000,0x0000004845a00000)]
  0x0000014f977ab000 JavaThread "Execution worker for ':' Thread 2" [_thread_blocked, id=11024, stack(0x0000004845a00000,0x0000004845b00000)]
  0x0000014f977a8800 JavaThread "Execution worker for ':' Thread 3" [_thread_blocked, id=4960, stack(0x0000004845b00000,0x0000004845c00000)]
  0x0000014f977ae000 JavaThread "Cache worker for execution history cache (C:\Users\ASUS\AndroidStudioProjects\VolleyDemo\.gradle\6.7.1\executionHistory)" [_thread_blocked, id=6044, stack(0x0000004845d00000,0x0000004845e00000)]
  0x0000014f977af000 JavaThread "WorkerExecutor Queue" [_thread_blocked, id=8484, stack(0x0000004845e00000,0x0000004845f00000)]
  0x0000014f977ac000 JavaThread "WorkerExecutor Queue Thread 2" [_thread_blocked, id=10040, stack(0x0000004845f00000,0x0000004846000000)]
  0x0000014f977ad800 JavaThread "WorkerExecutor Queue Thread 3" [_thread_blocked, id=10380, stack(0x0000004846000000,0x0000004846100000)]
  0x0000014f977a9800 JavaThread "WorkerExecutor Queue Thread 4" [_thread_blocked, id=5516, stack(0x0000004846100000,0x0000004846200000)]
  0x0000014f977ac800 JavaThread "Java2D Disposer" daemon [_thread_blocked, id=9844, stack(0x0000004846400000,0x0000004846500000)]
  0x0000014f977b5000 JavaThread "pool-13-thread-1" [_thread_blocked, id=6416, stack(0x0000004846500000,0x0000004846600000)]
  0x0000014f977b5800 JavaThread "stderr" [_thread_in_native, id=8092, stack(0x0000004846600000,0x0000004846700000)]
  0x0000014f977b0800 JavaThread "stdout" [_thread_in_native, id=5644, stack(0x0000004846700000,0x0000004846800000)]
  0x0000014f97c38000 JavaThread "ForkJoinPool-4-worker-3" daemon [_thread_blocked, id=7548, stack(0x000000483e600000,0x000000483e700000)]
  0x0000014f97c37000 JavaThread "ForkJoinPool-4-worker-5" daemon [_thread_blocked, id=660, stack(0x000000483f500000,0x000000483f600000)]
  0x0000014f97c39000 JavaThread "ForkJoinPool-4-worker-7" daemon [_thread_blocked, id=7840, stack(0x000000483f600000,0x000000483f700000)]
  0x0000014f97c3a800 JavaThread "ForkJoinPool-4-worker-1" daemon [_thread_blocked, id=1376, stack(0x000000483f700000,0x000000483f800000)]

Other Threads:
  0x0000014fff617800 VMThread "VM Thread" [stack: 0x000000483d300000,0x000000483d400000] [id=5160]
  0x0000014f9115b800 WatcherThread [stack: 0x000000483dd00000,0x000000483de00000] [id=7528]
  0x0000014ff4c71000 GCTaskThread "GC Thread#0" [stack: 0x000000483ce00000,0x000000483cf00000] [id=7636]
  0x0000014f91663800 GCTaskThread "GC Thread#1" [stack: 0x000000483df00000,0x000000483e000000] [id=9624]
  0x0000014f93a46000 GCTaskThread "GC Thread#2" [stack: 0x000000483e400000,0x000000483e500000] [id=7704]
  0x0000014f93250800 GCTaskThread "GC Thread#3" [stack: 0x000000483e500000,0x000000483e600000] [id=9664]
  0x0000014ff4ca2000 ConcurrentGCThread "G1 Main Marker" [stack: 0x000000483cf00000,0x000000483d000000] [id=5232]
  0x0000014ff4ca3800 ConcurrentGCThread "G1 Conc#0" [stack: 0x000000483d000000,0x000000483d100000] [id=4868]
  0x0000014ff4cfe000 ConcurrentGCThread "G1 Refine#0" [stack: 0x000000483d100000,0x000000483d200000] [id=8596]
  0x0000014ff4cff000 ConcurrentGCThread "G1 Young RemSet Sampling" [stack: 0x000000483d200000,0x000000483d300000] [id=9316]

Threads with active compile tasks:
C2 CompilerThread07574688 22032       4       com.android.tools.r8.code.x1::a (4137 bytes)
C1 CompilerThread07574688 22272       2       com.android.tools.r8.s.a.a.b.F1::a (55 bytes)

VM state:at safepoint (normal execution)

VM Mutex/Monitor currently owned by a thread:  ([mutex/lock_event])
[0x0000014ff4c5ab30] Threads_lock - owner thread: 0x0000014fff617800
[0x0000014ff4c5b0d0] Heap_lock - owner thread: 0x0000014f977ad800

Heap address: 0x0000000080000000, size: 2048 MB, Compressed Oops mode: 32-bit
Narrow klass base: 0x0000000000000000, Narrow klass shift: 3
Compressed class space size: 1073741824 Address: 0x0000000100000000

Heap:
 garbage-first heap   total 239616K, used 174080K [0x0000000080000000, 0x0000000100000000)
  region size 1024K, 35 young (35840K), 1 survivors (1024K)
 Metaspace       used 133386K, capacity 136580K, committed 136752K, reserved 1169408K
  class space    used 16083K, capacity 17233K, committed 17280K, reserved 1048576K
Heap Regions: E=young(eden), S=young(survivor), O=old, HS=humongous(starts), HC=humongous(continues), CS=collection set, F=free, A=archive, TAMS=top-at-mark-start (previous, next)
|   0|0x0000000080000000, 0x0000000080100000, 0x0000000080100000|100%| O|  |TAMS 0x0000000080100000, 0x0000000080100000| Untracked 
|   1|0x0000000080100000, 0x0000000080200000, 0x0000000080200000|100%| O|  |TAMS 0x0000000080200000, 0x0000000080200000| Untracked 
|   2|0x0000000080200000, 0x0000000080300000, 0x0000000080300000|100%| O|  |TAMS 0x0000000080300000, 0x0000000080300000| Untracked 
|   3|0x0000000080300000, 0x0000000080400000, 0x0000000080400000|100%|HS|  |TAMS 0x0000000080400000, 0x0000000080400000| Complete 
|   4|0x0000000080400000, 0x0000000080500000, 0x0000000080500000|100%|HC|  |TAMS 0x0000000080500000, 0x0000000080500000| Complete 
|   5|0x0000000080500000, 0x0000000080600000, 0x0000000080600000|100%|HC|  |TAMS 0x0000000080600000, 0x0000000080600000| Complete 
|   6|0x0000000080600000, 0x0000000080700000, 0x0000000080700000|100%| O|  |TAMS 0x0000000080700000, 0x0000000080700000| Untracked 
|   7|0x0000000080700000, 0x0000000080800000, 0x0000000080800000|100%| O|  |TAMS 0x0000000080800000, 0x0000000080800000| Untracked 
|   8|0x0000000080800000, 0x0000000080900000, 0x0000000080900000|100%| O|  |TAMS 0x0000000080900000, 0x0000000080900000| Untracked 
|   9|0x0000000080900000, 0x0000000080a00000, 0x0000000080a00000|100%| O|  |TAMS 0x0000000080a00000, 0x0000000080a00000| Untracked 
|  10|0x0000000080a00000, 0x0000000080b00000, 0x0000000080b00000|100%| O|  |TAMS 0x0000000080b00000, 0x0000000080b00000| Untracked 
|  11|0x0000000080b00000, 0x0000000080c00000, 0x0000000080c00000|100%| O|  |TAMS 0x0000000080c00000, 0x0000000080c00000| Untracked 
|  12|0x0000000080c00000, 0x0000000080d00000, 0x0000000080d00000|100%| O|  |TAMS 0x0000000080d00000, 0x0000000080d00000| Untracked 
|  13|0x0000000080d00000, 0x0000000080e00000, 0x0000000080e00000|100%| O|  |TAMS 0x0000000080e00000, 0x0000000080e00000| Untracked 
|  14|0x0000000080e00000, 0x0000000080f00000, 0x0000000080f00000|100%| O|  |TAMS 0x0000000080f00000, 0x0000000080f00000| Untracked 
|  15|0x0000000080f00000, 0x0000000081000000, 0x0000000081000000|100%|HS|  |TAMS 0x0000000081000000, 0x0000000081000000| Complete 
|  16|0x0000000081000000, 0x0000000081100000, 0x0000000081100000|100%|HC|  |TAMS 0x0000000081100000, 0x0000000081100000| Complete 
|  17|0x0000000081100000, 0x0000000081200000, 0x0000000081200000|100%|HS|  |TAMS 0x0000000081200000, 0x0000000081200000| Complete 
|  18|0x0000000081200000, 0x0000000081300000, 0x0000000081300000|100%|HC|  |TAMS 0x0000000081300000, 0x0000000081300000| Complete 
|  19|0x0000000081300000, 0x0000000081400000, 0x0000000081400000|100%|HC|  |TAMS 0x0000000081400000, 0x0000000081400000| Complete 
|  20|0x0000000081400000, 0x0000000081500000, 0x0000000081500000|100%|HS|  |TAMS 0x0000000081500000, 0x0000000081500000| Complete 
|  21|0x0000000081500000, 0x0000000081600000, 0x0000000081600000|100%|HC|  |TAMS 0x0000000081600000, 0x0000000081600000| Complete 
|  22|0x0000000081600000, 0x0000000081700000, 0x0000000081700000|100%|HC|  |TAMS 0x0000000081700000, 0x0000000081700000| Complete 
|  23|0x0000000081700000, 0x0000000081800000, 0x0000000081800000|100%|HC|  |TAMS 0x0000000081800000, 0x0000000081800000| Complete 
|  24|0x0000000081800000, 0x0000000081900000, 0x0000000081900000|100%| O|  |TAMS 0x0000000081900000, 0x0000000081900000| Untracked 
|  25|0x0000000081900000, 0x0000000081a00000, 0x0000000081a00000|100%| O|  |TAMS 0x0000000081a00000, 0x0000000081a00000| Untracked 
|  26|0x0000000081a00000, 0x0000000081b00000, 0x0000000081b00000|100%| O|  |TAMS 0x0000000081b00000, 0x0000000081b00000| Untracked 
|  27|0x0000000081b00000, 0x0000000081c00000, 0x0000000081c00000|100%| O|  |TAMS 0x0000000081c00000, 0x0000000081c00000| Untracked 
|  28|0x0000000081c00000, 0x0000000081d00000, 0x0000000081d00000|100%| O|  |TAMS 0x0000000081d00000, 0x0000000081d00000| Untracked 
|  29|0x0000000081d00000, 0x0000000081e00000, 0x0000000081e00000|100%| O|  |TAMS 0x0000000081e00000, 0x0000000081e00000| Untracked 
|  30|0x0000000081e00000, 0x0000000081f00000, 0x0000000081f00000|100%| O|  |TAMS 0x0000000081f00000, 0x0000000081f00000| Untracked 
|  31|0x0000000081f00000, 0x0000000082000000, 0x0000000082000000|100%| O|  |TAMS 0x0000000082000000, 0x0000000082000000| Untracked 
|  32|0x0000000082000000, 0x0000000082100000, 0x0000000082100000|100%| O|  |TAMS 0x0000000082100000, 0x0000000082100000| Untracked 
|  33|0x0000000082100000, 0x0000000082200000, 0x0000000082200000|100%| O|  |TAMS 0x0000000082200000, 0x0000000082200000| Untracked 
|  34|0x0000000082200000, 0x0000000082300000, 0x0000000082300000|100%|HS|  |TAMS 0x0000000082300000, 0x0000000082300000| Complete 
|  35|0x0000000082300000, 0x0000000082400000, 0x0000000082400000|100%|HC|  |TAMS 0x0000000082400000, 0x0000000082400000| Complete 
|  36|0x0000000082400000, 0x0000000082500000, 0x0000000082500000|100%|HC|  |TAMS 0x0000000082500000, 0x0000000082500000| Complete 
|  37|0x0000000082500000, 0x0000000082600000, 0x0000000082600000|100%|HC|  |TAMS 0x0000000082600000, 0x0000000082600000| Complete 
|  38|0x0000000082600000, 0x0000000082700000, 0x0000000082700000|100%| O|  |TAMS 0x0000000082700000, 0x0000000082700000| Untracked 
|  39|0x0000000082700000, 0x0000000082800000, 0x0000000082800000|100%| O|  |TAMS 0x0000000082800000, 0x0000000082800000| Untracked 
|  40|0x0000000082800000, 0x0000000082900000, 0x0000000082900000|100%| O|  |TAMS 0x0000000082900000, 0x0000000082900000| Untracked 
|  41|0x0000000082900000, 0x0000000082a00000, 0x0000000082a00000|100%|HS|  |TAMS 0x0000000082a00000, 0x0000000082a00000| Complete 
|  42|0x0000000082a00000, 0x0000000082b00000, 0x0000000082b00000|100%|HC|  |TAMS 0x0000000082b00000, 0x0000000082b00000| Complete 
|  43|0x0000000082b00000, 0x0000000082c00000, 0x0000000082c00000|100%|HC|  |TAMS 0x0000000082c00000, 0x0000000082c00000| Complete 
|  44|0x0000000082c00000, 0x0000000082d00000, 0x0000000082d00000|100%| O|  |TAMS 0x0000000082d00000, 0x0000000082d00000| Untracked 
|  45|0x0000000082d00000, 0x0000000082e00000, 0x0000000082e00000|100%| O|  |TAMS 0x0000000082e00000, 0x0000000082e00000| Untracked 
|  46|0x0000000082e00000, 0x0000000082f00000, 0x0000000082f00000|100%| O|  |TAMS 0x0000000082f00000, 0x0000000082f00000| Untracked 
|  47|0x0000000082f00000, 0x0000000083000000, 0x0000000083000000|100%| O|  |TAMS 0x0000000083000000, 0x0000000083000000| Untracked 
|  48|0x0000000083000000, 0x0000000083100000, 0x0000000083100000|100%| O|  |TAMS 0x0000000083100000, 0x0000000083100000| Untracked 
|  49|0x0000000083100000, 0x0000000083200000, 0x0000000083200000|100%| O|  |TAMS 0x0000000083200000, 0x0000000083200000| Untracked 
|  50|0x0000000083200000, 0x0000000083300000, 0x0000000083300000|100%| O|  |TAMS 0x0000000083300000, 0x0000000083300000| Untracked 
|  51|0x0000000083300000, 0x0000000083400000, 0x0000000083400000|100%|HS|  |TAMS 0x0000000083400000, 0x0000000083400000| Complete 
|  52|0x0000000083400000, 0x0000000083500000, 0x0000000083500000|100%| O|  |TAMS 0x0000000083500000, 0x0000000083500000| Untracked 
|  53|0x0000000083500000, 0x0000000083600000, 0x0000000083600000|100%| O|  |TAMS 0x0000000083600000, 0x0000000083600000| Untracked 
|  54|0x0000000083600000, 0x0000000083700000, 0x0000000083700000|100%| O|  |TAMS 0x0000000083700000, 0x0000000083700000| Untracked 
|  55|0x0000000083700000, 0x0000000083800000, 0x0000000083800000|100%| O|  |TAMS 0x0000000083800000, 0x0000000083800000| Untracked 
|  56|0x0000000083800000, 0x0000000083900000, 0x0000000083900000|100%|HS|  |TAMS 0x0000000083900000, 0x0000000083900000| Complete 
|  57|0x0000000083900000, 0x0000000083a00000, 0x0000000083a00000|100%|HC|  |TAMS 0x0000000083a00000, 0x0000000083a00000| Complete 
|  58|0x0000000083a00000, 0x0000000083b00000, 0x0000000083b00000|100%| O|  |TAMS 0x0000000083b00000, 0x0000000083b00000| Untracked 
|  59|0x0000000083b00000, 0x0000000083c00000, 0x0000000083c00000|100%| O|  |TAMS 0x0000000083c00000, 0x0000000083c00000| Untracked 
|  60|0x0000000083c00000, 0x0000000083d00000, 0x0000000083d00000|100%| O|  |TAMS 0x0000000083d00000, 0x0000000083d00000| Untracked 
|  61|0x0000000083d00000, 0x0000000083e00000, 0x0000000083e00000|100%| O|  |TAMS 0x0000000083e00000, 0x0000000083e00000| Untracked 
|  62|0x0000000083e00000, 0x0000000083f00000, 0x0000000083f00000|100%| O|  |TAMS 0x0000000083f00000, 0x0000000083f00000| Untracked 
|  63|0x0000000083f00000, 0x0000000084000000, 0x0000000084000000|100%| O|  |TAMS 0x0000000084000000, 0x0000000084000000| Untracked 
|  64|0x0000000084000000, 0x0000000084100000, 0x0000000084100000|100%| O|  |TAMS 0x0000000084100000, 0x0000000084100000| Untracked 
|  65|0x0000000084100000, 0x0000000084200000, 0x0000000084200000|100%| O|  |TAMS 0x0000000084200000, 0x0000000084200000| Untracked 
|  66|0x0000000084200000, 0x0000000084300000, 0x0000000084300000|100%| O|  |TAMS 0x0000000084300000, 0x0000000084300000| Untracked 
|  67|0x0000000084300000, 0x0000000084400000, 0x0000000084400000|100%| O|  |TAMS 0x0000000084400000, 0x0000000084400000| Untracked 
|  68|0x0000000084400000, 0x0000000084500000, 0x0000000084500000|100%| O|  |TAMS 0x0000000084500000, 0x0000000084500000| Untracked 
|  69|0x0000000084500000, 0x0000000084600000, 0x0000000084600000|100%| O|  |TAMS 0x0000000084600000, 0x0000000084600000| Untracked 
|  70|0x0000000084600000, 0x0000000084700000, 0x0000000084700000|100%| O|  |TAMS 0x0000000084700000, 0x0000000084700000| Untracked 
|  71|0x0000000084700000, 0x0000000084800000, 0x0000000084800000|100%| O|  |TAMS 0x0000000084800000, 0x0000000084800000| Untracked 
|  72|0x0000000084800000, 0x0000000084900000, 0x0000000084900000|100%| O|  |TAMS 0x0000000084900000, 0x0000000084900000| Untracked 
|  73|0x0000000084900000, 0x0000000084a00000, 0x0000000084a00000|100%| O|  |TAMS 0x0000000084a00000, 0x0000000084a00000| Untracked 
|  74|0x0000000084a00000, 0x0000000084b00000, 0x0000000084b00000|100%| O|  |TAMS 0x0000000084b00000, 0x0000000084b00000| Untracked 
|  75|0x0000000084b00000, 0x0000000084c00000, 0x0000000084c00000|100%| O|  |TAMS 0x0000000084c00000, 0x0000000084c00000| Untracked 
|  76|0x0000000084c00000, 0x0000000084d00000, 0x0000000084d00000|100%| O|  |TAMS 0x0000000084d00000, 0x0000000084d00000| Untracked 
|  77|0x0000000084d00000, 0x0000000084e00000, 0x0000000084e00000|100%| O|  |TAMS 0x0000000084e00000, 0x0000000084e00000| Untracked 
|  78|0x0000000084e00000, 0x0000000084f00000, 0x0000000084f00000|100%| O|  |TAMS 0x0000000084f00000, 0x0000000084f00000| Untracked 
|  79|0x0000000084f00000, 0x0000000085000000, 0x0000000085000000|100%| O|  |TAMS 0x0000000085000000, 0x0000000085000000| Untracked 
|  80|0x0000000085000000, 0x0000000085100000, 0x0000000085100000|100%| O|  |TAMS 0x0000000085100000, 0x0000000085100000| Untracked 
|  81|0x0000000085100000, 0x0000000085200000, 0x0000000085200000|100%| O|  |TAMS 0x0000000085200000, 0x0000000085200000| Untracked 
|  82|0x0000000085200000, 0x0000000085300000, 0x0000000085300000|100%| O|  |TAMS 0x0000000085300000, 0x0000000085300000| Untracked 
|  83|0x0000000085300000, 0x0000000085400000, 0x0000000085400000|100%| O|  |TAMS 0x0000000085400000, 0x0000000085400000| Untracked 
|  84|0x0000000085400000, 0x0000000085500000, 0x0000000085500000|100%| O|  |TAMS 0x0000000085500000, 0x0000000085500000| Untracked 
|  85|0x0000000085500000, 0x0000000085600000, 0x0000000085600000|100%| O|  |TAMS 0x0000000085600000, 0x0000000085600000| Untracked 
|  86|0x0000000085600000, 0x0000000085700000, 0x0000000085700000|100%| O|  |TAMS 0x0000000085700000, 0x0000000085700000| Untracked 
|  87|0x0000000085700000, 0x0000000085800000, 0x0000000085800000|100%| O|  |TAMS 0x0000000085800000, 0x0000000085800000| Untracked 
|  88|0x0000000085800000, 0x0000000085900000, 0x0000000085900000|100%| O|  |TAMS 0x0000000085900000, 0x0000000085900000| Untracked 
|  89|0x0000000085900000, 0x0000000085a00000, 0x0000000085a00000|100%|HS|  |TAMS 0x0000000085a00000, 0x0000000085a00000| Complete 
|  90|0x0000000085a00000, 0x0000000085b00000, 0x0000000085b00000|100%|HC|  |TAMS 0x0000000085b00000, 0x0000000085b00000| Complete 
|  91|0x0000000085b00000, 0x0000000085c00000, 0x0000000085c00000|100%| O|  |TAMS 0x0000000085c00000, 0x0000000085c00000| Untracked 
|  92|0x0000000085c00000, 0x0000000085d00000, 0x0000000085d00000|100%| O|  |TAMS 0x0000000085d00000, 0x0000000085d00000| Untracked 
|  93|0x0000000085d00000, 0x0000000085e00000, 0x0000000085e00000|100%| O|  |TAMS 0x0000000085e00000, 0x0000000085e00000| Untracked 
|  94|0x0000000085e00000, 0x0000000085f00000, 0x0000000085f00000|100%| O|  |TAMS 0x0000000085f00000, 0x0000000085f00000| Untracked 
|  95|0x0000000085f00000, 0x0000000085f00000, 0x0000000086000000|  0%| F|  |TAMS 0x0000000085f00000, 0x0000000085f00000| Untracked 
|  96|0x0000000086000000, 0x0000000086100000, 0x0000000086100000|100%| O|  |TAMS 0x0000000086100000, 0x0000000086100000| Untracked 
|  97|0x0000000086100000, 0x0000000086200000, 0x0000000086200000|100%| O|  |TAMS 0x0000000086200000, 0x0000000086200000| Untracked 
|  98|0x0000000086200000, 0x0000000086300000, 0x0000000086300000|100%| O|  |TAMS 0x0000000086300000, 0x0000000086300000| Untracked 
|  99|0x0000000086300000, 0x0000000086400000, 0x0000000086400000|100%| O|  |TAMS 0x0000000086400000, 0x0000000086400000| Untracked 
| 100|0x0000000086400000, 0x0000000086500000, 0x0000000086500000|100%| O|  |TAMS 0x0000000086500000, 0x0000000086500000| Untracked 
| 101|0x0000000086500000, 0x0000000086600000, 0x0000000086600000|100%| O|  |TAMS 0x0000000086586e00, 0x0000000086600000| Untracked 
| 102|0x0000000086600000, 0x0000000086700000, 0x0000000086700000|100%|HS|  |TAMS 0x0000000086700000, 0x0000000086700000| Complete 
| 103|0x0000000086700000, 0x0000000086800000, 0x0000000086800000|100%|HS|  |TAMS 0x0000000086700000, 0x0000000086800000| Complete 
| 104|0x0000000086800000, 0x0000000086900000, 0x0000000086900000|100%| O|  |TAMS 0x0000000086900000, 0x0000000086900000| Untracked 
| 105|0x0000000086900000, 0x0000000086a00000, 0x0000000086a00000|100%| O|  |TAMS 0x0000000086a00000, 0x0000000086a00000| Untracked 
| 106|0x0000000086a00000, 0x0000000086b00000, 0x0000000086b00000|100%| O|  |TAMS 0x0000000086a00000, 0x0000000086b00000| Untracked 
| 107|0x0000000086b00000, 0x0000000086c00000, 0x0000000086c00000|100%| O|  |TAMS 0x0000000086b00000, 0x0000000086c00000| Untracked 
| 108|0x0000000086c00000, 0x0000000086d00000, 0x0000000086d00000|100%|HS|  |TAMS 0x0000000086c00000, 0x0000000086d00000| Complete 
| 109|0x0000000086d00000, 0x0000000086e00000, 0x0000000086e00000|100%|HC|  |TAMS 0x0000000086d00000, 0x0000000086e00000| Complete 
| 110|0x0000000086e00000, 0x0000000086f00000, 0x0000000086f00000|100%| O|  |TAMS 0x0000000086e00000, 0x0000000086f00000| Untracked 
| 111|0x0000000086f00000, 0x0000000087000000, 0x0000000087000000|100%|HS|  |TAMS 0x0000000086f00000, 0x0000000087000000| Complete 
| 112|0x0000000087000000, 0x0000000087100000, 0x0000000087100000|100%| O|  |TAMS 0x0000000087000000, 0x0000000087100000| Untracked 
| 113|0x0000000087100000, 0x0000000087200000, 0x0000000087200000|100%|HS|  |TAMS 0x0000000087100000, 0x0000000087200000| Complete 
| 114|0x0000000087200000, 0x0000000087300000, 0x0000000087300000|100%| O|  |TAMS 0x0000000087200000, 0x0000000087300000| Untracked 
| 115|0x0000000087300000, 0x0000000087400000, 0x0000000087400000|100%| O|  |TAMS 0x0000000087400000, 0x0000000087400000| Untracked 
| 116|0x0000000087400000, 0x0000000087500000, 0x0000000087500000|100%| O|  |TAMS 0x0000000087400000, 0x0000000087500000| Untracked 
| 117|0x0000000087500000, 0x0000000087600000, 0x0000000087600000|100%| O|  |TAMS 0x0000000087500000, 0x0000000087600000| Untracked 
| 118|0x0000000087600000, 0x0000000087700000, 0x0000000087700000|100%| O|  |TAMS 0x0000000087600000, 0x0000000087700000| Untracked 
| 119|0x0000000087700000, 0x0000000087800000, 0x0000000087800000|100%| O|  |TAMS 0x0000000087700000, 0x0000000087800000| Untracked 
| 120|0x0000000087800000, 0x0000000087900000, 0x0000000087900000|100%| O|  |TAMS 0x0000000087800000, 0x0000000087900000| Untracked 
| 121|0x0000000087900000, 0x0000000087a00000, 0x0000000087a00000|100%| O|  |TAMS 0x0000000087900000, 0x0000000087a00000| Untracked 
| 122|0x0000000087a00000, 0x0000000087b00000, 0x0000000087b00000|100%| O|  |TAMS 0x0000000087a00000, 0x0000000087b00000| Untracked 
| 123|0x0000000087b00000, 0x0000000087c00000, 0x0000000087c00000|100%| O|  |TAMS 0x0000000087b00000, 0x0000000087c00000| Untracked 
| 124|0x0000000087c00000, 0x0000000087d00000, 0x0000000087d00000|100%| O|  |TAMS 0x0000000087c00000, 0x0000000087d00000| Untracked 
| 125|0x0000000087d00000, 0x0000000087e00000, 0x0000000087e00000|100%| O|  |TAMS 0x0000000087d00000, 0x0000000087e00000| Untracked 
| 126|0x0000000087e00000, 0x0000000087f00000, 0x0000000087f00000|100%| O|  |TAMS 0x0000000087e00000, 0x0000000087f00000| Untracked 
| 127|0x0000000087f00000, 0x0000000088000000, 0x0000000088000000|100%| O|  |TAMS 0x0000000087f00000, 0x0000000088000000| Untracked 
| 128|0x0000000088000000, 0x0000000088100000, 0x0000000088100000|100%| O|  |TAMS 0x0000000088000000, 0x0000000088100000| Untracked 
| 129|0x0000000088100000, 0x0000000088200000, 0x0000000088200000|100%| O|  |TAMS 0x0000000088100000, 0x0000000088200000| Untracked 
| 130|0x0000000088200000, 0x0000000088300000, 0x0000000088300000|100%| O|  |TAMS 0x0000000088200000, 0x0000000088300000| Untracked 
| 131|0x0000000088300000, 0x0000000088400000, 0x0000000088400000|100%| O|  |TAMS 0x0000000088300000, 0x0000000088400000| Untracked 
| 132|0x0000000088400000, 0x0000000088500000, 0x0000000088500000|100%| O|  |TAMS 0x0000000088400000, 0x0000000088500000| Untracked 
| 133|0x0000000088500000, 0x0000000088600000, 0x0000000088600000|100%| O|  |TAMS 0x0000000088500000, 0x0000000088600000| Untracked 
| 134|0x0000000088600000, 0x0000000088700000, 0x0000000088700000|100%| O|  |TAMS 0x0000000088600000, 0x0000000088700000| Untracked 
| 135|0x0000000088700000, 0x0000000088700000, 0x0000000088800000|  0%| F|  |TAMS 0x0000000088700000, 0x0000000088700000| Untracked 
| 136|0x0000000088800000, 0x0000000088800000, 0x0000000088900000|  0%| F|  |TAMS 0x0000000088800000, 0x0000000088800000| Untracked 
| 137|0x0000000088900000, 0x0000000088900000, 0x0000000088a00000|  0%| F|  |TAMS 0x0000000088900000, 0x0000000088900000| Untracked 
| 138|0x0000000088a00000, 0x0000000088a00000, 0x0000000088b00000|  0%| F|  |TAMS 0x0000000088a00000, 0x0000000088a00000| Untracked 
| 139|0x0000000088b00000, 0x0000000088b00000, 0x0000000088c00000|  0%| F|  |TAMS 0x0000000088b00000, 0x0000000088b00000| Untracked 
| 140|0x0000000088c00000, 0x0000000088c00000, 0x0000000088d00000|  0%| F|  |TAMS 0x0000000088c00000, 0x0000000088c00000| Untracked 
| 141|0x0000000088d00000, 0x0000000088d00000, 0x0000000088e00000|  0%| F|  |TAMS 0x0000000088d00000, 0x0000000088d00000| Untracked 
| 142|0x0000000088e00000, 0x0000000088e00000, 0x0000000088f00000|  0%| F|  |TAMS 0x0000000088e00000, 0x0000000088e00000| Untracked 
| 143|0x0000000088f00000, 0x0000000088f00000, 0x0000000089000000|  0%| F|  |TAMS 0x0000000088f00000, 0x0000000088f00000| Untracked 
| 144|0x0000000089000000, 0x0000000089000000, 0x0000000089100000|  0%| F|  |TAMS 0x0000000089000000, 0x0000000089000000| Untracked 
| 145|0x0000000089100000, 0x0000000089100000, 0x0000000089200000|  0%| F|  |TAMS 0x0000000089100000, 0x0000000089100000| Untracked 
| 146|0x0000000089200000, 0x0000000089200000, 0x0000000089300000|  0%| F|  |TAMS 0x0000000089200000, 0x0000000089200000| Untracked 
| 147|0x0000000089300000, 0x0000000089300000, 0x0000000089400000|  0%| F|  |TAMS 0x0000000089300000, 0x0000000089300000| Untracked 
| 148|0x0000000089400000, 0x0000000089400000, 0x0000000089500000|  0%| F|  |TAMS 0x0000000089400000, 0x0000000089400000| Untracked 
| 149|0x0000000089500000, 0x0000000089500000, 0x0000000089600000|  0%| F|  |TAMS 0x0000000089500000, 0x0000000089500000| Untracked 
| 150|0x0000000089600000, 0x0000000089600000, 0x0000000089700000|  0%| F|  |TAMS 0x0000000089600000, 0x0000000089600000| Untracked 
| 151|0x0000000089700000, 0x0000000089700000, 0x0000000089800000|  0%| F|  |TAMS 0x0000000089700000, 0x0000000089700000| Untracked 
| 152|0x0000000089800000, 0x0000000089800000, 0x0000000089900000|  0%| F|  |TAMS 0x0000000089800000, 0x0000000089800000| Untracked 
| 153|0x0000000089900000, 0x0000000089900000, 0x0000000089a00000|  0%| F|  |TAMS 0x0000000089900000, 0x0000000089900000| Untracked 
| 154|0x0000000089a00000, 0x0000000089a00000, 0x0000000089b00000|  0%| F|  |TAMS 0x0000000089a00000, 0x0000000089a00000| Untracked 
| 155|0x0000000089b00000, 0x0000000089b00000, 0x0000000089c00000|  0%| F|  |TAMS 0x0000000089b00000, 0x0000000089b00000| Untracked 
| 156|0x0000000089c00000, 0x0000000089c00000, 0x0000000089d00000|  0%| F|  |TAMS 0x0000000089c00000, 0x0000000089c00000| Untracked 
| 157|0x0000000089d00000, 0x0000000089d00000, 0x0000000089e00000|  0%| F|  |TAMS 0x0000000089d00000, 0x0000000089d00000| Untracked 
| 158|0x0000000089e00000, 0x0000000089e00000, 0x0000000089f00000|  0%| F|  |TAMS 0x0000000089e00000, 0x0000000089e00000| Untracked 
| 159|0x0000000089f00000, 0x0000000089f00000, 0x000000008a000000|  0%| F|  |TAMS 0x0000000089f00000, 0x0000000089f00000| Untracked 
| 160|0x000000008a000000, 0x000000008a000000, 0x000000008a100000|  0%| F|  |TAMS 0x000000008a000000, 0x000000008a000000| Untracked 
| 161|0x000000008a100000, 0x000000008a100000, 0x000000008a200000|  0%| F|  |TAMS 0x000000008a100000, 0x000000008a100000| Untracked 
| 162|0x000000008a200000, 0x000000008a200000, 0x000000008a300000|  0%| F|  |TAMS 0x000000008a200000, 0x000000008a200000| Untracked 
| 163|0x000000008a300000, 0x000000008a300000, 0x000000008a400000|  0%| F|  |TAMS 0x000000008a300000, 0x000000008a300000| Untracked 
| 164|0x000000008a400000, 0x000000008a400000, 0x000000008a500000|  0%| F|  |TAMS 0x000000008a400000, 0x000000008a400000| Untracked 
| 165|0x000000008a500000, 0x000000008a500000, 0x000000008a600000|  0%| F|  |TAMS 0x000000008a500000, 0x000000008a500000| Untracked 
| 166|0x000000008a600000, 0x000000008a600000, 0x000000008a700000|  0%| F|  |TAMS 0x000000008a600000, 0x000000008a600000| Untracked 
| 167|0x000000008a700000, 0x000000008a700000, 0x000000008a800000|  0%| F|  |TAMS 0x000000008a700000, 0x000000008a700000| Untracked 
| 168|0x000000008a800000, 0x000000008a800000, 0x000000008a900000|  0%| F|  |TAMS 0x000000008a800000, 0x000000008a800000| Untracked 
| 169|0x000000008a900000, 0x000000008a900000, 0x000000008aa00000|  0%| F|  |TAMS 0x000000008a900000, 0x000000008a900000| Untracked 
| 170|0x000000008aa00000, 0x000000008aa00000, 0x000000008ab00000|  0%| F|  |TAMS 0x000000008aa00000, 0x000000008aa00000| Untracked 
| 171|0x000000008ab00000, 0x000000008ab00000, 0x000000008ac00000|  0%| F|  |TAMS 0x000000008ab00000, 0x000000008ab00000| Untracked 
| 172|0x000000008ac00000, 0x000000008ac00000, 0x000000008ad00000|  0%| F|  |TAMS 0x000000008ac00000, 0x000000008ac00000| Untracked 
| 173|0x000000008ad00000, 0x000000008ad00000, 0x000000008ae00000|  0%| F|  |TAMS 0x000000008ad00000, 0x000000008ad00000| Untracked 
| 174|0x000000008ae00000, 0x000000008ae00000, 0x000000008af00000|  0%| F|  |TAMS 0x000000008ae00000, 0x000000008ae00000| Untracked 
| 175|0x000000008af00000, 0x000000008af00000, 0x000000008b000000|  0%| F|  |TAMS 0x000000008af00000, 0x000000008af00000| Untracked 
| 176|0x000000008b000000, 0x000000008b000000, 0x000000008b100000|  0%| F|  |TAMS 0x000000008b000000, 0x000000008b000000| Untracked 
| 177|0x000000008b100000, 0x000000008b100000, 0x000000008b200000|  0%| F|  |TAMS 0x000000008b100000, 0x000000008b100000| Untracked 
| 178|0x000000008b200000, 0x000000008b200000, 0x000000008b300000|  0%| F|  |TAMS 0x000000008b200000, 0x000000008b200000| Untracked 
| 179|0x000000008b300000, 0x000000008b300000, 0x000000008b400000|  0%| F|  |TAMS 0x000000008b300000, 0x000000008b300000| Untracked 
| 180|0x000000008b400000, 0x000000008b400000, 0x000000008b500000|  0%| F|  |TAMS 0x000000008b400000, 0x000000008b400000| Untracked 
| 181|0x000000008b500000, 0x000000008b500000, 0x000000008b600000|  0%| F|  |TAMS 0x000000008b500000, 0x000000008b500000| Untracked 
| 182|0x000000008b600000, 0x000000008b600000, 0x000000008b700000|  0%| F|  |TAMS 0x000000008b600000, 0x000000008b600000| Untracked 
| 183|0x000000008b700000, 0x000000008b700000, 0x000000008b800000|  0%| F|  |TAMS 0x000000008b700000, 0x000000008b700000| Untracked 
| 184|0x000000008b800000, 0x000000008b800000, 0x000000008b900000|  0%| F|  |TAMS 0x000000008b800000, 0x000000008b800000| Untracked 
| 185|0x000000008b900000, 0x000000008b900000, 0x000000008ba00000|  0%| F|  |TAMS 0x000000008b900000, 0x000000008b900000| Untracked 
| 186|0x000000008ba00000, 0x000000008ba00000, 0x000000008bb00000|  0%| F|  |TAMS 0x000000008ba00000, 0x000000008ba00000| Untracked 
| 187|0x000000008bb00000, 0x000000008bb00000, 0x000000008bc00000|  0%| F|  |TAMS 0x000000008bb00000, 0x000000008bb00000| Untracked 
| 188|0x000000008bc00000, 0x000000008bc00000, 0x000000008bd00000|  0%| F|  |TAMS 0x000000008bc00000, 0x000000008bc00000| Untracked 
| 189|0x000000008bd00000, 0x000000008bd00000, 0x000000008be00000|  0%| F|  |TAMS 0x000000008bd00000, 0x000000008bd00000| Untracked 
| 190|0x000000008be00000, 0x000000008be00000, 0x000000008bf00000|  0%| F|  |TAMS 0x000000008be00000, 0x000000008be00000| Untracked 
| 191|0x000000008bf00000, 0x000000008bf00000, 0x000000008c000000|  0%| F|  |TAMS 0x000000008bf00000, 0x000000008bf00000| Untracked 
| 192|0x000000008c000000, 0x000000008c000000, 0x000000008c100000|  0%| F|  |TAMS 0x000000008c000000, 0x000000008c000000| Untracked 
| 193|0x000000008c100000, 0x000000008c100000, 0x000000008c200000|  0%| F|  |TAMS 0x000000008c100000, 0x000000008c100000| Untracked 
| 194|0x000000008c200000, 0x000000008c200000, 0x000000008c300000|  0%| F|  |TAMS 0x000000008c200000, 0x000000008c200000| Untracked 
| 195|0x000000008c300000, 0x000000008c300000, 0x000000008c400000|  0%| F|  |TAMS 0x000000008c300000, 0x000000008c300000| Untracked 
| 196|0x000000008c400000, 0x000000008c400000, 0x000000008c500000|  0%| F|  |TAMS 0x000000008c400000, 0x000000008c400000| Untracked 
| 197|0x000000008c500000, 0x000000008c54a310, 0x000000008c600000| 28%| S|  |TAMS 0x000000008c500000, 0x000000008c500000| Complete 
| 198|0x000000008c600000, 0x000000008c700000, 0x000000008c700000|100%| E|CS|TAMS 0x000000008c600000, 0x000000008c700000| Complete 
| 199|0x000000008c700000, 0x000000008c800000, 0x000000008c800000|100%| E|CS|TAMS 0x000000008c700000, 0x000000008c800000| Complete 
| 200|0x000000008c800000, 0x000000008c900000, 0x000000008c900000|100%| E|CS|TAMS 0x000000008c800000, 0x000000008c900000| Complete 
| 201|0x000000008c900000, 0x000000008ca00000, 0x000000008ca00000|100%| E|CS|TAMS 0x000000008c900000, 0x000000008ca00000| Complete 
| 202|0x000000008ca00000, 0x000000008cb00000, 0x000000008cb00000|100%| E|CS|TAMS 0x000000008ca00000, 0x000000008cb00000| Complete 
| 203|0x000000008cb00000, 0x000000008cc00000, 0x000000008cc00000|100%| E|CS|TAMS 0x000000008cb00000, 0x000000008cc00000| Complete 
| 204|0x000000008cc00000, 0x000000008cd00000, 0x000000008cd00000|100%| E|CS|TAMS 0x000000008cc00000, 0x000000008cd00000| Complete 
| 205|0x000000008cd00000, 0x000000008ce00000, 0x000000008ce00000|100%| E|CS|TAMS 0x000000008cd00000, 0x000000008ce00000| Complete 
| 206|0x000000008ce00000, 0x000000008cf00000, 0x000000008cf00000|100%| E|CS|TAMS 0x000000008ce00000, 0x000000008cf00000| Complete 
| 207|0x000000008cf00000, 0x000000008d000000, 0x000000008d000000|100%| E|CS|TAMS 0x000000008cf00000, 0x000000008d000000| Complete 
| 208|0x000000008d000000, 0x000000008d100000, 0x000000008d100000|100%| E|CS|TAMS 0x000000008d000000, 0x000000008d100000| Complete 
| 209|0x000000008d100000, 0x000000008d200000, 0x000000008d200000|100%| E|CS|TAMS 0x000000008d100000, 0x000000008d200000| Complete 
| 210|0x000000008d200000, 0x000000008d300000, 0x000000008d300000|100%| E|CS|TAMS 0x000000008d200000, 0x000000008d300000| Complete 
| 211|0x000000008d300000, 0x000000008d400000, 0x000000008d400000|100%| E|CS|TAMS 0x000000008d300000, 0x000000008d400000| Complete 
| 212|0x000000008d400000, 0x000000008d500000, 0x000000008d500000|100%| E|CS|TAMS 0x000000008d400000, 0x000000008d500000| Complete 
| 213|0x000000008d500000, 0x000000008d600000, 0x000000008d600000|100%| E|CS|TAMS 0x000000008d500000, 0x000000008d600000| Complete 
| 214|0x000000008d600000, 0x000000008d700000, 0x000000008d700000|100%| E|CS|TAMS 0x000000008d600000, 0x000000008d700000| Complete 
| 215|0x000000008d700000, 0x000000008d800000, 0x000000008d800000|100%| E|CS|TAMS 0x000000008d700000, 0x000000008d800000| Complete 
| 216|0x000000008d800000, 0x000000008d900000, 0x000000008d900000|100%| E|CS|TAMS 0x000000008d800000, 0x000000008d900000| Complete 
| 217|0x000000008d900000, 0x000000008da00000, 0x000000008da00000|100%| E|CS|TAMS 0x000000008d900000, 0x000000008da00000| Complete 
| 218|0x000000008da00000, 0x000000008db00000, 0x000000008db00000|100%| E|CS|TAMS 0x000000008da00000, 0x000000008db00000| Complete 
| 219|0x000000008db00000, 0x000000008dc00000, 0x000000008dc00000|100%| E|CS|TAMS 0x000000008db00000, 0x000000008dc00000| Complete 
| 220|0x000000008dc00000, 0x000000008dd00000, 0x000000008dd00000|100%| E|CS|TAMS 0x000000008dc00000, 0x000000008dd00000| Complete 
| 221|0x000000008dd00000, 0x000000008de00000, 0x000000008de00000|100%| E|CS|TAMS 0x000000008dd00000, 0x000000008de00000| Complete 
| 222|0x000000008de00000, 0x000000008df00000, 0x000000008df00000|100%| E|CS|TAMS 0x000000008de00000, 0x000000008df00000| Complete 
| 223|0x000000008df00000, 0x000000008e000000, 0x000000008e000000|100%| E|CS|TAMS 0x000000008df00000, 0x000000008e000000| Complete 
| 224|0x000000008e000000, 0x000000008e100000, 0x000000008e100000|100%| E|CS|TAMS 0x000000008e000000, 0x000000008e100000| Complete 
| 225|0x000000008e100000, 0x000000008e200000, 0x000000008e200000|100%| E|CS|TAMS 0x000000008e100000, 0x000000008e200000| Complete 
| 226|0x000000008e200000, 0x000000008e300000, 0x000000008e300000|100%| E|CS|TAMS 0x000000008e200000, 0x000000008e300000| Complete 
| 227|0x000000008e300000, 0x000000008e400000, 0x000000008e400000|100%| E|CS|TAMS 0x000000008e300000, 0x000000008e400000| Complete 
| 228|0x000000008e400000, 0x000000008e500000, 0x000000008e500000|100%| E|CS|TAMS 0x000000008e400000, 0x000000008e500000| Complete 
| 229|0x000000008e500000, 0x000000008e600000, 0x000000008e600000|100%| E|CS|TAMS 0x000000008e500000, 0x000000008e600000| Complete 
| 230|0x000000008e600000, 0x000000008e700000, 0x000000008e700000|100%| E|CS|TAMS 0x000000008e600000, 0x000000008e700000| Complete 
| 231|0x000000008e700000, 0x000000008e800000, 0x000000008e800000|100%| E|CS|TAMS 0x000000008e700000, 0x000000008e800000| Complete 
| 232|0x000000008e800000, 0x000000008e900000, 0x000000008e900000|100%| E|CS|TAMS 0x000000008e800000, 0x000000008e900000| Complete 
| 233|0x000000008e900000, 0x000000008ea00000, 0x000000008ea00000|100%| E|CS|TAMS 0x000000008e900000, 0x000000008ea00000| Complete 

Card table byte_map: [0x0000014ffa800000,0x0000014ffac00000] _byte_map_base: 0x0000014ffa400000

Marking Bits (Prev, Next): (CMBitMap*) 0x0000014ff4c99070, (CMBitMap*) 0x0000014ff4c99038
 Prev Bits: [0x0000014ffd000000, 0x0000014fff000000)
 Next Bits: [0x0000014ffb000000, 0x0000014ffd000000)

Polling page: 0x0000014ff4b30000

Metaspace:

Usage:
  Non-class:    116.55 MB capacity,   114.55 MB ( 98%) used,     1.64 MB (  1%) free+waste,   369.06 KB ( <1%) overhead. 
      Class:     16.83 MB capacity,    15.71 MB ( 93%) used,   988.41 KB (  6%) free+waste,   161.31 KB ( <1%) overhead. 
       Both:    133.38 MB capacity,   130.26 MB ( 98%) used,     2.60 MB (  2%) free+waste,   530.38 KB ( <1%) overhead. 

Virtual space:
  Non-class space:      118.00 MB reserved,     116.67 MB ( 99%) committed 
      Class space:        1.00 GB reserved,      16.88 MB (  2%) committed 
             Both:        1.12 GB reserved,     133.55 MB ( 12%) committed 

Chunk freelists:
   Non-Class:  0 bytes
       Class:  0 bytes
        Both:  0 bytes

MaxMetaspaceSize: 17179869184.00 GB
CompressedClassSpaceSize: 1.00 GB

CodeHeap 'non-profiled nmethods': size=120064Kb used=12327Kb max_used=12327Kb free=107736Kb
 bounds [0x0000014f87ac0000, 0x0000014f886d0000, 0x0000014f8f000000]
CodeHeap 'profiled nmethods': size=120000Kb used=45429Kb max_used=45429Kb free=74570Kb
 bounds [0x0000014f80590000, 0x0000014f83210000, 0x0000014f87ac0000]
CodeHeap 'non-nmethods': size=5696Kb used=2429Kb max_used=2469Kb free=3266Kb
 bounds [0x0000014f80000000, 0x0000014f80280000, 0x0000014f80590000]
 total_blobs=20819 nmethods=19717 adapters=1012
 compilation: enabled
              stopped_count=0, restarted_count=0
 full_count=0

Compilation events (20 events):
Event: 7573.097 Thread 0x0000014fff681000 nmethod 22260% 0x0000014f83205310 code [0x0000014f83205500, 0x0000014f832059d8]
Event: 7573.097 Thread 0x0000014fff681000 22253       2       com.android.tools.r8.w.a.a.a.h.f0::values (26 bytes)
Event: 7573.097 Thread 0x0000014fff681000 nmethod 22253 0x0000014f83205c10 code [0x0000014f83205dc0, 0x0000014f83205fd8]
Event: 7573.097 Thread 0x0000014fff681000 22262       2       com.android.tools.r8.graph.u1::e (8 bytes)
Event: 7573.098 Thread 0x0000014fff681000 nmethod 22262 0x0000014f83206090 code [0x0000014f83206240, 0x0000014f83206348]
Event: 7573.098 Thread 0x0000014fff681000 22263       2       com.android.tools.r8.graph.v1$$Lambda$1325/0x0000000101068440::test (12 bytes)
Event: 7573.098 Thread 0x0000014fff681000 nmethod 22263 0x0000014f83206410 code [0x0000014f832065c0, 0x0000014f83206708]
Event: 7573.102 Thread 0x0000014fff681000 22264       2       com.android.tools.r8.w.a.a.a.h.e0::iterator (12 bytes)
Event: 7573.102 Thread 0x0000014fff681000 nmethod 22264 0x0000014f83206810 code [0x0000014f832069c0, 0x0000014f83206ba8]
Event: 7573.102 Thread 0x0000014fff681000 22265       2       com.android.tools.r8.w.a.a.a.h.f0$g::<init> (12 bytes)
Event: 7573.103 Thread 0x0000014fff681000 nmethod 22265 0x0000014f83206c90 code [0x0000014f83206e40, 0x0000014f83206fa8]
Event: 7573.104 Thread 0x0000014fff681000 22266       2       com.android.tools.r8.utils.q0::a (10 bytes)
Event: 7573.104 Thread 0x0000014fff681000 nmethod 22266 0x0000014f83207090 code [0x0000014f83207260, 0x0000014f832074e8]
Event: 7573.104 Thread 0x0000014fff681000 22267       2       com.android.tools.r8.utils.p0::<init> (22 bytes)
Event: 7573.105 Thread 0x0000014fff681000 nmethod 22267 0x0000014f83207610 code [0x0000014f832077e0, 0x0000014f83207a28]
Event: 7573.111 Thread 0x0000014fff681000 22268       2       com.android.tools.r8.graph.n0::B0 (16 bytes)
Event: 7573.112 Thread 0x0000014fff681000 nmethod 22268 0x0000014f83207b10 code [0x0000014f83207cc0, 0x0000014f83207dd8]
Event: 7573.191 Thread 0x0000014fff681000 22270       1       com.android.tools.r8.s.a.a.c.c::d (5 bytes)
Event: 7573.191 Thread 0x0000014fff681000 nmethod 22270 0x0000014f886c9b10 code [0x0000014f886c9cc0, 0x0000014f886c9d78]
Event: 7573.207 Thread 0x0000014fff681000 22272       2       com.android.tools.r8.s.a.a.b.F1::a (55 bytes)

GC Heap History (20 events):
Event: 7526.949 GC heap after
{Heap after GC invocations=124 (full 0):
 garbage-first heap   total 199680K, used 96711K [0x0000000080000000, 0x0000000100000000)
  region size 1024K, 5 young (5120K), 5 survivors (5120K)
 Metaspace       used 121460K, capacity 124179K, committed 124336K, reserved 1159168K
  class space    used 14615K, capacity 15560K, committed 15616K, reserved 1048576K
}
Event: 7532.934 GC heap before
{Heap before GC invocations=125 (full 0):
 garbage-first heap   total 199680K, used 149959K [0x0000000080000000, 0x0000000100000000)
  region size 1024K, 57 young (58368K), 5 survivors (5120K)
 Metaspace       used 121775K, capacity 124492K, committed 124592K, reserved 1159168K
  class space    used 14644K, capacity 15572K, committed 15616K, reserved 1048576K
}
Event: 7532.960 GC heap after
{Heap after GC invocations=126 (full 0):
 garbage-first heap   total 199680K, used 101835K [0x0000000080000000, 0x0000000100000000)
  region size 1024K, 8 young (8192K), 8 survivors (8192K)
 Metaspace       used 121775K, capacity 124492K, committed 124592K, reserved 1159168K
  class space    used 14644K, capacity 15572K, committed 15616K, reserved 1048576K
}
Event: 7535.479 GC heap before
{Heap before GC invocations=126 (full 0):
 garbage-first heap   total 199680K, used 132555K [0x0000000080000000, 0x0000000100000000)
  region size 1024K, 40 young (40960K), 8 survivors (8192K)
 Metaspace       used 122128K, capacity 124947K, committed 125232K, reserved 1159168K
  class space    used 14704K, capacity 15679K, committed 15744K, reserved 1048576K
}
Event: 7535.502 GC heap after
{Heap after GC invocations=127 (full 0):
 garbage-first heap   total 239616K, used 100315K [0x0000000080000000, 0x0000000100000000)
  region size 1024K, 2 young (2048K), 2 survivors (2048K)
 Metaspace       used 122128K, capacity 124947K, committed 125232K, reserved 1159168K
  class space    used 14704K, capacity 15679K, committed 15744K, reserved 1048576K
}
Event: 7546.794 GC heap before
{Heap before GC invocations=128 (full 0):
 garbage-first heap   total 239616K, used 130011K [0x0000000080000000, 0x0000000100000000)
  region size 1024K, 31 young (31744K), 2 survivors (2048K)
 Metaspace       used 122819K, capacity 125686K, committed 125872K, reserved 1159168K
  class space    used 14784K, capacity 15766K, committed 15872K, reserved 1048576K
}
Event: 7546.808 GC heap after
{Heap after GC invocations=129 (full 0):
 garbage-first heap   total 239616K, used 100965K [0x0000000080000000, 0x0000000100000000)
  region size 1024K, 3 young (3072K), 3 survivors (3072K)
 Metaspace       used 122819K, capacity 125686K, committed 125872K, reserved 1159168K
  class space    used 14784K, capacity 15766K, committed 15872K, reserved 1048576K
}
Event: 7556.842 GC heap before
{Heap before GC invocations=130 (full 0):
 garbage-first heap   total 239616K, used 166501K [0x0000000080000000, 0x0000000100000000)
  region size 1024K, 66 young (67584K), 3 survivors (3072K)
 Metaspace       used 129105K, capacity 132121K, committed 132400K, reserved 1165312K
  class space    used 15668K, capacity 16713K, committed 16768K, reserved 1048576K
}
Event: 7556.863 GC heap after
{Heap after GC invocations=131 (full 0):
 garbage-first heap   total 239616K, used 107605K [0x0000000080000000, 0x0000000100000000)
  region size 1024K, 8 young (8192K), 8 survivors (8192K)
 Metaspace       used 129105K, capacity 132121K, committed 132400K, reserved 1165312K
  class space    used 15668K, capacity 16713K, committed 16768K, reserved 1048576K
}
Event: 7559.584 GC heap before
{Heap before GC invocations=131 (full 0):
 garbage-first heap   total 239616K, used 175189K [0x0000000080000000, 0x0000000100000000)
  region size 1024K, 74 young (75776K), 8 survivors (8192K)
 Metaspace       used 130232K, capacity 133279K, committed 133424K, reserved 1165312K
  class space    used 15696K, capacity 16749K, committed 16768K, reserved 1048576K
}
Event: 7559.632 GC heap after
{Heap after GC invocations=132 (full 0):
 garbage-first heap   total 239616K, used 109083K [0x0000000080000000, 0x0000000100000000)
  region size 1024K, 2 young (2048K), 2 survivors (2048K)
 Metaspace       used 130232K, capacity 133279K, committed 133424K, reserved 1165312K
  class space    used 15696K, capacity 16749K, committed 16768K, reserved 1048576K
}
Event: 7564.900 GC heap before
{Heap before GC invocations=133 (full 0):
 garbage-first heap   total 239616K, used 176667K [0x0000000080000000, 0x0000000100000000)
  region size 1024K, 69 young (70656K), 2 survivors (2048K)
 Metaspace       used 132378K, capacity 135464K, committed 135600K, reserved 1167360K
  class space    used 15973K, capacity 17079K, committed 17152K, reserved 1048576K
}
Event: 7564.914 GC heap after
{Heap after GC invocations=134 (full 0):
 garbage-first heap   total 239616K, used 107417K [0x0000000080000000, 0x0000000100000000)
  region size 1024K, 3 young (3072K), 3 survivors (3072K)
 Metaspace       used 132378K, capacity 135464K, committed 135600K, reserved 1167360K
  class space    used 15973K, capacity 17079K, committed 17152K, reserved 1048576K
}
Event: 7568.303 GC heap before
{Heap before GC invocations=135 (full 0):
 garbage-first heap   total 239616K, used 111513K [0x0000000080000000, 0x0000000100000000)
  region size 1024K, 6 young (6144K), 3 survivors (3072K)
 Metaspace       used 132466K, capacity 135558K, committed 135856K, reserved 1167360K
  class space    used 15971K, capacity 17066K, committed 17152K, reserved 1048576K
}
Event: 7568.316 GC heap after
{Heap after GC invocations=136 (full 0):
 garbage-first heap   total 239616K, used 111891K [0x0000000080000000, 0x0000000100000000)
  region size 1024K, 4 young (4096K), 4 survivors (4096K)
 Metaspace       used 132466K, capacity 135558K, committed 135856K, reserved 1167360K
  class space    used 15971K, capacity 17066K, committed 17152K, reserved 1048576K
}
Event: 7572.409 GC heap before
{Heap before GC invocations=137 (full 0):
 garbage-first heap   total 239616K, used 167187K [0x0000000080000000, 0x0000000100000000)
  region size 1024K, 50 young (51200K), 4 survivors (4096K)
 Metaspace       used 133199K, capacity 136358K, committed 136496K, reserved 1169408K
  class space    used 16057K, capacity 17204K, committed 17280K, reserved 1048576K
}
Event: 7572.479 GC heap after
{Heap after GC invocations=138 (full 0):
 garbage-first heap   total 239616K, used 137945K [0x0000000080000000, 0x0000000100000000)
  region size 1024K, 7 young (7168K), 7 survivors (7168K)
 Metaspace       used 133199K, capacity 136358K, committed 136496K, reserved 1169408K
  class space    used 16057K, capacity 17204K, committed 17280K, reserved 1048576K
}
Event: 7572.538 GC heap before
{Heap before GC invocations=138 (full 0):
 garbage-first heap   total 239616K, used 142041K [0x0000000080000000, 0x0000000100000000)
  region size 1024K, 11 young (11264K), 7 survivors (7168K)
 Metaspace       used 133206K, capacity 136358K, committed 136496K, reserved 1169408K
  class space    used 16057K, capacity 17204K, committed 17280K, reserved 1048576K
}
Event: 7572.570 GC heap after
{Heap after GC invocations=139 (full 0):
 garbage-first heap   total 239616K, used 139264K [0x0000000080000000, 0x0000000100000000)
  region size 1024K, 2 young (2048K), 2 survivors (2048K)
 Metaspace       used 133206K, capacity 136358K, committed 136496K, reserved 1169408K
  class space    used 16057K, capacity 17204K, committed 17280K, reserved 1048576K
}
Event: 7573.224 GC heap before
{Heap before GC invocations=139 (full 0):
 garbage-first heap   total 239616K, used 173056K [0x0000000080000000, 0x0000000100000000)
  region size 1024K, 36 young (36864K), 2 survivors (2048K)
 Metaspace       used 133386K, capacity 136580K, committed 136752K, reserved 1169408K
  class space    used 16083K, capacity 17233K, committed 17280K, reserved 1048576K
}

Deoptimization events (20 events):
Event: 7572.658 Thread 0x0000014f97c38000 DEOPT PACKING pc=0x0000014f830f5916 sp=0x000000483e6fee40
Event: 7572.658 Thread 0x0000014f97c38000 DEOPT UNPACKING pc=0x0000014f800267c0 sp=0x000000483e6fe2b8 mode 0
Event: 7572.669 Thread 0x0000014f97c39000 DEOPT PACKING pc=0x0000014f830f5916 sp=0x000000483f6fe2d0
Event: 7572.669 Thread 0x0000014f97c39000 DEOPT UNPACKING pc=0x0000014f800267c0 sp=0x000000483f6fd748 mode 0
Event: 7572.682 Thread 0x0000014f97c39000 DEOPT PACKING pc=0x0000014f830f5916 sp=0x000000483f6fea00
Event: 7572.682 Thread 0x0000014f97c39000 DEOPT UNPACKING pc=0x0000014f800267c0 sp=0x000000483f6fde78 mode 0
Event: 7572.695 Thread 0x0000014f97c3a800 DEOPT PACKING pc=0x0000014f830f5916 sp=0x000000483f7fee00
Event: 7572.695 Thread 0x0000014f97c3a800 DEOPT UNPACKING pc=0x0000014f800267c0 sp=0x000000483f7fe278 mode 0
Event: 7572.705 Thread 0x0000014f97c39000 DEOPT PACKING pc=0x0000014f830f5916 sp=0x000000483f6fe2d0
Event: 7572.705 Thread 0x0000014f97c39000 DEOPT UNPACKING pc=0x0000014f800267c0 sp=0x000000483f6fd748 mode 0
Event: 7572.728 Thread 0x0000014f97c37000 DEOPT PACKING pc=0x0000014f830f5916 sp=0x000000483f5fea30
Event: 7572.728 Thread 0x0000014f97c37000 DEOPT UNPACKING pc=0x0000014f800267c0 sp=0x000000483f5fdea8 mode 0
Event: 7572.746 Thread 0x0000014f97c37000 DEOPT PACKING pc=0x0000014f830f5916 sp=0x000000483f5fe300
Event: 7572.746 Thread 0x0000014f97c37000 DEOPT UNPACKING pc=0x0000014f800267c0 sp=0x000000483f5fd778 mode 0
Event: 7572.761 Thread 0x0000014f97c3a800 DEOPT PACKING pc=0x0000014f830f5916 sp=0x000000483f7fee00
Event: 7572.761 Thread 0x0000014f97c3a800 DEOPT UNPACKING pc=0x0000014f800267c0 sp=0x000000483f7fe278 mode 0
Event: 7572.771 Thread 0x0000014f97c39000 DEOPT PACKING pc=0x0000014f830f5916 sp=0x000000483f6fe2d0
Event: 7572.771 Thread 0x0000014f97c39000 DEOPT UNPACKING pc=0x0000014f800267c0 sp=0x000000483f6fd748 mode 0
Event: 7573.081 Thread 0x0000014f97c3a800 DEOPT PACKING pc=0x0000014f831f37fd sp=0x000000483f7fee80
Event: 7573.081 Thread 0x0000014f97c3a800 DEOPT UNPACKING pc=0x0000014f800267c0 sp=0x000000483f7fe350 mode 0

Classes redefined (0 events):
No events

Internal exceptions (20 events):
Event: 7548.210 Thread 0x0000014f977af000 Exception <a 'java/lang/NoSuchMethodError'{0x000000008db7fd38}: 'java.lang.Object java.lang.invoke.DirectMethodHandle$Holder.invokeStaticInit(java.lang.Object, java.lang.Object, long, java.lang.Object)'> (0x000000008db7fd38) thrown at [./src/hotspot/share/interpreter/linkResolver.cpp, line 773]
Event: 7548.211 Thread 0x0000014f977af000 Exception <a 'java/lang/NoSuchMethodError'{0x000000008db86138}: 'java.lang.Object java.lang.invoke.DirectMethodHandle$Holder.invokeStatic(java.lang.Object, java.lang.Object, long)'> (0x000000008db86138) thrown at [./src/hotspot/share/interpreter/linkResolver.cpp, line 773]
Event: 7548.212 Thread 0x0000014f977af000 Exception <a 'java/lang/NoSuchMethodError'{0x000000008db8c6b0}: 'java.lang.Object java.lang.invoke.Invokers$Holder.linkToTargetMethod(java.lang.Object, long, java.lang.Object)'> (0x000000008db8c6b0) thrown at [./src/hotspot/share/interpreter/linkResolver.cpp, line 773]
Event: 7550.170 Thread 0x0000014f91098800 Exception <a 'java/lang/NoSuchMethodError'{0x000000008d388bf0}: 'long java.lang.invoke.DirectMethodHandle$Holder.invokeStatic(java.lang.Object, java.lang.Object)'> (0x000000008d388bf0) thrown at [./src/hotspot/share/interpreter/linkResolver.cpp, line 773]
Event: 7550.655 Thread 0x0000014f91098800 Exception <a 'java/lang/NoSuchMethodError'{0x000000008cf3fa38}: 'java.lang.Object java.lang.invoke.DirectMethodHandle$Holder.newInvokeSpecial(java.lang.Object, int)'> (0x000000008cf3fa38) thrown at [./src/hotspot/share/interpreter/linkResolver.cpp, line 773]
Event: 7551.215 Thread 0x0000014f91098800 Exception <a 'java/lang/IncompatibleClassChangeError'{0x000000008ce66fd8}: Found class java.lang.Object, but interface was expected> (0x000000008ce66fd8) thrown at [./src/hotspot/share/interpreter/linkResolver.cpp, line 839]
Event: 7553.254 Thread 0x0000014f91098800 Exception <a 'java/lang/NoSuchMethodError'{0x000000008c563640}: 'void java.lang.invoke.DirectMethodHandle$Holder.invokeSpecial(java.lang.Object, java.lang.Object, int, java.lang.Object)'> (0x000000008c563640) thrown at [./src/hotspot/share/interpreter/linkResolver.cpp, line 773]
Event: 7554.472 Thread 0x0000014f91098800 Exception <a 'java/lang/NoSuchMethodError'{0x000000008c25a4f8}: 'java.lang.Object java.lang.invoke.DirectMethodHandle$Holder.invokeVirtual(java.lang.Object, java.lang.Object, int, java.lang.Object)'> (0x000000008c25a4f8) thrown at [./src/hotspot/share/interpreter/linkResolver.cpp, line 773]
Event: 7554.761 Thread 0x0000014f91098800 Exception <a 'java/lang/NoSuchMethodError'{0x000000008c173f88}: 'void java.lang.invoke.DirectMethodHandle$Holder.invokeVirtual(java.lang.Object, java.lang.Object, int, java.lang.Object)'> (0x000000008c173f88) thrown at [./src/hotspot/share/interpreter/linkResolver.cpp, line 773]
Event: 7555.820 Thread 0x0000014f91098800 Exception <a 'java/lang/NoSuchMethodError'{0x000000008b88e010}: 'java.lang.Object java.lang.invoke.DirectMethodHandle$Holder.invokeInterface(java.lang.Object, java.lang.Object, int)'> (0x000000008b88e010) thrown at [./src/hotspot/share/interpreter/linkResolver.cpp, line 773]
Event: 7561.191 Thread 0x0000014f91098800 Exception <a 'java/lang/NoSuchMethodError'{0x000000008c2d4060}: 'java.lang.Object java.lang.invoke.DirectMethodHandle$Holder.invokeSpecial(java.lang.Object, java.lang.Object, java.lang.Object, java.lang.Object, java.lang.Object, java.lang.Object, java.lang.Object, java.lang.Object, java.lang.Object, java.lang.Object)'> (0x000000008c2d4060) thrown at [./src/hotspot/share/interpreter/linkResolver.cpp, line 773]
Event: 7561.192 Thread 0x0000014f91098800 Exception <a 'java/lang/NoSuchMethodError'{0x000000008c2d86a0}: 'java.lang.Object java.lang.invoke.Invokers$Holder.linkToTargetMethod(java.lang.Object, java.lang.Object, java.lang.Object, java.lang.Object, java.lang.Object, java.lang.Object, java.lang.Object, java.lang.Object, java.lang.Object)'> (0x000000008c2d86a0) thrown at [./src/hotspot/share/interpreter/linkResolver.cpp, line 773]
Event: 7562.047 Thread 0x0000014f91098800 Exception <a 'java/lang/NoSuchMethodError'{0x000000008bb880b0}: 'void java.lang.invoke.DirectMethodHandle$Holder.invokeVirtual(java.lang.Object, java.lang.Object, int)'> (0x000000008bb880b0) thrown at [./src/hotspot/share/interpreter/linkResolver.cpp, line 773]
Event: 7562.501 Thread 0x0000014f91098800 Exception <a 'sun/nio/fs/WindowsException'{0x000000008baa40f8}> (0x000000008baa40f8) thrown at [./src/hotspot/share/prims/jni.cpp, line 615]
Event: 7564.711 Thread 0x0000014f977ab000 Exception <a 'sun/nio/fs/WindowsException'{0x000000008a772ab0}> (0x000000008a772ab0) thrown at [./src/hotspot/share/prims/jni.cpp, line 615]
Event: 7564.712 Thread 0x0000014f977ab000 Exception <a 'sun/nio/fs/WindowsException'{0x000000008a7736a8}> (0x000000008a7736a8) thrown at [./src/hotspot/share/prims/jni.cpp, line 615]
Event: 7564.712 Thread 0x0000014f977ab000 Exception <a 'sun/nio/fs/WindowsException'{0x000000008a7739c8}> (0x000000008a7739c8) thrown at [./src/hotspot/share/prims/jni.cpp, line 615]
Event: 7564.825 Thread 0x0000014f977ab000 Exception <a 'sun/nio/fs/WindowsException'{0x000000008a7a47d0}> (0x000000008a7a47d0) thrown at [./src/hotspot/share/prims/jni.cpp, line 615]
Event: 7564.826 Thread 0x0000014f977ab000 Exception <a 'sun/nio/fs/WindowsException'{0x000000008a7a53e8}> (0x000000008a7a53e8) thrown at [./src/hotspot/share/prims/jni.cpp, line 615]
Event: 7571.180 Thread 0x0000014f977ad800 Exception <a 'sun/nio/fs/WindowsException'{0x000000008e8050e0}> (0x000000008e8050e0) thrown at [./src/hotspot/share/prims/jni.cpp, line 615]

Events (20 events):
Event: 7573.213 loading class com/android/tools/r8/E/j done
Event: 7573.213 loading class com/android/tools/r8/E/i
Event: 7573.213 loading class com/android/tools/r8/E/i done
Event: 7573.213 loading class com/android/tools/r8/E/j
Event: 7573.213 loading class com/android/tools/r8/E/j done
Event: 7573.214 loading class com/android/tools/r8/graph/l0
Event: 7573.214 loading class com/android/tools/r8/graph/l0 done
Event: 7573.214 loading class com/android/tools/r8/graph/e0
Event: 7573.214 loading class com/android/tools/r8/graph/e0 done
Event: 7573.214 loading class com/android/tools/r8/graph/e0
Event: 7573.214 loading class com/android/tools/r8/graph/e0 done
Event: 7573.214 loading class com/android/tools/r8/E/h
Event: 7573.214 loading class com/android/tools/r8/E/h done
Event: 7573.215 loading class com/android/tools/r8/graph/n0
Event: 7573.215 loading class com/android/tools/r8/graph/n0 done
Event: 7573.215 loading class com/android/tools/r8/graph/n0
Event: 7573.215 loading class com/android/tools/r8/graph/n0 done
Event: 7573.215 loading class com/android/tools/r8/graph/n0$b
Event: 7573.215 loading class com/android/tools/r8/graph/n0$b done
Event: 7573.224 Executing VM operation: G1CollectForAllocation


Dynamic libraries:
0x00007ff6ecc40000 - 0x00007ff6ecc4a000 	C:\Program Files\Android\Android Studio1\jre\bin\java.exe
0x00007ffc280f0000 - 0x00007ffc282e5000 	C:\WINDOWS\SYSTEM32\ntdll.dll
0x00007ffc27d90000 - 0x00007ffc27e4d000 	C:\WINDOWS\System32\KERNEL32.DLL
0x00007ffc25d60000 - 0x00007ffc26028000 	C:\WINDOWS\System32\KERNELBASE.dll
0x00007ffc25a50000 - 0x00007ffc25b50000 	C:\WINDOWS\System32\ucrtbase.dll
0x00007ffc224c0000 - 0x00007ffc224d7000 	C:\Program Files\Android\Android Studio1\jre\bin\VCRUNTIME140.dll
0x00007ffc19a90000 - 0x00007ffc19aa9000 	C:\Program Files\Android\Android Studio1\jre\bin\jli.dll
0x00007ffc27f00000 - 0x00007ffc280a0000 	C:\WINDOWS\System32\USER32.dll
0x00007ffc152b0000 - 0x00007ffc1554a000 	C:\WINDOWS\WinSxS\amd64_microsoft.windows.common-controls_6595b64144ccf1df_6.0.19041.1052_none_60b8f8fd71f5e8cb\COMCTL32.dll
0x00007ffc25860000 - 0x00007ffc25882000 	C:\WINDOWS\System32\win32u.dll
0x00007ffc269d0000 - 0x00007ffc26a6e000 	C:\WINDOWS\System32\msvcrt.dll
0x00007ffc27990000 - 0x00007ffc279ba000 	C:\WINDOWS\System32\GDI32.dll
0x00007ffc25890000 - 0x00007ffc2599b000 	C:\WINDOWS\System32\gdi32full.dll
0x00007ffc26030000 - 0x00007ffc260cd000 	C:\WINDOWS\System32\msvcp_win.dll
0x00007ffc27900000 - 0x00007ffc27930000 	C:\WINDOWS\System32\IMM32.DLL
0x00007ffc08520000 - 0x00007ffc085bd000 	C:\Program Files\Android\Android Studio1\jre\bin\msvcp140.dll
0x00007ffbe0fc0000 - 0x00007ffbe1a7c000 	C:\Program Files\Android\Android Studio1\jre\bin\server\jvm.dll
0x00007ffc27ce0000 - 0x00007ffc27d8c000 	C:\WINDOWS\System32\ADVAPI32.dll
0x00007ffc27340000 - 0x00007ffc273db000 	C:\WINDOWS\System32\sechost.dll
0x00007ffc27b50000 - 0x00007ffc27c7b000 	C:\WINDOWS\System32\RPCRT4.dll
0x00007ffc26160000 - 0x00007ffc26168000 	C:\WINDOWS\System32\PSAPI.DLL
0x00007ffc16930000 - 0x00007ffc1693a000 	C:\WINDOWS\SYSTEM32\VERSION.dll
0x00007ffc22bb0000 - 0x00007ffc22bb9000 	C:\WINDOWS\SYSTEM32\WSOCK32.dll
0x00007ffc16f60000 - 0x00007ffc16f87000 	C:\WINDOWS\SYSTEM32\WINMM.dll
0x00007ffc26320000 - 0x00007ffc2638b000 	C:\WINDOWS\System32\WS2_32.dll
0x00007ffc23780000 - 0x00007ffc23792000 	C:\WINDOWS\SYSTEM32\kernel.appcore.dll
0x00007ffc1e260000 - 0x00007ffc1e271000 	C:\Program Files\Android\Android Studio1\jre\bin\verify.dll
0x00007ffc12d40000 - 0x00007ffc12f24000 	C:\WINDOWS\SYSTEM32\DBGHELP.DLL
0x00007ffc12cb0000 - 0x00007ffc12cdc000 	C:\WINDOWS\SYSTEM32\dbgcore.DLL
0x00007ffc260d0000 - 0x00007ffc26153000 	C:\WINDOWS\System32\bcryptPrimitives.dll
0x00007ffc19a60000 - 0x00007ffc19a89000 	C:\Program Files\Android\Android Studio1\jre\bin\java.dll
0x00007ffc22ba0000 - 0x00007ffc22bab000 	C:\Program Files\Android\Android Studio1\jre\bin\jimage.dll
0x00007ffc19960000 - 0x00007ffc19978000 	C:\Program Files\Android\Android Studio1\jre\bin\zip.dll
0x00007ffc26a70000 - 0x00007ffc271af000 	C:\WINDOWS\System32\SHELL32.dll
0x00007ffc23980000 - 0x00007ffc24110000 	C:\WINDOWS\SYSTEM32\windows.storage.dll
0x00007ffc26670000 - 0x00007ffc269c5000 	C:\WINDOWS\System32\combase.dll
0x00007ffc251d0000 - 0x00007ffc251fc000 	C:\WINDOWS\SYSTEM32\Wldp.dll
0x00007ffc27e50000 - 0x00007ffc27efe000 	C:\WINDOWS\System32\SHCORE.dll
0x00007ffc27a90000 - 0x00007ffc27ae5000 	C:\WINDOWS\System32\shlwapi.dll
0x00007ffc25770000 - 0x00007ffc2578f000 	C:\WINDOWS\SYSTEM32\profapi.dll
0x00007ffc17ac0000 - 0x00007ffc17ada000 	C:\Program Files\Android\Android Studio1\jre\bin\net.dll
0x00007ffc1a420000 - 0x00007ffc1a52b000 	C:\WINDOWS\SYSTEM32\WINHTTP.dll
0x00007ffc24f40000 - 0x00007ffc24faa000 	C:\WINDOWS\system32\mswsock.dll
0x00007ffc105c0000 - 0x00007ffc105d4000 	C:\Program Files\Android\Android Studio1\jre\bin\nio.dll
0x00007ffc0bf10000 - 0x00007ffc0bf37000 	C:\native\fdc75f09e3144964f2cf3f50f0aa648679c211496f362492102eb8c894070792\windows-amd64\native-platform.dll
0x00007ffbe06c0000 - 0x00007ffbe0856000 	C:\native\12488b8bf47d2d4c9fbf2f6322a914ad602e24e48041cd04a747c6da556b65c4\windows-amd64\native-platform-file-events.dll
0x00007ffc224b0000 - 0x00007ffc224ba000 	C:\Program Files\Android\Android Studio1\jre\bin\management.dll
0x00007ffc22460000 - 0x00007ffc2246c000 	C:\Program Files\Android\Android Studio1\jre\bin\management_ext.dll
0x00007ffc25110000 - 0x00007ffc25128000 	C:\WINDOWS\SYSTEM32\CRYPTSP.dll
0x00007ffc248e0000 - 0x00007ffc24914000 	C:\WINDOWS\system32\rsaenh.dll
0x00007ffc25830000 - 0x00007ffc25857000 	C:\WINDOWS\System32\bcrypt.dll
0x00007ffc25730000 - 0x00007ffc2575e000 	C:\WINDOWS\SYSTEM32\USERENV.dll
0x00007ffc25130000 - 0x00007ffc2513c000 	C:\WINDOWS\SYSTEM32\CRYPTBASE.dll
0x00007ffc24c30000 - 0x00007ffc24c6b000 	C:\WINDOWS\SYSTEM32\IPHLPAPI.DLL
0x00007ffc280a0000 - 0x00007ffc280a8000 	C:\WINDOWS\System32\NSI.dll
0x00007ffc1a880000 - 0x00007ffc1a897000 	C:\WINDOWS\SYSTEM32\dhcpcsvc6.DLL
0x00007ffc1aad0000 - 0x00007ffc1aaed000 	C:\WINDOWS\SYSTEM32\dhcpcsvc.DLL
0x00007ffc24c70000 - 0x00007ffc24d3c000 	C:\WINDOWS\SYSTEM32\DNSAPI.dll
0x00007ffc1bbc0000 - 0x00007ffc1bbcb000 	C:\WINDOWS\SYSTEM32\WINNSI.DLL
0x00007ffc19b10000 - 0x00007ffc19b37000 	C:\Program Files\Android\Android Studio1\jre\bin\sunec.dll
0x00007ffc164d0000 - 0x00007ffc164da000 	C:\Windows\System32\rasadhlp.dll
0x00007ffc179d0000 - 0x00007ffc17a4f000 	C:\WINDOWS\System32\fwpuclnt.dll
0x00007ffc00cd0000 - 0x00007ffc00e72000 	C:\Program Files\Android\Android Studio1\jre\bin\awt.dll
0x00007ffc279c0000 - 0x00007ffc27a8d000 	C:\WINDOWS\System32\OLEAUT32.dll
0x00007ffc23490000 - 0x00007ffc234bf000 	C:\WINDOWS\SYSTEM32\dwmapi.dll
0x00007ffc230e0000 - 0x00007ffc23170000 	C:\WINDOWS\SYSTEM32\apphelp.dll
0x00007ffc232a0000 - 0x00007ffc2333e000 	C:\WINDOWS\system32\uxtheme.dll

dbghelp: loaded successfully - version: 4.0.5 - missing functions: none
symbol engine: initialized successfully - sym options: 0x614 - pdb path: .;C:\Program Files\Android\Android Studio1\jre\bin;C:\WINDOWS\SYSTEM32;C:\WINDOWS\WinSxS\amd64_microsoft.windows.common-controls_6595b64144ccf1df_6.0.19041.1052_none_60b8f8fd71f5e8cb;C:\Program Files\Android\Android Studio1\jre\bin\server;C:\native\fdc75f09e3144964f2cf3f50f0aa648679c211496f362492102eb8c894070792\windows-amd64;C:\native\12488b8bf47d2d4c9fbf2f6322a914ad602e24e48041cd04a747c6da556b65c4\windows-amd64

VM Arguments:
jvm_args: --add-opens=java.base/java.util=ALL-UNNAMED --add-opens=java.base/java.lang=ALL-UNNAMED --add-opens=java.base/java.lang.invoke=ALL-UNNAMED --add-opens=java.prefs/java.util.prefs=ALL-UNNAMED -Xmx2048m -Dfile.encoding=UTF-8 -Duser.country=US -Duser.language=en -Duser.variant 
java_command: org.gradle.launcher.daemon.bootstrap.GradleDaemon 6.7.1
java_class_path (initial): C:\wrapper\dists\gradle-6.7.1-bin\bwlcbys1h7rz3272sye1xwiv6\gradle-6.7.1\lib\gradle-launcher-6.7.1.jar
Launcher Type: SUN_STANDARD

[Global flags]
     intx CICompilerCount                          = 3                                         {product} {ergonomic}
     uint ConcGCThreads                            = 1                                         {product} {ergonomic}
     uint G1ConcRefinementThreads                  = 4                                         {product} {ergonomic}
   size_t G1HeapRegionSize                         = 1048576                                   {product} {ergonomic}
    uintx GCDrainStackTargetSize                   = 64                                        {product} {ergonomic}
   size_t InitialHeapSize                          = 67108864                                  {product} {ergonomic}
   size_t MarkStackSize                            = 4194304                                   {product} {ergonomic}
   size_t MaxHeapSize                              = 2147483648                                {product} {command line}
   size_t MaxNewSize                               = 1287651328                                {product} {ergonomic}
   size_t MinHeapDeltaBytes                        = 1048576                                   {product} {ergonomic}
    uintx NonNMethodCodeHeapSize                   = 5830732                                {pd product} {ergonomic}
    uintx NonProfiledCodeHeapSize                  = 122913754                              {pd product} {ergonomic}
    uintx ProfiledCodeHeapSize                     = 122913754                              {pd product} {ergonomic}
    uintx ReservedCodeCacheSize                    = 251658240                              {pd product} {ergonomic}
     bool SegmentedCodeCache                       = true                                      {product} {ergonomic}
     bool UseCompressedClassPointers               = true                                 {lp64_product} {ergonomic}
     bool UseCompressedOops                        = true                                 {lp64_product} {ergonomic}
     bool UseG1GC                                  = true                                      {product} {ergonomic}
     bool UseLargePagesIndividualAllocation        = false                                  {pd product} {ergonomic}

Logging:
Log output configuration:
 #0: stdout all=warning uptime,level,tags
 #1: stderr all=off uptime,level,tags

Environment Variables:
JAVA_HOME=C:\Program Files\Java\jdk-15.0.2
PATH=C:\Program Files\Common Files\Oracle\Java\javapath;C:\Program Files\Java\jdk-15.0.2\bin;C:\WINDOWS\system32;C:\WINDOWS;C:\WINDOWS\System32\Wbem;C:\WINDOWS\System32\WindowsPowerShell\v1.0\;C:\WINDOWS\System32\OpenSSH\;C:\Program Files\Git\cmd;C:\Program Files\Java\jdk-16.0.1\bin;C:\Program Files\Java\jdk-16.0.1\bin;C:\Program Files\Java\jdk-15.0.2\bin;C:\Users\ASUS\AppData\Local\Microsoft\WindowsApps;C:\Program Files\Java\jdk-16.0.1\bin;
USERNAME=ASUS
OS=Windows_NT
PROCESSOR_IDENTIFIER=Intel64 Family 6 Model 55 Stepping 8, GenuineIntel



---------------  S Y S T E M  ---------------

OS: Windows 10 , 64 bit Build 19041 (10.0.19041.1023)
OS uptime: 6 days 1:12 hours

CPU:total 4 (initial active 4) (4 cores per cpu, 1 threads per core) family 6 model 55 stepping 8, cmov, cx8, fxsr, mmx, sse, sse2, sse3, ssse3, sse4.1, sse4.2, popcnt, clmul, erms, 3dnowpref, tsc, tscinvbit

Memory: 4k page, system-wide physical 3982M (284M free)
TotalPageFile size 5687M (AvailPageFile size 15M)
current process WorkingSet (physical memory assigned to process): 505M, peak: 505M
current process commit charge ("private bytes"): 605M, peak: 605M

vm_info: OpenJDK 64-Bit Server VM (11.0.8+10-b944.6842174) for windows-amd64 JRE (11.0.8+10-b944.6842174), built on Sep 19 2020 01:11:42 by "builder" with MS VC++ 14.0 (VS2015)

END.
