#
# There is insufficient memory for the Java Runtime Environment to continue.
# Native memory allocation (malloc) failed to allocate 1264176 bytes for Chunk::new
# Possible reasons:
#   The system is out of physical RAM or swap space
#   The process is running with CompressedOops enabled, and the Java Heap may be blocking the growth of the native heap
# Possible solutions:
#   Reduce memory load on the system
#   Increase physical memory or swap space
#   Check if swap backing store is full
#   Decrease Java heap size (-Xmx/-Xms)
#   Decrease number of Java threads
#   Decrease Java thread stack sizes (-Xss)
#   Set larger code cache with -XX:ReservedCodeCacheSize=
#   JVM is running with Unscaled Compressed Oops mode in which the Java heap is
#     placed in the first 4GB address space. The Java Heap base address is the
#     maximum limit for the native heap growth. Please use -XX:HeapBaseMinAddress
#     to set the Java Heap base and to place the Java Heap above 4GB virtual address.
# This output file may be truncated or incomplete.
#
#  Out of Memory Error (./src/hotspot/share/memory/arena.cpp:197), pid=7000, tid=4800
#
# JRE version: OpenJDK Runtime Environment (11.0.8+10) (build 11.0.8+10-b944.6842174)
# Java VM: OpenJDK 64-Bit Server VM (11.0.8+10-b944.6842174, mixed mode, tiered, compressed oops, g1 gc, windows-amd64)
# No core dump will be written. Minidumps are not enabled by default on client versions of Windows
#

---------------  S U M M A R Y ------------

Command Line: --add-opens=java.base/java.util=ALL-UNNAMED --add-opens=java.base/java.lang=ALL-UNNAMED --add-opens=java.base/java.lang.invoke=ALL-UNNAMED --add-opens=java.prefs/java.util.prefs=ALL-UNNAMED -Xmx2048m -Dfile.encoding=UTF-8 -Duser.country=US -Duser.language=en -Duser.variant org.gradle.launcher.daemon.bootstrap.GradleDaemon 6.7.1

Host: Intel(R) Pentium(R) CPU  N3530  @ 2.16GHz, 4 cores, 3G,  Windows 10 , 64 bit Build 19041 (10.0.19041.1023)
Time: Wed Jul 21 15:38:24 2021 India Standard Time elapsed time: 83 seconds (0d 0h 1m 23s)

---------------  T H R E A D  ---------------

Current thread (0x000001e5fa185000):  JavaThread "C2 CompilerThread0" daemon [_thread_in_native, id=4800, stack(0x0000001a87700000,0x0000001a87800000)]


Current CompileTask:
C2:  83388 12862 %     4       org.objectweb.asm.ClassReader::readCode @ 2165 (5089 bytes)

Stack: [0x0000001a87700000,0x0000001a87800000]
Native frames: (J=compiled Java code, j=interpreted, Vv=VM code, C=native code)
V  [jvm.dll+0x5de50a]
V  [jvm.dll+0x7122f5]
V  [jvm.dll+0x71384d]
V  [jvm.dll+0x713f03]
V  [jvm.dll+0x23e728]
V  [jvm.dll+0xb899c]
V  [jvm.dll+0xb8e9c]
V  [jvm.dll+0x35024d]
V  [jvm.dll+0x193cbc]
V  [jvm.dll+0x1f780e]
V  [jvm.dll+0x1f68d4]
V  [jvm.dll+0x17f32c]
V  [jvm.dll+0x205047]
V  [jvm.dll+0x203891]
V  [jvm.dll+0x6dad3f]
V  [jvm.dll+0x6d3895]
V  [jvm.dll+0x5dd4a6]
C  [ucrtbase.dll+0x21bb2]
C  [KERNEL32.DLL+0x17034]
C  [ntdll.dll+0x52651]


---------------  P R O C E S S  ---------------

Threads class SMR info:
_java_thread_list=0x000001e5fae64410, length=47, elements={
0x000001e5eedbd800, 0x000001e5f97f5000, 0x000001e5f97fb800, 0x000001e5fa180800,
0x000001e5fa181800, 0x000001e5fa185000, 0x000001e5fa190000, 0x000001e5fa1cd000,
0x000001e5fa2c6000, 0x000001e5fa2e2000, 0x000001e5fb695000, 0x000001e5fb23b800,
0x000001e5fbcfa800, 0x000001e5fbfe7000, 0x000001e5fbcee800, 0x000001e5fbcef800,
0x000001e5fc284000, 0x000001e5fb0d7800, 0x000001e5fb1ec000, 0x000001e5fbc24800,
0x000001e5fbc26000, 0x000001e5fbc25000, 0x000001e5fbc27000, 0x000001e5fe4d8000,
0x000001e5fe4d5000, 0x000001e5fe4d9000, 0x000001e5fe4d5800, 0x000001e5fe4d7800,
0x000001e5fe4de000, 0x000001e5fe4df800, 0x000001e5fe4db800, 0x000001e5fe4e0800,
0x000001e5fe4da800, 0x000001e5fe647800, 0x000001e5fe649800, 0x000001e5fe64b800,
0x000001e5fe64c000, 0x000001e5fe646800, 0x000001e58f088800, 0x000001e58f089800,
0x000001e58f08a800, 0x000001e58f08c000, 0x000001e58f090000, 0x000001e58f08b000,
0x000001e58f08e800, 0x000001e58f08d800, 0x000001e58f091800
}

Java Threads: ( => current thread )
  0x000001e5eedbd800 JavaThread "main" [_thread_blocked, id=5596, stack(0x0000001a86c00000,0x0000001a86d00000)]
  0x000001e5f97f5000 JavaThread "Reference Handler" daemon [_thread_blocked, id=10068, stack(0x0000001a87300000,0x0000001a87400000)]
  0x000001e5f97fb800 JavaThread "Finalizer" daemon [_thread_blocked, id=10648, stack(0x0000001a87400000,0x0000001a87500000)]
  0x000001e5fa180800 JavaThread "Signal Dispatcher" daemon [_thread_blocked, id=2856, stack(0x0000001a87500000,0x0000001a87600000)]
  0x000001e5fa181800 JavaThread "Attach Listener" daemon [_thread_blocked, id=8552, stack(0x0000001a87600000,0x0000001a87700000)]
=>0x000001e5fa185000 JavaThread "C2 CompilerThread0" daemon [_thread_in_native, id=4800, stack(0x0000001a87700000,0x0000001a87800000)]
  0x000001e5fa190000 JavaThread "C1 CompilerThread0" daemon [_thread_blocked, id=2240, stack(0x0000001a87800000,0x0000001a87900000)]
  0x000001e5fa1cd000 JavaThread "Sweeper thread" daemon [_thread_blocked, id=7516, stack(0x0000001a87900000,0x0000001a87a00000)]
  0x000001e5fa2c6000 JavaThread "Common-Cleaner" daemon [_thread_blocked, id=4704, stack(0x0000001a87a00000,0x0000001a87b00000)]
  0x000001e5fa2e2000 JavaThread "Service Thread" daemon [_thread_blocked, id=4768, stack(0x0000001a87b00000,0x0000001a87c00000)]
  0x000001e5fb695000 JavaThread "Daemon health stats" [_thread_blocked, id=7236, stack(0x0000001a87f00000,0x0000001a88000000)]
  0x000001e5fb23b800 JavaThread "Incoming local TCP Connector on port 59783" [_thread_in_native, id=9512, stack(0x0000001a88100000,0x0000001a88200000)]
  0x000001e5fbcfa800 JavaThread "Daemon periodic checks" [_thread_blocked, id=6496, stack(0x0000001a88400000,0x0000001a88500000)]
  0x000001e5fbfe7000 JavaThread "Daemon" [_thread_blocked, id=2076, stack(0x0000001a88500000,0x0000001a88600000)]
  0x000001e5fbcee800 JavaThread "Handler for socket connection from /127.0.0.1:59783 to /127.0.0.1:59784" [_thread_in_native, id=1644, stack(0x0000001a88600000,0x0000001a88700000)]
  0x000001e5fbcef800 JavaThread "Cancel handler" [_thread_blocked, id=996, stack(0x0000001a88700000,0x0000001a88800000)]
  0x000001e5fc284000 JavaThread "Daemon worker" [_thread_in_native, id=7624, stack(0x0000001a88800000,0x0000001a88900000)]
  0x000001e5fb0d7800 JavaThread "Asynchronous log dispatcher for DefaultDaemonConnection: socket connection from /127.0.0.1:59783 to /127.0.0.1:59784" [_thread_blocked, id=2180, stack(0x0000001a88900000,0x0000001a88a00000)]
  0x000001e5fb1ec000 JavaThread "Thread-8" [_thread_blocked, id=2820, stack(0x0000001a88b00000,0x0000001a88c00000)]
  0x000001e5fbc24800 JavaThread "Cache worker for file hash cache (C:\caches\6.7.1\fileHashes)" [_thread_blocked, id=10636, stack(0x0000001a88c00000,0x0000001a88d00000)]
  0x000001e5fbc26000 JavaThread "File lock request listener" [_thread_in_native, id=9556, stack(0x0000001a88d00000,0x0000001a88e00000)]
  0x000001e5fbc25000 JavaThread "Cache worker for journal cache (C:\caches\journal-1)" [_thread_blocked, id=6508, stack(0x0000001a88e00000,0x0000001a88f00000)]
  0x000001e5fbc27000 JavaThread "Cache worker for file hash cache (C:\Users\ASUS\AndroidStudioProjects\VolleyDemo\.gradle\6.7.1\fileHashes)" [_thread_blocked, id=7820, stack(0x0000001a88f00000,0x0000001a89000000)]
  0x000001e5fe4d8000 JavaThread "Cache worker for checksums cache (C:\Users\ASUS\AndroidStudioProjects\VolleyDemo\.gradle\checksums)" [_thread_blocked, id=3984, stack(0x0000001a89000000,0x0000001a89100000)]
  0x000001e5fe4d5000 JavaThread "Cache worker for cache directory md-supplier (C:\caches\6.7.1\md-supplier)" [_thread_blocked, id=7828, stack(0x0000001a89100000,0x0000001a89200000)]
  0x000001e5fe4d9000 JavaThread "Cache worker for cache directory md-rule (C:\caches\6.7.1\md-rule)" [_thread_blocked, id=3708, stack(0x0000001a89300000,0x0000001a89400000)]
  0x000001e5fe4d5800 JavaThread "Cache worker for execution history cache (C:\caches\6.7.1\executionHistory)" [_thread_blocked, id=5948, stack(0x0000001a89400000,0x0000001a89500000)]
  0x000001e5fe4d7800 JavaThread "Cache worker for file content cache (C:\caches\6.7.1\fileContent)" [_thread_blocked, id=1156, stack(0x0000001a89600000,0x0000001a89700000)]
  0x000001e5fe4de000 JavaThread "Cache worker for Build Output Cleanup Cache (C:\Users\ASUS\AndroidStudioProjects\VolleyDemo\.gradle\buildOutputCleanup)" [_thread_blocked, id=9144, stack(0x0000001a89700000,0x0000001a89800000)]
  0x000001e5fe4df800 JavaThread "Build operations" [_thread_blocked, id=2220, stack(0x0000001a89800000,0x0000001a89900000)]
  0x000001e5fe4db800 JavaThread "Build operations Thread 2" [_thread_blocked, id=1076, stack(0x0000001a89900000,0x0000001a89a00000)]
  0x000001e5fe4e0800 JavaThread "Build operations Thread 3" [_thread_blocked, id=5540, stack(0x0000001a89a00000,0x0000001a89b00000)]
  0x000001e5fe4da800 JavaThread "Build operations Thread 4" [_thread_blocked, id=6356, stack(0x0000001a89b00000,0x0000001a89c00000)]
  0x000001e5fe647800 JavaThread "Memory manager" [_thread_blocked, id=6728, stack(0x0000001a8fc00000,0x0000001a8fd00000)]
  0x000001e5fe649800 JavaThread "build event listener" [_thread_blocked, id=7784, stack(0x0000001a8fd00000,0x0000001a8fe00000)]
  0x000001e5fe64b800 JavaThread "build event listener" [_thread_blocked, id=5196, stack(0x0000001a8fe00000,0x0000001a8ff00000)]
  0x000001e5fe64c000 JavaThread "Execution worker for ':'" [_thread_blocked, id=1772, stack(0x0000001a8ff00000,0x0000001a90000000)]
  0x000001e5fe646800 JavaThread "Execution worker for ':' Thread 2" [_thread_blocked, id=9800, stack(0x0000001a90000000,0x0000001a90100000)]
  0x000001e58f088800 JavaThread "Execution worker for ':' Thread 3" [_thread_blocked, id=8492, stack(0x0000001a90100000,0x0000001a90200000)]
  0x000001e58f089800 JavaThread "Cache worker for execution history cache (C:\Users\ASUS\AndroidStudioProjects\VolleyDemo\.gradle\6.7.1\executionHistory)" [_thread_blocked, id=7600, stack(0x0000001a89200000,0x0000001a89300000)]
  0x000001e58f08a800 JavaThread "WorkerExecutor Queue" [_thread_blocked, id=1868, stack(0x0000001a90300000,0x0000001a90400000)]
  0x000001e58f08c000 JavaThread "WorkerExecutor Queue Thread 2" [_thread_blocked, id=9948, stack(0x0000001a90400000,0x0000001a90500000)]
  0x000001e58f090000 JavaThread "pool-4-thread-1" [_thread_blocked, id=9880, stack(0x0000001a90500000,0x0000001a90600000)]
  0x000001e58f08b000 JavaThread "WorkerExecutor Queue Thread 3" [_thread_blocked, id=7724, stack(0x0000001a90600000,0x0000001a90700000)]
  0x000001e58f08e800 JavaThread "WorkerExecutor Queue Thread 5" [_thread_blocked, id=7956, stack(0x0000001a90800000,0x0000001a90900000)]
  0x000001e58f08d800 JavaThread "stderr" [_thread_in_native, id=11036, stack(0x0000001a86900000,0x0000001a86a00000)]
  0x000001e58f091800 JavaThread "stdout" [_thread_in_native, id=10172, stack(0x0000001a90700000,0x0000001a90800000)]

Other Threads:
  0x000001e5f97f0800 VMThread "VM Thread" [stack: 0x0000001a87200000,0x0000001a87300000] [id=10608]
  0x000001e5fa2fa800 WatcherThread [stack: 0x0000001a87c00000,0x0000001a87d00000] [id=10208]
  0x000001e5eedd1800 GCTaskThread "GC Thread#0" [stack: 0x0000001a86d00000,0x0000001a86e00000] [id=9456]
  0x000001e5faac4800 GCTaskThread "GC Thread#1" [stack: 0x0000001a87e00000,0x0000001a87f00000] [id=4528]
  0x000001e5fb8a9800 GCTaskThread "GC Thread#2" [stack: 0x0000001a88200000,0x0000001a88300000] [id=9168]
  0x000001e5fb7fc800 GCTaskThread "GC Thread#3" [stack: 0x0000001a88300000,0x0000001a88400000] [id=9796]
  0x000001e5eee03000 ConcurrentGCThread "G1 Main Marker" [stack: 0x0000001a86e00000,0x0000001a86f00000] [id=668]
  0x000001e5eee04800 ConcurrentGCThread "G1 Conc#0" [stack: 0x0000001a86f00000,0x0000001a87000000] [id=1808]
  0x000001e5eee5d000 ConcurrentGCThread "G1 Refine#0" [stack: 0x0000001a87000000,0x0000001a87100000] [id=8212]
  0x000001e5fe4b9800 ConcurrentGCThread "G1 Refine#1" [stack: 0x0000001a90200000,0x0000001a90300000] [id=7348]
  0x000001e5eee5e800 ConcurrentGCThread "G1 Young RemSet Sampling" [stack: 0x0000001a87100000,0x0000001a87200000] [id=8068]

Threads with active compile tasks:
C2 CompilerThread0  83644 12862 %     4       org.objectweb.asm.ClassReader::readCode @ 2165 (5089 bytes)

VM state:not at safepoint (normal execution)

VM Mutex/Monitor currently owned by a thread: None

Heap address: 0x0000000080000000, size: 2048 MB, Compressed Oops mode: 32-bit
Narrow klass base: 0x0000000000000000, Narrow klass shift: 3
Compressed class space size: 1073741824 Address: 0x0000000100000000

Heap:
 garbage-first heap   total 274432K, used 125299K [0x0000000080000000, 0x0000000100000000)
  region size 1024K, 44 young (45056K), 1 survivors (1024K)
 Metaspace       used 92590K, capacity 94944K, committed 94976K, reserved 1132544K
  class space    used 11951K, capacity 12769K, committed 12800K, reserved 1048576K
Heap Regions: E=young(eden), S=young(survivor), O=old, HS=humongous(starts), HC=humongous(continues), CS=collection set, F=free, A=archive, TAMS=top-at-mark-start (previous, next)
|   0|0x0000000080000000, 0x0000000080100000, 0x0000000080100000|100%| O|  |TAMS 0x0000000080100000, 0x0000000080000000| Untracked 
|   1|0x0000000080100000, 0x0000000080200000, 0x0000000080200000|100%| O|  |TAMS 0x0000000080200000, 0x0000000080100000| Untracked 
|   2|0x0000000080200000, 0x0000000080300000, 0x0000000080300000|100%| O|  |TAMS 0x0000000080300000, 0x0000000080200000| Untracked 
|   3|0x0000000080300000, 0x0000000080400000, 0x0000000080400000|100%|HS|  |TAMS 0x0000000080400000, 0x0000000080300000| Complete 
|   4|0x0000000080400000, 0x0000000080500000, 0x0000000080500000|100%|HC|  |TAMS 0x0000000080500000, 0x0000000080400000| Complete 
|   5|0x0000000080500000, 0x0000000080600000, 0x0000000080600000|100%|HC|  |TAMS 0x0000000080600000, 0x0000000080500000| Complete 
|   6|0x0000000080600000, 0x0000000080700000, 0x0000000080700000|100%| O|  |TAMS 0x0000000080700000, 0x0000000080600000| Untracked 
|   7|0x0000000080700000, 0x0000000080800000, 0x0000000080800000|100%| O|  |TAMS 0x0000000080800000, 0x0000000080700000| Untracked 
|   8|0x0000000080800000, 0x0000000080900000, 0x0000000080900000|100%| O|  |TAMS 0x0000000080900000, 0x0000000080800000| Untracked 
|   9|0x0000000080900000, 0x0000000080a00000, 0x0000000080a00000|100%| O|  |TAMS 0x0000000080a00000, 0x0000000080900000| Untracked 
|  10|0x0000000080a00000, 0x0000000080b00000, 0x0000000080b00000|100%| O|  |TAMS 0x0000000080b00000, 0x0000000080a00000| Untracked 
|  11|0x0000000080b00000, 0x0000000080c00000, 0x0000000080c00000|100%| O|  |TAMS 0x0000000080c00000, 0x0000000080b00000| Untracked 
|  12|0x0000000080c00000, 0x0000000080d00000, 0x0000000080d00000|100%| O|  |TAMS 0x0000000080d00000, 0x0000000080c00000| Untracked 
|  13|0x0000000080d00000, 0x0000000080e00000, 0x0000000080e00000|100%| O|  |TAMS 0x0000000080e00000, 0x0000000080d00000| Untracked 
|  14|0x0000000080e00000, 0x0000000080f00000, 0x0000000080f00000|100%| O|  |TAMS 0x0000000080f00000, 0x0000000080e00000| Untracked 
|  15|0x0000000080f00000, 0x0000000081000000, 0x0000000081000000|100%| O|  |TAMS 0x0000000081000000, 0x0000000080f00000| Untracked 
|  16|0x0000000081000000, 0x0000000081100000, 0x0000000081100000|100%| O|  |TAMS 0x0000000081100000, 0x0000000081000000| Untracked 
|  17|0x0000000081100000, 0x0000000081200000, 0x0000000081200000|100%| O|  |TAMS 0x0000000081200000, 0x0000000081100000| Untracked 
|  18|0x0000000081200000, 0x0000000081300000, 0x0000000081300000|100%|HS|  |TAMS 0x0000000081300000, 0x0000000081200000| Complete 
|  19|0x0000000081300000, 0x0000000081400000, 0x0000000081400000|100%| O|  |TAMS 0x0000000081400000, 0x0000000081300000| Untracked 
|  20|0x0000000081400000, 0x0000000081500000, 0x0000000081500000|100%| O|  |TAMS 0x0000000081500000, 0x0000000081400000| Untracked 
|  21|0x0000000081500000, 0x0000000081600000, 0x0000000081600000|100%| O|  |TAMS 0x0000000081600000, 0x0000000081500000| Untracked 
|  22|0x0000000081600000, 0x0000000081700000, 0x0000000081700000|100%| O|  |TAMS 0x0000000081700000, 0x0000000081600000| Untracked 
|  23|0x0000000081700000, 0x0000000081800000, 0x0000000081800000|100%| O|  |TAMS 0x0000000081800000, 0x0000000081700000| Untracked 
|  24|0x0000000081800000, 0x0000000081900000, 0x0000000081900000|100%| O|  |TAMS 0x0000000081900000, 0x0000000081800000| Untracked 
|  25|0x0000000081900000, 0x0000000081a00000, 0x0000000081a00000|100%|HS|  |TAMS 0x0000000081a00000, 0x0000000081900000| Complete 
|  26|0x0000000081a00000, 0x0000000081b00000, 0x0000000081b00000|100%|HC|  |TAMS 0x0000000081b00000, 0x0000000081a00000| Complete 
|  27|0x0000000081b00000, 0x0000000081c00000, 0x0000000081c00000|100%| O|  |TAMS 0x0000000081c00000, 0x0000000081b00000| Untracked 
|  28|0x0000000081c00000, 0x0000000081d00000, 0x0000000081d00000|100%| O|  |TAMS 0x0000000081d00000, 0x0000000081c00000| Untracked 
|  29|0x0000000081d00000, 0x0000000081e00000, 0x0000000081e00000|100%| O|  |TAMS 0x0000000081e00000, 0x0000000081d00000| Untracked 
|  30|0x0000000081e00000, 0x0000000081f00000, 0x0000000081f00000|100%| O|  |TAMS 0x0000000081f00000, 0x0000000081e00000| Untracked 
|  31|0x0000000081f00000, 0x0000000082000000, 0x0000000082000000|100%| O|  |TAMS 0x0000000082000000, 0x0000000081f00000| Untracked 
|  32|0x0000000082000000, 0x0000000082100000, 0x0000000082100000|100%| O|  |TAMS 0x0000000082100000, 0x0000000082000000| Untracked 
|  33|0x0000000082100000, 0x0000000082200000, 0x0000000082200000|100%| O|  |TAMS 0x0000000082200000, 0x0000000082100000| Untracked 
|  34|0x0000000082200000, 0x0000000082300000, 0x0000000082300000|100%| O|  |TAMS 0x0000000082300000, 0x0000000082200000| Untracked 
|  35|0x0000000082300000, 0x0000000082400000, 0x0000000082400000|100%| O|  |TAMS 0x0000000082400000, 0x0000000082300000| Untracked 
|  36|0x0000000082400000, 0x0000000082500000, 0x0000000082500000|100%| O|  |TAMS 0x0000000082500000, 0x0000000082400000| Untracked 
|  37|0x0000000082500000, 0x0000000082600000, 0x0000000082600000|100%| O|  |TAMS 0x0000000082600000, 0x0000000082500000| Untracked 
|  38|0x0000000082600000, 0x0000000082700000, 0x0000000082700000|100%| O|  |TAMS 0x0000000082700000, 0x0000000082600000| Untracked 
|  39|0x0000000082700000, 0x0000000082800000, 0x0000000082800000|100%| O|  |TAMS 0x0000000082800000, 0x0000000082700000| Untracked 
|  40|0x0000000082800000, 0x0000000082900000, 0x0000000082900000|100%| O|  |TAMS 0x0000000082900000, 0x0000000082800000| Untracked 
|  41|0x0000000082900000, 0x0000000082a00000, 0x0000000082a00000|100%| O|  |TAMS 0x0000000082a00000, 0x0000000082900000| Untracked 
|  42|0x0000000082a00000, 0x0000000082b00000, 0x0000000082b00000|100%| O|  |TAMS 0x0000000082b00000, 0x0000000082a00000| Untracked 
|  43|0x0000000082b00000, 0x0000000082c00000, 0x0000000082c00000|100%| O|  |TAMS 0x0000000082c00000, 0x0000000082b00000| Untracked 
|  44|0x0000000082c00000, 0x0000000082d00000, 0x0000000082d00000|100%| O|  |TAMS 0x0000000082d00000, 0x0000000082c00000| Untracked 
|  45|0x0000000082d00000, 0x0000000082e00000, 0x0000000082e00000|100%| O|  |TAMS 0x0000000082e00000, 0x0000000082d00000| Untracked 
|  46|0x0000000082e00000, 0x0000000082f00000, 0x0000000082f00000|100%| O|  |TAMS 0x0000000082f00000, 0x0000000082e00000| Untracked 
|  47|0x0000000082f00000, 0x0000000083000000, 0x0000000083000000|100%| O|  |TAMS 0x0000000083000000, 0x0000000082f00000| Untracked 
|  48|0x0000000083000000, 0x0000000083100000, 0x0000000083100000|100%| O|  |TAMS 0x0000000083100000, 0x0000000083000000| Untracked 
|  49|0x0000000083100000, 0x0000000083200000, 0x0000000083200000|100%| O|  |TAMS 0x0000000083200000, 0x0000000083100000| Untracked 
|  50|0x0000000083200000, 0x0000000083300000, 0x0000000083300000|100%| O|  |TAMS 0x0000000083300000, 0x0000000083200000| Untracked 
|  51|0x0000000083300000, 0x0000000083400000, 0x0000000083400000|100%| O|  |TAMS 0x0000000083400000, 0x0000000083300000| Untracked 
|  52|0x0000000083400000, 0x0000000083500000, 0x0000000083500000|100%| O|  |TAMS 0x0000000083500000, 0x0000000083400000| Untracked 
|  53|0x0000000083500000, 0x0000000083600000, 0x0000000083600000|100%| O|  |TAMS 0x0000000083500000, 0x0000000083500000| Untracked 
|  54|0x0000000083600000, 0x000000008365e200, 0x0000000083700000| 36%| O|  |TAMS 0x0000000083600000, 0x0000000083600000| Untracked 
|  55|0x0000000083700000, 0x0000000083800000, 0x0000000083800000|100%| O|  |TAMS 0x0000000083800000, 0x0000000083700000| Untracked 
|  56|0x0000000083800000, 0x0000000083800000, 0x0000000083900000|  0%| F|  |TAMS 0x0000000083800000, 0x0000000083800000| Untracked 
|  57|0x0000000083900000, 0x0000000083a00000, 0x0000000083a00000|100%| O|  |TAMS 0x0000000083a00000, 0x0000000083900000| Untracked 
|  58|0x0000000083a00000, 0x0000000083b00000, 0x0000000083b00000|100%| O|  |TAMS 0x0000000083b00000, 0x0000000083a00000| Untracked 
|  59|0x0000000083b00000, 0x0000000083c00000, 0x0000000083c00000|100%| O|  |TAMS 0x0000000083c00000, 0x0000000083b00000| Untracked 
|  60|0x0000000083c00000, 0x0000000083c00000, 0x0000000083d00000|  0%| F|  |TAMS 0x0000000083c00000, 0x0000000083c00000| Untracked 
|  61|0x0000000083d00000, 0x0000000083d00000, 0x0000000083e00000|  0%| F|  |TAMS 0x0000000083d00000, 0x0000000083d00000| Untracked 
|  62|0x0000000083e00000, 0x0000000083f00000, 0x0000000083f00000|100%| O|  |TAMS 0x0000000083f00000, 0x0000000083e00000| Untracked 
|  63|0x0000000083f00000, 0x0000000084000000, 0x0000000084000000|100%| O|  |TAMS 0x0000000084000000, 0x0000000083f00000| Untracked 
|  64|0x0000000084000000, 0x0000000084000000, 0x0000000084100000|  0%| F|  |TAMS 0x0000000084000000, 0x0000000084000000| Untracked 
|  65|0x0000000084100000, 0x0000000084200000, 0x0000000084200000|100%| O|  |TAMS 0x0000000084200000, 0x0000000084100000| Untracked 
|  66|0x0000000084200000, 0x0000000084200000, 0x0000000084300000|  0%| F|  |TAMS 0x0000000084200000, 0x0000000084200000| Untracked 
|  67|0x0000000084300000, 0x0000000084300000, 0x0000000084400000|  0%| F|  |TAMS 0x0000000084300000, 0x0000000084300000| Untracked 
|  68|0x0000000084400000, 0x0000000084400000, 0x0000000084500000|  0%| F|  |TAMS 0x0000000084400000, 0x0000000084400000| Untracked 
|  69|0x0000000084500000, 0x0000000084500000, 0x0000000084600000|  0%| F|  |TAMS 0x0000000084500000, 0x0000000084500000| Untracked 
|  70|0x0000000084600000, 0x0000000084700000, 0x0000000084700000|100%| O|  |TAMS 0x0000000084700000, 0x0000000084600000| Untracked 
|  71|0x0000000084700000, 0x0000000084800000, 0x0000000084800000|100%| O|  |TAMS 0x0000000084800000, 0x0000000084700000| Untracked 
|  72|0x0000000084800000, 0x0000000084800000, 0x0000000084900000|  0%| F|  |TAMS 0x0000000084800000, 0x0000000084800000| Untracked 
|  73|0x0000000084900000, 0x0000000084900000, 0x0000000084a00000|  0%| F|  |TAMS 0x0000000084900000, 0x0000000084900000| Untracked 
|  74|0x0000000084a00000, 0x0000000084a00000, 0x0000000084b00000|  0%| F|  |TAMS 0x0000000084a00000, 0x0000000084a00000| Untracked 
|  75|0x0000000084b00000, 0x0000000084b00000, 0x0000000084c00000|  0%| F|  |TAMS 0x0000000084b00000, 0x0000000084b00000| Untracked 
|  76|0x0000000084c00000, 0x0000000084d00000, 0x0000000084d00000|100%| O|  |TAMS 0x0000000084d00000, 0x0000000084c00000| Untracked 
|  77|0x0000000084d00000, 0x0000000084d00000, 0x0000000084e00000|  0%| F|  |TAMS 0x0000000084d00000, 0x0000000084d00000| Untracked 
|  78|0x0000000084e00000, 0x0000000084f00000, 0x0000000084f00000|100%| O|  |TAMS 0x0000000084f00000, 0x0000000084e00000| Untracked 
|  79|0x0000000084f00000, 0x0000000085000000, 0x0000000085000000|100%| O|  |TAMS 0x0000000085000000, 0x0000000084f00000| Untracked 
|  80|0x0000000085000000, 0x0000000085000000, 0x0000000085100000|  0%| F|  |TAMS 0x0000000085000000, 0x0000000085000000| Untracked 
|  81|0x0000000085100000, 0x0000000085100000, 0x0000000085200000|  0%| F|  |TAMS 0x0000000085100000, 0x0000000085100000| Untracked 
|  82|0x0000000085200000, 0x0000000085200000, 0x0000000085300000|  0%| F|  |TAMS 0x0000000085200000, 0x0000000085200000| Untracked 
|  83|0x0000000085300000, 0x0000000085300000, 0x0000000085400000|  0%| F|  |TAMS 0x0000000085300000, 0x0000000085300000| Untracked 
|  84|0x0000000085400000, 0x0000000085400000, 0x0000000085500000|  0%| F|  |TAMS 0x0000000085400000, 0x0000000085400000| Untracked 
|  85|0x0000000085500000, 0x0000000085500000, 0x0000000085600000|  0%| F|  |TAMS 0x0000000085500000, 0x0000000085500000| Untracked 
|  86|0x0000000085600000, 0x0000000085700000, 0x0000000085700000|100%| O|  |TAMS 0x0000000085700000, 0x0000000085600000| Untracked 
|  87|0x0000000085700000, 0x0000000085800000, 0x0000000085800000|100%| O|  |TAMS 0x0000000085800000, 0x0000000085700000| Untracked 
|  88|0x0000000085800000, 0x0000000085900000, 0x0000000085900000|100%| O|  |TAMS 0x0000000085900000, 0x0000000085800000| Untracked 
|  89|0x0000000085900000, 0x0000000085a00000, 0x0000000085a00000|100%| O|  |TAMS 0x0000000085a00000, 0x0000000085900000| Untracked 
|  90|0x0000000085a00000, 0x0000000085b00000, 0x0000000085b00000|100%| O|  |TAMS 0x0000000085b00000, 0x0000000085a00000| Untracked 
|  91|0x0000000085b00000, 0x0000000085b00000, 0x0000000085c00000|  0%| F|  |TAMS 0x0000000085b00000, 0x0000000085b00000| Untracked 
|  92|0x0000000085c00000, 0x0000000085c00000, 0x0000000085d00000|  0%| F|  |TAMS 0x0000000085c00000, 0x0000000085c00000| Untracked 
|  93|0x0000000085d00000, 0x0000000085d00000, 0x0000000085e00000|  0%| F|  |TAMS 0x0000000085d00000, 0x0000000085d00000| Untracked 
|  94|0x0000000085e00000, 0x0000000085e00000, 0x0000000085f00000|  0%| F|  |TAMS 0x0000000085e00000, 0x0000000085e00000| Untracked 
|  95|0x0000000085f00000, 0x0000000085f00000, 0x0000000086000000|  0%| F|  |TAMS 0x0000000085f00000, 0x0000000085f00000| Untracked 
|  96|0x0000000086000000, 0x0000000086000000, 0x0000000086100000|  0%| F|  |TAMS 0x0000000086000000, 0x0000000086000000| Untracked 
|  97|0x0000000086100000, 0x0000000086100000, 0x0000000086200000|  0%| F|  |TAMS 0x0000000086100000, 0x0000000086100000| Untracked 
|  98|0x0000000086200000, 0x0000000086200000, 0x0000000086300000|  0%| F|  |TAMS 0x0000000086200000, 0x0000000086200000| Untracked 
|  99|0x0000000086300000, 0x0000000086300000, 0x0000000086400000|  0%| F|  |TAMS 0x0000000086300000, 0x0000000086300000| Untracked 
| 100|0x0000000086400000, 0x0000000086400000, 0x0000000086500000|  0%| F|  |TAMS 0x0000000086400000, 0x0000000086400000| Untracked 
| 101|0x0000000086500000, 0x0000000086500000, 0x0000000086600000|  0%| F|  |TAMS 0x0000000086500000, 0x0000000086500000| Untracked 
| 102|0x0000000086600000, 0x0000000086600000, 0x0000000086700000|  0%| F|  |TAMS 0x0000000086600000, 0x0000000086600000| Untracked 
| 103|0x0000000086700000, 0x0000000086700000, 0x0000000086800000|  0%| F|  |TAMS 0x0000000086700000, 0x0000000086700000| Untracked 
| 104|0x0000000086800000, 0x0000000086800000, 0x0000000086900000|  0%| F|  |TAMS 0x0000000086800000, 0x0000000086800000| Untracked 
| 105|0x0000000086900000, 0x0000000086900000, 0x0000000086a00000|  0%| F|  |TAMS 0x0000000086900000, 0x0000000086900000| Untracked 
| 106|0x0000000086a00000, 0x0000000086a00000, 0x0000000086b00000|  0%| F|  |TAMS 0x0000000086a00000, 0x0000000086a00000| Untracked 
| 107|0x0000000086b00000, 0x0000000086b00000, 0x0000000086c00000|  0%| F|  |TAMS 0x0000000086b00000, 0x0000000086b00000| Untracked 
| 108|0x0000000086c00000, 0x0000000086c00000, 0x0000000086d00000|  0%| F|  |TAMS 0x0000000086c00000, 0x0000000086c00000| Untracked 
| 109|0x0000000086d00000, 0x0000000086d00000, 0x0000000086e00000|  0%| F|  |TAMS 0x0000000086d00000, 0x0000000086d00000| Untracked 
| 110|0x0000000086e00000, 0x0000000086e00000, 0x0000000086f00000|  0%| F|  |TAMS 0x0000000086e00000, 0x0000000086e00000| Untracked 
| 111|0x0000000086f00000, 0x0000000086f00000, 0x0000000087000000|  0%| F|  |TAMS 0x0000000086f00000, 0x0000000086f00000| Untracked 
| 112|0x0000000087000000, 0x0000000087100000, 0x0000000087100000|100%| O|  |TAMS 0x0000000087100000, 0x0000000087000000| Untracked 
| 113|0x0000000087100000, 0x0000000087100000, 0x0000000087200000|  0%| F|  |TAMS 0x0000000087100000, 0x0000000087100000| Untracked 
| 114|0x0000000087200000, 0x0000000087300000, 0x0000000087300000|100%| O|  |TAMS 0x0000000087300000, 0x0000000087200000| Untracked 
| 115|0x0000000087300000, 0x0000000087400000, 0x0000000087400000|100%| O|  |TAMS 0x0000000087400000, 0x0000000087300000| Untracked 
| 116|0x0000000087400000, 0x0000000087500000, 0x0000000087500000|100%| O|  |TAMS 0x0000000087500000, 0x0000000087400000| Untracked 
| 117|0x0000000087500000, 0x0000000087500000, 0x0000000087600000|  0%| F|  |TAMS 0x0000000087500000, 0x0000000087500000| Untracked 
| 118|0x0000000087600000, 0x0000000087600000, 0x0000000087700000|  0%| F|  |TAMS 0x0000000087600000, 0x0000000087600000| Untracked 
| 119|0x0000000087700000, 0x0000000087700000, 0x0000000087800000|  0%| F|  |TAMS 0x0000000087700000, 0x0000000087700000| Untracked 
| 120|0x0000000087800000, 0x0000000087800000, 0x0000000087900000|  0%| F|  |TAMS 0x0000000087800000, 0x0000000087800000| Untracked 
| 121|0x0000000087900000, 0x0000000087900000, 0x0000000087a00000|  0%| F|  |TAMS 0x0000000087900000, 0x0000000087900000| Untracked 
| 122|0x0000000087a00000, 0x0000000087a00000, 0x0000000087b00000|  0%| F|  |TAMS 0x0000000087a00000, 0x0000000087a00000| Untracked 
| 123|0x0000000087b00000, 0x0000000087b00000, 0x0000000087c00000|  0%| F|  |TAMS 0x0000000087b00000, 0x0000000087b00000| Untracked 
| 124|0x0000000087c00000, 0x0000000087c00000, 0x0000000087d00000|  0%| F|  |TAMS 0x0000000087c00000, 0x0000000087c00000| Untracked 
| 125|0x0000000087d00000, 0x0000000087e00000, 0x0000000087e00000|100%| O|  |TAMS 0x0000000087e00000, 0x0000000087d00000| Untracked 
| 126|0x0000000087e00000, 0x0000000087f00000, 0x0000000087f00000|100%| O|  |TAMS 0x0000000087ee8800, 0x0000000087e00000| Untracked 
| 127|0x0000000087f00000, 0x0000000088000000, 0x0000000088000000|100%|HS|  |TAMS 0x0000000087f00000, 0x0000000087f00000| Complete 
| 128|0x0000000088000000, 0x0000000088100000, 0x0000000088100000|100%|HC|  |TAMS 0x0000000088000000, 0x0000000088000000| Complete 
| 129|0x0000000088100000, 0x0000000088100000, 0x0000000088200000|  0%| F|  |TAMS 0x0000000088100000, 0x0000000088100000| Untracked 
| 130|0x0000000088200000, 0x0000000088200000, 0x0000000088300000|  0%| F|  |TAMS 0x0000000088200000, 0x0000000088200000| Untracked 
| 131|0x0000000088300000, 0x0000000088300000, 0x0000000088400000|  0%| F|  |TAMS 0x0000000088300000, 0x0000000088300000| Untracked 
| 132|0x0000000088400000, 0x0000000088400000, 0x0000000088500000|  0%| F|  |TAMS 0x0000000088400000, 0x0000000088400000| Untracked 
| 133|0x0000000088500000, 0x0000000088500000, 0x0000000088600000|  0%| F|  |TAMS 0x0000000088500000, 0x0000000088500000| Untracked 
| 134|0x0000000088600000, 0x0000000088600000, 0x0000000088700000|  0%| F|  |TAMS 0x0000000088600000, 0x0000000088600000| Untracked 
| 135|0x0000000088700000, 0x0000000088700000, 0x0000000088800000|  0%| F|  |TAMS 0x0000000088700000, 0x0000000088700000| Untracked 
| 136|0x0000000088800000, 0x0000000088800000, 0x0000000088900000|  0%| F|  |TAMS 0x0000000088800000, 0x0000000088800000| Untracked 
| 137|0x0000000088900000, 0x0000000088900000, 0x0000000088a00000|  0%| F|  |TAMS 0x0000000088900000, 0x0000000088900000| Untracked 
| 138|0x0000000088a00000, 0x0000000088a00000, 0x0000000088b00000|  0%| F|  |TAMS 0x0000000088a00000, 0x0000000088a00000| Untracked 
| 139|0x0000000088b00000, 0x0000000088b00000, 0x0000000088c00000|  0%| F|  |TAMS 0x0000000088b00000, 0x0000000088b00000| Untracked 
| 140|0x0000000088c00000, 0x0000000088c00000, 0x0000000088d00000|  0%| F|  |TAMS 0x0000000088c00000, 0x0000000088c00000| Untracked 
| 141|0x0000000088d00000, 0x0000000088d00000, 0x0000000088e00000|  0%| F|  |TAMS 0x0000000088d00000, 0x0000000088d00000| Untracked 
| 142|0x0000000088e00000, 0x0000000088e00000, 0x0000000088f00000|  0%| F|  |TAMS 0x0000000088e00000, 0x0000000088e00000| Untracked 
| 143|0x0000000088f00000, 0x0000000088f00000, 0x0000000089000000|  0%| F|  |TAMS 0x0000000088f00000, 0x0000000088f00000| Untracked 
| 144|0x0000000089000000, 0x0000000089000000, 0x0000000089100000|  0%| F|  |TAMS 0x0000000089000000, 0x0000000089000000| Untracked 
| 145|0x0000000089100000, 0x0000000089100000, 0x0000000089200000|  0%| F|  |TAMS 0x0000000089100000, 0x0000000089100000| Untracked 
| 146|0x0000000089200000, 0x0000000089200000, 0x0000000089300000|  0%| F|  |TAMS 0x0000000089200000, 0x0000000089200000| Untracked 
| 147|0x0000000089300000, 0x0000000089300000, 0x0000000089400000|  0%| F|  |TAMS 0x0000000089300000, 0x0000000089300000| Untracked 
| 148|0x0000000089400000, 0x0000000089400000, 0x0000000089500000|  0%| F|  |TAMS 0x0000000089400000, 0x0000000089400000| Untracked 
| 149|0x0000000089500000, 0x0000000089500000, 0x0000000089600000|  0%| F|  |TAMS 0x0000000089500000, 0x0000000089500000| Untracked 
| 150|0x0000000089600000, 0x0000000089600000, 0x0000000089700000|  0%| F|  |TAMS 0x0000000089600000, 0x0000000089600000| Untracked 
| 151|0x0000000089700000, 0x0000000089700000, 0x0000000089800000|  0%| F|  |TAMS 0x0000000089700000, 0x0000000089700000| Untracked 
| 152|0x0000000089800000, 0x0000000089800000, 0x0000000089900000|  0%| F|  |TAMS 0x0000000089800000, 0x0000000089800000| Untracked 
| 153|0x0000000089900000, 0x0000000089900000, 0x0000000089a00000|  0%| F|  |TAMS 0x0000000089900000, 0x0000000089900000| Untracked 
| 154|0x0000000089a00000, 0x0000000089a00000, 0x0000000089b00000|  0%| F|  |TAMS 0x0000000089a00000, 0x0000000089a00000| Untracked 
| 155|0x0000000089b00000, 0x0000000089b00000, 0x0000000089c00000|  0%| F|  |TAMS 0x0000000089b00000, 0x0000000089b00000| Untracked 
| 156|0x0000000089c00000, 0x0000000089c00000, 0x0000000089d00000|  0%| F|  |TAMS 0x0000000089c00000, 0x0000000089c00000| Untracked 
| 157|0x0000000089d00000, 0x0000000089d00000, 0x0000000089e00000|  0%| F|  |TAMS 0x0000000089d00000, 0x0000000089d00000| Untracked 
| 158|0x0000000089e00000, 0x0000000089e00000, 0x0000000089f00000|  0%| F|  |TAMS 0x0000000089e00000, 0x0000000089e00000| Untracked 
| 159|0x0000000089f00000, 0x0000000089f00000, 0x000000008a000000|  0%| F|  |TAMS 0x0000000089f00000, 0x0000000089f00000| Untracked 
| 160|0x000000008a000000, 0x000000008a000000, 0x000000008a100000|  0%| F|  |TAMS 0x000000008a000000, 0x000000008a000000| Untracked 
| 161|0x000000008a100000, 0x000000008a100000, 0x000000008a200000|  0%| F|  |TAMS 0x000000008a100000, 0x000000008a100000| Untracked 
| 162|0x000000008a200000, 0x000000008a200000, 0x000000008a300000|  0%| F|  |TAMS 0x000000008a200000, 0x000000008a200000| Untracked 
| 163|0x000000008a300000, 0x000000008a300000, 0x000000008a400000|  0%| F|  |TAMS 0x000000008a300000, 0x000000008a300000| Untracked 
| 164|0x000000008a400000, 0x000000008a400000, 0x000000008a500000|  0%| F|  |TAMS 0x000000008a400000, 0x000000008a400000| Untracked 
| 165|0x000000008a500000, 0x000000008a500000, 0x000000008a600000|  0%| F|  |TAMS 0x000000008a500000, 0x000000008a500000| Untracked 
| 166|0x000000008a600000, 0x000000008a600000, 0x000000008a700000|  0%| F|  |TAMS 0x000000008a600000, 0x000000008a600000| Untracked 
| 167|0x000000008a700000, 0x000000008a700000, 0x000000008a800000|  0%| F|  |TAMS 0x000000008a700000, 0x000000008a700000| Untracked 
| 168|0x000000008a800000, 0x000000008a800000, 0x000000008a900000|  0%| F|  |TAMS 0x000000008a800000, 0x000000008a800000| Untracked 
| 169|0x000000008a900000, 0x000000008a900000, 0x000000008aa00000|  0%| F|  |TAMS 0x000000008a900000, 0x000000008a900000| Untracked 
| 170|0x000000008aa00000, 0x000000008aa00000, 0x000000008ab00000|  0%| F|  |TAMS 0x000000008aa00000, 0x000000008aa00000| Untracked 
| 171|0x000000008ab00000, 0x000000008ab00000, 0x000000008ac00000|  0%| F|  |TAMS 0x000000008ab00000, 0x000000008ab00000| Untracked 
| 172|0x000000008ac00000, 0x000000008ac00000, 0x000000008ad00000|  0%| F|  |TAMS 0x000000008ac00000, 0x000000008ac00000| Untracked 
| 173|0x000000008ad00000, 0x000000008ad00000, 0x000000008ae00000|  0%| F|  |TAMS 0x000000008ad00000, 0x000000008ad00000| Untracked 
| 174|0x000000008ae00000, 0x000000008ae00000, 0x000000008af00000|  0%| F|  |TAMS 0x000000008ae00000, 0x000000008ae00000| Untracked 
| 175|0x000000008af00000, 0x000000008af00000, 0x000000008b000000|  0%| F|  |TAMS 0x000000008af00000, 0x000000008af00000| Untracked 
| 176|0x000000008b000000, 0x000000008b000000, 0x000000008b100000|  0%| F|  |TAMS 0x000000008b000000, 0x000000008b000000| Untracked 
| 177|0x000000008b100000, 0x000000008b100000, 0x000000008b200000|  0%| F|  |TAMS 0x000000008b100000, 0x000000008b100000| Untracked 
| 178|0x000000008b200000, 0x000000008b200000, 0x000000008b300000|  0%| F|  |TAMS 0x000000008b200000, 0x000000008b200000| Untracked 
| 179|0x000000008b300000, 0x000000008b300000, 0x000000008b400000|  0%| F|  |TAMS 0x000000008b300000, 0x000000008b300000| Untracked 
| 180|0x000000008b400000, 0x000000008b400000, 0x000000008b500000|  0%| F|  |TAMS 0x000000008b400000, 0x000000008b400000| Untracked 
| 181|0x000000008b500000, 0x000000008b500000, 0x000000008b600000|  0%| F|  |TAMS 0x000000008b500000, 0x000000008b500000| Untracked 
| 182|0x000000008b600000, 0x000000008b600000, 0x000000008b700000|  0%| F|  |TAMS 0x000000008b600000, 0x000000008b600000| Untracked 
| 183|0x000000008b700000, 0x000000008b700000, 0x000000008b800000|  0%| F|  |TAMS 0x000000008b700000, 0x000000008b700000| Untracked 
| 184|0x000000008b800000, 0x000000008b800000, 0x000000008b900000|  0%| F|  |TAMS 0x000000008b800000, 0x000000008b800000| Untracked 
| 185|0x000000008b900000, 0x000000008b900000, 0x000000008ba00000|  0%| F|  |TAMS 0x000000008b900000, 0x000000008b900000| Untracked 
| 186|0x000000008ba00000, 0x000000008ba00000, 0x000000008bb00000|  0%| F|  |TAMS 0x000000008ba00000, 0x000000008ba00000| Untracked 
| 187|0x000000008bb00000, 0x000000008bb00000, 0x000000008bc00000|  0%| F|  |TAMS 0x000000008bb00000, 0x000000008bb00000| Untracked 
| 188|0x000000008bc00000, 0x000000008bc00000, 0x000000008bd00000|  0%| F|  |TAMS 0x000000008bc00000, 0x000000008bc00000| Untracked 
| 189|0x000000008bd00000, 0x000000008bd00000, 0x000000008be00000|  0%| F|  |TAMS 0x000000008bd00000, 0x000000008bd00000| Untracked 
| 190|0x000000008be00000, 0x000000008be00000, 0x000000008bf00000|  0%| F|  |TAMS 0x000000008be00000, 0x000000008be00000| Untracked 
| 191|0x000000008bf00000, 0x000000008bf00000, 0x000000008c000000|  0%| F|  |TAMS 0x000000008bf00000, 0x000000008bf00000| Untracked 
| 192|0x000000008c000000, 0x000000008c000000, 0x000000008c100000|  0%| F|  |TAMS 0x000000008c000000, 0x000000008c000000| Untracked 
| 193|0x000000008c100000, 0x000000008c100000, 0x000000008c200000|  0%| F|  |TAMS 0x000000008c100000, 0x000000008c100000| Untracked 
| 194|0x000000008c200000, 0x000000008c200000, 0x000000008c300000|  0%| F|  |TAMS 0x000000008c200000, 0x000000008c200000| Untracked 
| 195|0x000000008c300000, 0x000000008c300000, 0x000000008c400000|  0%| F|  |TAMS 0x000000008c300000, 0x000000008c300000| Untracked 
| 196|0x000000008c400000, 0x000000008c400000, 0x000000008c500000|  0%| F|  |TAMS 0x000000008c400000, 0x000000008c400000| Untracked 
| 197|0x000000008c500000, 0x000000008c500000, 0x000000008c600000|  0%| F|  |TAMS 0x000000008c500000, 0x000000008c500000| Untracked 
| 198|0x000000008c600000, 0x000000008c600000, 0x000000008c700000|  0%| F|  |TAMS 0x000000008c600000, 0x000000008c600000| Untracked 
| 199|0x000000008c700000, 0x000000008c700000, 0x000000008c800000|  0%| F|  |TAMS 0x000000008c700000, 0x000000008c700000| Untracked 
| 200|0x000000008c800000, 0x000000008c800000, 0x000000008c900000|  0%| F|  |TAMS 0x000000008c800000, 0x000000008c800000| Untracked 
| 201|0x000000008c900000, 0x000000008c900000, 0x000000008ca00000|  0%| F|  |TAMS 0x000000008c900000, 0x000000008c900000| Untracked 
| 202|0x000000008ca00000, 0x000000008ca00000, 0x000000008cb00000|  0%| F|  |TAMS 0x000000008ca00000, 0x000000008ca00000| Untracked 
| 203|0x000000008cb00000, 0x000000008cb00000, 0x000000008cc00000|  0%| F|  |TAMS 0x000000008cb00000, 0x000000008cb00000| Untracked 
| 204|0x000000008cc00000, 0x000000008cc00000, 0x000000008cd00000|  0%| F|  |TAMS 0x000000008cc00000, 0x000000008cc00000| Untracked 
| 205|0x000000008cd00000, 0x000000008cd00000, 0x000000008ce00000|  0%| F|  |TAMS 0x000000008cd00000, 0x000000008cd00000| Untracked 
| 206|0x000000008ce00000, 0x000000008ce00000, 0x000000008cf00000|  0%| F|  |TAMS 0x000000008ce00000, 0x000000008ce00000| Untracked 
| 207|0x000000008cf00000, 0x000000008cf00000, 0x000000008d000000|  0%| F|  |TAMS 0x000000008cf00000, 0x000000008cf00000| Untracked 
| 208|0x000000008d000000, 0x000000008d000000, 0x000000008d100000|  0%| F|  |TAMS 0x000000008d000000, 0x000000008d000000| Untracked 
| 209|0x000000008d100000, 0x000000008d100000, 0x000000008d200000|  0%| F|  |TAMS 0x000000008d100000, 0x000000008d100000| Untracked 
| 210|0x000000008d200000, 0x000000008d200000, 0x000000008d300000|  0%| F|  |TAMS 0x000000008d200000, 0x000000008d200000| Untracked 
| 211|0x000000008d300000, 0x000000008d300000, 0x000000008d400000|  0%| F|  |TAMS 0x000000008d300000, 0x000000008d300000| Untracked 
| 212|0x000000008d400000, 0x000000008d400000, 0x000000008d500000|  0%| F|  |TAMS 0x000000008d400000, 0x000000008d400000| Untracked 
| 213|0x000000008d500000, 0x000000008d500000, 0x000000008d600000|  0%| F|  |TAMS 0x000000008d500000, 0x000000008d500000| Untracked 
| 214|0x000000008d600000, 0x000000008d600000, 0x000000008d700000|  0%| F|  |TAMS 0x000000008d600000, 0x000000008d600000| Untracked 
| 215|0x000000008d700000, 0x000000008d700000, 0x000000008d800000|  0%| F|  |TAMS 0x000000008d700000, 0x000000008d700000| Untracked 
| 216|0x000000008d800000, 0x000000008d800000, 0x000000008d900000|  0%| F|  |TAMS 0x000000008d800000, 0x000000008d800000| Untracked 
| 217|0x000000008d900000, 0x000000008d900000, 0x000000008da00000|  0%| F|  |TAMS 0x000000008d900000, 0x000000008d900000| Untracked 
| 218|0x000000008da00000, 0x000000008da00000, 0x000000008db00000|  0%| F|  |TAMS 0x000000008da00000, 0x000000008da00000| Untracked 
| 219|0x000000008db00000, 0x000000008db00000, 0x000000008dc00000|  0%| F|  |TAMS 0x000000008db00000, 0x000000008db00000| Untracked 
| 220|0x000000008dc00000, 0x000000008dc00000, 0x000000008dd00000|  0%| F|  |TAMS 0x000000008dc00000, 0x000000008dc00000| Untracked 
| 221|0x000000008dd00000, 0x000000008dd80800, 0x000000008de00000| 50%| E|  |TAMS 0x000000008dd00000, 0x000000008dd00000| Complete 
| 222|0x000000008de00000, 0x000000008df00000, 0x000000008df00000|100%| E|CS|TAMS 0x000000008de00000, 0x000000008de00000| Complete 
| 223|0x000000008df00000, 0x000000008e000000, 0x000000008e000000|100%| E|CS|TAMS 0x000000008df00000, 0x000000008df00000| Complete 
| 224|0x000000008e000000, 0x000000008e100000, 0x000000008e100000|100%| E|CS|TAMS 0x000000008e000000, 0x000000008e000000| Complete 
| 225|0x000000008e100000, 0x000000008e200000, 0x000000008e200000|100%| E|CS|TAMS 0x000000008e100000, 0x000000008e100000| Complete 
| 226|0x000000008e200000, 0x000000008e300000, 0x000000008e300000|100%| E|CS|TAMS 0x000000008e200000, 0x000000008e200000| Complete 
| 227|0x000000008e300000, 0x000000008e400000, 0x000000008e400000|100%| E|CS|TAMS 0x000000008e300000, 0x000000008e300000| Complete 
| 228|0x000000008e400000, 0x000000008e500000, 0x000000008e500000|100%| E|CS|TAMS 0x000000008e400000, 0x000000008e400000| Complete 
| 229|0x000000008e500000, 0x000000008e600000, 0x000000008e600000|100%| E|CS|TAMS 0x000000008e500000, 0x000000008e500000| Complete 
| 230|0x000000008e600000, 0x000000008e700000, 0x000000008e700000|100%| E|CS|TAMS 0x000000008e600000, 0x000000008e600000| Complete 
| 231|0x000000008e700000, 0x000000008e800000, 0x000000008e800000|100%| E|CS|TAMS 0x000000008e700000, 0x000000008e700000| Complete 
| 232|0x000000008e800000, 0x000000008e900000, 0x000000008e900000|100%| E|CS|TAMS 0x000000008e800000, 0x000000008e800000| Complete 
| 233|0x000000008e900000, 0x000000008ea00000, 0x000000008ea00000|100%| E|CS|TAMS 0x000000008e900000, 0x000000008e900000| Complete 
| 234|0x000000008ea00000, 0x000000008eb00000, 0x000000008eb00000|100%| E|CS|TAMS 0x000000008ea00000, 0x000000008ea00000| Complete 
| 235|0x000000008eb00000, 0x000000008ec00000, 0x000000008ec00000|100%| E|CS|TAMS 0x000000008eb00000, 0x000000008eb00000| Complete 
| 236|0x000000008ec00000, 0x000000008ed00000, 0x000000008ed00000|100%| E|CS|TAMS 0x000000008ec00000, 0x000000008ec00000| Complete 
| 237|0x000000008ed00000, 0x000000008ee00000, 0x000000008ee00000|100%| E|CS|TAMS 0x000000008ed00000, 0x000000008ed00000| Complete 
| 238|0x000000008ee00000, 0x000000008ef00000, 0x000000008ef00000|100%| E|CS|TAMS 0x000000008ee00000, 0x000000008ee00000| Complete 
| 239|0x000000008ef00000, 0x000000008f000000, 0x000000008f000000|100%| E|CS|TAMS 0x000000008ef00000, 0x000000008ef00000| Complete 
| 240|0x000000008f000000, 0x000000008f100000, 0x000000008f100000|100%| E|CS|TAMS 0x000000008f000000, 0x000000008f000000| Complete 
| 241|0x000000008f100000, 0x000000008f200000, 0x000000008f200000|100%| E|CS|TAMS 0x000000008f100000, 0x000000008f100000| Complete 
| 242|0x000000008f200000, 0x000000008f300000, 0x000000008f300000|100%| E|CS|TAMS 0x000000008f200000, 0x000000008f200000| Complete 
| 243|0x000000008f300000, 0x000000008f400000, 0x000000008f400000|100%| E|CS|TAMS 0x000000008f300000, 0x000000008f300000| Complete 
| 244|0x000000008f400000, 0x000000008f500000, 0x000000008f500000|100%| E|CS|TAMS 0x000000008f400000, 0x000000008f400000| Complete 
| 245|0x000000008f500000, 0x000000008f600000, 0x000000008f600000|100%| E|CS|TAMS 0x000000008f500000, 0x000000008f500000| Complete 
| 246|0x000000008f600000, 0x000000008f700000, 0x000000008f700000|100%| E|CS|TAMS 0x000000008f600000, 0x000000008f600000| Complete 
| 247|0x000000008f700000, 0x000000008f800000, 0x000000008f800000|100%| E|CS|TAMS 0x000000008f700000, 0x000000008f700000| Complete 
| 248|0x000000008f800000, 0x000000008f900000, 0x000000008f900000|100%| E|CS|TAMS 0x000000008f800000, 0x000000008f800000| Complete 
| 249|0x000000008f900000, 0x000000008fa00000, 0x000000008fa00000|100%| E|CS|TAMS 0x000000008f900000, 0x000000008f900000| Complete 
| 250|0x000000008fa00000, 0x000000008fb00000, 0x000000008fb00000|100%| E|CS|TAMS 0x000000008fa00000, 0x000000008fa00000| Complete 
| 251|0x000000008fb00000, 0x000000008fc00000, 0x000000008fc00000|100%| E|CS|TAMS 0x000000008fb00000, 0x000000008fb00000| Complete 
| 252|0x000000008fc00000, 0x000000008fd00000, 0x000000008fd00000|100%| E|CS|TAMS 0x000000008fc00000, 0x000000008fc00000| Complete 
| 253|0x000000008fd00000, 0x000000008fe00000, 0x000000008fe00000|100%| E|CS|TAMS 0x000000008fd00000, 0x000000008fd00000| Complete 
| 254|0x000000008fe00000, 0x000000008ff00000, 0x000000008ff00000|100%| E|CS|TAMS 0x000000008fe00000, 0x000000008fe00000| Complete 
| 255|0x000000008ff00000, 0x0000000090000000, 0x0000000090000000|100%| E|CS|TAMS 0x000000008ff00000, 0x000000008ff00000| Complete 
| 256|0x0000000090000000, 0x0000000090100000, 0x0000000090100000|100%| E|CS|TAMS 0x0000000090000000, 0x0000000090000000| Complete 
| 257|0x0000000090100000, 0x0000000090200000, 0x0000000090200000|100%| E|CS|TAMS 0x0000000090100000, 0x0000000090100000| Complete 
| 258|0x0000000090200000, 0x0000000090300000, 0x0000000090300000|100%| E|CS|TAMS 0x0000000090200000, 0x0000000090200000| Complete 
| 259|0x0000000090300000, 0x0000000090400000, 0x0000000090400000|100%| E|CS|TAMS 0x0000000090300000, 0x0000000090300000| Complete 
| 260|0x0000000090400000, 0x00000000904fec68, 0x0000000090500000| 99%| S|CS|TAMS 0x0000000090400000, 0x0000000090400000| Complete 
| 261|0x0000000090500000, 0x0000000090600000, 0x0000000090600000|100%| E|CS|TAMS 0x0000000090500000, 0x0000000090500000| Complete 
| 262|0x0000000090600000, 0x0000000090700000, 0x0000000090700000|100%| E|CS|TAMS 0x0000000090600000, 0x0000000090600000| Complete 
| 263|0x0000000090700000, 0x0000000090800000, 0x0000000090800000|100%| E|CS|TAMS 0x0000000090700000, 0x0000000090700000| Complete 
| 264|0x0000000090800000, 0x0000000090900000, 0x0000000090900000|100%| E|CS|TAMS 0x0000000090800000, 0x0000000090800000| Complete 
| 265|0x0000000090900000, 0x0000000090a00000, 0x0000000090a00000|100%| E|CS|TAMS 0x0000000090900000, 0x0000000090900000| Complete 
| 266|0x0000000090a00000, 0x0000000090b00000, 0x0000000090b00000|100%| E|CS|TAMS 0x0000000090a00000, 0x0000000090a00000| Complete 
| 267|0x0000000090b00000, 0x0000000090c00000, 0x0000000090c00000|100%| E|CS|TAMS 0x0000000090b00000, 0x0000000090b00000| Complete 

Card table byte_map: [0x000001e5f2b40000,0x000001e5f2f40000] _byte_map_base: 0x000001e5f2740000

Marking Bits (Prev, Next): (CMBitMap*) 0x000001e5eedfa1c8, (CMBitMap*) 0x000001e5eedfa200
 Prev Bits: [0x000001e5f3340000, 0x000001e5f5340000)
 Next Bits: [0x000001e5f5340000, 0x000001e5f7340000)

Polling page: 0x000001e5ecd70000

Metaspace:

Usage:
  Non-class:     80.25 MB capacity,    78.75 MB ( 98%) used,     1.25 MB (  2%) free+waste,   257.19 KB ( <1%) overhead. 
      Class:     12.47 MB capacity,    11.67 MB ( 94%) used,   700.72 KB (  5%) free+waste,   116.38 KB ( <1%) overhead. 
       Both:     92.72 MB capacity,    90.42 MB ( 98%) used,     1.93 MB (  2%) free+waste,   373.56 KB ( <1%) overhead. 

Virtual space:
  Non-class space:       82.00 MB reserved,      80.25 MB ( 98%) committed 
      Class space:        1.00 GB reserved,      12.50 MB (  1%) committed 
             Both:        1.08 GB reserved,      92.75 MB (  8%) committed 

Chunk freelists:
   Non-Class:  1.00 KB
       Class:  0 bytes
        Both:  1.00 KB

MaxMetaspaceSize: 17179869184.00 GB
CompressedClassSpaceSize: 1.00 GB

CodeHeap 'non-profiled nmethods': size=120064Kb used=6766Kb max_used=6766Kb free=113297Kb
 bounds [0x000001e587ac0000, 0x000001e588160000, 0x000001e58f000000]
CodeHeap 'profiled nmethods': size=120000Kb used=23407Kb max_used=23680Kb free=96593Kb
 bounds [0x000001e580590000, 0x000001e581d70000, 0x000001e587ac0000]
CodeHeap 'non-nmethods': size=5696Kb used=2270Kb max_used=2321Kb free=3425Kb
 bounds [0x000001e580000000, 0x000001e580270000, 0x000001e580590000]
 total_blobs=12122 nmethods=11240 adapters=794
 compilation: enabled
              stopped_count=0, restarted_count=0
 full_count=0

Compilation events (20 events):
Event: 82.891 Thread 0x000001e5fa190000 12845       2       java.lang.String::<init> (14 bytes)
Event: 82.892 Thread 0x000001e5fa190000 nmethod 12845 0x000001e580e67190 code [0x000001e580e67360, 0x000001e580e674d8]
Event: 82.907 Thread 0x000001e5fa190000 12861       3       org.gradle.internal.normalization.java.impl.ApiMemberSelector::visitEnd (294 bytes)
Event: 82.911 Thread 0x000001e5fa190000 nmethod 12861 0x000001e580fe8690 code [0x000001e580fe8b60, 0x000001e580feb7f8]
Event: 82.917 Thread 0x000001e5fa185000 nmethod 12858 0x000001e588159e90 code [0x000001e58815a040, 0x000001e58815aa28]
Event: 82.917 Thread 0x000001e5fa185000 12859       4       org.objectweb.asm.ClassReader::readUtf (161 bytes)
Event: 82.944 Thread 0x000001e5fa185000 nmethod 12859 0x000001e58815ad10 code [0x000001e58815aee0, 0x000001e58815b698]
Event: 82.944 Thread 0x000001e5fa185000 12833       4       org.objectweb.asm.ClassReader::readConst (276 bytes)
Event: 83.008 Thread 0x000001e5fa185000 nmethod 12833 0x000001e58815bb90 code [0x000001e58815bde0, 0x000001e58815cd70]
Event: 83.008 Thread 0x000001e5fa185000 12862 %     4       org.objectweb.asm.ClassReader::readCode @ 2165 (5089 bytes)
Event: 83.010 Thread 0x000001e5fa190000 12863 %     3       org.objectweb.asm.AnnotationWriter::putParameterAnnotations @ 73 (173 bytes)
Event: 83.011 Thread 0x000001e5fa190000 nmethod 12863% 0x000001e580e81610 code [0x000001e580e81860, 0x000001e580e81fc8]
Event: 83.038 Thread 0x000001e5fa190000 12865       2       java.util.zip.ZipFile$InflaterCleanupAction::run (12 bytes)
Event: 83.038 Thread 0x000001e5fa190000 nmethod 12865 0x000001e580e68690 code [0x000001e580e68840, 0x000001e580e68968]
Event: 83.038 Thread 0x000001e5fa190000 12866   !   2       java.util.zip.ZipFile$CleanableResource::releaseInflater (53 bytes)
Event: 83.039 Thread 0x000001e5fa190000 nmethod 12866 0x000001e580e80e90 code [0x000001e580e81060, 0x000001e580e813e8]
Event: 83.040 Thread 0x000001e5fa190000 12868       2       java.util.ArrayDeque::grow (165 bytes)
Event: 83.041 Thread 0x000001e5fa190000 nmethod 12868 0x000001e580e80610 code [0x000001e580e80800, 0x000001e580e80c08]
Event: 83.144 Thread 0x000001e5fa190000 12870       2       org.objectweb.asm.ClassReader::readConst (276 bytes)
Event: 83.149 Thread 0x000001e5fa190000 nmethod 12870 0x000001e580e8e290 code [0x000001e580e8e5c0, 0x000001e580e8f658]

GC Heap History (20 events):
Event: 50.284 GC heap before
{Heap before GC invocations=51 (full 0):
 garbage-first heap   total 165888K, used 127488K [0x0000000080000000, 0x0000000100000000)
  region size 1024K, 16 young (16384K), 3 survivors (3072K)
 Metaspace       used 89635K, capacity 91839K, committed 92160K, reserved 1128448K
  class space    used 11685K, capacity 12465K, committed 12544K, reserved 1048576K
}
Event: 50.310 GC heap after
{Heap after GC invocations=52 (full 0):
 garbage-first heap   total 165888K, used 117749K [0x0000000080000000, 0x0000000100000000)
  region size 1024K, 2 young (2048K), 2 survivors (2048K)
 Metaspace       used 89635K, capacity 91839K, committed 92160K, reserved 1128448K
  class space    used 11685K, capacity 12465K, committed 12544K, reserved 1048576K
}
Event: 50.549 GC heap before
{Heap before GC invocations=52 (full 0):
 garbage-first heap   total 165888K, used 123893K [0x0000000080000000, 0x0000000100000000)
  region size 1024K, 8 young (8192K), 2 survivors (2048K)
 Metaspace       used 89769K, capacity 91948K, committed 92160K, reserved 1128448K
  class space    used 11701K, capacity 12479K, committed 12544K, reserved 1048576K
}
Event: 50.583 GC heap after
{Heap after GC invocations=53 (full 0):
 garbage-first heap   total 228352K, used 114373K [0x0000000080000000, 0x0000000100000000)
  region size 1024K, 1 young (1024K), 1 survivors (1024K)
 Metaspace       used 89769K, capacity 91948K, committed 92160K, reserved 1128448K
  class space    used 11701K, capacity 12479K, committed 12544K, reserved 1048576K
}
Event: 51.420 GC heap before
{Heap before GC invocations=53 (full 0):
 garbage-first heap   total 228352K, used 136901K [0x0000000080000000, 0x0000000100000000)
  region size 1024K, 24 young (24576K), 1 survivors (1024K)
 Metaspace       used 90038K, capacity 92216K, committed 92416K, reserved 1128448K
  class space    used 11722K, capacity 12520K, committed 12544K, reserved 1048576K
}
Event: 51.441 GC heap after
{Heap after GC invocations=54 (full 0):
 garbage-first heap   total 228352K, used 116554K [0x0000000080000000, 0x0000000100000000)
  region size 1024K, 4 young (4096K), 4 survivors (4096K)
 Metaspace       used 90038K, capacity 92216K, committed 92416K, reserved 1128448K
  class space    used 11722K, capacity 12520K, committed 12544K, reserved 1048576K
}
Event: 52.805 GC heap before
{Heap before GC invocations=55 (full 0):
 garbage-first heap   total 228352K, used 138058K [0x0000000080000000, 0x0000000100000000)
  region size 1024K, 25 young (25600K), 4 survivors (4096K)
 Metaspace       used 90276K, capacity 92521K, committed 92672K, reserved 1130496K
  class space    used 11744K, capacity 12533K, committed 12544K, reserved 1048576K
}
Event: 52.842 GC heap after
{Heap after GC invocations=56 (full 0):
 garbage-first heap   total 228352K, used 120418K [0x0000000080000000, 0x0000000100000000)
  region size 1024K, 5 young (5120K), 5 survivors (5120K)
 Metaspace       used 90276K, capacity 92521K, committed 92672K, reserved 1130496K
  class space    used 11744K, capacity 12533K, committed 12544K, reserved 1048576K
}
Event: 53.894 GC heap before
{Heap before GC invocations=57 (full 0):
 garbage-first heap   total 228352K, used 146018K [0x0000000080000000, 0x0000000100000000)
  region size 1024K, 30 young (30720K), 5 survivors (5120K)
 Metaspace       used 90476K, capacity 92719K, committed 93056K, reserved 1130496K
  class space    used 11767K, capacity 12576K, committed 12672K, reserved 1048576K
}
Event: 53.926 GC heap after
{Heap after GC invocations=58 (full 0):
 garbage-first heap   total 228352K, used 126592K [0x0000000080000000, 0x0000000100000000)
  region size 1024K, 6 young (6144K), 6 survivors (6144K)
 Metaspace       used 90476K, capacity 92719K, committed 93056K, reserved 1130496K
  class space    used 11767K, capacity 12576K, committed 12672K, reserved 1048576K
}
Event: 54.879 GC heap before
{Heap before GC invocations=59 (full 0):
 garbage-first heap   total 228352K, used 160384K [0x0000000080000000, 0x0000000100000000)
  region size 1024K, 38 young (38912K), 6 survivors (6144K)
 Metaspace       used 90616K, capacity 92870K, committed 93056K, reserved 1130496K
  class space    used 11774K, capacity 12582K, committed 12672K, reserved 1048576K
}
Event: 54.927 GC heap after
{Heap after GC invocations=60 (full 0):
 garbage-first heap   total 274432K, used 133796K [0x0000000080000000, 0x0000000100000000)
  region size 1024K, 6 young (6144K), 6 survivors (6144K)
 Metaspace       used 90616K, capacity 92870K, committed 93056K, reserved 1130496K
  class space    used 11774K, capacity 12582K, committed 12672K, reserved 1048576K
}
Event: 80.335 GC heap before
{Heap before GC invocations=61 (full 0):
 garbage-first heap   total 274432K, used 189092K [0x0000000080000000, 0x0000000100000000)
  region size 1024K, 56 young (57344K), 6 survivors (6144K)
 Metaspace       used 91487K, capacity 93803K, committed 93952K, reserved 1130496K
  class space    used 11861K, capacity 12688K, committed 12800K, reserved 1048576K
}
Event: 80.354 GC heap after
{Heap after GC invocations=62 (full 0):
 garbage-first heap   total 274432K, used 132704K [0x0000000080000000, 0x0000000100000000)
  region size 1024K, 5 young (5120K), 5 survivors (5120K)
 Metaspace       used 91487K, capacity 93803K, committed 93952K, reserved 1130496K
  class space    used 11861K, capacity 12688K, committed 12800K, reserved 1048576K
}
Event: 81.748 GC heap before
{Heap before GC invocations=62 (full 0):
 garbage-first heap   total 274432K, used 179808K [0x0000000080000000, 0x0000000100000000)
  region size 1024K, 53 young (54272K), 5 survivors (5120K)
 Metaspace       used 92495K, capacity 94816K, committed 94976K, reserved 1132544K
  class space    used 11947K, capacity 12769K, committed 12800K, reserved 1048576K
}
Event: 81.759 GC heap after
{Heap after GC invocations=63 (full 0):
 garbage-first heap   total 274432K, used 130978K [0x0000000080000000, 0x0000000100000000)
  region size 1024K, 1 young (1024K), 1 survivors (1024K)
 Metaspace       used 92495K, capacity 94816K, committed 94976K, reserved 1132544K
  class space    used 11947K, capacity 12769K, committed 12800K, reserved 1048576K
}
Event: 83.026 GC heap before
{Heap before GC invocations=64 (full 0):
 garbage-first heap   total 274432K, used 166818K [0x0000000080000000, 0x0000000100000000)
  region size 1024K, 65 young (66560K), 1 survivors (1024K)
 Metaspace       used 92586K, capacity 94944K, committed 94976K, reserved 1132544K
  class space    used 11951K, capacity 12769K, committed 12800K, reserved 1048576K
}
Event: 83.036 GC heap after
{Heap after GC invocations=65 (full 0):
 garbage-first heap   total 274432K, used 106018K [0x0000000080000000, 0x0000000100000000)
  region size 1024K, 6 young (6144K), 6 survivors (6144K)
 Metaspace       used 92586K, capacity 94944K, committed 94976K, reserved 1132544K
  class space    used 11951K, capacity 12769K, committed 12800K, reserved 1048576K
}
Event: 83.163 GC heap before
{Heap before GC invocations=65 (full 0):
 garbage-first heap   total 274432K, used 113186K [0x0000000080000000, 0x0000000100000000)
  region size 1024K, 13 young (13312K), 6 survivors (6144K)
 Metaspace       used 92587K, capacity 94944K, committed 94976K, reserved 1132544K
  class space    used 11951K, capacity 12769K, committed 12800K, reserved 1048576K
}
Event: 83.170 GC heap after
{Heap after GC invocations=66 (full 0):
 garbage-first heap   total 274432K, used 82291K [0x0000000080000000, 0x0000000100000000)
  region size 1024K, 1 young (1024K), 1 survivors (1024K)
 Metaspace       used 92587K, capacity 94944K, committed 94976K, reserved 1132544K
  class space    used 11951K, capacity 12769K, committed 12800K, reserved 1048576K
}

Deoptimization events (20 events):
Event: 83.037 Thread 0x000001e5fa2c6000 Uncommon trap: trap_request=0xffffff4d fr.pc=0x000001e587c53f0c relative=0x00000000000007ac
Event: 83.037 Thread 0x000001e5fa2c6000 Uncommon trap: reason=unstable_if action=reinterpret pc=0x000001e587c53f0c method=java.util.ArrayDeque.addLast(Ljava/lang/Object;)V @ 42 c2
Event: 83.037 Thread 0x000001e5fa2c6000 DEOPT PACKING pc=0x000001e587c53f0c sp=0x0000001a87aff2b0
Event: 83.037 Thread 0x000001e5fa2c6000 DEOPT UNPACKING pc=0x000001e5800269aa sp=0x0000001a87aff138 mode 2
Event: 83.037 Thread 0x000001e5fa2c6000 Uncommon trap: trap_request=0xffffff4d fr.pc=0x000001e587c54efc relative=0x000000000000079c
Event: 83.037 Thread 0x000001e5fa2c6000 Uncommon trap: reason=unstable_if action=reinterpret pc=0x000001e587c54efc method=java.util.ArrayDeque.addLast(Ljava/lang/Object;)V @ 42 c2
Event: 83.037 Thread 0x000001e5fa2c6000 DEOPT PACKING pc=0x000001e587c54efc sp=0x0000001a87aff230
Event: 83.037 Thread 0x000001e5fa2c6000 DEOPT UNPACKING pc=0x000001e5800269aa sp=0x0000001a87aff128 mode 2
Event: 83.092 Thread 0x000001e5fc284000 DEOPT PACKING pc=0x000001e581d63be6 sp=0x0000001a888f8ab0
Event: 83.092 Thread 0x000001e5fc284000 DEOPT UNPACKING pc=0x000001e5800267c0 sp=0x0000001a888f8120 mode 0
Event: 83.144 Thread 0x000001e5fc284000 Uncommon trap: trap_request=0xffffff4d fr.pc=0x000001e58815c960 relative=0x0000000000000b80
Event: 83.144 Thread 0x000001e5fc284000 Uncommon trap: reason=unstable_if action=reinterpret pc=0x000001e58815c960 method=org.objectweb.asm.ClassReader.readConst(I[C)Ljava/lang/Object; @ 15 c2
Event: 83.144 Thread 0x000001e5fc284000 DEOPT PACKING pc=0x000001e58815c960 sp=0x0000001a888f8e10
Event: 83.144 Thread 0x000001e5fc284000 DEOPT UNPACKING pc=0x000001e5800269aa sp=0x0000001a888f8da8 mode 2
Event: 83.183 Thread 0x000001e5fc284000 DEOPT PACKING pc=0x000001e581d63be6 sp=0x0000001a888f8ab0
Event: 83.183 Thread 0x000001e5fc284000 DEOPT UNPACKING pc=0x000001e5800267c0 sp=0x0000001a888f8120 mode 0
Event: 83.221 Thread 0x000001e5fc284000 DEOPT PACKING pc=0x000001e581d62c28 sp=0x0000001a888f8ab0
Event: 83.221 Thread 0x000001e5fc284000 DEOPT UNPACKING pc=0x000001e5800267c0 sp=0x0000001a888f8120 mode 0
Event: 83.282 Thread 0x000001e5fc284000 DEOPT PACKING pc=0x000001e581d62c28 sp=0x0000001a888f8ab0
Event: 83.282 Thread 0x000001e5fc284000 DEOPT UNPACKING pc=0x000001e5800267c0 sp=0x0000001a888f8120 mode 0

Classes redefined (0 events):
No events

Internal exceptions (20 events):
Event: 44.751 Thread 0x000001e58f08a800 Exception <a 'java/lang/NoSuchMethodError'{0x00000000881a20d8}: 'java.lang.Object java.lang.invoke.DirectMethodHandle$Holder.invokeStaticInit(java.lang.Object, java.lang.Object, long, java.lang.Object)'> (0x00000000881a20d8) thrown at [./src/hotspot/share/interpreter/linkResolver.cpp, line 773]
Event: 44.752 Thread 0x000001e58f08a800 Exception <a 'java/lang/NoSuchMethodError'{0x00000000881a8270}: 'java.lang.Object java.lang.invoke.DirectMethodHandle$Holder.invokeStatic(java.lang.Object, java.lang.Object, long)'> (0x00000000881a8270) thrown at [./src/hotspot/share/interpreter/linkResolver.cpp, line 773]
Event: 44.753 Thread 0x000001e58f08a800 Exception <a 'java/lang/NoSuchMethodError'{0x00000000881ae7e8}: 'java.lang.Object java.lang.invoke.Invokers$Holder.linkToTargetMethod(java.lang.Object, long, java.lang.Object)'> (0x00000000881ae7e8) thrown at [./src/hotspot/share/interpreter/linkResolver.cpp, line 773]
Event: 45.893 Thread 0x000001e58f08f800 Exception <a 'java/lang/NoSuchMethodError'{0x0000000087b6b270}: 'java.lang.Object java.lang.invoke.DirectMethodHandle$Holder.newInvokeSpecial(java.lang.Object, int)'> (0x0000000087b6b270) thrown at [./src/hotspot/share/interpreter/linkResolver.cpp, line 773]
Event: 45.917 Thread 0x000001e58f08a800 Exception <a 'java/lang/NoSuchMethodError'{0x0000000087bb7eb8}: 'int java.lang.invoke.DirectMethodHandle$Holder.invokeSpecialIFC(java.lang.Object, java.lang.Object, java.lang.Object)'> (0x0000000087bb7eb8) thrown at [./src/hotspot/share/interpreter/linkResolver.cpp, line 773]
Event: 48.962 Thread 0x000001e58f08b000 Exception <a 'java/lang/NoSuchMethodError'{0x0000000089014ed0}: 'void java.lang.invoke.DirectMethodHandle$Holder.invokeStatic(java.lang.Object, java.lang.Object, java.lang.Object, int)'> (0x0000000089014ed0) thrown at [./src/hotspot/share/interpreter/linkResolver.cpp, line 773]
Event: 48.965 Thread 0x000001e58f08b000 Exception <a 'java/lang/IncompatibleClassChangeError'{0x000000008901cd50}: Found class java.lang.Object, but interface was expected> (0x000000008901cd50) thrown at [./src/hotspot/share/interpreter/linkResolver.cpp, line 839]
Event: 49.593 Thread 0x000001e58f08b000 Exception <a 'java/lang/NoSuchMethodError'{0x0000000089f2e818}: 'void java.lang.invoke.DirectMethodHandle$Holder.invokeStaticInit(java.lang.Object, java.lang.Object, java.lang.Object, java.lang.Object, java.lang.Object)'> (0x0000000089f2e818) thrown at [./src/hotspot/share/interpreter/linkResolver.cpp, line 773]
Event: 49.857 Thread 0x000001e58f08b000 Exception <a 'java/lang/NoSuchMethodError'{0x0000000089e9c3c0}: 'java.lang.Object java.lang.invoke.DirectMethodHandle$Holder.invokeStatic(java.lang.Object, int, java.lang.Object, java.lang.Object)'> (0x0000000089e9c3c0) thrown at [./src/hotspot/share/interpreter/linkResolver.cpp, line 773]
Event: 49.895 Thread 0x000001e58f08b000 Exception <a 'java/lang/NoSuchMethodError'{0x0000000089d01140}: 'long java.lang.invoke.DirectMethodHandle$Holder.invokeStatic(java.lang.Object, java.lang.Object)'> (0x0000000089d01140) thrown at [./src/hotspot/share/interpreter/linkResolver.cpp, line 773]
Event: 49.912 Thread 0x000001e58f092800 Exception <a 'java/lang/NoSuchMethodError'{0x0000000089d6b0a0}: 'void java.lang.invoke.DirectMethodHandle$Holder.invokeSpecial(java.lang.Object, java.lang.Object, int, java.lang.Object)'> (0x0000000089d6b0a0) thrown at [./src/hotspot/share/interpreter/linkResolver.cpp, line 773]
Event: 50.241 Thread 0x000001e58f08b000 Exception <a 'java/lang/NoSuchMethodError'{0x000000008954f0d8}: 'java.lang.Object java.lang.invoke.DirectMethodHandle$Holder.invokeSpecial(java.lang.Object, java.lang.Object, java.lang.Object, java.lang.Object, java.lang.Object, java.lang.Object, java.lang.Object, java.lang.Object, java.lang.Object, java.lang.Object)'> (0x000000008954f0d8) thrown at [./src/hotspot/share/interpreter/linkResolver.cpp, line 773]
Event: 50.242 Thread 0x000001e58f08b000 Exception <a 'java/lang/NoSuchMethodError'{0x00000000895531c8}: 'java.lang.Object java.lang.invoke.Invokers$Holder.linkToTargetMethod(java.lang.Object, java.lang.Object, java.lang.Object, java.lang.Object, java.lang.Object, java.lang.Object, java.lang.Object, java.lang.Object, java.lang.Object)'> (0x00000000895531c8) thrown at [./src/hotspot/share/interpreter/linkResolver.cpp, line 773]
Event: 55.242 Thread 0x000001e58f08d000 Exception <a 'java/lang/NoSuchMethodError'{0x000000008fb4b548}: 'void java.lang.invoke.DirectMethodHandle$Holder.invokeVirtual(java.lang.Object, java.lang.Object, int)'> (0x000000008fb4b548) thrown at [./src/hotspot/share/interpreter/linkResolver.cpp, line 773]
Event: 56.360 Thread 0x000001e58f08d000 Exception <a 'sun/nio/fs/WindowsException'{0x000000008ed849a8}> (0x000000008ed849a8) thrown at [./src/hotspot/share/prims/jni.cpp, line 615]
Event: 80.410 Thread 0x000001e58f08a800 Exception <a 'sun/nio/fs/WindowsException'{0x000000009084d2c0}> (0x000000009084d2c0) thrown at [./src/hotspot/share/prims/jni.cpp, line 615]
Event: 80.415 Thread 0x000001e58f08a800 Exception <a 'sun/nio/fs/WindowsException'{0x0000000090861ee0}> (0x0000000090861ee0) thrown at [./src/hotspot/share/prims/jni.cpp, line 615]
Event: 80.415 Thread 0x000001e58f08a800 Exception <a 'sun/nio/fs/WindowsException'{0x0000000090861fc8}> (0x0000000090861fc8) thrown at [./src/hotspot/share/prims/jni.cpp, line 615]
Event: 80.423 Thread 0x000001e58f08a800 Implicit null exception at 0x000001e587d5271b to 0x000001e587d52bc8
Event: 81.003 Thread 0x000001e5fe4e0800 Exception <a 'sun/nio/fs/WindowsException'{0x000000008ef48a10}> (0x000000008ef48a10) thrown at [./src/hotspot/share/prims/jni.cpp, line 615]

Events (20 events):
Event: 81.787 loading class org/gradle/internal/normalization/java/impl/ArrayAnnotationValue
Event: 81.787 loading class org/gradle/internal/normalization/java/impl/ArrayAnnotationValue done
Event: 82.075 Executing VM operation: CGC_Operation
Event: 82.098 Executing VM operation: CGC_Operation done
Event: 82.098 Executing VM operation: RevokeBias
Event: 82.099 Executing VM operation: RevokeBias done
Event: 82.099 Executing VM operation: RevokeBias
Event: 82.100 Executing VM operation: RevokeBias done
Event: 82.228 loading class org/gradle/internal/normalization/java/impl/EnumAnnotationValue
Event: 82.228 loading class org/gradle/internal/normalization/java/impl/EnumAnnotationValue done
Event: 82.229 loading class org/gradle/internal/normalization/java/impl/SimpleAnnotationValue
Event: 82.229 loading class org/gradle/internal/normalization/java/impl/SimpleAnnotationValue done
Event: 82.248 Executing VM operation: CGC_Operation
Event: 82.249 Executing VM operation: CGC_Operation done
Event: 82.385 loading class org/gradle/internal/normalization/java/impl/AnnotationAnnotationValue
Event: 82.385 loading class org/gradle/internal/normalization/java/impl/AnnotationAnnotationValue done
Event: 83.025 Executing VM operation: G1CollectForAllocation
Event: 83.036 Executing VM operation: G1CollectForAllocation done
Event: 83.163 Executing VM operation: G1CollectForAllocation
Event: 83.170 Executing VM operation: G1CollectForAllocation done


Dynamic libraries:
0x00007ff6ecc40000 - 0x00007ff6ecc4a000 	C:\Program Files\Android\Android Studio1\jre\bin\java.exe
0x00007ffc280f0000 - 0x00007ffc282e5000 	C:\WINDOWS\SYSTEM32\ntdll.dll
0x00007ffc27d90000 - 0x00007ffc27e4d000 	C:\WINDOWS\System32\KERNEL32.DLL
0x00007ffc25d60000 - 0x00007ffc26028000 	C:\WINDOWS\System32\KERNELBASE.dll
0x00007ffc25a50000 - 0x00007ffc25b50000 	C:\WINDOWS\System32\ucrtbase.dll
0x00007ffc224c0000 - 0x00007ffc224d7000 	C:\Program Files\Android\Android Studio1\jre\bin\VCRUNTIME140.dll
0x00007ffc20050000 - 0x00007ffc20069000 	C:\Program Files\Android\Android Studio1\jre\bin\jli.dll
0x00007ffc27f00000 - 0x00007ffc280a0000 	C:\WINDOWS\System32\USER32.dll
0x00007ffc25860000 - 0x00007ffc25882000 	C:\WINDOWS\System32\win32u.dll
0x00007ffc27990000 - 0x00007ffc279ba000 	C:\WINDOWS\System32\GDI32.dll
0x00007ffc25890000 - 0x00007ffc2599b000 	C:\WINDOWS\System32\gdi32full.dll
0x00007ffc152b0000 - 0x00007ffc1554a000 	C:\WINDOWS\WinSxS\amd64_microsoft.windows.common-controls_6595b64144ccf1df_6.0.19041.1052_none_60b8f8fd71f5e8cb\COMCTL32.dll
0x00007ffc26030000 - 0x00007ffc260cd000 	C:\WINDOWS\System32\msvcp_win.dll
0x00007ffc269d0000 - 0x00007ffc26a6e000 	C:\WINDOWS\System32\msvcrt.dll
0x00007ffc27900000 - 0x00007ffc27930000 	C:\WINDOWS\System32\IMM32.DLL
0x00007ffc08520000 - 0x00007ffc085bd000 	C:\Program Files\Android\Android Studio1\jre\bin\msvcp140.dll
0x00007ffbe0fc0000 - 0x00007ffbe1a7c000 	C:\Program Files\Android\Android Studio1\jre\bin\server\jvm.dll
0x00007ffc27ce0000 - 0x00007ffc27d8c000 	C:\WINDOWS\System32\ADVAPI32.dll
0x00007ffc27340000 - 0x00007ffc273db000 	C:\WINDOWS\System32\sechost.dll
0x00007ffc27b50000 - 0x00007ffc27c7b000 	C:\WINDOWS\System32\RPCRT4.dll
0x00007ffc26160000 - 0x00007ffc26168000 	C:\WINDOWS\System32\PSAPI.DLL
0x00007ffc22bb0000 - 0x00007ffc22bb9000 	C:\WINDOWS\SYSTEM32\WSOCK32.dll
0x00007ffc16930000 - 0x00007ffc1693a000 	C:\WINDOWS\SYSTEM32\VERSION.dll
0x00007ffc26320000 - 0x00007ffc2638b000 	C:\WINDOWS\System32\WS2_32.dll
0x00007ffc16f60000 - 0x00007ffc16f87000 	C:\WINDOWS\SYSTEM32\WINMM.dll
0x00007ffc23780000 - 0x00007ffc23792000 	C:\WINDOWS\SYSTEM32\kernel.appcore.dll
0x00007ffc1e260000 - 0x00007ffc1e271000 	C:\Program Files\Android\Android Studio1\jre\bin\verify.dll
0x00007ffc12d40000 - 0x00007ffc12f24000 	C:\WINDOWS\SYSTEM32\DBGHELP.DLL
0x00007ffc12cb0000 - 0x00007ffc12cdc000 	C:\WINDOWS\SYSTEM32\dbgcore.DLL
0x00007ffc260d0000 - 0x00007ffc26153000 	C:\WINDOWS\System32\bcryptPrimitives.dll
0x00007ffc19a60000 - 0x00007ffc19a89000 	C:\Program Files\Android\Android Studio1\jre\bin\java.dll
0x00007ffc22ba0000 - 0x00007ffc22bab000 	C:\Program Files\Android\Android Studio1\jre\bin\jimage.dll
0x00007ffc19960000 - 0x00007ffc19978000 	C:\Program Files\Android\Android Studio1\jre\bin\zip.dll
0x00007ffc26a70000 - 0x00007ffc271af000 	C:\WINDOWS\System32\SHELL32.dll
0x00007ffc23980000 - 0x00007ffc24110000 	C:\WINDOWS\SYSTEM32\windows.storage.dll
0x00007ffc26670000 - 0x00007ffc269c5000 	C:\WINDOWS\System32\combase.dll
0x00007ffc251d0000 - 0x00007ffc251fc000 	C:\WINDOWS\SYSTEM32\Wldp.dll
0x00007ffc27e50000 - 0x00007ffc27efe000 	C:\WINDOWS\System32\SHCORE.dll
0x00007ffc27a90000 - 0x00007ffc27ae5000 	C:\WINDOWS\System32\shlwapi.dll
0x00007ffc25770000 - 0x00007ffc2578f000 	C:\WINDOWS\SYSTEM32\profapi.dll
0x00007ffc17ac0000 - 0x00007ffc17ada000 	C:\Program Files\Android\Android Studio1\jre\bin\net.dll
0x00007ffc1a420000 - 0x00007ffc1a52b000 	C:\WINDOWS\SYSTEM32\WINHTTP.dll
0x00007ffc24f40000 - 0x00007ffc24faa000 	C:\WINDOWS\system32\mswsock.dll
0x00007ffc105c0000 - 0x00007ffc105d4000 	C:\Program Files\Android\Android Studio1\jre\bin\nio.dll
0x00007ffc0bf10000 - 0x00007ffc0bf37000 	C:\native\fdc75f09e3144964f2cf3f50f0aa648679c211496f362492102eb8c894070792\windows-amd64\native-platform.dll
0x00007ffbe06c0000 - 0x00007ffbe0856000 	C:\native\12488b8bf47d2d4c9fbf2f6322a914ad602e24e48041cd04a747c6da556b65c4\windows-amd64\native-platform-file-events.dll
0x00007ffc224b0000 - 0x00007ffc224ba000 	C:\Program Files\Android\Android Studio1\jre\bin\management.dll
0x00007ffc22460000 - 0x00007ffc2246c000 	C:\Program Files\Android\Android Studio1\jre\bin\management_ext.dll
0x00007ffc25110000 - 0x00007ffc25128000 	C:\WINDOWS\SYSTEM32\CRYPTSP.dll
0x00007ffc248e0000 - 0x00007ffc24914000 	C:\WINDOWS\system32\rsaenh.dll
0x00007ffc25830000 - 0x00007ffc25857000 	C:\WINDOWS\System32\bcrypt.dll
0x00007ffc25730000 - 0x00007ffc2575e000 	C:\WINDOWS\SYSTEM32\USERENV.dll
0x00007ffc25130000 - 0x00007ffc2513c000 	C:\WINDOWS\SYSTEM32\CRYPTBASE.dll
0x00007ffc24c30000 - 0x00007ffc24c6b000 	C:\WINDOWS\SYSTEM32\IPHLPAPI.DLL
0x00007ffc280a0000 - 0x00007ffc280a8000 	C:\WINDOWS\System32\NSI.dll
0x00007ffc1a880000 - 0x00007ffc1a897000 	C:\WINDOWS\SYSTEM32\dhcpcsvc6.DLL
0x00007ffc1aad0000 - 0x00007ffc1aaed000 	C:\WINDOWS\SYSTEM32\dhcpcsvc.DLL
0x00007ffc24c70000 - 0x00007ffc24d3c000 	C:\WINDOWS\SYSTEM32\DNSAPI.dll
0x00007ffc1bbc0000 - 0x00007ffc1bbcb000 	C:\WINDOWS\SYSTEM32\WINNSI.DLL

dbghelp: loaded successfully - version: 4.0.5 - missing functions: none
symbol engine: initialized successfully - sym options: 0x614 - pdb path: .;C:\Program Files\Android\Android Studio1\jre\bin;C:\WINDOWS\SYSTEM32;C:\WINDOWS\WinSxS\amd64_microsoft.windows.common-controls_6595b64144ccf1df_6.0.19041.1052_none_60b8f8fd71f5e8cb;C:\Program Files\Android\Android Studio1\jre\bin\server;C:\native\fdc75f09e3144964f2cf3f50f0aa648679c211496f362492102eb8c894070792\windows-amd64;C:\native\12488b8bf47d2d4c9fbf2f6322a914ad602e24e48041cd04a747c6da556b65c4\windows-amd64

VM Arguments:
jvm_args: --add-opens=java.base/java.util=ALL-UNNAMED --add-opens=java.base/java.lang=ALL-UNNAMED --add-opens=java.base/java.lang.invoke=ALL-UNNAMED --add-opens=java.prefs/java.util.prefs=ALL-UNNAMED -Xmx2048m -Dfile.encoding=UTF-8 -Duser.country=US -Duser.language=en -Duser.variant 
java_command: org.gradle.launcher.daemon.bootstrap.GradleDaemon 6.7.1
java_class_path (initial): C:\wrapper\dists\gradle-6.7.1-bin\bwlcbys1h7rz3272sye1xwiv6\gradle-6.7.1\lib\gradle-launcher-6.7.1.jar
Launcher Type: SUN_STANDARD

[Global flags]
     intx CICompilerCount                          = 3                                         {product} {ergonomic}
     uint ConcGCThreads                            = 1                                         {product} {ergonomic}
     uint G1ConcRefinementThreads                  = 4                                         {product} {ergonomic}
   size_t G1HeapRegionSize                         = 1048576                                   {product} {ergonomic}
    uintx GCDrainStackTargetSize                   = 64                                        {product} {ergonomic}
   size_t InitialHeapSize                          = 67108864                                  {product} {ergonomic}
   size_t MarkStackSize                            = 4194304                                   {product} {ergonomic}
   size_t MaxHeapSize                              = 2147483648                                {product} {command line}
   size_t MaxNewSize                               = 1287651328                                {product} {ergonomic}
   size_t MinHeapDeltaBytes                        = 1048576                                   {product} {ergonomic}
    uintx NonNMethodCodeHeapSize                   = 5830732                                {pd product} {ergonomic}
    uintx NonProfiledCodeHeapSize                  = 122913754                              {pd product} {ergonomic}
    uintx ProfiledCodeHeapSize                     = 122913754                              {pd product} {ergonomic}
    uintx ReservedCodeCacheSize                    = 251658240                              {pd product} {ergonomic}
     bool SegmentedCodeCache                       = true                                      {product} {ergonomic}
     bool UseCompressedClassPointers               = true                                 {lp64_product} {ergonomic}
     bool UseCompressedOops                        = true                                 {lp64_product} {ergonomic}
     bool UseG1GC                                  = true                                      {product} {ergonomic}
     bool UseLargePagesIndividualAllocation        = false                                  {pd product} {ergonomic}

Logging:
Log output configuration:
 #0: stdout all=warning uptime,level,tags
 #1: stderr all=off uptime,level,tags

Environment Variables:
JAVA_HOME=C:\Program Files\Java\jdk-15.0.2
PATH=C:\Program Files\Common Files\Oracle\Java\javapath;C:\Program Files\Java\jdk-15.0.2\bin;C:\WINDOWS\system32;C:\WINDOWS;C:\WINDOWS\System32\Wbem;C:\WINDOWS\System32\WindowsPowerShell\v1.0\;C:\WINDOWS\System32\OpenSSH\;C:\Program Files\Git\cmd;C:\Program Files\Java\jdk-16.0.1\bin;C:\Program Files\Java\jdk-16.0.1\bin;C:\Program Files\Java\jdk-15.0.2\bin;C:\Users\ASUS\AppData\Local\Microsoft\WindowsApps;C:\Program Files\Java\jdk-16.0.1\bin;
USERNAME=ASUS
OS=Windows_NT
PROCESSOR_IDENTIFIER=Intel64 Family 6 Model 55 Stepping 8, GenuineIntel



---------------  S Y S T E M  ---------------

OS: Windows 10 , 64 bit Build 19041 (10.0.19041.1023)
OS uptime: 6 days 1:27 hours

CPU:total 4 (initial active 4) (4 cores per cpu, 1 threads per core) family 6 model 55 stepping 8, cmov, cx8, fxsr, mmx, sse, sse2, sse3, ssse3, sse4.1, sse4.2, popcnt, clmul, erms, 3dnowpref, tsc, tscinvbit

Memory: 4k page, system-wide physical 3982M (334M free)
TotalPageFile size 5687M (AvailPageFile size 5M)
current process WorkingSet (physical memory assigned to process): 542M, peak: 542M
current process commit charge ("private bytes"): 616M, peak: 618M

vm_info: OpenJDK 64-Bit Server VM (11.0.8+10-b944.6842174) for windows-amd64 JRE (11.0.8+10-b944.6842174), built on Sep 19 2020 01:11:42 by "builder" with MS VC++ 14.0 (VS2015)

END.
