#
# There is insufficient memory for the Java Runtime Environment to continue.
# Native memory allocation (mmap) failed to map 122683392 bytes for Failed to commit area from 0x000000008af00000 to 0x0000000092400000 of length 122683392.
# Possible reasons:
#   The system is out of physical RAM or swap space
#   The process is running with CompressedOops enabled, and the Java Heap may be blocking the growth of the native heap
# Possible solutions:
#   Reduce memory load on the system
#   Increase physical memory or swap space
#   Check if swap backing store is full
#   Decrease Java heap size (-Xmx/-Xms)
#   Decrease number of Java threads
#   Decrease Java thread stack sizes (-Xss)
#   Set larger code cache with -XX:ReservedCodeCacheSize=
#   JVM is running with Unscaled Compressed Oops mode in which the Java heap is
#     placed in the first 4GB address space. The Java Heap base address is the
#     maximum limit for the native heap growth. Please use -XX:HeapBaseMinAddress
#     to set the Java Heap base and to place the Java Heap above 4GB virtual address.
# This output file may be truncated or incomplete.
#
#  Out of Memory Error (./src/hotspot/os/windows/os_windows.cpp:3303), pid=10556, tid=8804
#
# JRE version: OpenJDK Runtime Environment (11.0.8+10) (build 11.0.8+10-b944.6842174)
# Java VM: OpenJDK 64-Bit Server VM (11.0.8+10-b944.6842174, mixed mode, tiered, compressed oops, g1 gc, windows-amd64)
# No core dump will be written. Minidumps are not enabled by default on client versions of Windows
#

---------------  S U M M A R Y ------------

Command Line: --add-opens=java.base/java.util=ALL-UNNAMED --add-opens=java.base/java.lang=ALL-UNNAMED --add-opens=java.base/java.lang.invoke=ALL-UNNAMED --add-opens=java.prefs/java.util.prefs=ALL-UNNAMED -Xmx2048m -Dfile.encoding=UTF-8 -Duser.country=US -Duser.language=en -Duser.variant org.gradle.launcher.daemon.bootstrap.GradleDaemon 6.7.1

Host: Intel(R) Pentium(R) CPU  N3530  @ 2.16GHz, 4 cores, 3G,  Windows 10 , 64 bit Build 19041 (10.0.19041.1023)
Time: Wed Jul 21 15:42:58 2021 India Standard Time elapsed time: 71 seconds (0d 0h 1m 11s)

---------------  T H R E A D  ---------------

Current thread (0x000001d5dd5d6800):  VMThread "VM Thread" [stack: 0x00000002ba600000,0x00000002ba700000] [id=8804]

Stack: [0x00000002ba600000,0x00000002ba700000]
[error occurred during error reporting (printing stack bounds), id 0xc0000005, EXCEPTION_ACCESS_VIOLATION (0xc0000005) at pc=0x000001d5c7530dbe]

Native frames: (J=compiled Java code, j=interpreted, Vv=VM code, C=native code)
V  [jvm.dll+0x5de50a]
V  [jvm.dll+0x7122f5]
V  [jvm.dll+0x71384d]
V  [jvm.dll+0x713e65]
V  [jvm.dll+0x713e1b]
V  [jvm.dll+0x5dd958]
V  [jvm.dll+0x5de0f8]
C  [ntdll.dll+0xa217f]
C  [ntdll.dll+0x51454]
C  [ntdll.dll+0xa0cae]
C  0x000001d5c7530dbe

VM_Operation (0x00000002b9efd040): G1CollectForAllocation, mode: safepoint, requested by thread 0x000001d5e78dd000


---------------  P R O C E S S  ---------------

Threads class SMR info:
_java_thread_list=0x000001d5e3d73a00, length=148, elements={
0x000001d5c3bac000, 0x000001d5dd5d9800, 0x000001d5dd5e3000, 0x000001d5dd634000,
0x000001d5dd635000, 0x000001d5dd636800, 0x000001d5dd63b800, 0x000001d5dd63d800,
0x000001d5de0a4800, 0x000001d5de0b7000, 0x000001d5dfb2e800, 0x000001d5df87a800,
0x000001d5decbb800, 0x000001d5dfdf1000, 0x000001d5dfdf2000, 0x000001d5df2cb800,
0x000001d5df550800, 0x000001d5dfe3a800, 0x000001d5de788000, 0x000001d5dee1d800,
0x000001d5dee1c000, 0x000001d5dee1a800, 0x000001d5dee18800, 0x000001d5dee1d000,
0x000001d5dee1e800, 0x000001d5dee1f000, 0x000001d5dee19800, 0x000001d5dee1b000,
0x000001d5de483000, 0x000001d5de484000, 0x000001d5de486800, 0x000001d5de480800,
0x000001d5de487000, 0x000001d5de48b000, 0x000001d5de489800, 0x000001d5de489000,
0x000001d5de48a800, 0x000001d5de48d000, 0x000001d5de48d800, 0x000001d5de488000,
0x000001d5de48e800, 0x000001d5de48c000, 0x000001d5de48f800, 0x000001d5e0278000,
0x000001d5e0275800, 0x000001d5e0274800, 0x000001d5e0277000, 0x000001d5e0279000,
0x000001d5e0273000, 0x000001d5e0279800, 0x000001d5e0276800, 0x000001d5e0274000,
0x000001d5e027e800, 0x000001d5e0280000, 0x000001d5e027b000, 0x000001d5e027a800,
0x000001d5e0281000, 0x000001d5e027f800, 0x000001d5e0281800, 0x000001d5e027c000,
0x000001d5e027d000, 0x000001d5e027d800, 0x000001d5e33cf800, 0x000001d5e33d2000,
0x000001d5e33ce000, 0x000001d5e33d4800, 0x000001d5e33d2800, 0x000001d5e33ce800,
0x000001d5e33d1000, 0x000001d5e33d5000, 0x000001d5e33d6000, 0x000001d5e33d3800,
0x000001d5e33d0000, 0x000001d5e33d9000, 0x000001d5e33db000, 0x000001d5e33d8800,
0x000001d5e33da000, 0x000001d5e33d7000, 0x000001d5e33db800, 0x000001d5e33dc800,
0x000001d5e33d7800, 0x000001d5e0853000, 0x000001d5e0855800, 0x000001d5e0854000,
0x000001d5e0851800, 0x000001d5e0850800, 0x000001d5e0850000, 0x000001d5e0852800,
0x000001d5e0858000, 0x000001d5e0856800, 0x000001d5e0857000, 0x000001d5e085a800,
0x000001d5e0859000, 0x000001d5e0855000, 0x000001d5e085e800, 0x000001d5e085b800,
0x000001d5e085d000, 0x000001d5e0859800, 0x000001d5e085c000, 0x000001d5e085e000,
0x000001d5de422000, 0x000001d5de421000, 0x000001d5de426000, 0x000001d5de423800,
0x000001d5de424800, 0x000001d5de425000, 0x000001d5de427800, 0x000001d5de427000,
0x000001d5de422800, 0x000001d5de42b000, 0x000001d5de42d800, 0x000001d5de42b800,
0x000001d5de428800, 0x000001d5de42c800, 0x000001d5de42f000, 0x000001d5de42e000,
0x000001d5de429000, 0x000001d5de430000, 0x000001d5de42a000, 0x000001d5e3c9b000,
0x000001d5e3c98000, 0x000001d5e3c9c000, 0x000001d5e3c99800, 0x000001d5e3c9d800,
0x000001d5e3c9a800, 0x000001d5e3c9d000, 0x000001d5e3c9e800, 0x000001d5e3c99000,
0x000001d5e3c9f800, 0x000001d5e3ca0000, 0x000001d5e3ca1800, 0x000001d5e3ca2800,
0x000001d5e3ca4000, 0x000001d5e3ca1000, 0x000001d5e3ca3800, 0x000001d5e3ca5000,
0x000001d5e3ca6000, 0x000001d5e78df000, 0x000001d5e78db000, 0x000001d5e78de800,
0x000001d5e78dd000, 0x000001d5e78dd800, 0x000001d5e78d9800, 0x000001d5e0768000,
0x000001d5e78da800, 0x000001d5e78e4000, 0x000001d5e78e6000, 0x000001d5e78e5000
}

Java Threads: ( => current thread )
  0x000001d5c3bac000 JavaThread "main" [_thread_blocked, id=8208, stack(0x00000002ba000000,0x00000002ba100000)]
  0x000001d5dd5d9800 JavaThread "Reference Handler" daemon [_thread_blocked, id=10924, stack(0x00000002ba700000,0x00000002ba800000)]
  0x000001d5dd5e3000 JavaThread "Finalizer" daemon [_thread_blocked, id=9304, stack(0x00000002ba800000,0x00000002ba900000)]
  0x000001d5dd634000 JavaThread "Signal Dispatcher" daemon [_thread_blocked, id=9476, stack(0x00000002ba900000,0x00000002baa00000)]
  0x000001d5dd635000 JavaThread "Attach Listener" daemon [_thread_blocked, id=9648, stack(0x00000002baa00000,0x00000002bab00000)]
  0x000001d5dd636800 JavaThread "C2 CompilerThread0" daemon [_thread_in_native, id=1248, stack(0x00000002bab00000,0x00000002bac00000)]
  0x000001d5dd63b800 JavaThread "C1 CompilerThread0" daemon [_thread_blocked, id=5964, stack(0x00000002bac00000,0x00000002bad00000)]
  0x000001d5dd63d800 JavaThread "Sweeper thread" daemon [_thread_blocked, id=11204, stack(0x00000002bad00000,0x00000002bae00000)]
  0x000001d5de0a4800 JavaThread "Common-Cleaner" daemon [_thread_blocked, id=7892, stack(0x00000002bae00000,0x00000002baf00000)]
  0x000001d5de0b7000 JavaThread "Service Thread" daemon [_thread_blocked, id=10600, stack(0x00000002baf00000,0x00000002bb000000)]
  0x000001d5dfb2e800 JavaThread "Daemon health stats" [_thread_blocked, id=7332, stack(0x00000002bb300000,0x00000002bb400000)]
  0x000001d5df87a800 JavaThread "Incoming local TCP Connector on port 59797" [_thread_in_native, id=7880, stack(0x00000002bb500000,0x00000002bb600000)]
  0x000001d5decbb800 JavaThread "Daemon periodic checks" [_thread_blocked, id=11236, stack(0x00000002bb800000,0x00000002bb900000)]
  0x000001d5dfdf1000 JavaThread "Daemon" [_thread_blocked, id=7504, stack(0x00000002bb900000,0x00000002bba00000)]
  0x000001d5dfdf2000 JavaThread "Handler for socket connection from /127.0.0.1:59797 to /127.0.0.1:59798" [_thread_in_native, id=7256, stack(0x00000002bba00000,0x00000002bbb00000)]
  0x000001d5df2cb800 JavaThread "Cancel handler" [_thread_blocked, id=10016, stack(0x00000002bbc00000,0x00000002bbd00000)]
  0x000001d5df550800 JavaThread "Daemon worker" [_thread_blocked, id=6856, stack(0x00000002bbd00000,0x00000002bbe00000)]
  0x000001d5dfe3a800 JavaThread "Asynchronous log dispatcher for DefaultDaemonConnection: socket connection from /127.0.0.1:59797 to /127.0.0.1:59798" [_thread_blocked, id=2200, stack(0x00000002bbe00000,0x00000002bbf00000)]
  0x000001d5de788000 JavaThread "Thread-8" [_thread_blocked, id=840, stack(0x00000002bc000000,0x00000002bc100000)]
  0x000001d5dee1d800 JavaThread "Cache worker for file hash cache (C:\caches\6.7.1\fileHashes)" [_thread_blocked, id=9452, stack(0x00000002bbb00000,0x00000002bbc00000)]
  0x000001d5dee1c000 JavaThread "File lock request listener" [_thread_in_native, id=10236, stack(0x00000002bc100000,0x00000002bc200000)]
  0x000001d5dee1a800 JavaThread "Cache worker for journal cache (C:\caches\journal-1)" [_thread_blocked, id=320, stack(0x00000002bc200000,0x00000002bc300000)]
  0x000001d5dee18800 JavaThread "Cache worker for file hash cache (C:\Users\ASUS\AndroidStudioProjects\VolleyDemo\.gradle\6.7.1\fileHashes)" [_thread_blocked, id=11112, stack(0x00000002bc300000,0x00000002bc400000)]
  0x000001d5dee1d000 JavaThread "Cache worker for checksums cache (C:\Users\ASUS\AndroidStudioProjects\VolleyDemo\.gradle\checksums)" [_thread_blocked, id=3632, stack(0x00000002bc500000,0x00000002bc600000)]
  0x000001d5dee1e800 JavaThread "Cache worker for cache directory md-supplier (C:\caches\6.7.1\md-supplier)" [_thread_blocked, id=10736, stack(0x00000002bc600000,0x00000002bc700000)]
  0x000001d5dee1f000 JavaThread "Cache worker for cache directory md-rule (C:\caches\6.7.1\md-rule)" [_thread_blocked, id=5044, stack(0x00000002bc400000,0x00000002bc500000)]
  0x000001d5dee19800 JavaThread "Cache worker for execution history cache (C:\caches\6.7.1\executionHistory)" [_thread_blocked, id=3016, stack(0x00000002bc700000,0x00000002bc800000)]
  0x000001d5dee1b000 JavaThread "jar transforms" [_thread_blocked, id=3704, stack(0x00000002bc900000,0x00000002bca00000)]
  0x000001d5de483000 JavaThread "Cache worker for file content cache (C:\caches\6.7.1\fileContent)" [_thread_blocked, id=888, stack(0x00000002bca00000,0x00000002bcb00000)]
  0x000001d5de484000 JavaThread "Cache worker for Build Output Cleanup Cache (C:\Users\ASUS\AndroidStudioProjects\VolleyDemo\.gradle\buildOutputCleanup)" [_thread_blocked, id=7716, stack(0x00000002bcb00000,0x00000002bcc00000)]
  0x000001d5de486800 JavaThread "Build operations" [_thread_blocked, id=8524, stack(0x00000002bc800000,0x00000002bc900000)]
  0x000001d5de480800 JavaThread "Build operations Thread 2" [_thread_blocked, id=2584, stack(0x00000002bcc00000,0x00000002bcd00000)]
  0x000001d5de487000 JavaThread "Build operations Thread 3" [_thread_blocked, id=5520, stack(0x00000002bcd00000,0x00000002bce00000)]
  0x000001d5de48b000 JavaThread "Build operations Thread 4" [_thread_blocked, id=8464, stack(0x00000002bce00000,0x00000002bcf00000)]
  0x000001d5de489800 JavaThread "jar transforms Thread 2" [_thread_blocked, id=1680, stack(0x00000002bcf00000,0x00000002bd000000)]
  0x000001d5de489000 JavaThread "jar transforms Thread 3" [_thread_blocked, id=4116, stack(0x00000002bd000000,0x00000002bd100000)]
  0x000001d5de48a800 JavaThread "jar transforms Thread 4" [_thread_blocked, id=10604, stack(0x00000002bd100000,0x00000002bd200000)]
  0x000001d5de48d000 JavaThread "jar transforms Thread 5" [_thread_blocked, id=8672, stack(0x00000002bd200000,0x00000002bd300000)]
  0x000001d5de48d800 JavaThread "jar transforms Thread 6" [_thread_blocked, id=3392, stack(0x00000002bd300000,0x00000002bd400000)]
  0x000001d5de488000 JavaThread "jar transforms Thread 7" [_thread_blocked, id=6324, stack(0x00000002bd400000,0x00000002bd500000)]
  0x000001d5de48e800 JavaThread "jar transforms Thread 8" [_thread_blocked, id=6652, stack(0x00000002bd500000,0x00000002bd600000)]
  0x000001d5de48c000 JavaThread "jar transforms Thread 9" [_thread_blocked, id=9380, stack(0x00000002bd600000,0x00000002bd700000)]
  0x000001d5de48f800 JavaThread "jar transforms Thread 10" [_thread_blocked, id=7180, stack(0x00000002bd700000,0x00000002bd800000)]
  0x000001d5e0278000 JavaThread "jar transforms Thread 11" [_thread_blocked, id=9716, stack(0x00000002bd800000,0x00000002bd900000)]
  0x000001d5e0275800 JavaThread "jar transforms Thread 12" [_thread_blocked, id=10804, stack(0x00000002bd900000,0x00000002bda00000)]
  0x000001d5e0274800 JavaThread "jar transforms Thread 13" [_thread_blocked, id=9040, stack(0x00000002bda00000,0x00000002bdb00000)]
  0x000001d5e0277000 JavaThread "jar transforms Thread 14" [_thread_blocked, id=5324, stack(0x00000002bdb00000,0x00000002bdc00000)]
  0x000001d5e0279000 JavaThread "jar transforms Thread 15" [_thread_blocked, id=9900, stack(0x00000002bdc00000,0x00000002bdd00000)]
  0x000001d5e0273000 JavaThread "jar transforms Thread 16" [_thread_blocked, id=1072, stack(0x00000002bdd00000,0x00000002bde00000)]
  0x000001d5e0279800 JavaThread "jar transforms Thread 17" [_thread_blocked, id=11088, stack(0x00000002bde00000,0x00000002bdf00000)]
  0x000001d5e0276800 JavaThread "jar transforms Thread 18" [_thread_blocked, id=7112, stack(0x00000002bdf00000,0x00000002be000000)]
  0x000001d5e0274000 JavaThread "jar transforms Thread 19" [_thread_blocked, id=4876, stack(0x00000002be000000,0x00000002be100000)]
  0x000001d5e027e800 JavaThread "jar transforms Thread 20" [_thread_blocked, id=10548, stack(0x00000002be100000,0x00000002be200000)]
  0x000001d5e0280000 JavaThread "jar transforms Thread 21" [_thread_blocked, id=9848, stack(0x00000002be200000,0x00000002be300000)]
  0x000001d5e027b000 JavaThread "jar transforms Thread 22" [_thread_blocked, id=2480, stack(0x00000002be300000,0x00000002be400000)]
  0x000001d5e027a800 JavaThread "jar transforms Thread 23" [_thread_blocked, id=9404, stack(0x00000002be400000,0x00000002be500000)]
  0x000001d5e0281000 JavaThread "jar transforms Thread 24" [_thread_blocked, id=4696, stack(0x00000002be500000,0x00000002be600000)]
  0x000001d5e027f800 JavaThread "jar transforms Thread 25" [_thread_blocked, id=8884, stack(0x00000002be600000,0x00000002be700000)]
  0x000001d5e0281800 JavaThread "jar transforms Thread 26" [_thread_blocked, id=132, stack(0x00000002be700000,0x00000002be800000)]
  0x000001d5e027c000 JavaThread "jar transforms Thread 27" [_thread_blocked, id=3456, stack(0x00000002be800000,0x00000002be900000)]
  0x000001d5e027d000 JavaThread "jar transforms Thread 28" [_thread_blocked, id=10812, stack(0x00000002be900000,0x00000002bea00000)]
  0x000001d5e027d800 JavaThread "jar transforms Thread 29" [_thread_blocked, id=7500, stack(0x00000002bea00000,0x00000002beb00000)]
  0x000001d5e33cf800 JavaThread "jar transforms Thread 30" [_thread_blocked, id=5636, stack(0x00000002beb00000,0x00000002bec00000)]
  0x000001d5e33d2000 JavaThread "jar transforms Thread 31" [_thread_blocked, id=11156, stack(0x00000002bec00000,0x00000002bed00000)]
  0x000001d5e33ce000 JavaThread "jar transforms Thread 32" [_thread_blocked, id=3500, stack(0x00000002bed00000,0x00000002bee00000)]
  0x000001d5e33d4800 JavaThread "jar transforms Thread 33" [_thread_blocked, id=8124, stack(0x00000002bee00000,0x00000002bef00000)]
  0x000001d5e33d2800 JavaThread "jar transforms Thread 34" [_thread_blocked, id=3364, stack(0x00000002bef00000,0x00000002bf000000)]
  0x000001d5e33ce800 JavaThread "jar transforms Thread 35" [_thread_blocked, id=10452, stack(0x00000002bf000000,0x00000002bf100000)]
  0x000001d5e33d1000 JavaThread "jar transforms Thread 36" [_thread_blocked, id=7200, stack(0x00000002bf100000,0x00000002bf200000)]
  0x000001d5e33d5000 JavaThread "jar transforms Thread 37" [_thread_blocked, id=2736, stack(0x00000002bf200000,0x00000002bf300000)]
  0x000001d5e33d6000 JavaThread "jar transforms Thread 38" [_thread_blocked, id=2452, stack(0x00000002bf300000,0x00000002bf400000)]
  0x000001d5e33d3800 JavaThread "jar transforms Thread 39" [_thread_blocked, id=3452, stack(0x00000002bf400000,0x00000002bf500000)]
  0x000001d5e33d0000 JavaThread "jar transforms Thread 40" [_thread_blocked, id=9140, stack(0x00000002bf500000,0x00000002bf600000)]
  0x000001d5e33d9000 JavaThread "jar transforms Thread 41" [_thread_blocked, id=7376, stack(0x00000002bf600000,0x00000002bf700000)]
  0x000001d5e33db000 JavaThread "jar transforms Thread 42" [_thread_blocked, id=2560, stack(0x00000002bf700000,0x00000002bf800000)]
  0x000001d5e33d8800 JavaThread "jar transforms Thread 43" [_thread_blocked, id=1912, stack(0x00000002bf800000,0x00000002bf900000)]
  0x000001d5e33da000 JavaThread "jar transforms Thread 44" [_thread_blocked, id=512, stack(0x00000002bf900000,0x00000002bfa00000)]
  0x000001d5e33d7000 JavaThread "jar transforms Thread 45" [_thread_blocked, id=8936, stack(0x00000002bfa00000,0x00000002bfb00000)]
  0x000001d5e33db800 JavaThread "jar transforms Thread 46" [_thread_blocked, id=10896, stack(0x00000002bfb00000,0x00000002bfc00000)]
  0x000001d5e33dc800 JavaThread "jar transforms Thread 47" [_thread_blocked, id=9968, stack(0x00000002bfc00000,0x00000002bfd00000)]
  0x000001d5e33d7800 JavaThread "jar transforms Thread 48" [_thread_blocked, id=1312, stack(0x00000002bfd00000,0x00000002bfe00000)]
  0x000001d5e0853000 JavaThread "jar transforms Thread 49" [_thread_blocked, id=2096, stack(0x00000002bfe00000,0x00000002bff00000)]
  0x000001d5e0855800 JavaThread "jar transforms Thread 50" [_thread_blocked, id=4472, stack(0x00000002bff00000,0x00000002c0000000)]
  0x000001d5e0854000 JavaThread "jar transforms Thread 51" [_thread_blocked, id=5376, stack(0x00000002c0000000,0x00000002c0100000)]
  0x000001d5e0851800 JavaThread "jar transforms Thread 52" [_thread_blocked, id=5548, stack(0x00000002c0100000,0x00000002c0200000)]
  0x000001d5e0850800 JavaThread "jar transforms Thread 53" [_thread_blocked, id=11132, stack(0x00000002c0200000,0x00000002c0300000)]
  0x000001d5e0850000 JavaThread "jar transforms Thread 54" [_thread_blocked, id=6920, stack(0x00000002c0300000,0x00000002c0400000)]
  0x000001d5e0852800 JavaThread "jar transforms Thread 55" [_thread_blocked, id=8480, stack(0x00000002c0400000,0x00000002c0500000)]
  0x000001d5e0858000 JavaThread "jar transforms Thread 56" [_thread_blocked, id=7668, stack(0x00000002c0500000,0x00000002c0600000)]
  0x000001d5e0856800 JavaThread "jar transforms Thread 57" [_thread_blocked, id=7232, stack(0x00000002c0600000,0x00000002c0700000)]
  0x000001d5e0857000 JavaThread "jar transforms Thread 58" [_thread_blocked, id=10036, stack(0x00000002c0700000,0x00000002c0800000)]
  0x000001d5e085a800 JavaThread "jar transforms Thread 59" [_thread_blocked, id=9356, stack(0x00000002c0800000,0x00000002c0900000)]
  0x000001d5e0859000 JavaThread "jar transforms Thread 60" [_thread_blocked, id=11232, stack(0x00000002c0900000,0x00000002c0a00000)]
  0x000001d5e0855000 JavaThread "jar transforms Thread 61" [_thread_blocked, id=10596, stack(0x00000002c0a00000,0x00000002c0b00000)]
  0x000001d5e085e800 JavaThread "jar transforms Thread 62" [_thread_blocked, id=10444, stack(0x00000002c0b00000,0x00000002c0c00000)]
  0x000001d5e085b800 JavaThread "jar transforms Thread 63" [_thread_blocked, id=8920, stack(0x00000002c0c00000,0x00000002c0d00000)]
  0x000001d5e085d000 JavaThread "jar transforms Thread 64" [_thread_blocked, id=856, stack(0x00000002c0d00000,0x00000002c0e00000)]
  0x000001d5e0859800 JavaThread "jar transforms Thread 65" [_thread_blocked, id=9420, stack(0x00000002c0e00000,0x00000002c0f00000)]
  0x000001d5e085c000 JavaThread "jar transforms Thread 66" [_thread_blocked, id=6988, stack(0x00000002c0f00000,0x00000002c1000000)]
  0x000001d5e085e000 JavaThread "jar transforms Thread 67" [_thread_blocked, id=11196, stack(0x00000002c1000000,0x00000002c1100000)]
  0x000001d5de422000 JavaThread "jar transforms Thread 68" [_thread_blocked, id=7156, stack(0x00000002c1100000,0x00000002c1200000)]
  0x000001d5de421000 JavaThread "jar transforms Thread 69" [_thread_blocked, id=6724, stack(0x00000002c1200000,0x00000002c1300000)]
  0x000001d5de426000 JavaThread "jar transforms Thread 70" [_thread_blocked, id=3828, stack(0x00000002c1300000,0x00000002c1400000)]
  0x000001d5de423800 JavaThread "jar transforms Thread 71" [_thread_blocked, id=10676, stack(0x00000002c1400000,0x00000002c1500000)]
  0x000001d5de424800 JavaThread "jar transforms Thread 72" [_thread_blocked, id=7524, stack(0x00000002c1500000,0x00000002c1600000)]
  0x000001d5de425000 JavaThread "jar transforms Thread 73" [_thread_blocked, id=5808, stack(0x00000002c1600000,0x00000002c1700000)]
  0x000001d5de427800 JavaThread "jar transforms Thread 74" [_thread_blocked, id=3540, stack(0x00000002c1700000,0x00000002c1800000)]
  0x000001d5de427000 JavaThread "jar transforms Thread 75" [_thread_blocked, id=11244, stack(0x00000002c1800000,0x00000002c1900000)]
  0x000001d5de422800 JavaThread "jar transforms Thread 76" [_thread_blocked, id=2724, stack(0x00000002c1900000,0x00000002c1a00000)]
  0x000001d5de42b000 JavaThread "jar transforms Thread 77" [_thread_blocked, id=4488, stack(0x00000002c1a00000,0x00000002c1b00000)]
  0x000001d5de42d800 JavaThread "jar transforms Thread 78" [_thread_blocked, id=5632, stack(0x00000002c1b00000,0x00000002c1c00000)]
  0x000001d5de42b800 JavaThread "jar transforms Thread 79" [_thread_blocked, id=2544, stack(0x00000002c1c00000,0x00000002c1d00000)]
  0x000001d5de428800 JavaThread "jar transforms Thread 80" [_thread_blocked, id=6368, stack(0x00000002c1d00000,0x00000002c1e00000)]
  0x000001d5de42c800 JavaThread "jar transforms Thread 81" [_thread_blocked, id=10532, stack(0x00000002c1e00000,0x00000002c1f00000)]
  0x000001d5de42f000 JavaThread "jar transforms Thread 82" [_thread_blocked, id=5568, stack(0x00000002c1f00000,0x00000002c2000000)]
  0x000001d5de42e000 JavaThread "jar transforms Thread 83" [_thread_blocked, id=4392, stack(0x00000002c2000000,0x00000002c2100000)]
  0x000001d5de429000 JavaThread "jar transforms Thread 84" [_thread_blocked, id=8076, stack(0x00000002c2100000,0x00000002c2200000)]
  0x000001d5de430000 JavaThread "jar transforms Thread 85" [_thread_blocked, id=8772, stack(0x00000002c2200000,0x00000002c2300000)]
  0x000001d5de42a000 JavaThread "jar transforms Thread 86" [_thread_blocked, id=2644, stack(0x00000002c2300000,0x00000002c2400000)]
  0x000001d5e3c9b000 JavaThread "jar transforms Thread 87" [_thread_blocked, id=7004, stack(0x00000002c2400000,0x00000002c2500000)]
  0x000001d5e3c98000 JavaThread "jar transforms Thread 88" [_thread_blocked, id=6576, stack(0x00000002c2500000,0x00000002c2600000)]
  0x000001d5e3c9c000 JavaThread "jar transforms Thread 89" [_thread_blocked, id=10492, stack(0x00000002c2600000,0x00000002c2700000)]
  0x000001d5e3c99800 JavaThread "jar transforms Thread 90" [_thread_blocked, id=4180, stack(0x00000002c2700000,0x00000002c2800000)]
  0x000001d5e3c9d800 JavaThread "jar transforms Thread 91" [_thread_blocked, id=7884, stack(0x00000002c2800000,0x00000002c2900000)]
  0x000001d5e3c9a800 JavaThread "jar transforms Thread 92" [_thread_blocked, id=608, stack(0x00000002c2900000,0x00000002c2a00000)]
  0x000001d5e3c9d000 JavaThread "jar transforms Thread 93" [_thread_blocked, id=4084, stack(0x00000002c2a00000,0x00000002c2b00000)]
  0x000001d5e3c9e800 JavaThread "jar transforms Thread 94" [_thread_blocked, id=8048, stack(0x00000002c2b00000,0x00000002c2c00000)]
  0x000001d5e3c99000 JavaThread "jar transforms Thread 95" [_thread_blocked, id=5456, stack(0x00000002c2c00000,0x00000002c2d00000)]
  0x000001d5e3c9f800 JavaThread "jar transforms Thread 96" [_thread_blocked, id=6644, stack(0x00000002c2d00000,0x00000002c2e00000)]
  0x000001d5e3ca0000 JavaThread "jar transforms Thread 97" [_thread_blocked, id=9656, stack(0x00000002c2e00000,0x00000002c2f00000)]
  0x000001d5e3ca1800 JavaThread "Memory manager" [_thread_blocked, id=6776, stack(0x00000002c3000000,0x00000002c3100000)]
  0x000001d5e3ca2800 JavaThread "build event listener" [_thread_blocked, id=896, stack(0x00000002c3100000,0x00000002c3200000)]
  0x000001d5e3ca4000 JavaThread "build event listener" [_thread_blocked, id=5016, stack(0x00000002c3200000,0x00000002c3300000)]
  0x000001d5e3ca1000 JavaThread "Execution worker for ':'" [_thread_blocked, id=2552, stack(0x00000002c3300000,0x00000002c3400000)]
  0x000001d5e3ca3800 JavaThread "Execution worker for ':' Thread 2" [_thread_blocked, id=2708, stack(0x00000002c3400000,0x00000002c3500000)]
  0x000001d5e3ca5000 JavaThread "Execution worker for ':' Thread 3" [_thread_blocked, id=10288, stack(0x00000002c3500000,0x00000002c3600000)]
  0x000001d5e3ca6000 JavaThread "Cache worker for execution history cache (C:\Users\ASUS\AndroidStudioProjects\VolleyDemo\.gradle\6.7.1\executionHistory)" [_thread_blocked, id=10932, stack(0x00000002c3600000,0x00000002c3700000)]
  0x000001d5e78df000 JavaThread "Cache worker for Java compile cache (C:\caches\6.7.1\javaCompile)" [_thread_blocked, id=5628, stack(0x00000002c3700000,0x00000002c3800000)]
  0x000001d5e78db000 JavaThread "Cache worker for Java compile cache (C:\Users\ASUS\AndroidStudioProjects\VolleyDemo\.gradle\6.7.1\javaCompile)" [_thread_blocked, id=8684, stack(0x00000002c3800000,0x00000002c3900000)]
  0x000001d5e78de800 JavaThread "WorkerExecutor Queue" [_thread_blocked, id=620, stack(0x00000002b9d00000,0x00000002b9e00000)]
  0x000001d5e78dd000 JavaThread "WorkerExecutor Queue Thread 2" [_thread_blocked, id=7848, stack(0x00000002b9e00000,0x00000002b9f00000)]
  0x000001d5e78dd800 JavaThread "WorkerExecutor Queue Thread 3" [_thread_blocked, id=7448, stack(0x00000002b9f00000,0x00000002ba000000)]
  0x000001d5e78d9800 JavaThread "WorkerExecutor Queue Thread 4" [_thread_blocked, id=9596, stack(0x00000002c2f00000,0x00000002c3000000)]
  0x000001d5e0768000 JavaThread "C2 CompilerThread1" daemon [_thread_blocked, id=11140, stack(0x00000002c3900000,0x00000002c3a00000)]
  0x000001d5e78da800 JavaThread "ForkJoinPool-1-worker-3" daemon [_thread_blocked, id=5908, stack(0x00000002bbf00000,0x00000002bc000000)]
  0x000001d5e78e4000 JavaThread "ForkJoinPool-1-worker-5" daemon [_thread_blocked, id=1368, stack(0x00000002c3a00000,0x00000002c3b00000)]
  0x000001d5e78e6000 JavaThread "ForkJoinPool-1-worker-7" daemon [_thread_blocked, id=1900, stack(0x00000002c3b00000,0x00000002c3c00000)]
  0x000001d5e78e5000 JavaThread "ForkJoinPool-1-worker-1" daemon [_thread_blocked, id=940, stack(0x00000002c3c00000,0x00000002c3d00000)]

Other Threads:
=>0x000001d5dd5d6800 VMThread "VM Thread" [stack: 0x00000002ba600000,0x00000002ba700000] [id=8804]
  0x000001d5de0cf800 WatcherThread [stack: 0x00000002bb000000,0x00000002bb100000] [id=8976]
  0x000001d5c3bc4000 GCTaskThread "GC Thread#0" [stack: 0x00000002ba100000,0x00000002ba200000] [id=6140]
  0x000001d5de572000 GCTaskThread "GC Thread#1" [stack: 0x00000002bb200000,0x00000002bb300000] [id=8392]
  0x000001d5dfe80800 GCTaskThread "GC Thread#2" [stack: 0x00000002bb600000,0x00000002bb700000] [id=7968]
  0x000001d5df187800 GCTaskThread "GC Thread#3" [stack: 0x00000002bb700000,0x00000002bb800000] [id=9388]
  0x000001d5c3bf4000 ConcurrentGCThread "G1 Main Marker" [stack: 0x00000002ba200000,0x00000002ba300000] [id=7264]
  0x000001d5c3bf5800 ConcurrentGCThread "G1 Conc#0" [stack: 0x00000002ba300000,0x00000002ba400000] [id=9344]
  0x000001d5c3c52000 ConcurrentGCThread "G1 Refine#0" [stack: 0x00000002ba400000,0x00000002ba500000] [id=2868]
  0x000001d5e9e52800 ConcurrentGCThread "G1 Refine#1" [stack: 0x00000002c3d00000,0x00000002c3e00000] [id=2196]
  0x000001d5c3c53000 ConcurrentGCThread "G1 Young RemSet Sampling" [stack: 0x00000002ba500000,0x00000002ba600000] [id=3228]

Threads with active compile tasks:
C2 CompilerThread0  72028 13358       4       com.android.tools.r8.dex.P$g::a (20 bytes)
C2 CompilerThread1  72028 13379       4       com.android.tools.r8.graph.O::a (275 bytes)

VM state:at safepoint (normal execution)

VM Mutex/Monitor currently owned by a thread:  ([mutex/lock_event])
[0x000001d5c3ba9020] Threads_lock - owner thread: 0x000001d5dd5d6800
[0x000001d5c3ba8c30] Heap_lock - owner thread: 0x000001d5e78dd000

Heap address: 0x0000000080000000, size: 2048 MB, Compressed Oops mode: 32-bit
Narrow klass base: 0x0000000000000000, Narrow klass shift: 3
Compressed class space size: 1073741824 Address: 0x0000000100000000

Heap:
 garbage-first heap   total 299008K, used 133320K [0x0000000080000000, 0x0000000100000000)
  region size 1024K, 3 young (3072K), 3 survivors (3072K)
 Metaspace       used 98316K, capacity 100759K, committed 101504K, reserved 1136640K
  class space    used 12690K, capacity 13600K, committed 13952K, reserved 1048576K
Heap Regions: E=young(eden), S=young(survivor), O=old, HS=humongous(starts), HC=humongous(continues), CS=collection set, F=free, A=archive, TAMS=top-at-mark-start (previous, next)
|   0|0x0000000080000000, 0x0000000080100000, 0x0000000080100000|100%| O|  |TAMS 0x0000000080100000, 0x0000000080000000| Untracked 
|   1|0x0000000080100000, 0x0000000080200000, 0x0000000080200000|100%| O|  |TAMS 0x0000000080200000, 0x0000000080100000| Untracked 
|   2|0x0000000080200000, 0x0000000080300000, 0x0000000080300000|100%| O|  |TAMS 0x0000000080300000, 0x0000000080200000| Untracked 
|   3|0x0000000080300000, 0x0000000080400000, 0x0000000080400000|100%|HS|  |TAMS 0x0000000080400000, 0x0000000080300000| Complete 
|   4|0x0000000080400000, 0x0000000080500000, 0x0000000080500000|100%|HC|  |TAMS 0x0000000080500000, 0x0000000080400000| Complete 
|   5|0x0000000080500000, 0x0000000080600000, 0x0000000080600000|100%|HC|  |TAMS 0x0000000080600000, 0x0000000080500000| Complete 
|   6|0x0000000080600000, 0x0000000080700000, 0x0000000080700000|100%| O|  |TAMS 0x0000000080700000, 0x0000000080600000| Untracked 
|   7|0x0000000080700000, 0x0000000080800000, 0x0000000080800000|100%| O|  |TAMS 0x0000000080800000, 0x0000000080700000| Untracked 
|   8|0x0000000080800000, 0x0000000080900000, 0x0000000080900000|100%| O|  |TAMS 0x0000000080900000, 0x0000000080800000| Untracked 
|   9|0x0000000080900000, 0x0000000080a00000, 0x0000000080a00000|100%| O|  |TAMS 0x0000000080a00000, 0x0000000080900000| Untracked 
|  10|0x0000000080a00000, 0x0000000080b00000, 0x0000000080b00000|100%| O|  |TAMS 0x0000000080b00000, 0x0000000080a00000| Untracked 
|  11|0x0000000080b00000, 0x0000000080c00000, 0x0000000080c00000|100%| O|  |TAMS 0x0000000080c00000, 0x0000000080b00000| Untracked 
|  12|0x0000000080c00000, 0x0000000080d00000, 0x0000000080d00000|100%| O|  |TAMS 0x0000000080d00000, 0x0000000080c00000| Untracked 
|  13|0x0000000080d00000, 0x0000000080e00000, 0x0000000080e00000|100%| O|  |TAMS 0x0000000080e00000, 0x0000000080d00000| Untracked 
|  14|0x0000000080e00000, 0x0000000080f00000, 0x0000000080f00000|100%| O|  |TAMS 0x0000000080f00000, 0x0000000080e00000| Untracked 
|  15|0x0000000080f00000, 0x0000000081000000, 0x0000000081000000|100%| O|  |TAMS 0x0000000081000000, 0x0000000080f00000| Untracked 
|  16|0x0000000081000000, 0x0000000081100000, 0x0000000081100000|100%| O|  |TAMS 0x0000000081100000, 0x0000000081000000| Untracked 
|  17|0x0000000081100000, 0x0000000081200000, 0x0000000081200000|100%| O|  |TAMS 0x0000000081200000, 0x0000000081100000| Untracked 
|  18|0x0000000081200000, 0x0000000081300000, 0x0000000081300000|100%|HS|  |TAMS 0x0000000081300000, 0x0000000081200000| Complete 
|  19|0x0000000081300000, 0x0000000081400000, 0x0000000081400000|100%| O|  |TAMS 0x0000000081400000, 0x0000000081300000| Untracked 
|  20|0x0000000081400000, 0x0000000081500000, 0x0000000081500000|100%| O|  |TAMS 0x0000000081500000, 0x0000000081400000| Untracked 
|  21|0x0000000081500000, 0x0000000081600000, 0x0000000081600000|100%| O|  |TAMS 0x0000000081600000, 0x0000000081500000| Untracked 
|  22|0x0000000081600000, 0x0000000081700000, 0x0000000081700000|100%| O|  |TAMS 0x0000000081700000, 0x0000000081600000| Untracked 
|  23|0x0000000081700000, 0x0000000081800000, 0x0000000081800000|100%| O|  |TAMS 0x0000000081800000, 0x0000000081700000| Untracked 
|  24|0x0000000081800000, 0x0000000081900000, 0x0000000081900000|100%| O|  |TAMS 0x0000000081900000, 0x0000000081800000| Untracked 
|  25|0x0000000081900000, 0x0000000081a00000, 0x0000000081a00000|100%|HS|  |TAMS 0x0000000081a00000, 0x0000000081900000| Complete 
|  26|0x0000000081a00000, 0x0000000081b00000, 0x0000000081b00000|100%|HC|  |TAMS 0x0000000081b00000, 0x0000000081a00000| Complete 
|  27|0x0000000081b00000, 0x0000000081c00000, 0x0000000081c00000|100%| O|  |TAMS 0x0000000081c00000, 0x0000000081b00000| Untracked 
|  28|0x0000000081c00000, 0x0000000081d00000, 0x0000000081d00000|100%| O|  |TAMS 0x0000000081d00000, 0x0000000081c00000| Untracked 
|  29|0x0000000081d00000, 0x0000000081e00000, 0x0000000081e00000|100%| O|  |TAMS 0x0000000081e00000, 0x0000000081d00000| Untracked 
|  30|0x0000000081e00000, 0x0000000081f00000, 0x0000000081f00000|100%| O|  |TAMS 0x0000000081f00000, 0x0000000081e00000| Untracked 
|  31|0x0000000081f00000, 0x0000000082000000, 0x0000000082000000|100%| O|  |TAMS 0x0000000082000000, 0x0000000081f00000| Untracked 
|  32|0x0000000082000000, 0x0000000082100000, 0x0000000082100000|100%| O|  |TAMS 0x0000000082100000, 0x0000000082000000| Untracked 
|  33|0x0000000082100000, 0x0000000082200000, 0x0000000082200000|100%| O|  |TAMS 0x0000000082200000, 0x0000000082100000| Untracked 
|  34|0x0000000082200000, 0x0000000082300000, 0x0000000082300000|100%| O|  |TAMS 0x0000000082300000, 0x0000000082200000| Untracked 
|  35|0x0000000082300000, 0x0000000082400000, 0x0000000082400000|100%| O|  |TAMS 0x0000000082400000, 0x0000000082300000| Untracked 
|  36|0x0000000082400000, 0x0000000082500000, 0x0000000082500000|100%| O|  |TAMS 0x0000000082500000, 0x0000000082400000| Untracked 
|  37|0x0000000082500000, 0x0000000082600000, 0x0000000082600000|100%| O|  |TAMS 0x0000000082600000, 0x0000000082500000| Untracked 
|  38|0x0000000082600000, 0x0000000082700000, 0x0000000082700000|100%| O|  |TAMS 0x0000000082700000, 0x0000000082600000| Untracked 
|  39|0x0000000082700000, 0x0000000082800000, 0x0000000082800000|100%| O|  |TAMS 0x0000000082800000, 0x0000000082700000| Untracked 
|  40|0x0000000082800000, 0x0000000082900000, 0x0000000082900000|100%| O|  |TAMS 0x0000000082900000, 0x0000000082800000| Untracked 
|  41|0x0000000082900000, 0x0000000082a00000, 0x0000000082a00000|100%| O|  |TAMS 0x0000000082a00000, 0x0000000082900000| Untracked 
|  42|0x0000000082a00000, 0x0000000082b00000, 0x0000000082b00000|100%| O|  |TAMS 0x0000000082b00000, 0x0000000082a00000| Untracked 
|  43|0x0000000082b00000, 0x0000000082c00000, 0x0000000082c00000|100%| O|  |TAMS 0x0000000082c00000, 0x0000000082b00000| Untracked 
|  44|0x0000000082c00000, 0x0000000082d00000, 0x0000000082d00000|100%| O|  |TAMS 0x0000000082d00000, 0x0000000082c00000| Untracked 
|  45|0x0000000082d00000, 0x0000000082e00000, 0x0000000082e00000|100%| O|  |TAMS 0x0000000082e00000, 0x0000000082d00000| Untracked 
|  46|0x0000000082e00000, 0x0000000082f00000, 0x0000000082f00000|100%| O|  |TAMS 0x0000000082f00000, 0x0000000082e00000| Untracked 
|  47|0x0000000082f00000, 0x0000000083000000, 0x0000000083000000|100%| O|  |TAMS 0x0000000083000000, 0x0000000082f00000| Untracked 
|  48|0x0000000083000000, 0x0000000083100000, 0x0000000083100000|100%| O|  |TAMS 0x0000000083100000, 0x0000000083000000| Untracked 
|  49|0x0000000083100000, 0x0000000083200000, 0x0000000083200000|100%| O|  |TAMS 0x0000000083200000, 0x0000000083100000| Untracked 
|  50|0x0000000083200000, 0x0000000083300000, 0x0000000083300000|100%| O|  |TAMS 0x0000000083300000, 0x0000000083200000| Untracked 
|  51|0x0000000083300000, 0x0000000083400000, 0x0000000083400000|100%| O|  |TAMS 0x0000000083400000, 0x0000000083300000| Untracked 
|  52|0x0000000083400000, 0x0000000083500000, 0x0000000083500000|100%| O|  |TAMS 0x0000000083500000, 0x0000000083400000| Untracked 
|  53|0x0000000083500000, 0x0000000083600000, 0x0000000083600000|100%| O|  |TAMS 0x0000000083600000, 0x0000000083500000| Untracked 
|  54|0x0000000083600000, 0x0000000083700000, 0x0000000083700000|100%| O|  |TAMS 0x0000000083700000, 0x0000000083600000| Untracked 
|  55|0x0000000083700000, 0x0000000083800000, 0x0000000083800000|100%| O|  |TAMS 0x0000000083800000, 0x0000000083700000| Untracked 
|  56|0x0000000083800000, 0x0000000083900000, 0x0000000083900000|100%| O|  |TAMS 0x0000000083900000, 0x0000000083800000| Untracked 
|  57|0x0000000083900000, 0x0000000083a00000, 0x0000000083a00000|100%| O|  |TAMS 0x0000000083900000, 0x0000000083900000| Untracked 
|  58|0x0000000083a00000, 0x0000000083b00000, 0x0000000083b00000|100%| O|  |TAMS 0x0000000083b00000, 0x0000000083a00000| Untracked 
|  59|0x0000000083b00000, 0x0000000083c00000, 0x0000000083c00000|100%| O|  |TAMS 0x0000000083c00000, 0x0000000083b00000| Untracked 
|  60|0x0000000083c00000, 0x0000000083d00000, 0x0000000083d00000|100%| O|  |TAMS 0x0000000083d00000, 0x0000000083c00000| Untracked 
|  61|0x0000000083d00000, 0x0000000083e00000, 0x0000000083e00000|100%| O|  |TAMS 0x0000000083e00000, 0x0000000083d00000| Untracked 
|  62|0x0000000083e00000, 0x0000000083f00000, 0x0000000083f00000|100%| O|  |TAMS 0x0000000083f00000, 0x0000000083e00000| Untracked 
|  63|0x0000000083f00000, 0x0000000084000000, 0x0000000084000000|100%| O|  |TAMS 0x0000000084000000, 0x0000000083f00000| Untracked 
|  64|0x0000000084000000, 0x0000000084100000, 0x0000000084100000|100%| O|  |TAMS 0x0000000084100000, 0x0000000084000000| Untracked 
|  65|0x0000000084100000, 0x0000000084200000, 0x0000000084200000|100%| O|  |TAMS 0x0000000084200000, 0x0000000084100000| Untracked 
|  66|0x0000000084200000, 0x0000000084300000, 0x0000000084300000|100%| O|  |TAMS 0x0000000084300000, 0x0000000084200000| Untracked 
|  67|0x0000000084300000, 0x0000000084400000, 0x0000000084400000|100%| O|  |TAMS 0x0000000084300000, 0x0000000084300000| Untracked 
|  68|0x0000000084400000, 0x0000000084500000, 0x0000000084500000|100%| O|  |TAMS 0x0000000084500000, 0x0000000084400000| Untracked 
|  69|0x0000000084500000, 0x0000000084600000, 0x0000000084600000|100%| O|  |TAMS 0x0000000084600000, 0x0000000084500000| Untracked 
|  70|0x0000000084600000, 0x0000000084700000, 0x0000000084700000|100%| O|  |TAMS 0x0000000084700000, 0x0000000084600000| Untracked 
|  71|0x0000000084700000, 0x0000000084800000, 0x0000000084800000|100%| O|  |TAMS 0x00000000847b4400, 0x0000000084700000| Untracked 
|  72|0x0000000084800000, 0x0000000084900000, 0x0000000084900000|100%| O|  |TAMS 0x0000000084900000, 0x0000000084800000| Untracked 
|  73|0x0000000084900000, 0x0000000084a00000, 0x0000000084a00000|100%| O|  |TAMS 0x0000000084a00000, 0x0000000084900000| Untracked 
|  74|0x0000000084a00000, 0x0000000084b00000, 0x0000000084b00000|100%| O|  |TAMS 0x0000000084b00000, 0x0000000084a00000| Untracked 
|  75|0x0000000084b00000, 0x0000000084c00000, 0x0000000084c00000|100%| O|  |TAMS 0x0000000084c00000, 0x0000000084b00000| Untracked 
|  76|0x0000000084c00000, 0x0000000084d00000, 0x0000000084d00000|100%| O|  |TAMS 0x0000000084d00000, 0x0000000084c00000| Untracked 
|  77|0x0000000084d00000, 0x0000000084e00000, 0x0000000084e00000|100%| O|  |TAMS 0x0000000084d00000, 0x0000000084d00000| Untracked 
|  78|0x0000000084e00000, 0x0000000084f00000, 0x0000000084f00000|100%| O|  |TAMS 0x0000000084e00000, 0x0000000084e00000| Untracked 
|  79|0x0000000084f00000, 0x0000000085000000, 0x0000000085000000|100%| O|  |TAMS 0x0000000084f00000, 0x0000000084f00000| Untracked 
|  80|0x0000000085000000, 0x0000000085100000, 0x0000000085100000|100%| O|  |TAMS 0x0000000085000000, 0x0000000085000000| Untracked 
|  81|0x0000000085100000, 0x0000000085200000, 0x0000000085200000|100%| O|  |TAMS 0x0000000085100000, 0x0000000085100000| Untracked 
|  82|0x0000000085200000, 0x0000000085300000, 0x0000000085300000|100%| O|  |TAMS 0x0000000085200000, 0x0000000085200000| Untracked 
|  83|0x0000000085300000, 0x0000000085400000, 0x0000000085400000|100%| O|  |TAMS 0x0000000085300000, 0x0000000085300000| Untracked 
|  84|0x0000000085400000, 0x0000000085500000, 0x0000000085500000|100%| O|  |TAMS 0x0000000085400000, 0x0000000085400000| Untracked 
|  85|0x0000000085500000, 0x0000000085600000, 0x0000000085600000|100%| O|  |TAMS 0x0000000085500000, 0x0000000085500000| Untracked 
|  86|0x0000000085600000, 0x0000000085700000, 0x0000000085700000|100%|HS|  |TAMS 0x0000000085700000, 0x0000000085600000| Complete 
|  87|0x0000000085700000, 0x0000000085800000, 0x0000000085800000|100%|HC|  |TAMS 0x0000000085800000, 0x0000000085700000| Complete 
|  88|0x0000000085800000, 0x0000000085900000, 0x0000000085900000|100%|HC|  |TAMS 0x0000000085900000, 0x0000000085800000| Complete 
|  89|0x0000000085900000, 0x0000000085a00000, 0x0000000085a00000|100%|HC|  |TAMS 0x0000000085a00000, 0x0000000085900000| Complete 
|  90|0x0000000085a00000, 0x0000000085b00000, 0x0000000085b00000|100%|HC|  |TAMS 0x0000000085b00000, 0x0000000085a00000| Complete 
|  91|0x0000000085b00000, 0x0000000085c00000, 0x0000000085c00000|100%| O|  |TAMS 0x0000000085c00000, 0x0000000085b00000| Untracked 
|  92|0x0000000085c00000, 0x0000000085d00000, 0x0000000085d00000|100%| O|  |TAMS 0x0000000085d00000, 0x0000000085c00000| Untracked 
|  93|0x0000000085d00000, 0x0000000085e00000, 0x0000000085e00000|100%| O|  |TAMS 0x0000000085e00000, 0x0000000085d00000| Untracked 
|  94|0x0000000085e00000, 0x0000000085f00000, 0x0000000085f00000|100%| O|  |TAMS 0x0000000085f00000, 0x0000000085e00000| Untracked 
|  95|0x0000000085f00000, 0x0000000086000000, 0x0000000086000000|100%| O|  |TAMS 0x0000000086000000, 0x0000000085f00000| Untracked 
|  96|0x0000000086000000, 0x0000000086100000, 0x0000000086100000|100%|HS|  |TAMS 0x0000000086100000, 0x0000000086000000| Complete 
|  97|0x0000000086100000, 0x0000000086200000, 0x0000000086200000|100%|HC|  |TAMS 0x0000000086200000, 0x0000000086100000| Complete 
|  98|0x0000000086200000, 0x0000000086300000, 0x0000000086300000|100%|HC|  |TAMS 0x0000000086300000, 0x0000000086200000| Complete 
|  99|0x0000000086300000, 0x0000000086400000, 0x0000000086400000|100%|HC|  |TAMS 0x0000000086400000, 0x0000000086300000| Complete 
| 100|0x0000000086400000, 0x0000000086500000, 0x0000000086500000|100%|HC|  |TAMS 0x0000000086500000, 0x0000000086400000| Complete 
| 101|0x0000000086500000, 0x0000000086600000, 0x0000000086600000|100%| O|  |TAMS 0x0000000086600000, 0x0000000086500000| Untracked 
| 102|0x0000000086600000, 0x0000000086700000, 0x0000000086700000|100%| O|  |TAMS 0x0000000086700000, 0x0000000086600000| Untracked 
| 103|0x0000000086700000, 0x0000000086800000, 0x0000000086800000|100%| O|  |TAMS 0x0000000086800000, 0x0000000086700000| Untracked 
| 104|0x0000000086800000, 0x0000000086900000, 0x0000000086900000|100%| O|  |TAMS 0x0000000086900000, 0x0000000086800000| Untracked 
| 105|0x0000000086900000, 0x0000000086a00000, 0x0000000086a00000|100%| O|  |TAMS 0x0000000086a00000, 0x0000000086900000| Untracked 
| 106|0x0000000086a00000, 0x0000000086b00000, 0x0000000086b00000|100%| O|  |TAMS 0x0000000086b00000, 0x0000000086a00000| Untracked 
| 107|0x0000000086b00000, 0x0000000086c00000, 0x0000000086c00000|100%| O|  |TAMS 0x0000000086c00000, 0x0000000086b00000| Untracked 
| 108|0x0000000086c00000, 0x0000000086d00000, 0x0000000086d00000|100%| O|  |TAMS 0x0000000086d00000, 0x0000000086c00000| Untracked 
| 109|0x0000000086d00000, 0x0000000086e00000, 0x0000000086e00000|100%| O|  |TAMS 0x0000000086d00000, 0x0000000086d00000| Untracked 
| 110|0x0000000086e00000, 0x0000000086f00000, 0x0000000086f00000|100%| O|  |TAMS 0x0000000086e00000, 0x0000000086e00000| Untracked 
| 111|0x0000000086f00000, 0x0000000087000000, 0x0000000087000000|100%| O|  |TAMS 0x0000000086f00000, 0x0000000086f00000| Untracked 
| 112|0x0000000087000000, 0x0000000087100000, 0x0000000087100000|100%| O|  |TAMS 0x0000000087000000, 0x0000000087000000| Untracked 
| 113|0x0000000087100000, 0x0000000087200000, 0x0000000087200000|100%| O|  |TAMS 0x0000000087200000, 0x0000000087100000| Untracked 
| 114|0x0000000087200000, 0x0000000087300000, 0x0000000087300000|100%| O|  |TAMS 0x0000000087200000, 0x0000000087200000| Untracked 
| 115|0x0000000087300000, 0x0000000087400000, 0x0000000087400000|100%| O|  |TAMS 0x0000000087300000, 0x0000000087300000| Untracked 
| 116|0x0000000087400000, 0x0000000087500000, 0x0000000087500000|100%| O|  |TAMS 0x0000000087400000, 0x0000000087400000| Untracked 
| 117|0x0000000087500000, 0x0000000087600000, 0x0000000087600000|100%| O|  |TAMS 0x0000000087500000, 0x0000000087500000| Untracked 
| 118|0x0000000087600000, 0x0000000087700000, 0x0000000087700000|100%| O|  |TAMS 0x0000000087600000, 0x0000000087600000| Untracked 
| 119|0x0000000087700000, 0x0000000087800000, 0x0000000087800000|100%| O|  |TAMS 0x0000000087700000, 0x0000000087700000| Untracked 
| 120|0x0000000087800000, 0x0000000087900000, 0x0000000087900000|100%| O|  |TAMS 0x0000000087800000, 0x0000000087800000| Untracked 
| 121|0x0000000087900000, 0x0000000087a00000, 0x0000000087a00000|100%| O|  |TAMS 0x0000000087900000, 0x0000000087900000| Untracked 
| 122|0x0000000087a00000, 0x0000000087b00000, 0x0000000087b00000|100%| O|  |TAMS 0x0000000087a00000, 0x0000000087a00000| Untracked 
| 123|0x0000000087b00000, 0x0000000087c00000, 0x0000000087c00000|100%| O|  |TAMS 0x0000000087b00000, 0x0000000087b00000| Untracked 
| 124|0x0000000087c00000, 0x0000000087d00000, 0x0000000087d00000|100%| O|  |TAMS 0x0000000087c00000, 0x0000000087c00000| Untracked 
| 125|0x0000000087d00000, 0x0000000087e00000, 0x0000000087e00000|100%| O|  |TAMS 0x0000000087d00000, 0x0000000087d00000| Untracked 
| 126|0x0000000087e00000, 0x0000000087f00000, 0x0000000087f00000|100%| O|  |TAMS 0x0000000087e00000, 0x0000000087e00000| Untracked 
| 127|0x0000000087f00000, 0x0000000087f32000, 0x0000000088000000| 19%| O|  |TAMS 0x0000000087f00000, 0x0000000087f00000| Untracked 
| 128|0x0000000088000000, 0x0000000088000000, 0x0000000088100000|  0%| F|  |TAMS 0x0000000088000000, 0x0000000088000000| Untracked 
| 129|0x0000000088100000, 0x0000000088100000, 0x0000000088200000|  0%| F|  |TAMS 0x0000000088100000, 0x0000000088100000| Untracked 
| 130|0x0000000088200000, 0x0000000088200000, 0x0000000088300000|  0%| F|  |TAMS 0x0000000088200000, 0x0000000088200000| Untracked 
| 131|0x0000000088300000, 0x0000000088300000, 0x0000000088400000|  0%| F|  |TAMS 0x0000000088300000, 0x0000000088300000| Untracked 
| 132|0x0000000088400000, 0x0000000088400000, 0x0000000088500000|  0%| F|  |TAMS 0x0000000088400000, 0x0000000088400000| Untracked 
| 133|0x0000000088500000, 0x0000000088500000, 0x0000000088600000|  0%| F|  |TAMS 0x0000000088500000, 0x0000000088500000| Untracked 
| 134|0x0000000088600000, 0x0000000088600000, 0x0000000088700000|  0%| F|  |TAMS 0x0000000088600000, 0x0000000088600000| Untracked 
| 135|0x0000000088700000, 0x0000000088700000, 0x0000000088800000|  0%| F|  |TAMS 0x0000000088700000, 0x0000000088700000| Untracked 
| 136|0x0000000088800000, 0x0000000088800000, 0x0000000088900000|  0%| F|  |TAMS 0x0000000088800000, 0x0000000088800000| Untracked 
| 137|0x0000000088900000, 0x0000000088900000, 0x0000000088a00000|  0%| F|  |TAMS 0x0000000088900000, 0x0000000088900000| Untracked 
| 138|0x0000000088a00000, 0x0000000088a00000, 0x0000000088b00000|  0%| F|  |TAMS 0x0000000088a00000, 0x0000000088a00000| Untracked 
| 139|0x0000000088b00000, 0x0000000088b00000, 0x0000000088c00000|  0%| F|  |TAMS 0x0000000088b00000, 0x0000000088b00000| Untracked 
| 140|0x0000000088c00000, 0x0000000088c00000, 0x0000000088d00000|  0%| F|  |TAMS 0x0000000088c00000, 0x0000000088c00000| Untracked 
| 141|0x0000000088d00000, 0x0000000088d00000, 0x0000000088e00000|  0%| F|  |TAMS 0x0000000088d00000, 0x0000000088d00000| Untracked 
| 142|0x0000000088e00000, 0x0000000088e00000, 0x0000000088f00000|  0%| F|  |TAMS 0x0000000088e00000, 0x0000000088e00000| Untracked 
| 143|0x0000000088f00000, 0x0000000088f00000, 0x0000000089000000|  0%| F|  |TAMS 0x0000000088f00000, 0x0000000088f00000| Untracked 
| 144|0x0000000089000000, 0x0000000089000000, 0x0000000089100000|  0%| F|  |TAMS 0x0000000089000000, 0x0000000089000000| Untracked 
| 145|0x0000000089100000, 0x0000000089100000, 0x0000000089200000|  0%| F|  |TAMS 0x0000000089100000, 0x0000000089100000| Untracked 
| 146|0x0000000089200000, 0x0000000089200000, 0x0000000089300000|  0%| F|  |TAMS 0x0000000089200000, 0x0000000089200000| Untracked 
| 147|0x0000000089300000, 0x0000000089300000, 0x0000000089400000|  0%| F|  |TAMS 0x0000000089300000, 0x0000000089300000| Untracked 
| 148|0x0000000089400000, 0x0000000089400000, 0x0000000089500000|  0%| F|  |TAMS 0x0000000089400000, 0x0000000089400000| Untracked 
| 149|0x0000000089500000, 0x0000000089500000, 0x0000000089600000|  0%| F|  |TAMS 0x0000000089500000, 0x0000000089500000| Untracked 
| 150|0x0000000089600000, 0x0000000089600000, 0x0000000089700000|  0%| F|  |TAMS 0x0000000089600000, 0x0000000089600000| Untracked 
| 151|0x0000000089700000, 0x0000000089700000, 0x0000000089800000|  0%| F|  |TAMS 0x0000000089700000, 0x0000000089700000| Untracked 
| 152|0x0000000089800000, 0x0000000089800000, 0x0000000089900000|  0%| F|  |TAMS 0x0000000089800000, 0x0000000089800000| Untracked 
| 153|0x0000000089900000, 0x0000000089900000, 0x0000000089a00000|  0%| F|  |TAMS 0x0000000089900000, 0x0000000089900000| Untracked 
| 154|0x0000000089a00000, 0x0000000089a00000, 0x0000000089b00000|  0%| F|  |TAMS 0x0000000089a00000, 0x0000000089a00000| Untracked 
| 155|0x0000000089b00000, 0x0000000089b00000, 0x0000000089c00000|  0%| F|  |TAMS 0x0000000089b00000, 0x0000000089b00000| Untracked 
| 156|0x0000000089c00000, 0x0000000089c00000, 0x0000000089d00000|  0%| F|  |TAMS 0x0000000089c00000, 0x0000000089c00000| Untracked 
| 157|0x0000000089d00000, 0x0000000089e00000, 0x0000000089e00000|100%| S|CS|TAMS 0x0000000089d00000, 0x0000000089d00000| Complete 
| 158|0x0000000089e00000, 0x0000000089f00000, 0x0000000089f00000|100%| S|CS|TAMS 0x0000000089e00000, 0x0000000089e00000| Complete 
| 159|0x0000000089f00000, 0x000000008a000000, 0x000000008a000000|100%| S|CS|TAMS 0x0000000089f00000, 0x0000000089f00000| Complete 
| 160|0x000000008a000000, 0x000000008a000000, 0x000000008a100000|  0%| F|  |TAMS 0x000000008a000000, 0x000000008a000000| Untracked 
| 161|0x000000008a100000, 0x000000008a100000, 0x000000008a200000|  0%| F|  |TAMS 0x000000008a100000, 0x000000008a100000| Untracked 
| 162|0x000000008a200000, 0x000000008a200000, 0x000000008a300000|  0%| F|  |TAMS 0x000000008a200000, 0x000000008a200000| Untracked 
| 163|0x000000008a300000, 0x000000008a300000, 0x000000008a400000|  0%| F|  |TAMS 0x000000008a300000, 0x000000008a300000| Untracked 
| 164|0x000000008a400000, 0x000000008a400000, 0x000000008a500000|  0%| F|  |TAMS 0x000000008a400000, 0x000000008a400000| Untracked 
| 165|0x000000008a500000, 0x000000008a500000, 0x000000008a600000|  0%| F|  |TAMS 0x000000008a500000, 0x000000008a500000| Untracked 
| 166|0x000000008a600000, 0x000000008a600000, 0x000000008a700000|  0%| F|  |TAMS 0x000000008a600000, 0x000000008a600000| Untracked 
| 167|0x000000008a700000, 0x000000008a700000, 0x000000008a800000|  0%| F|  |TAMS 0x000000008a700000, 0x000000008a700000| Untracked 
| 168|0x000000008a800000, 0x000000008a800000, 0x000000008a900000|  0%| F|  |TAMS 0x000000008a800000, 0x000000008a800000| Untracked 
| 169|0x000000008a900000, 0x000000008a900000, 0x000000008aa00000|  0%| F|  |TAMS 0x000000008a900000, 0x000000008a900000| Untracked 
| 170|0x000000008aa00000, 0x000000008aa00000, 0x000000008ab00000|  0%| F|  |TAMS 0x000000008aa00000, 0x000000008aa00000| Untracked 
| 171|0x000000008ab00000, 0x000000008ab00000, 0x000000008ac00000|  0%| F|  |TAMS 0x000000008ab00000, 0x000000008ab00000| Untracked 
| 172|0x000000008ac00000, 0x000000008ac00000, 0x000000008ad00000|  0%| F|  |TAMS 0x000000008ac00000, 0x000000008ac00000| Untracked 
| 173|0x000000008ad00000, 0x000000008ad00000, 0x000000008ae00000|  0%| F|  |TAMS 0x000000008ad00000, 0x000000008ad00000| Untracked 
| 174|0x000000008ae00000, 0x000000008ae00000, 0x000000008af00000|  0%| F|  |TAMS 0x000000008ae00000, 0x000000008ae00000| Untracked 

Card table byte_map: [0x000001d5d6930000,0x000001d5d6d30000] _byte_map_base: 0x000001d5d6530000

Marking Bits (Prev, Next): (CMBitMap*) 0x000001d5c3beb5f0, (CMBitMap*) 0x000001d5c3beb5b8
 Prev Bits: [0x000001d5d9130000, 0x000001d5db130000)
 Next Bits: [0x000001d5d7130000, 0x000001d5d9130000)

Polling page: 0x000001d5c3390000

Metaspace:

Usage:
  Non-class:     85.12 MB capacity,    83.62 MB ( 98%) used,     1.21 MB (  1%) free+waste,   292.50 KB ( <1%) overhead. 
      Class:     13.28 MB capacity,    12.39 MB ( 93%) used,   776.59 KB (  6%) free+waste,   133.38 KB ( <1%) overhead. 
       Both:     98.40 MB capacity,    96.01 MB ( 98%) used,     1.97 MB (  2%) free+waste,   425.88 KB ( <1%) overhead. 

Virtual space:
  Non-class space:       86.00 MB reserved,      85.50 MB (>99%) committed 
      Class space:        1.00 GB reserved,      13.63 MB (  1%) committed 
             Both:        1.08 GB reserved,      99.13 MB (  9%) committed 

Chunk freelists:
   Non-Class:  265.00 KB
       Class:  256.00 KB
        Both:  521.00 KB

MaxMetaspaceSize: 17179869184.00 GB
CompressedClassSpaceSize: 1.00 GB

CodeHeap 'non-profiled nmethods': size=120064Kb used=7576Kb max_used=7576Kb free=112487Kb
 bounds [0x000001d5ceff0000, 0x000001d5cf760000, 0x000001d5d6530000]
CodeHeap 'profiled nmethods': size=120000Kb used=30163Kb max_used=30163Kb free=89836Kb
 bounds [0x000001d5c7ac0000, 0x000001d5c9840000, 0x000001d5ceff0000]
CodeHeap 'non-nmethods': size=5696Kb used=2281Kb max_used=2357Kb free=3414Kb
 bounds [0x000001d5c7530000, 0x000001d5c77a0000, 0x000001d5c7ac0000]
 total_blobs=13778 nmethods=12889 adapters=800
 compilation: enabled
              stopped_count=0, restarted_count=0
 full_count=0

Compilation events (20 events):
Event: 71.737 Thread 0x000001d5dd63b800 13388       2       com.android.tools.r8.code.v1::D (8 bytes)
Event: 71.737 Thread 0x000001d5dd63b800 nmethod 13388 0x000001d5c9835d90 code [0x000001d5c9835f40, 0x000001d5c9836078]
Event: 71.750 Thread 0x000001d5dd63b800 13389       2       com.android.tools.r8.code.V::a (1 bytes)
Event: 71.750 Thread 0x000001d5dd63b800 nmethod 13389 0x000001d5c9836110 code [0x000001d5c98362c0, 0x000001d5c98363b8]
Event: 71.752 Thread 0x000001d5dd63b800 13390       2       com.android.tools.r8.code.p2::a (1 bytes)
Event: 71.753 Thread 0x000001d5dd63b800 nmethod 13390 0x000001d5c9836490 code [0x000001d5c9836640, 0x000001d5c9836738]
Event: 71.756 Thread 0x000001d5dd63b800 13391       2       com.android.tools.r8.code.Q3::a (1 bytes)
Event: 71.756 Thread 0x000001d5dd63b800 nmethod 13391 0x000001d5c9836810 code [0x000001d5c98369c0, 0x000001d5c9836ab8]
Event: 71.766 Thread 0x000001d5dd63b800 13393       2       com.android.tools.r8.code.E::a (1 bytes)
Event: 71.766 Thread 0x000001d5dd63b800 nmethod 13393 0x000001d5c9836b90 code [0x000001d5c9836d40, 0x000001d5c9836e38]
Event: 71.770 Thread 0x000001d5e0768000 nmethod 13038% 0x000001d5cf747b10 code [0x000001d5cf748140, 0x000001d5cf7505c0]
Event: 71.771 Thread 0x000001d5e0768000 13379       4       com.android.tools.r8.graph.O::a (275 bytes)
Event: 71.787 Thread 0x000001d5dd63b800 13396       2       com.android.tools.r8.code.f2::a (1 bytes)
Event: 71.787 Thread 0x000001d5dd63b800 nmethod 13396 0x000001d5c9836f10 code [0x000001d5c98370c0, 0x000001d5c98371b8]
Event: 71.787 Thread 0x000001d5dd63b800 13397       2       com.android.tools.r8.code.S::a (1 bytes)
Event: 71.787 Thread 0x000001d5dd63b800 nmethod 13397 0x000001d5c9837290 code [0x000001d5c9837440, 0x000001d5c9837538]
Event: 71.864 Thread 0x000001d5dd63b800 13399       2       com.android.tools.r8.code.B0::a (1 bytes)
Event: 71.865 Thread 0x000001d5dd63b800 nmethod 13399 0x000001d5c9837610 code [0x000001d5c98377c0, 0x000001d5c98378b8]
Event: 71.870 Thread 0x000001d5dd63b800 13400       2       com.android.tools.r8.code.c::a (1 bytes)
Event: 71.870 Thread 0x000001d5dd63b800 nmethod 13400 0x000001d5c9837990 code [0x000001d5c9837b40, 0x000001d5c9837c38]

GC Heap History (20 events):
Event: 65.418 GC heap after
{Heap after GC invocations=65 (full 0):
 garbage-first heap   total 138240K, used 89048K [0x0000000080000000, 0x0000000100000000)
  region size 1024K, 3 young (3072K), 3 survivors (3072K)
 Metaspace       used 96656K, capacity 99318K, committed 99456K, reserved 1134592K
  class space    used 12630K, capacity 13686K, committed 13696K, reserved 1048576K
}
Event: 67.062 GC heap before
{Heap before GC invocations=66 (full 0):
 garbage-first heap   total 138240K, used 112600K [0x0000000080000000, 0x0000000100000000)
  region size 1024K, 26 young (26624K), 3 survivors (3072K)
 Metaspace       used 96660K, capacity 99112K, committed 99968K, reserved 1136640K
  class space    used 12481K, capacity 13410K, committed 13696K, reserved 1048576K
}
Event: 67.071 GC heap after
{Heap after GC invocations=67 (full 0):
 garbage-first heap   total 138240K, used 86609K [0x0000000080000000, 0x0000000100000000)
  region size 1024K, 2 young (2048K), 2 survivors (2048K)
 Metaspace       used 96660K, capacity 99112K, committed 99968K, reserved 1136640K
  class space    used 12481K, capacity 13410K, committed 13696K, reserved 1048576K
}
Event: 67.252 GC heap before
{Heap before GC invocations=67 (full 0):
 garbage-first heap   total 138240K, used 90705K [0x0000000080000000, 0x0000000100000000)
  region size 1024K, 6 young (6144K), 2 survivors (2048K)
 Metaspace       used 96705K, capacity 99185K, committed 99968K, reserved 1136640K
  class space    used 12485K, capacity 13412K, committed 13696K, reserved 1048576K
}
Event: 67.260 GC heap after
{Heap after GC invocations=68 (full 0):
 garbage-first heap   total 138240K, used 85911K [0x0000000080000000, 0x0000000100000000)
  region size 1024K, 1 young (1024K), 1 survivors (1024K)
 Metaspace       used 96705K, capacity 99185K, committed 99968K, reserved 1136640K
  class space    used 12485K, capacity 13412K, committed 13696K, reserved 1048576K
}
Event: 68.385 GC heap before
{Heap before GC invocations=68 (full 0):
 garbage-first heap   total 138240K, used 115607K [0x0000000080000000, 0x0000000100000000)
  region size 1024K, 26 young (26624K), 1 survivors (1024K)
 Metaspace       used 97143K, capacity 99641K, committed 100352K, reserved 1136640K
  class space    used 12522K, capacity 13448K, committed 13824K, reserved 1048576K
}
Event: 68.395 GC heap after
{Heap after GC invocations=69 (full 0):
 garbage-first heap   total 138240K, used 92327K [0x0000000080000000, 0x0000000100000000)
  region size 1024K, 3 young (3072K), 3 survivors (3072K)
 Metaspace       used 97143K, capacity 99641K, committed 100352K, reserved 1136640K
  class space    used 12522K, capacity 13448K, committed 13824K, reserved 1048576K
}
Event: 69.024 GC heap before
{Heap before GC invocations=70 (full 0):
 garbage-first heap   total 138240K, used 124071K [0x0000000080000000, 0x0000000100000000)
  region size 1024K, 25 young (25600K), 3 survivors (3072K)
 Metaspace       used 97301K, capacity 99821K, committed 100608K, reserved 1136640K
  class space    used 12529K, capacity 13443K, committed 13824K, reserved 1048576K
}
Event: 69.059 GC heap after
{Heap after GC invocations=71 (full 0):
 garbage-first heap   total 138240K, used 107518K [0x0000000080000000, 0x0000000100000000)
  region size 1024K, 4 young (4096K), 4 survivors (4096K)
 Metaspace       used 97301K, capacity 99821K, committed 100608K, reserved 1136640K
  class space    used 12529K, capacity 13443K, committed 13824K, reserved 1048576K
}
Event: 69.076 GC heap before
{Heap before GC invocations=71 (full 0):
 garbage-first heap   total 138240K, used 109566K [0x0000000080000000, 0x0000000100000000)
  region size 1024K, 6 young (6144K), 4 survivors (4096K)
 Metaspace       used 97301K, capacity 99821K, committed 100608K, reserved 1136640K
  class space    used 12529K, capacity 13443K, committed 13824K, reserved 1048576K
}
Event: 69.127 GC heap after
{Heap after GC invocations=72 (full 0):
 garbage-first heap   total 138240K, used 99069K [0x0000000080000000, 0x0000000100000000)
  region size 1024K, 1 young (1024K), 1 survivors (1024K)
 Metaspace       used 97301K, capacity 99821K, committed 100608K, reserved 1136640K
  class space    used 12529K, capacity 13443K, committed 13824K, reserved 1048576K
}
Event: 69.579 GC heap before
{Heap before GC invocations=72 (full 0):
 garbage-first heap   total 138240K, used 113405K [0x0000000080000000, 0x0000000100000000)
  region size 1024K, 15 young (15360K), 1 survivors (1024K)
 Metaspace       used 98113K, capacity 100541K, committed 101248K, reserved 1136640K
  class space    used 12688K, capacity 13598K, committed 13952K, reserved 1048576K
}
Event: 69.614 GC heap after
{Heap after GC invocations=73 (full 0):
 garbage-first heap   total 179200K, used 106193K [0x0000000080000000, 0x0000000100000000)
  region size 1024K, 2 young (2048K), 2 survivors (2048K)
 Metaspace       used 98113K, capacity 100541K, committed 101248K, reserved 1136640K
  class space    used 12688K, capacity 13598K, committed 13952K, reserved 1048576K
}
Event: 70.663 GC heap before
{Heap before GC invocations=74 (full 0):
 garbage-first heap   total 179200K, used 132817K [0x0000000080000000, 0x0000000100000000)
  region size 1024K, 29 young (29696K), 2 survivors (2048K)
 Metaspace       used 98183K, capacity 100676K, committed 101504K, reserved 1136640K
  class space    used 12688K, capacity 13598K, committed 13952K, reserved 1048576K
}
Event: 70.739 GC heap after
{Heap after GC invocations=75 (full 0):
 garbage-first heap   total 179200K, used 122714K [0x0000000080000000, 0x0000000100000000)
  region size 1024K, 4 young (4096K), 4 survivors (4096K)
 Metaspace       used 98183K, capacity 100676K, committed 101504K, reserved 1136640K
  class space    used 12688K, capacity 13598K, committed 13952K, reserved 1048576K
}
Event: 70.848 GC heap before
{Heap before GC invocations=75 (full 0):
 garbage-first heap   total 179200K, used 126810K [0x0000000080000000, 0x0000000100000000)
  region size 1024K, 8 young (8192K), 4 survivors (4096K)
 Metaspace       used 98183K, capacity 100676K, committed 101504K, reserved 1136640K
  class space    used 12688K, capacity 13598K, committed 13952K, reserved 1048576K
}
Event: 70.896 GC heap after
{Heap after GC invocations=76 (full 0):
 garbage-first heap   total 179200K, used 122368K [0x0000000080000000, 0x0000000100000000)
  region size 1024K, 1 young (1024K), 1 survivors (1024K)
 Metaspace       used 98183K, capacity 100676K, committed 101504K, reserved 1136640K
  class space    used 12688K, capacity 13598K, committed 13952K, reserved 1048576K
}
Event: 71.428 GC heap before
{Heap before GC invocations=76 (full 0):
 garbage-first heap   total 179200K, used 139776K [0x0000000080000000, 0x0000000100000000)
  region size 1024K, 18 young (18432K), 1 survivors (1024K)
 Metaspace       used 98263K, capacity 100757K, committed 101504K, reserved 1136640K
  class space    used 12690K, capacity 13600K, committed 13952K, reserved 1048576K
}
Event: 71.462 GC heap after
{Heap after GC invocations=77 (full 0):
 garbage-first heap   total 179200K, used 128326K [0x0000000080000000, 0x0000000100000000)
  region size 1024K, 3 young (3072K), 3 survivors (3072K)
 Metaspace       used 98263K, capacity 100757K, committed 101504K, reserved 1136640K
  class space    used 12690K, capacity 13600K, committed 13952K, reserved 1048576K
}
Event: 71.880 GC heap before
{Heap before GC invocations=77 (full 0):
 garbage-first heap   total 179200K, used 143686K [0x0000000080000000, 0x0000000100000000)
  region size 1024K, 18 young (18432K), 3 survivors (3072K)
 Metaspace       used 98316K, capacity 100759K, committed 101504K, reserved 1136640K
  class space    used 12690K, capacity 13600K, committed 13952K, reserved 1048576K
}

Deoptimization events (20 events):
Event: 69.464 Thread 0x000001d5e78e6000 DEOPT PACKING pc=0x000001d5c9675b96 sp=0x00000002c3bfee40
Event: 69.464 Thread 0x000001d5e78e6000 DEOPT UNPACKING pc=0x000001d5c75567c0 sp=0x00000002c3bfe2b8 mode 0
Event: 69.719 Thread 0x000001d5e78e6000 DEOPT PACKING pc=0x000001d5c96e6331 sp=0x00000002c3bfe9d0
Event: 69.719 Thread 0x000001d5e78e6000 DEOPT UNPACKING pc=0x000001d5c75567c0 sp=0x00000002c3bfe090 mode 0
Event: 69.777 Thread 0x000001d5e78e6000 DEOPT PACKING pc=0x000001d5c96c373c sp=0x00000002c3bfe4c0
Event: 69.778 Thread 0x000001d5e78e6000 DEOPT UNPACKING pc=0x000001d5c75567c0 sp=0x00000002c3bfe160 mode 0
Event: 70.106 Thread 0x000001d5e78e6000 DEOPT PACKING pc=0x000001d5c96b669b sp=0x00000002c3bfe5c0
Event: 70.106 Thread 0x000001d5e78e6000 DEOPT UNPACKING pc=0x000001d5c75567c0 sp=0x00000002c3bfda58 mode 0
Event: 71.102 Thread 0x000001d5e78da800 DEOPT PACKING pc=0x000001d5c93a267d sp=0x00000002bbffee70
Event: 71.102 Thread 0x000001d5e78da800 DEOPT UNPACKING pc=0x000001d5c75567c0 sp=0x00000002bbffe340 mode 0
Event: 71.159 Thread 0x000001d5e78e4000 DEOPT PACKING pc=0x000001d5c97e90b0 sp=0x00000002c3afe6a0
Event: 71.159 Thread 0x000001d5e78e4000 DEOPT UNPACKING pc=0x000001d5c75567c0 sp=0x00000002c3afdb28 mode 0
Event: 71.311 Thread 0x000001d5e78e6000 DEOPT PACKING pc=0x000001d5c98085dd sp=0x00000002c3bfef30
Event: 71.311 Thread 0x000001d5e78e6000 DEOPT UNPACKING pc=0x000001d5c75567c0 sp=0x00000002c3bfe3f0 mode 0
Event: 71.499 Thread 0x000001d5e78dd000 Uncommon trap: trap_request=0xffffffe4 fr.pc=0x000001d5cf6adf50 relative=0x0000000000000210
Event: 71.499 Thread 0x000001d5e78dd000 Uncommon trap: reason=range_check action=make_not_entrant pc=0x000001d5cf6adf50 method=com.android.tools.r8.graph.q0.b(Lcom/android/tools/r8/graph/q0;)I @ 9 c2
Event: 71.499 Thread 0x000001d5e78dd000 DEOPT PACKING pc=0x000001d5cf6adf50 sp=0x00000002b9efd490
Event: 71.499 Thread 0x000001d5e78dd000 DEOPT UNPACKING pc=0x000001d5c75569aa sp=0x00000002b9efd418 mode 2
Event: 71.535 Thread 0x000001d5e78dd000 DEOPT PACKING pc=0x000001d5c956e352 sp=0x00000002b9efd590
Event: 71.535 Thread 0x000001d5e78dd000 DEOPT UNPACKING pc=0x000001d5c75567c0 sp=0x00000002b9efcad0 mode 0

Classes redefined (0 events):
No events

Internal exceptions (20 events):
Event: 63.728 Thread 0x000001d5e78de800 Exception <a 'java/lang/NoSuchMethodError'{0x00000000875736b0}: 'java.lang.Object java.lang.invoke.DirectMethodHandle$Holder.invokeInterface(java.lang.Object, java.lang.Object, int)'> (0x00000000875736b0) thrown at [./src/hotspot/share/interpreter/linkResolver.cpp, line 773]
Event: 64.089 Thread 0x000001d5e78dd000 Implicit null exception at 0x000001d5cf3436cc to 0x000001d5cf348270
Event: 64.089 Thread 0x000001d5e78dd000 Implicit null exception at 0x000001d5cf255020 to 0x000001d5cf255238
Event: 64.367 Thread 0x000001d5e78dd000 Exception <a 'java/lang/NoSuchMethodError'{0x00000000882a01c0}: 'java.lang.Object java.lang.invoke.DirectMethodHandle$Holder.invokeSpecial(java.lang.Object, java.lang.Object, java.lang.Object, java.lang.Object, java.lang.Object, java.lang.Object, java.lang.Object, java.lang.Object, java.lang.Object, java.lang.Object)'> (0x00000000882a01c0) thrown at [./src/hotspot/share/interpreter/linkResolver.cpp, line 773]
Event: 64.368 Thread 0x000001d5e78dd000 Exception <a 'java/lang/NoSuchMethodError'{0x00000000882a42b0}: 'java.lang.Object java.lang.invoke.Invokers$Holder.linkToTargetMethod(java.lang.Object, java.lang.Object, java.lang.Object, java.lang.Object, java.lang.Object, java.lang.Object, java.lang.Object, java.lang.Object, java.lang.Object)'> (0x00000000882a42b0) thrown at [./src/hotspot/share/interpreter/linkResolver.cpp, line 773]
Event: 64.984 Thread 0x000001d5e78de800 Exception <a 'java/lang/NoSuchMethodError'{0x00000000876dde40}: 'void java.lang.invoke.DirectMethodHandle$Holder.invokeVirtual(java.lang.Object, java.lang.Object, int)'> (0x00000000876dde40) thrown at [./src/hotspot/share/interpreter/linkResolver.cpp, line 773]
Event: 64.984 Thread 0x000001d5e78dd000 Exception <a 'java/lang/NoSuchMethodError'{0x00000000876d3c98}: 'void java.lang.invoke.DirectMethodHandle$Holder.invokeVirtual(java.lang.Object, java.lang.Object, int)'> (0x00000000876d3c98) thrown at [./src/hotspot/share/interpreter/linkResolver.cpp, line 773]
Event: 65.117 Thread 0x000001d5e78de800 Exception <a 'sun/nio/fs/WindowsException'{0x00000000874dc300}> (0x00000000874dc300) thrown at [./src/hotspot/share/prims/jni.cpp, line 615]
Event: 65.117 Thread 0x000001d5e78de800 Exception <a 'sun/nio/fs/WindowsException'{0x00000000874dca90}> (0x00000000874dca90) thrown at [./src/hotspot/share/prims/jni.cpp, line 615]
Event: 65.117 Thread 0x000001d5e78de800 Exception <a 'sun/nio/fs/WindowsException'{0x00000000874dcc00}> (0x00000000874dcc00) thrown at [./src/hotspot/share/prims/jni.cpp, line 615]
Event: 65.117 Thread 0x000001d5e78de800 Exception <a 'sun/nio/fs/WindowsException'{0x00000000874dd8f8}> (0x00000000874dd8f8) thrown at [./src/hotspot/share/prims/jni.cpp, line 615]
Event: 65.118 Thread 0x000001d5e78de800 Exception <a 'sun/nio/fs/WindowsException'{0x00000000874dda58}> (0x00000000874dda58) thrown at [./src/hotspot/share/prims/jni.cpp, line 615]
Event: 65.118 Thread 0x000001d5e78de800 Exception <a 'sun/nio/fs/WindowsException'{0x00000000874de748}> (0x00000000874de748) thrown at [./src/hotspot/share/prims/jni.cpp, line 615]
Event: 65.374 Thread 0x000001d5e78dd000 Exception <a 'sun/nio/fs/WindowsException'{0x000000008746f478}> (0x000000008746f478) thrown at [./src/hotspot/share/prims/jni.cpp, line 615]
Event: 65.749 Thread 0x000001d5e78de800 Exception <a 'sun/nio/fs/WindowsException'{0x000000008834e608}> (0x000000008834e608) thrown at [./src/hotspot/share/prims/jni.cpp, line 615]
Event: 66.062 Thread 0x000001d5e78dd000 Exception <a 'sun/nio/fs/WindowsException'{0x0000000088607690}> (0x0000000088607690) thrown at [./src/hotspot/share/prims/jni.cpp, line 615]
Event: 66.145 Thread 0x000001d5e78de800 Exception <a 'sun/nio/fs/WindowsException'{0x00000000881ac718}> (0x00000000881ac718) thrown at [./src/hotspot/share/prims/jni.cpp, line 615]
Event: 66.188 Thread 0x000001d5e78de800 Exception <a 'sun/nio/fs/WindowsException'{0x00000000881b24a8}> (0x00000000881b24a8) thrown at [./src/hotspot/share/prims/jni.cpp, line 615]
Event: 67.801 Thread 0x000001d5de487000 Implicit null exception at 0x000001d5cf6f60ce to 0x000001d5cf6f64e4
Event: 68.381 Thread 0x000001d5e78dd000 Exception <a 'sun/nio/fs/WindowsException'{0x0000000086de1570}> (0x0000000086de1570) thrown at [./src/hotspot/share/prims/jni.cpp, line 615]

Events (20 events):
Event: 71.084 Executing VM operation: RevokeBias done
Event: 71.084 Executing VM operation: RevokeBias
Event: 71.085 Executing VM operation: RevokeBias done
Event: 71.087 Executing VM operation: RevokeBias
Event: 71.087 Executing coalesced safepoint VM operation: RevokeBias
Event: 71.087 Executing coalesced safepoint VM operation: RevokeBias done
Event: 71.087 Executing coalesced safepoint VM operation: BulkRevokeBias
Event: 71.093 Executing coalesced safepoint VM operation: BulkRevokeBias done
Event: 71.093 Executing VM operation: RevokeBias done
Event: 71.160 Executing VM operation: BulkRevokeBias
Event: 71.177 Executing VM operation: BulkRevokeBias done
Event: 71.181 loading class com/android/tools/r8/graph/v1
Event: 71.181 loading class com/android/tools/r8/graph/v1 done
Event: 71.181 loading class com/android/tools/r8/graph/e0
Event: 71.181 loading class com/android/tools/r8/graph/e0 done
Event: 71.182 loading class com/android/tools/r8/graph/v1
Event: 71.182 loading class com/android/tools/r8/graph/v1 done
Event: 71.427 Executing VM operation: G1CollectForAllocation
Event: 71.462 Executing VM operation: G1CollectForAllocation done
Event: 71.879 Executing VM operation: G1CollectForAllocation


Dynamic libraries:
0x00007ff6ecc40000 - 0x00007ff6ecc4a000 	C:\Program Files\Android\Android Studio1\jre\bin\java.exe
0x00007ffc280f0000 - 0x00007ffc282e5000 	C:\WINDOWS\SYSTEM32\ntdll.dll
0x00007ffc27d90000 - 0x00007ffc27e4d000 	C:\WINDOWS\System32\KERNEL32.DLL
0x00007ffc25d60000 - 0x00007ffc26028000 	C:\WINDOWS\System32\KERNELBASE.dll
0x00007ffc25a50000 - 0x00007ffc25b50000 	C:\WINDOWS\System32\ucrtbase.dll
0x00007ffc224c0000 - 0x00007ffc224d7000 	C:\Program Files\Android\Android Studio1\jre\bin\VCRUNTIME140.dll
0x00007ffc22430000 - 0x00007ffc22449000 	C:\Program Files\Android\Android Studio1\jre\bin\jli.dll
0x00007ffc27f00000 - 0x00007ffc280a0000 	C:\WINDOWS\System32\USER32.dll
0x00007ffc25860000 - 0x00007ffc25882000 	C:\WINDOWS\System32\win32u.dll
0x00007ffc152b0000 - 0x00007ffc1554a000 	C:\WINDOWS\WinSxS\amd64_microsoft.windows.common-controls_6595b64144ccf1df_6.0.19041.1052_none_60b8f8fd71f5e8cb\COMCTL32.dll
0x00007ffc27990000 - 0x00007ffc279ba000 	C:\WINDOWS\System32\GDI32.dll
0x00007ffc269d0000 - 0x00007ffc26a6e000 	C:\WINDOWS\System32\msvcrt.dll
0x00007ffc25890000 - 0x00007ffc2599b000 	C:\WINDOWS\System32\gdi32full.dll
0x00007ffc26030000 - 0x00007ffc260cd000 	C:\WINDOWS\System32\msvcp_win.dll
0x00007ffc27900000 - 0x00007ffc27930000 	C:\WINDOWS\System32\IMM32.DLL
0x00007ffc08520000 - 0x00007ffc085bd000 	C:\Program Files\Android\Android Studio1\jre\bin\msvcp140.dll
0x00007ffbe0fc0000 - 0x00007ffbe1a7c000 	C:\Program Files\Android\Android Studio1\jre\bin\server\jvm.dll
0x00007ffc27ce0000 - 0x00007ffc27d8c000 	C:\WINDOWS\System32\ADVAPI32.dll
0x00007ffc27340000 - 0x00007ffc273db000 	C:\WINDOWS\System32\sechost.dll
0x00007ffc27b50000 - 0x00007ffc27c7b000 	C:\WINDOWS\System32\RPCRT4.dll
0x00007ffc26160000 - 0x00007ffc26168000 	C:\WINDOWS\System32\PSAPI.DLL
0x00007ffc16930000 - 0x00007ffc1693a000 	C:\WINDOWS\SYSTEM32\VERSION.dll
0x00007ffc22bb0000 - 0x00007ffc22bb9000 	C:\WINDOWS\SYSTEM32\WSOCK32.dll
0x00007ffc16f60000 - 0x00007ffc16f87000 	C:\WINDOWS\SYSTEM32\WINMM.dll
0x00007ffc26320000 - 0x00007ffc2638b000 	C:\WINDOWS\System32\WS2_32.dll
0x00007ffc23780000 - 0x00007ffc23792000 	C:\WINDOWS\SYSTEM32\kernel.appcore.dll
0x00007ffc1e260000 - 0x00007ffc1e271000 	C:\Program Files\Android\Android Studio1\jre\bin\verify.dll
0x00007ffc12d40000 - 0x00007ffc12f24000 	C:\WINDOWS\SYSTEM32\DBGHELP.DLL
0x00007ffc12cb0000 - 0x00007ffc12cdc000 	C:\WINDOWS\SYSTEM32\dbgcore.DLL
0x00007ffc260d0000 - 0x00007ffc26153000 	C:\WINDOWS\System32\bcryptPrimitives.dll
0x00007ffc19a60000 - 0x00007ffc19a89000 	C:\Program Files\Android\Android Studio1\jre\bin\java.dll
0x00007ffc22ba0000 - 0x00007ffc22bab000 	C:\Program Files\Android\Android Studio1\jre\bin\jimage.dll
0x00007ffc19960000 - 0x00007ffc19978000 	C:\Program Files\Android\Android Studio1\jre\bin\zip.dll
0x00007ffc26a70000 - 0x00007ffc271af000 	C:\WINDOWS\System32\SHELL32.dll
0x00007ffc23980000 - 0x00007ffc24110000 	C:\WINDOWS\SYSTEM32\windows.storage.dll
0x00007ffc26670000 - 0x00007ffc269c5000 	C:\WINDOWS\System32\combase.dll
0x00007ffc251d0000 - 0x00007ffc251fc000 	C:\WINDOWS\SYSTEM32\Wldp.dll
0x00007ffc27e50000 - 0x00007ffc27efe000 	C:\WINDOWS\System32\SHCORE.dll
0x00007ffc27a90000 - 0x00007ffc27ae5000 	C:\WINDOWS\System32\shlwapi.dll
0x00007ffc25770000 - 0x00007ffc2578f000 	C:\WINDOWS\SYSTEM32\profapi.dll
0x00007ffc17ac0000 - 0x00007ffc17ada000 	C:\Program Files\Android\Android Studio1\jre\bin\net.dll
0x00007ffc1a420000 - 0x00007ffc1a52b000 	C:\WINDOWS\SYSTEM32\WINHTTP.dll
0x00007ffc24f40000 - 0x00007ffc24faa000 	C:\WINDOWS\system32\mswsock.dll
0x00007ffc105c0000 - 0x00007ffc105d4000 	C:\Program Files\Android\Android Studio1\jre\bin\nio.dll
0x00007ffc0bf10000 - 0x00007ffc0bf37000 	C:\native\fdc75f09e3144964f2cf3f50f0aa648679c211496f362492102eb8c894070792\windows-amd64\native-platform.dll
0x00007ffbe06c0000 - 0x00007ffbe0856000 	C:\native\12488b8bf47d2d4c9fbf2f6322a914ad602e24e48041cd04a747c6da556b65c4\windows-amd64\native-platform-file-events.dll
0x00007ffc224b0000 - 0x00007ffc224ba000 	C:\Program Files\Android\Android Studio1\jre\bin\management.dll
0x00007ffc22460000 - 0x00007ffc2246c000 	C:\Program Files\Android\Android Studio1\jre\bin\management_ext.dll
0x00007ffc25110000 - 0x00007ffc25128000 	C:\WINDOWS\SYSTEM32\CRYPTSP.dll
0x00007ffc248e0000 - 0x00007ffc24914000 	C:\WINDOWS\system32\rsaenh.dll
0x00007ffc25830000 - 0x00007ffc25857000 	C:\WINDOWS\System32\bcrypt.dll
0x00007ffc25730000 - 0x00007ffc2575e000 	C:\WINDOWS\SYSTEM32\USERENV.dll
0x00007ffc25130000 - 0x00007ffc2513c000 	C:\WINDOWS\SYSTEM32\CRYPTBASE.dll
0x00007ffc24c30000 - 0x00007ffc24c6b000 	C:\WINDOWS\SYSTEM32\IPHLPAPI.DLL
0x00007ffc280a0000 - 0x00007ffc280a8000 	C:\WINDOWS\System32\NSI.dll
0x00007ffc1a880000 - 0x00007ffc1a897000 	C:\WINDOWS\SYSTEM32\dhcpcsvc6.DLL
0x00007ffc1aad0000 - 0x00007ffc1aaed000 	C:\WINDOWS\SYSTEM32\dhcpcsvc.DLL
0x00007ffc24c70000 - 0x00007ffc24d3c000 	C:\WINDOWS\SYSTEM32\DNSAPI.dll
0x00007ffc1bbc0000 - 0x00007ffc1bbcb000 	C:\WINDOWS\SYSTEM32\WINNSI.DLL

dbghelp: loaded successfully - version: 4.0.5 - missing functions: none
symbol engine: initialized successfully - sym options: 0x614 - pdb path: .;C:\Program Files\Android\Android Studio1\jre\bin;C:\WINDOWS\SYSTEM32;C:\WINDOWS\WinSxS\amd64_microsoft.windows.common-controls_6595b64144ccf1df_6.0.19041.1052_none_60b8f8fd71f5e8cb;C:\Program Files\Android\Android Studio1\jre\bin\server;C:\native\fdc75f09e3144964f2cf3f50f0aa648679c211496f362492102eb8c894070792\windows-amd64;C:\native\12488b8bf47d2d4c9fbf2f6322a914ad602e24e48041cd04a747c6da556b65c4\windows-amd64

VM Arguments:
jvm_args: --add-opens=java.base/java.util=ALL-UNNAMED --add-opens=java.base/java.lang=ALL-UNNAMED --add-opens=java.base/java.lang.invoke=ALL-UNNAMED --add-opens=java.prefs/java.util.prefs=ALL-UNNAMED -Xmx2048m -Dfile.encoding=UTF-8 -Duser.country=US -Duser.language=en -Duser.variant 
java_command: org.gradle.launcher.daemon.bootstrap.GradleDaemon 6.7.1
java_class_path (initial): C:\wrapper\dists\gradle-6.7.1-bin\bwlcbys1h7rz3272sye1xwiv6\gradle-6.7.1\lib\gradle-launcher-6.7.1.jar
Launcher Type: SUN_STANDARD

[Global flags]
     intx CICompilerCount                          = 3                                         {product} {ergonomic}
     uint ConcGCThreads                            = 1                                         {product} {ergonomic}
     uint G1ConcRefinementThreads                  = 4                                         {product} {ergonomic}
   size_t G1HeapRegionSize                         = 1048576                                   {product} {ergonomic}
    uintx GCDrainStackTargetSize                   = 64                                        {product} {ergonomic}
   size_t InitialHeapSize                          = 67108864                                  {product} {ergonomic}
   size_t MarkStackSize                            = 4194304                                   {product} {ergonomic}
   size_t MaxHeapSize                              = 2147483648                                {product} {command line}
   size_t MaxNewSize                               = 1287651328                                {product} {ergonomic}
   size_t MinHeapDeltaBytes                        = 1048576                                   {product} {ergonomic}
    uintx NonNMethodCodeHeapSize                   = 5830732                                {pd product} {ergonomic}
    uintx NonProfiledCodeHeapSize                  = 122913754                              {pd product} {ergonomic}
    uintx ProfiledCodeHeapSize                     = 122913754                              {pd product} {ergonomic}
    uintx ReservedCodeCacheSize                    = 251658240                              {pd product} {ergonomic}
     bool SegmentedCodeCache                       = true                                      {product} {ergonomic}
     bool UseCompressedClassPointers               = true                                 {lp64_product} {ergonomic}
     bool UseCompressedOops                        = true                                 {lp64_product} {ergonomic}
     bool UseG1GC                                  = true                                      {product} {ergonomic}
     bool UseLargePagesIndividualAllocation        = false                                  {pd product} {ergonomic}

Logging:
Log output configuration:
 #0: stdout all=warning uptime,level,tags
 #1: stderr all=off uptime,level,tags

Environment Variables:
JAVA_HOME=C:\Program Files\Java\jdk-15.0.2
PATH=C:\Program Files\Common Files\Oracle\Java\javapath;C:\Program Files\Java\jdk-15.0.2\bin;C:\WINDOWS\system32;C:\WINDOWS;C:\WINDOWS\System32\Wbem;C:\WINDOWS\System32\WindowsPowerShell\v1.0\;C:\WINDOWS\System32\OpenSSH\;C:\Program Files\Git\cmd;C:\Program Files\Java\jdk-16.0.1\bin;C:\Program Files\Java\jdk-16.0.1\bin;C:\Program Files\Java\jdk-15.0.2\bin;C:\Users\ASUS\AppData\Local\Microsoft\WindowsApps;C:\Program Files\Java\jdk-16.0.1\bin;
USERNAME=ASUS
OS=Windows_NT
PROCESSOR_IDENTIFIER=Intel64 Family 6 Model 55 Stepping 8, GenuineIntel



---------------  S Y S T E M  ---------------

OS: Windows 10 , 64 bit Build 19041 (10.0.19041.1023)
OS uptime: 6 days 1:32 hours

CPU:total 4 (initial active 4) (4 cores per cpu, 1 threads per core) family 6 model 55 stepping 8, cmov, cx8, fxsr, mmx, sse, sse2, sse3, ssse3, sse4.1, sse4.2, popcnt, clmul, erms, 3dnowpref, tsc, tscinvbit

Memory: 4k page, system-wide physical 3982M (578M free)
TotalPageFile size 5687M (AvailPageFile size 83M)
current process WorkingSet (physical memory assigned to process): 463M, peak: 474M
current process commit charge ("private bytes"): 503M, peak: 620M

vm_info: OpenJDK 64-Bit Server VM (11.0.8+10-b944.6842174) for windows-amd64 JRE (11.0.8+10-b944.6842174), built on Sep 19 2020 01:11:42 by "builder" with MS VC++ 14.0 (VS2015)

END.
